------Start of DE processing------ = [5/24/18 14:09:15:714 PDT]
Exception = com.ibm.ws.webcontainer.exception.WebAppNotLoadedException
Source = com.ibm.ws.webcontainer.osgi.WebContainer
probeid = startModule
Stack Dump = com.ibm.ws.webcontainer.exception.WebAppNotLoadedException: Failed to load webapp: Context root /microprofile/* is already bound. Cannot start application microprofile-1.0-SNAPSHOT
	at com.ibm.ws.webcontainer.osgi.DynamicVirtualHost.addWebApplication(DynamicVirtualHost.java:128)
	at com.ibm.ws.webcontainer.WebContainer.addWebApp(WebContainer.java:541)
	at com.ibm.ws.webcontainer.WebContainer.addWebApplication(WebContainer.java:496)
	at com.ibm.ws.webcontainer.osgi.WebContainer.startModule(WebContainer.java:931)
	at com.ibm.ws.app.manager.module.internal.ModuleHandlerBase.deployModule(ModuleHandlerBase.java:99)
	at com.ibm.ws.app.manager.module.internal.DeployedModuleInfoImpl.installModule(DeployedModuleInfoImpl.java:49)
	at com.ibm.ws.app.manager.module.internal.DeployedAppInfoBase.deployModules(DeployedAppInfoBase.java:426)
	at com.ibm.ws.app.manager.module.internal.DeployedAppInfoBase.deployApp(DeployedAppInfoBase.java:412)
	at com.ibm.ws.app.manager.war.internal.WARApplicationHandlerImpl.install(WARApplicationHandlerImpl.java:65)
	at com.ibm.ws.app.manager.internal.statemachine.StartAction.execute(StartAction.java:140)
	at com.ibm.ws.app.manager.internal.statemachine.ApplicationStateMachineImpl.enterState(ApplicationStateMachineImpl.java:1258)
	at com.ibm.ws.app.manager.internal.statemachine.ApplicationStateMachineImpl.run(ApplicationStateMachineImpl.java:873)
	at java.util.concurrent.ThreadPoolExecutor.runWorker(ThreadPoolExecutor.java:1149)
	at java.util.concurrent.ThreadPoolExecutor$Worker.run(ThreadPoolExecutor.java:624)
	at java.lang.Thread.run(Thread.java:748)

Dump of callerThis
Object type = [Ljava.lang.Object;
  Object[0] = class com.ibm.ws.app.manager.module.internal.WebModuleInfoImpl@161b3a2b
    contextRoot = "/microprofile"
    isDefaultContextRootUsed = false
    serialVersionUID = -1540279394520440503
    $$$tc$$$ = class com.ibm.websphere.ras.TraceComponent@5662cd51
      strings[0] = "TraceComponent[com.ibm.ws.app.manager.module.internal.WebModuleInfoImpl,class com.ibm.ws.app.manager.module.internal.WebModuleInfoImpl,[applications, app.manager],,null]"
    tc = class com.ibm.websphere.ras.TraceComponent@54b60196
      strings[0] = "TraceComponent[com.ibm.ws.app.manager.module.internal.ExtendedModuleInfoImpl,class com.ibm.ws.app.manager.module.internal.ExtendedModuleInfoImpl,[app.manager],com.ibm.ws.app.manager.module.internal.resources.Messages,null]"
    appInfo = class com.ibm.ws.container.service.app.deploy.internal.ApplicationInfoImpl@37b17b54
      appName = "microprofile-1.0-SNAPSHOT"
      appMetaData = class com.ibm.ws.container.service.app.deploy.internal.ApplicationMetaDataImpl@3abdf192
      appContainer = class com.ibm.ws.adaptable.module.internal.AdaptableContainerImpl@71626839
      configHelper = class com.ibm.ws.app.manager.module.ApplicationNestedConfigHelper@e8a1690
      serialVersionUID = 7091777744534637201
      $$$tc$$$ = class com.ibm.websphere.ras.TraceComponent@5001da47
    moduleName = "microprofile-1.0-SNAPSHOT"
    path = "microprofile-1.0-SNAPSHOT.war"
    moduleContainer = class com.ibm.ws.adaptable.module.internal.AdaptableContainerImpl@71626839
      root = class com.ibm.ws.adaptable.module.internal.AdaptableContainerImpl@71626839
      rootOverlay = class com.ibm.ws.artifact.overlay.internal.DirectoryBasedOverlayContainerImpl@2d038427
      factoryHolder = class com.ibm.ws.adaptable.module.internal.AdaptableModuleFactoryImpl@315ea68a
      delegate = class com.ibm.ws.artifact.overlay.internal.DirectoryBasedOverlayContainerImpl@2d038427
      notifier = class com.ibm.ws.adaptable.module.internal.NotifierImpl@1fc2ed65
      serialVersionUID = -5621513278641113667
      $$$tc$$$ = class com.ibm.websphere.ras.TraceComponent@8b08bee
    altDDEntry = null
    moduleClassesContainers = class java.util.ArrayList@2f88c9d5
      serialVersionUID = 8683452581122892189
      DEFAULT_CAPACITY = 10
      EMPTY_ELEMENTDATA = class java.lang.Object[0]
      DEFAULTCAPACITY_EMPTY_ELEMENTDATA = class java.lang.Object[0]
      elementData = class java.lang.Object[10]
      size = 2
      MAX_ARRAY_SIZE = 2147483639
      modCount = 3
      MAX_ARRAY_SIZE = 2147483639
    classLoaderFactory = class com.ibm.ws.app.manager.war.internal.WARDeployedAppInfo@e7b306a
      CONTEXT_ROOT = "context-root"
      webModuleHandler = class com.ibm.ws.app.manager.web.internal.WebModuleHandlerImpl@197c20bc
      webContainerModuleInfo = class com.ibm.ws.app.manager.module.internal.SimpleDeployedAppInfoBase$WebModuleContainerInfo@310f52b2
      DYNAMIC_IMPORT_PACKAGE_LIST = class java.util.Collections$UnmodifiableRandomAccessList@277085a7
      serialVersionUID = -6153587016903242961
      $$$tc$$$ = class com.ibm.websphere.ras.TraceComponent@5d6c8519
      _tc = class com.ibm.websphere.ras.TraceComponent@2715089d
      PERMISSION_XML = "permissions.xml"
      applicationInformation = class com.ibm.ws.app.manager.internal.ApplicationInstallInfo@33d153f2
      location = "/home/ibmdemo/Student/workspace/microprofile/target/liberty/wlp/usr/servers/defaultServer/dropins/microprofile-1.0-SNAPSHOT.war"
      classLoadingService = class com.ibm.ws.classloading.internal.ClassLoadingServiceImpl@273e364b
      globalSharedLibrary = class com.ibm.ws.library.internal.SharedLibraryImpl@4bd0fcf4
      sharedLibDeploymentInfo = class com.ibm.ws.app.manager.module.internal.DeployedAppInfoBase$SharedLibDeploymentInfo@682e0594
      futureMonitor = class com.ibm.ws.threading.internal.FutureMonitorImpl@65310078
      configAdmin = class com.ibm.ws.config.admin.internal.ConfigurationAdminImpl@5af41633
      libraryConfigHelper = class com.ibm.ws.classloading.ClassLoaderConfigHelper@6383905c
      isDelegateLast = false
      permissionManager = class com.ibm.ws.security.java2sec.PermissionManager@2ff8f784
      permissionsConfig = null
      serialVersionUID = -6908382869835671687
      appInfo = class com.ibm.ws.container.service.app.deploy.internal.ApplicationInfoImpl@37b17b54
      modulesDeployed = class java.util.ArrayList@4d5d980b
      starting = true
      started = false
      appInfoFactory = class com.ibm.ws.container.service.app.deploy.internal.ApplicationInfoFactoryImpl@3223f08c
      metaDataService = class com.ibm.ws.container.service.metadata.internal.MetaDataServiceImpl@519c8618
      stateChangeService = class com.ibm.ws.container.service.state.internal.StateChangeServiceImpl@5a8f759b
      moduleClassesInfo = class com.ibm.ws.app.manager.module.internal.SimpleDeployedAppInfoBase$ModuleClassesInfoProvider@7fe23385
      moduleContainerInfos = class java.util.ArrayList@5e5e61b2
      activeModuleHandlers = class java.util.IdentityHashMap@73545d65
      serialVersionUID = 7078125893012250887
      $$$tc$$$ = class com.ibm.websphere.ras.TraceComponent@16eff94e
    containerInfoType = class com.ibm.ws.container.service.app.deploy.ContainerInfo$Type@22938430
      MANIFEST_CLASSPATH = class com.ibm.ws.container.service.app.deploy.ContainerInfo$Type@3c46b2ed
      WEB_INF_CLASSES = class com.ibm.ws.container.service.app.deploy.ContainerInfo$Type@11b80726
      WEB_INF_LIB = class com.ibm.ws.container.service.app.deploy.ContainerInfo$Type@4056cf01
      EAR_LIB = class com.ibm.ws.container.service.app.deploy.ContainerInfo$Type@240dfd37
      WEB_MODULE = class com.ibm.ws.container.service.app.deploy.ContainerInfo$Type@22938430
      EJB_MODULE = class com.ibm.ws.container.service.app.deploy.ContainerInfo$Type@2d55f281
      CLIENT_MODULE = class com.ibm.ws.container.service.app.deploy.ContainerInfo$Type@7c05513a
      RAR_MODULE = class com.ibm.ws.container.service.app.deploy.ContainerInfo$Type@addb77c
      JAR_MODULE = class com.ibm.ws.container.service.app.deploy.ContainerInfo$Type@41720755
      SHARED_LIB = class com.ibm.ws.container.service.app.deploy.ContainerInfo$Type@43b12400
      $VALUES = class com.ibm.ws.container.service.app.deploy.ContainerInfo$Type[10]
      $$$tc$$$ = class com.ibm.websphere.ras.TraceComponent@71cdb59
      name = "WEB_MODULE"
      ordinal = 4
    classLoader = class com.ibm.ws.classloading.internal.AppClassLoader@12462f86
      tc = class com.ibm.websphere.ras.TraceComponent@25b43247
      PARENT_FIRST_SEARCH_ORDER = class java.util.Collections$UnmodifiableRandomAccessList@726a124b
      CLASS_LOADING_TRACE_PREFIX = "com.ibm.ws.class.load."
      DEFAULT_PACKAGE = "default.package"
      perPackageClassLoadingTraceComponents = class java.util.concurrent.ConcurrentHashMap@2373ebfc
      config = class com.ibm.ws.classloading.internal.ClassLoaderConfigurationImpl@69a84ab6
      privateLibraries = null
      delegateLoaders = class com.ibm.ws.classloading.internal.util.CompositeIterable@2581eb17
      nativeLibraryFiles = class java.util.ArrayList@7db5da6
      transformers = class java.util.ArrayList@3bcb6aaa
      apiAccess = class com.ibm.ws.classloading.internal.GatewayClassLoader@53fb2516
      generator = class com.ibm.ws.classloading.internal.ClassGeneratorManager@109d7a9f
      protectionDomains = class java.util.concurrent.ConcurrentHashMap@3a6ef2c8
      parent = class com.ibm.ws.classloading.internal.GatewayClassLoader@53fb2516
      serialVersionUID = 952643806680066297
      tc = class com.ibm.websphere.ras.TraceComponent@2f12856f
      EMPTY_URL_ARRAY = class java.net.URL[0]
      smartClassPath = class com.ibm.ws.classloading.internal.ContainerClassLoader$SmartClassPathImpl@77b063e
      nativeLibraryContainers = class java.util.ArrayList@7cc9ddcc
      redefiner = class com.ibm.ws.classloading.internal.util.ClassRedefiner@317c982f
      mapCreationQueue = class java.util.concurrent.Executors$FinalizableDelegatedExecutorService@7b413790
      serialVersionUID = 7249739282446266343
      serialVersionUID = -7411549862368381758
      $$$tc$$$ = class com.ibm.websphere.ras.TraceComponent@5de6e368
      serialVersionUID = -4868702105808481416
      $$$tc$$$ = class com.ibm.websphere.ras.TraceComponent@316d463a
      serialVersionUID = 2596921220292114344
      $$$tc$$$ = class com.ibm.websphere.ras.TraceComponent@3abe59ee
      initialized = true
      pdcache = class java.util.HashMap@31a6178e
      debug = null
      parent = class com.ibm.ws.classloading.internal.GatewayClassLoader@53fb2516
      parallelLockMap = null
      package2certs = class java.util.Hashtable@3153708e
      nocerts = class java.security.cert.Certificate[0]
      classes = class java.util.Vector@2fdaa32d
      defaultDomain = class java.security.ProtectionDomain@2654843f
      domains = class java.util.HashSet@27cfed1c
      packages = class java.util.HashMap@db23e6b
      scl = class sun.misc.Launcher$AppClassLoader@18b4aac2
      sclSet = true
      loadedLibraryNames = class java.util.Vector@d7c70fc
      systemNativeLibraries = class java.util.Vector@1f7fa161
      nativeLibraries = class java.util.Vector@778b273b
      nativeLibraryContext = class java.util.Stack@5983d569
      usr_paths = class java.lang.String[7]
      sys_paths = class java.lang.String[1]
      assertionLock = class com.ibm.ws.classloading.internal.AppClassLoader@12462f86
      defaultAssertionStatus = false
      packageAssertionStatus = null
      classAssertionStatus = null
    moduleMetaData = class com.ibm.ws.webcontainer.osgi.metadata.WebModuleMetaDataImpl@27fc0227
      applicationMetaData = class com.ibm.ws.container.service.app.deploy.internal.ApplicationMetaDataImpl@3abdf192
      j2eeName = class com.ibm.ws.container.service.metadata.internal.J2EENameImpl@7e137ab9
      wccmd = class com.ibm.ws.webcontainer.osgi.metadata.WebCollaboratorComponentMetaDataImpl@76b219db
      securityMetaData = class com.ibm.ws.webcontainer.security.metadata.SecurityServletConfiguratorHelper@e17d4ef
      annotatedSecurityMetaData = null
      webAppConfig = class com.ibm.ws.webcontainer.osgi.webapp.WebAppConfiguration@5b7395de
      _isServlet23OrHigher = false
      jspComponentMetaData = class com.ibm.ws.jsp.runtime.metadata.JspComponentMetaData@3e50fabb
      sessionCookieNameInUse = null
      mBeanServiceReg = null
      tc = class com.ibm.websphere.ras.TraceComponent@76a34247
      NUM_STATIC_SLOTS = 4
      ID_UNINITIALIZED = -1
      id = 7
      metaDataInterface = class java.lang.Class@684a4731
      staticSlots = class java.lang.Object[4]
      dynamicSlots = class java.lang.Object[4]
    nestedModuleMetaDataTypes = null
    nestedModuleMetaDataValues = null
    serialVersionUID = 3986734351620206554
  Object[1] = class com.ibm.ws.webcontainer.osgi.WebContainer@c1cde7f
    tc = class com.ibm.websphere.ras.TraceComponent@101ab7e6
      strings[0] = "TraceComponent[com.ibm.ws.webcontainer.osgi.WebContainer,class com.ibm.ws.webcontainer.osgi.WebContainer,[webcontainer],com.ibm.ws.webcontainer.resources.LShimMessages,null]"
    CLASS_NAME = "com.ibm.ws.webcontainer.osgi.WebContainer"
    initialized = true
    eventService = class com.ibm.ws.event.internal.EventEngineImpl@4652b5fe
      tc = class com.ibm.websphere.ras.TraceComponent@2f51dd49
      OSGI_EVENT_HANDLER_REFERENCE_NAME = "OsgiEventHandler"
      WS_EVENT_HANDLER_REFERENCE_NAME = "WsEventHandler"
      CFG_KEY_REENTRANT_HANDLER_DEFAULT = "reentrant.handler.default"
      CFG_KEY_STAGE_PREFIX = "stage.topics."
      topicCache = class com.ibm.ws.event.internal.TopicBasedCache@58c8c93c
      componentContext = class org.apache.felix.scr.impl.manager.ComponentContextImpl@17e731cd
      bundleContext = class org.eclipse.osgi.internal.framework.BundleContextImpl@1de20aac
      logService = class com.ibm.ws.logging.internal.osgi.TrLogServiceImpl@4f35cc69
      frameworkEventAdapter = class com.ibm.ws.event.internal.adapter.FrameworkEventAdapter@67a0d8cc
      bundleEventAdapter = class com.ibm.ws.event.internal.adapter.BundleEventAdapter@793f7c2d
      serviceEventAdapter = class com.ibm.ws.event.internal.adapter.ServiceEventAdapter@57f8439e
      executorServiceFactory = class com.ibm.ws.event.internal.WorkStageExecutorServiceFactory@364f8b8c
      defaultReentrancy = true
      skipSchedule = false
      serialVersionUID = -3714378010555321089
    futureMonitor = class com.ibm.ws.threading.internal.FutureMonitorImpl@65310078
      _monitor = class java.util.concurrent.ConcurrentLinkedQueue@4a1a1f5e
      _executor = class com.ibm.ws.threading.internal.ScheduledExecutorImpl@3915e735
      _threadRunning = class java.util.concurrent.atomic.AtomicBoolean@1ead8edb
      _thread = class com.ibm.ws.threading.internal.FutureMonitorImpl$1@1fbc4cfe
      serialVersionUID = 2765238413969174390
      $$$tc$$$ = class com.ibm.websphere.ras.TraceComponent@39f7c4a1
    classLoadingSRRef = class com.ibm.wsspi.kernel.service.utils.AtomicServiceReference@1e28f9e6
      referenceName = "classLoadingService"
      tuple = class java.util.concurrent.atomic.AtomicReference@84e5d91
      serialVersionUID = 2226592364007985000
      $$$tc$$$ = class com.ibm.websphere.ras.TraceComponent@61a5174f
    sessionHelperSRRef = class com.ibm.wsspi.kernel.service.utils.AtomicServiceReference@7ab7f9a3
      referenceName = "sessionHelper"
      tuple = class java.util.concurrent.atomic.AtomicReference@3cc7675d
      serialVersionUID = 2226592364007985000
      $$$tc$$$ = class com.ibm.websphere.ras.TraceComponent@61a5174f
    cacheManagerSRRef = class com.ibm.wsspi.kernel.service.utils.AtomicServiceReference@29195e4e
      referenceName = "cacheManager"
      tuple = class java.util.concurrent.atomic.AtomicReference@7a8d0081
      serialVersionUID = 2226592364007985000
      $$$tc$$$ = class com.ibm.websphere.ras.TraceComponent@61a5174f
    injectionEngineSRRef = class com.ibm.wsspi.kernel.service.utils.AtomicServiceReference@44c6b9d5
      referenceName = "injectionEngine"
      tuple = class java.util.concurrent.atomic.AtomicReference@690821a0
      serialVersionUID = 2226592364007985000
      $$$tc$$$ = class com.ibm.websphere.ras.TraceComponent@61a5174f
    managedObjectServiceSRRef = class com.ibm.wsspi.kernel.service.utils.AtomicServiceReference@1df89f62
      referenceName = "managedObjectService"
      tuple = class java.util.concurrent.atomic.AtomicReference@119d09ad
      serialVersionUID = 2226592364007985000
      $$$tc$$$ = class com.ibm.websphere.ras.TraceComponent@61a5174f
    backgroundWebAppStartFutures = class com.ibm.ws.webcontainer.util.OneTimeUseArrayList@58c7179f
      enabled = true
      runnables = class java.util.ArrayList@207e4a35
    REFERENCE_WEB_MBEAN_RUNTIME = "webMBeanRuntime"
    webMBeanRuntimeServiceRef = class com.ibm.wsspi.kernel.service.utils.AtomicServiceReference@3b4fc9e7
      referenceName = "webMBeanRuntime"
      tuple = class java.util.concurrent.atomic.AtomicReference@5c9f3109
      serialVersionUID = 2226592364007985000
      $$$tc$$$ = class com.ibm.websphere.ras.TraceComponent@61a5174f
    servletContainerInitializers = class com.ibm.wsspi.kernel.service.utils.ConcurrentServiceReferenceSet@4a36c74a
      referenceName = "servletContainerInitializers"
      contextRef = class java.util.concurrent.atomic.AtomicReference@26a4b167
      elementMap = class java.util.LinkedHashMap@3bee5206
      elementSet = class java.util.concurrent.ConcurrentSkipListSet@18eff8d
      elementSetUnsorted = false
      serialVersionUID = 756240983881166148
      $$$tc$$$ = class com.ibm.websphere.ras.TraceComponent@22d2a55
    es = class com.ibm.ws.threading.internal.ExecutorServiceImpl@136c52e1
      JAVA_6 = false
      threadPool = class java.util.concurrent.ThreadPoolExecutor@40919160
      threadPoolController = class com.ibm.ws.threading.internal.ThreadPoolController@6cf9d60f
      poolName = "Default Executor"
      componentConfig = class org.apache.felix.scr.impl.helper.ReadOnlyDictionary@71625c56
      interceptorsActive = false
      interceptors = class java.util.concurrent.CopyOnWriteArraySet@64d6398d
      threadFactory = null
      serialVersionUID = -1809836785261129577
      $$$tc$$$ = class com.ibm.websphere.ras.TraceComponent@164e23a9
    locationServiceRef = class java.util.concurrent.atomic.AtomicReference@73f7d4fc
      serialVersionUID = -1848883965231344442
      unsafe = class sun.misc.Unsafe@7e02234f
      valueOffset = 12
      value = class com.ibm.ws.kernel.service.location.internal.WsLocationAdminImpl@2388866d
    transferContextServiceRef = class com.ibm.wsspi.kernel.service.utils.ConcurrentServiceReferenceSet@36322b94
      referenceName = "transferService"
      contextRef = class java.util.concurrent.atomic.AtomicReference@37eb54dd
      elementMap = class java.util.LinkedHashMap@714409b8
      elementSet = class java.util.concurrent.ConcurrentSkipListSet@668f71fb
      elementSetUnsorted = false
      serialVersionUID = 756240983881166148
      $$$tc$$$ = class com.ibm.websphere.ras.TraceComponent@22d2a55
    encodingServiceRef = class java.util.concurrent.atomic.AtomicReference@4a42a68f
      serialVersionUID = -1848883965231344442
      unsafe = class sun.misc.Unsafe@7e02234f
      valueOffset = 12
      value = class com.ibm.ws.http.internal.EncodingUtilsImpl@48dd1ac7
    instance = class java.util.concurrent.atomic.AtomicReference@3b481e7c
      serialVersionUID = -1848883965231344442
      unsafe = class sun.misc.Unsafe@7e02234f
      valueOffset = 12
      value = class com.ibm.ws.webcontainer.osgi.WebContainer@c1cde7f
    vhostManager = class com.ibm.ws.webcontainer.osgi.DynamicVirtualHostManager@76d57ddd
      tc = class com.ibm.websphere.ras.TraceComponent@18d0e46c
      hostMap = class java.util.concurrent.ConcurrentHashMap@b01e6e3
      transportMap = class java.util.concurrent.ConcurrentHashMap@59d91f70
      locationService = class com.ibm.ws.kernel.service.location.internal.WsLocationAdminImpl@2388866d
      schedExecutor = class com.ibm.ws.threading.internal.ScheduledExecutorImpl@3915e735
      pluginCfgVhostUris = class java.util.HashMap@3d27280a
      PLUGIN_CFG = "plugin-cfg.xml"
    metaDataService = class com.ibm.ws.container.service.metadata.internal.MetaDataServiceImpl@519c8618
      applicationMetaDataManager = class com.ibm.ws.container.service.metadata.internal.ApplicationMetaDataManager@472fc0f0
      moduleMetaDataManager = class com.ibm.ws.container.service.metadata.internal.ModuleMetaDataManager@74f8a4d4
      componentMetaDataManager = class com.ibm.ws.container.service.metadata.internal.ComponentMetaDataManager@1b8ff95f
      methodMetaDataManager = class com.ibm.ws.container.service.metadata.internal.MethodMetaDataManager@69050722
      appModuleNameToModuleContainer = class java.util.concurrent.ConcurrentHashMap@509462b2
      jeeNameToComponentMetaData = class java.util.concurrent.ConcurrentHashMap@617ba270
      deferredMetaDataFactories = class com.ibm.wsspi.kernel.service.utils.ConcurrentServiceReferenceSet@5dafa01
      deferredMetaDataInitializers = class com.ibm.wsspi.kernel.service.utils.ConcurrentServiceReferenceMap@44a7d18f
      serialVersionUID = -2494605732980966097
      $$$tc$$$ = class com.ibm.websphere.ras.TraceComponent@3aa7ed53
    j2eeNameFactory = class com.ibm.ws.container.service.metadata.internal.J2EENameFactoryImpl@e35347a
      serialVersionUID = 3486344295038028821
      $$$tc$$$ = class com.ibm.websphere.ras.TraceComponent@623714f6
    context = class org.apache.felix.scr.impl.manager.ComponentContextImpl@75f5703e
      m_componentManager = class org.apache.felix.scr.impl.manager.SingleComponentManager@3b679ca
      edgeInfos = class org.apache.felix.scr.impl.manager.EdgeInfo[27]
      m_componentInstance = class org.apache.felix.scr.impl.manager.ComponentContextImpl$ComponentInstanceImpl@cb99d50
      m_usingBundle = class org.eclipse.osgi.internal.framework.EquinoxBundle@3e772036
      m_serviceRegistration = class org.eclipse.osgi.internal.serviceregistry.ServiceRegistrationImpl@5ff7b4d2
      m_implementationObject = class com.ibm.ws.webcontainer.osgi.WebContainer@c1cde7f
      m_implementationAccessible = true
      accessibleLatch = class java.util.concurrent.CountDownLatch@76259f70
      serviceObjectsHelper = class org.apache.felix.scr.impl.helper.ComponentServiceObjectsHelper@46edc057
    contextRoots = class java.util.Collections$SynchronizedSet@2893d0c8
      serialVersionUID = 487447009682186044
      serialVersionUID = 3053995032091335093
      c = class java.util.HashSet@265ddef8
      mutex = class java.util.Collections$SynchronizedSet@2893d0c8
    pendingContextRoots = class java.util.HashMap@1d0a3f84
      serialVersionUID = 362498820763181265
      DEFAULT_INITIAL_CAPACITY = 16
      MAXIMUM_CAPACITY = 1073741824
      DEFAULT_LOAD_FACTOR = 0.75
      TREEIFY_THRESHOLD = 8
      UNTREEIFY_THRESHOLD = 6
      MIN_TREEIFY_CAPACITY = 64
      table = null
      entrySet = null
      size = 0
      modCount = 0
      threshold = 0
      loadFactor = 0.75
      keySet = null
      values = null
    deployedModuleMap = class java.util.concurrent.ConcurrentHashMap@3a3b4ebb
      serialVersionUID = 7249069246763182397
      MAXIMUM_CAPACITY = 1073741824
      DEFAULT_CAPACITY = 16
      MAX_ARRAY_SIZE = 2147483639
      DEFAULT_CONCURRENCY_LEVEL = 16
      LOAD_FACTOR = 0.75
      TREEIFY_THRESHOLD = 8
      UNTREEIFY_THRESHOLD = 6
      MIN_TREEIFY_CAPACITY = 64
      MIN_TRANSFER_STRIDE = 16
      RESIZE_STAMP_BITS = 16
      MAX_RESIZERS = 65535
      RESIZE_STAMP_SHIFT = 16
      MOVED = -1
      TREEBIN = -2
      RESERVED = -3
      HASH_BITS = 2147483647
      NCPU = 4
      serialPersistentFields = class java.io.ObjectStreamField[3]
      table = class java.util.concurrent.ConcurrentHashMap$Node[16]
      nextTable = null
      baseCount = 8
      sizeCtl = 12
      transferIndex = 0
      cellsBusy = 0
      counterCells = null
      keySet = null
      values = null
      entrySet = null
      U = class sun.misc.Unsafe@7e02234f
      SIZECTL = 20
      TRANSFERINDEX = 32
      BASECOUNT = 24
      CELLSBUSY = 36
      CELLVALUE = 144
      ABASE = 16
      ASHIFT = 2
      keySet = null
      values = null
    connContextPool = class com.ibm.ws.webcontainer31.osgi.srt.factory.SRTConnectionContextPool31Impl@6491ad42
      head = class java.lang.ThreadLocal@52ca8df7
    DEFAULT_PORT = "*"
    DEFAULT_VHOST_NAME = "default_host"
    cachedServerInfo = "IBM WebSphere Liberty/${liberty.service.version}"
    lock = class com.ibm.ws.webcontainer.osgi.WebContainer$1@52322488
      this$0 = class com.ibm.ws.webcontainer.osgi.WebContainer@c1cde7f
    webAppFactory = class com.ibm.ws.webcontainer31.osgi.webapp.factory.WebAppFactoryImpl31@1e88d755
    requestFactory = class com.ibm.ws.webcontainer31.osgi.response.factory.IRequestResponseFactory@7ea61ca9
    responseFactory = class com.ibm.ws.webcontainer31.osgi.response.factory.IRequestResponseFactory@7ea61ca9
    asyncContextFactory = class com.ibm.ws.webcontainer31.async.factory.AsyncContextFactory31Impl@17b44582
    DEFAULT_MAX_VERSION = 30
    versionRef = class org.eclipse.osgi.internal.serviceregistry.ServiceReferenceImpl@54e13598
      registration = class org.eclipse.osgi.internal.serviceregistry.ServiceRegistrationImpl@5d993a17
    serverStopping = class com.ibm.ws.staticvalue.StaticValue$FinalSingleton@c0b722e
      singleton = class java.util.concurrent.atomic.AtomicBoolean@6e13a5fb
      multiplex = false
    modulesStarting = 1
    uriMatcherFactory = class com.ibm.wsspi.webcontainer31.util.factory.URIMatcherFactory31Impl@42867452
    SPEC_LEVEL_UNLOADED = -1
    SPEC_LEVEL_30 = 30
    SPEC_LEVEL_31 = 31
    SPEC_LEVEL_40 = 40
    DEFAULT_SPEC_LEVEL = 30
    loadedContainerSpecLevel = 31
    ISO = "ISO-8859-1"
    encoding = "UTF-8"
    decode = true
    wcconfig = class com.ibm.ws.webcontainer.osgi.WebContainerConfiguration@2abb174d
      properties = class org.apache.felix.scr.impl.helper.ReadOnlyDictionary@1938895
      CFG_KEY_ENFORCE_SEC = "enforce.security"
      logger = class com.ibm.ws.logging.internal.WsLogger@129eab7f
      CLASS_NAME = "com.ibm.ws.webcontainer.WebContainerConfiguration"
      _localeProps = null
      _jvmProps = null
      enableServletCaching = false
      defaultVirtualHostName = "default_host"
      ardEnabled = false
      ardIncludeTimeout = 0
      poolingDisabled = false
      maximumExpiredEntries = 0
      maximumResponseStoreSize = 0
      useAsyncRunnableWorkManager = false
      asyncRunnableWorkManagerName = null
      numAsyncTimerThreads = 2
      defaultAsyncServletTimeout = 30000
    applicationListeners = class java.util.ArrayList@7df69a36
      serialVersionUID = 8683452581122892189
      DEFAULT_CAPACITY = 10
      EMPTY_ELEMENTDATA = class java.lang.Object[0]
      DEFAULTCAPACITY_EMPTY_ELEMENTDATA = class java.lang.Object[0]
      elementData = class java.lang.Object[0]
      size = 0
      MAX_ARRAY_SIZE = 2147483639
      modCount = 0
      MAX_ARRAY_SIZE = 2147483639
    servletListeners = class java.util.ArrayList@ca3553e
      serialVersionUID = 8683452581122892189
      DEFAULT_CAPACITY = 10
      EMPTY_ELEMENTDATA = class java.lang.Object[0]
      DEFAULTCAPACITY_EMPTY_ELEMENTDATA = class java.lang.Object[0]
      elementData = class java.lang.Object[0]
      size = 0
      MAX_ARRAY_SIZE = 2147483639
      modCount = 0
      MAX_ARRAY_SIZE = 2147483639
    servletErrorListeners = class java.util.ArrayList@262c6866
      serialVersionUID = 8683452581122892189
      DEFAULT_CAPACITY = 10
      EMPTY_ELEMENTDATA = class java.lang.Object[0]
      DEFAULTCAPACITY_EMPTY_ELEMENTDATA = class java.lang.Object[0]
      elementData = class java.lang.Object[0]
      size = 0
      MAX_ARRAY_SIZE = 2147483639
      modCount = 0
      MAX_ARRAY_SIZE = 2147483639
    servletInvocationListeners = class java.util.ArrayList@545f0291
      serialVersionUID = 8683452581122892189
      DEFAULT_CAPACITY = 10
      EMPTY_ELEMENTDATA = class java.lang.Object[0]
      DEFAULTCAPACITY_EMPTY_ELEMENTDATA = class java.lang.Object[0]
      elementData = class java.lang.Object[0]
      size = 0
      MAX_ARRAY_SIZE = 2147483639
      modCount = 0
      MAX_ARRAY_SIZE = 2147483639
    filterInvocationListeners = class java.util.ArrayList@1db11506
      serialVersionUID = 8683452581122892189
      DEFAULT_CAPACITY = 10
      EMPTY_ELEMENTDATA = class java.lang.Object[0]
      DEFAULTCAPACITY_EMPTY_ELEMENTDATA = class java.lang.Object[0]
      elementData = class java.lang.Object[0]
      size = 0
      MAX_ARRAY_SIZE = 2147483639
      modCount = 0
      MAX_ARRAY_SIZE = 2147483639
    filterErrorListeners = class java.util.ArrayList@badb92b
      serialVersionUID = 8683452581122892189
      DEFAULT_CAPACITY = 10
      EMPTY_ELEMENTDATA = class java.lang.Object[0]
      DEFAULTCAPACITY_EMPTY_ELEMENTDATA = class java.lang.Object[0]
      elementData = class java.lang.Object[0]
      size = 0
      MAX_ARRAY_SIZE = 2147483639
      modCount = 0
      MAX_ARRAY_SIZE = 2147483639
    filterListeners = class java.util.ArrayList@4e078f60
      serialVersionUID = 8683452581122892189
      DEFAULT_CAPACITY = 10
      EMPTY_ELEMENTDATA = class java.lang.Object[0]
      DEFAULTCAPACITY_EMPTY_ELEMENTDATA = class java.lang.Object[0]
      elementData = class java.lang.Object[0]
      size = 0
      MAX_ARRAY_SIZE = 2147483639
      modCount = 0
      MAX_ARRAY_SIZE = 2147483639
    servletRequestListeners = class java.util.ArrayList@626057bb
      serialVersionUID = 8683452581122892189
      DEFAULT_CAPACITY = 10
      EMPTY_ELEMENTDATA = class java.lang.Object[0]
      DEFAULTCAPACITY_EMPTY_ELEMENTDATA = class java.lang.Object[0]
      elementData = class java.lang.Object[0]
      size = 0
      MAX_ARRAY_SIZE = 2147483639
      modCount = 0
      MAX_ARRAY_SIZE = 2147483639
    servletRequestAttributeListeners = class java.util.ArrayList@77ec77d4
      serialVersionUID = 8683452581122892189
      DEFAULT_CAPACITY = 10
      EMPTY_ELEMENTDATA = class java.lang.Object[0]
      DEFAULTCAPACITY_EMPTY_ELEMENTDATA = class java.lang.Object[0]
      elementData = class java.lang.Object[0]
      size = 0
      MAX_ARRAY_SIZE = 2147483639
      modCount = 0
      MAX_ARRAY_SIZE = 2147483639
    servletContextListeners = class java.util.ArrayList@11eefce3
      serialVersionUID = 8683452581122892189
      DEFAULT_CAPACITY = 10
      EMPTY_ELEMENTDATA = class java.lang.Object[0]
      DEFAULTCAPACITY_EMPTY_ELEMENTDATA = class java.lang.Object[0]
      elementData = class java.lang.Object[0]
      size = 0
      MAX_ARRAY_SIZE = 2147483639
      modCount = 0
      MAX_ARRAY_SIZE = 2147483639
    servletContextAttributeListeners = class java.util.ArrayList@63600d31
      serialVersionUID = 8683452581122892189
      DEFAULT_CAPACITY = 10
      EMPTY_ELEMENTDATA = class java.lang.Object[0]
      DEFAULTCAPACITY_EMPTY_ELEMENTDATA = class java.lang.Object[0]
      elementData = class java.lang.Object[0]
      size = 0
      MAX_ARRAY_SIZE = 2147483639
      modCount = 0
      MAX_ARRAY_SIZE = 2147483639
    sessionListeners = class java.util.ArrayList@35d4369
      serialVersionUID = 8683452581122892189
      DEFAULT_CAPACITY = 10
      EMPTY_ELEMENTDATA = class java.lang.Object[0]
      DEFAULTCAPACITY_EMPTY_ELEMENTDATA = class java.lang.Object[0]
      elementData = class java.lang.Object[0]
      size = 0
      MAX_ARRAY_SIZE = 2147483639
      modCount = 0
      MAX_ARRAY_SIZE = 2147483639
    sessionIdListeners = class java.util.ArrayList@171bc601
      serialVersionUID = 8683452581122892189
      DEFAULT_CAPACITY = 10
      EMPTY_ELEMENTDATA = class java.lang.Object[0]
      DEFAULTCAPACITY_EMPTY_ELEMENTDATA = class java.lang.Object[0]
      elementData = class java.lang.Object[0]
      size = 0
      MAX_ARRAY_SIZE = 2147483639
      modCount = 0
      MAX_ARRAY_SIZE = 2147483639
    sessionAttributeListeners = class java.util.ArrayList@717429e5
      serialVersionUID = 8683452581122892189
      DEFAULT_CAPACITY = 10
      EMPTY_ELEMENTDATA = class java.lang.Object[0]
      DEFAULTCAPACITY_EMPTY_ELEMENTDATA = class java.lang.Object[0]
      elementData = class java.lang.Object[0]
      size = 0
      MAX_ARRAY_SIZE = 2147483639
      modCount = 0
      MAX_ARRAY_SIZE = 2147483639
    DEFAULT_HOST = "default_host"
    _initialized = true
    logger = class com.ibm.ws.logging.internal.WsLogger@129eab7f
      tc = class com.ibm.websphere.ras.TraceComponent@39438065
      ivCachedResourceBundleName = "com.ibm.ws.webcontainer.resources.Messages"
      ivCachedResourceBundle = class com.ibm.ws.webcontainer.resources.Messages@5f3ac499
      ivComponent = null
      ivOrganization = null
      ivProduct = null
      ivMinimumLocalizationLevelIntValue = 625
      ivTC = class com.ibm.websphere.ras.TraceComponent@498e558c
      loggerRegistrationComponent = class java.lang.ThreadLocal@dc702a9
      emptyHandlers = class java.util.logging.Handler[0]
      offValue = 2147483647
      SYSTEM_LOGGER_RB_NAME = "sun.util.logging.resources.logging"
      SYSTEM_BUNDLE = class java.util.logging.Logger$LoggerBundle@4338bf72
      NO_RESOURCE_BUNDLE = class java.util.logging.Logger$LoggerBundle@4aafa580
      manager = class com.ibm.ws.kernel.boot.logging.WsLogManager@7fc82436
      name = "com.ibm.ws.webcontainer"
      handlers = class java.util.concurrent.CopyOnWriteArrayList@173a2e27
      loggerBundle = class java.util.logging.Logger$LoggerBundle@117fd09d
      useParentHandlers = true
      filter = null
      anonymous = false
      catalog = class com.ibm.ws.webcontainer.resources.Messages@5f3ac499
      catalogName = "com.ibm.ws.webcontainer.resources.Messages"
      catalogLocale = class java.util.Locale@264bf497
      treeLock = class java.lang.Object@189c9dfc
      parent = class java.util.logging.Logger@5e91d3de
      kids = class java.util.ArrayList@31850ba9
      levelObject = class java.util.logging.Level@4893ae42
      levelValue = 800
      callersClassLoaderRef = class java.lang.ref.WeakReference@349cb9d1
      isSystemLogger = false
      GLOBAL_LOGGER_NAME = "global"
      global = class java.util.logging.Logger@64c383bf
      $assertionsDisabled = true
    CLASS_NAME = "com.ibm.ws.webcontainer.internal.WebContainer"
    nls = class com.ibm.ejs.ras.TraceNLS@7b31f44e
      resolver = class com.ibm.ws.logging.internal.TraceNLSResolver@608c9ae5
      finder = null
      ivBundleName = "com.ibm.ws.webcontainer.resources.Messages"
      caller = class java.lang.Class@77abb1d5
    self = class java.util.concurrent.atomic.AtomicReference@32d31ee7
      serialVersionUID = -1848883965231344442
      unsafe = class sun.misc.Unsafe@7e02234f
      valueOffset = 12
      value = class com.ibm.ws.webcontainer.osgi.WebContainer@c1cde7f
    _cipherToBit = class java.util.HashMap@62383259
      serialVersionUID = 362498820763181265
      DEFAULT_INITIAL_CAPACITY = 16
      MAXIMUM_CAPACITY = 1073741824
      DEFAULT_LOAD_FACTOR = 0.75
      TREEIFY_THRESHOLD = 8
      UNTREEIFY_THRESHOLD = 6
      MIN_TREEIFY_CAPACITY = 64
      table = null
      entrySet = null
      size = 0
      modCount = 0
      threshold = 0
      loadFactor = 0.75
      keySet = null
      values = null
    cacheKeyStringBuilder = class com.ibm.ws.util.WSThreadLocal@59aa832
      tc = class com.ibm.ejs.ras.TraceComponent@72f2190b
      count = 7
      index = 1
      SUSPECTED_MISUSAGE_THRESHOLD = 200
      threadLocalHashCode = 31772271
      nextHashCode = class java.util.concurrent.atomic.AtomicInteger@7d7ab8e3
      HASH_INCREMENT = 1640531527
    listenersInitialized = true
    webConProperties = class java.util.Properties@71fdbf4b
      serialVersionUID = 4112578634029874840
      defaults = null
      hexDigit = {0123456789ABCDEF} /* array length = 16 */
      table = class java.util.Hashtable$Entry[95]
      count = 55
      threshold = 71
      loadFactor = 0.75
      modCount = 58
      serialVersionUID = 1421746759512286392
      MAX_ARRAY_SIZE = 2147483639
      keySet = null
      entrySet = null
      values = null
      KEYS = 0
      VALUES = 1
      ENTRIES = 2
    sessionRegistry = null
    isStopped = false
    readWriteLockForStopping = class java.util.concurrent.locks.ReentrantReadWriteLock@5bf3a3b5
      serialVersionUID = -6992448646407690164
      readerLock = class java.util.concurrent.locks.ReentrantReadWriteLock$ReadLock@7a832d
      writerLock = class java.util.concurrent.locks.ReentrantReadWriteLock$WriteLock@6b5d59a1
      sync = class java.util.concurrent.locks.ReentrantReadWriteLock$NonfairSync@35566407
      UNSAFE = class sun.misc.Unsafe@7e02234f
      TID_OFFSET = 40
    urlPrefix = ";jsessionid="
    extensionFactories = class java.util.ArrayList@78fae868
      serialVersionUID = 8683452581122892189
      DEFAULT_CAPACITY = 10
      EMPTY_ELEMENTDATA = class java.lang.Object[0]
      DEFAULTCAPACITY_EMPTY_ELEMENTDATA = class java.lang.Object[0]
      elementData = class java.lang.Object[10]
      size = 3
      MAX_ARRAY_SIZE = 2147483639
      modCount = 3
      MAX_ARRAY_SIZE = 2147483639
    postInitExtensionFactories = null
    httpResponseListeners = class java.util.ArrayList@28f1047d
      serialVersionUID = 8683452581122892189
      DEFAULT_CAPACITY = 10
      EMPTY_ELEMENTDATA = class java.lang.Object[0]
      DEFAULTCAPACITY_EMPTY_ELEMENTDATA = class java.lang.Object[0]
      elementData = class java.lang.Object[0]
      size = 0
      MAX_ARRAY_SIZE = 2147483639
      modCount = 0
      MAX_ARRAY_SIZE = 2147483639
    servletContainerInitializers = class java.util.ServiceLoader@34eaf1cf
      PREFIX = "META-INF/services/"
      service = class java.lang.Class@563329ea
      loader = class org.eclipse.osgi.internal.loader.EquinoxClassLoader@6efaa97e
      acc = null
      providers = class java.util.LinkedHashMap@257c62aa
      lookupIterator = class java.util.ServiceLoader$LazyIterator@62ceb251
    auditManager = class com.ibm.websphere.security.audit.context.AuditManager@724202ec
      threadLocal = class com.ibm.websphere.security.audit.context.AuditManager$AuditThreadLocal@551493e1
      serialVersionUID = 3990873393024807062
      $$$tc$$$ = class com.ibm.websphere.ras.TraceComponent@9925779
    threadLocal = class java.lang.ThreadLocal@5d540d64
      threadLocalHashCode = 1672303798
      nextHashCode = class java.util.concurrent.atomic.AtomicInteger@7d7ab8e3
      HASH_INCREMENT = 1640531527
    invocationCacheSize = 500
    decodePlusSign = true
    _cacheMap = class java.util.concurrent.ConcurrentHashMap@7da6385f
      serialVersionUID = 7249069246763182397
      MAXIMUM_CAPACITY = 1073741824
      DEFAULT_CAPACITY = 16
      MAX_ARRAY_SIZE = 2147483639
      DEFAULT_CONCURRENCY_LEVEL = 16
      LOAD_FACTOR = 0.75
      TREEIFY_THRESHOLD = 8
      UNTREEIFY_THRESHOLD = 6
      MIN_TREEIFY_CAPACITY = 64
      MIN_TRANSFER_STRIDE = 16
      RESIZE_STAMP_BITS = 16
      MAX_RESIZERS = 65535
      RESIZE_STAMP_SHIFT = 16
      MOVED = -1
      TREEBIN = -2
      RESERVED = -3
      HASH_BITS = 2147483647
      NCPU = 4
      serialPersistentFields = class java.io.ObjectStreamField[3]
      table = null
      nextTable = null
      baseCount = 0
      sizeCtl = 1024
      transferIndex = 0
      cellsBusy = 0
      counterCells = null
      keySet = null
      values = null
      entrySet = null
      U = class sun.misc.Unsafe@7e02234f
      SIZECTL = 20
      TRANSFERINDEX = 32
      BASECOUNT = 24
      CELLSBUSY = 36
      CELLVALUE = 144
      ABASE = 16
      ASHIFT = 2
      keySet = null
      values = null
    _cacheSize = class java.util.concurrent.atomic.AtomicInteger@1e21daad
      serialVersionUID = 6214790243416807050
      unsafe = class sun.misc.Unsafe@7e02234f
      valueOffset = 12
      value = 0
      serialVersionUID = -8742448824652078965
    vHostCompatFlag = false
    platformHelper = class com.ibm.ws.webcontainer.PlatformHelper@7c96fee7
    isDefaultTempDir = true
    tempDir = null
    servletCachingInitNeeded = true
    appInstallBegun = true
    cacheServletWrapperFactory = class com.ibm.ws.webcontainer31.servlet.factory.CacheServletWrapperFactory31Impl@154e33c
    commands = class java.util.ArrayList@5d180839
      serialVersionUID = 8683452581122892189
      DEFAULT_CAPACITY = 10
      EMPTY_ELEMENTDATA = class java.lang.Object[0]
      DEFAULTCAPACITY_EMPTY_ELEMENTDATA = class java.lang.Object[0]
      elementData = class java.lang.Object[3]
      size = 0
      MAX_ARRAY_SIZE = 2147483639
      modCount = 0
      MAX_ARRAY_SIZE = 2147483639
    requestMapper = class com.ibm.ws.webcontainer.util.VirtualHostContextRootMapper@16b2a4bb
      cachedMappers = class java.util.Collections$SynchronizedMap@4b48c240
      nls = class com.ibm.ejs.ras.TraceNLS@5df2b853
      logger = class com.ibm.ws.logging.internal.WsLogger@5991ac9f
      CLASS_NAME = "com.ibm.ws.webcontainer.util.VirtualHostContextRootMapper"
      CLASSNAME = "com.ibm.ws.util.VirtualHostMapper"
      tc = class com.ibm.ejs.ras.TraceComponent@62dd0a91
      vHostTable = class java.util.concurrent.ConcurrentHashMap@14b0223d
    parent = null
    name = "Was.webcontainer"
    isAlive = true
    subElements = class java.util.HashMap@1f3631df
      serialVersionUID = 362498820763181265
      DEFAULT_INITIAL_CAPACITY = 16
      MAXIMUM_CAPACITY = 1073741824
      DEFAULT_LOAD_FACTOR = 0.75
      TREEIFY_THRESHOLD = 8
      UNTREEIFY_THRESHOLD = 6
      MIN_TREEIFY_CAPACITY = 64
      table = class java.util.HashMap$Node[16]
      entrySet = null
      size = 1
      modCount = 1
      threshold = 12
      loadFactor = 0.75
      keySet = null
      values = null
    attributes = null
    config = null
    serialVersionUID = -8271459000149267764
    $$$tc$$$ = class com.ibm.websphere.ras.TraceComponent@5b4cf525
      strings[0] = "TraceComponent[com.ibm.ws.container.AbstractContainer,class com.ibm.ws.container.AbstractContainer,[],null,null]"

