------Start of DE processing------ = [6/26/18 12:35:18:364 PDT]
Exception = java.lang.reflect.InvocationTargetException
Source = com.ibm.ws.context.service.serializable.ContextualInvocationHandler
probeid = 104
Stack Dump = java.lang.reflect.InvocationTargetException
	at sun.reflect.NativeMethodAccessorImpl.invoke0(Native Method)
	at sun.reflect.NativeMethodAccessorImpl.invoke(NativeMethodAccessorImpl.java:62)
	at sun.reflect.DelegatingMethodAccessorImpl.invoke(DelegatingMethodAccessorImpl.java:43)
	at java.lang.reflect.Method.invoke(Method.java:498)
	at com.ibm.ws.context.service.serializable.ContextualInvocationHandler.invoke(ContextualInvocationHandler.java:76)
	at com.ibm.ws.context.service.serializable.ContextualInvocationHandler.invoke(ContextualInvocationHandler.java:97)
	at com.sun.proxy.$Proxy67.checkAllBeans(Unknown Source)
	at com.ibm.ws.microprofile.health.services.impl.HealthExecutorImpl.runHealthChecks(HealthExecutorImpl.java:73)
	at com.ibm.ws.microprofile.health.internal.HealthCheckServiceImpl.performHealthCheck(HealthCheckServiceImpl.java:107)
	at com.ibm.ws.microprofile.health.internal.servlet.HealthCheckServlet.service(HealthCheckServlet.java:53)
	at javax.servlet.http.HttpServlet.service(HttpServlet.java:790)
	at com.ibm.ws.webcontainer.servlet.ServletWrapper.service(ServletWrapper.java:1255)
	at com.ibm.ws.webcontainer.servlet.ServletWrapper.handleRequest(ServletWrapper.java:743)
	at com.ibm.ws.webcontainer.servlet.ServletWrapper.handleRequest(ServletWrapper.java:440)
	at com.ibm.ws.webcontainer.filter.WebAppFilterChain.invokeTarget(WebAppFilterChain.java:143)
	at com.ibm.ws.webcontainer.filter.WebAppFilterChain.doFilter(WebAppFilterChain.java:89)
	at com.ibm.ws.app.manager.wab.internal.OsgiDirectoryProtectionFilter.doFilter(OsgiDirectoryProtectionFilter.java:90)
	at com.ibm.ws.webcontainer.filter.FilterInstanceWrapper.doFilter(FilterInstanceWrapper.java:201)
	at com.ibm.ws.webcontainer.filter.WebAppFilterChain.doFilter(WebAppFilterChain.java:86)
	at com.ibm.ws.webcontainer.filter.WebAppFilterManager.doFilter(WebAppFilterManager.java:995)
	at com.ibm.ws.webcontainer.filter.WebAppFilterManager.invokeFilters(WebAppFilterManager.java:1124)
	at com.ibm.ws.webcontainer.webapp.WebApp.handleRequest(WebApp.java:4962)
	at com.ibm.ws.webcontainer.osgi.DynamicVirtualHost$2.handleRequest(DynamicVirtualHost.java:314)
	at com.ibm.ws.webcontainer.WebContainer.handleRequest(WebContainer.java:995)
	at com.ibm.ws.webcontainer.osgi.DynamicVirtualHost$2.run(DynamicVirtualHost.java:279)
	at com.ibm.ws.http.dispatcher.internal.channel.HttpDispatcherLink$TaskWrapper.run(HttpDispatcherLink.java:957)
	at com.ibm.ws.http.dispatcher.internal.channel.HttpDispatcherLink.wrapHandlerAndExecute(HttpDispatcherLink.java:357)
	at com.ibm.ws.http.dispatcher.internal.channel.HttpDispatcherLink.ready(HttpDispatcherLink.java:316)
	at com.ibm.ws.http.channel.internal.inbound.HttpInboundLink.handleDiscrimination(HttpInboundLink.java:499)
	at com.ibm.ws.http.channel.internal.inbound.HttpInboundLink.handleNewRequest(HttpInboundLink.java:433)
	at com.ibm.ws.http.channel.internal.inbound.HttpInboundLink.processRequest(HttpInboundLink.java:313)
	at com.ibm.ws.http.channel.internal.inbound.HttpInboundLink.ready(HttpInboundLink.java:284)
	at com.ibm.ws.tcpchannel.internal.NewConnectionInitialReadCallback.sendToDiscriminators(NewConnectionInitialReadCallback.java:165)
	at com.ibm.ws.tcpchannel.internal.NewConnectionInitialReadCallback.complete(NewConnectionInitialReadCallback.java:74)
	at com.ibm.ws.tcpchannel.internal.WorkQueueManager.requestComplete(WorkQueueManager.java:501)
	at com.ibm.ws.tcpchannel.internal.WorkQueueManager.attemptIO(WorkQueueManager.java:571)
	at com.ibm.ws.tcpchannel.internal.WorkQueueManager.workerRun(WorkQueueManager.java:926)
	at com.ibm.ws.tcpchannel.internal.WorkQueueManager$Worker.run(WorkQueueManager.java:1015)
	at java.util.concurrent.ThreadPoolExecutor.runWorker(ThreadPoolExecutor.java:1149)
	at java.util.concurrent.ThreadPoolExecutor$Worker.run(ThreadPoolExecutor.java:624)
	at java.lang.Thread.run(Thread.java:748)
Caused by: com.ibm.ws.microprofile.health.services.HealthCheckBeanCallException: java.lang.NullPointerException
	at com.ibm.ws.microprofile.health.services.impl.HealthCheckCDIBeanInvokerImpl.checkAllBeans(HealthCheckCDIBeanInvokerImpl.java:59)
	... 41 more
Caused by: java.lang.NullPointerException
	at application.microprofile.web.BookEndpointConfig.isInMaintenance(BookEndpointConfig.java:20)
	at application.microprofile.HealthEndpoint.isHealthy(HealthEndpoint.java:36)
	at application.microprofile.HealthEndpoint.call(HealthEndpoint.java:55)
	at application.microprofile.HealthEndpoint$Proxy$_$$_WeldClientProxy.call(Unknown Source)
	at com.ibm.ws.microprofile.health.services.impl.HealthCheckCDIBeanInvokerImpl.checkAllBeans(HealthCheckCDIBeanInvokerImpl.java:57)
	... 41 more

Dump of callerThis
Object type = com.ibm.ws.context.service.serializable.ContextualInvocationHandler
  serialPersistentFields = class java.io.ObjectStreamField[4]
    ObjectStreamField[0] = class java.io.ObjectStreamField@3c567ca1
      name = "C"
      signature = "Lcom/ibm/ws/context/service/serializable/ThreadContextDescriptorImpl;"
      type = class java.lang.Class@560be815
      unshared = false
      field = null
      offset = 0
    ObjectStreamField[1] = class java.io.ObjectStreamField@4ea0747b
      name = "E"
      signature = "Ljava/util/Map;"
      type = class java.lang.Class@6c98986f
      unshared = false
      field = null
      offset = 0
    ObjectStreamField[2] = class java.io.ObjectStreamField@25574112
      name = "I"
      signature = "Ljava/util/Set;"
      type = class java.lang.Class@456be3db
      unshared = false
      field = null
      offset = 0
    ObjectStreamField[3] = class java.io.ObjectStreamField@34c0a989
      name = "O"
      signature = "[B"
      type = class java.lang.Class@4a1965e4
      unshared = false
      field = null
      offset = 0
  serialVersionUID = -6017024294962299060
  $$$tc$$$ = class com.ibm.websphere.ras.TraceComponent@1a52b981
    strings[0] = "TraceComponent[com.ibm.ws.context.service.serializable.ContextualInvocationHandler,class com.ibm.ws.context.service.serializable.ContextualInvocationHandler,[context],com.ibm.ws.context.service.resources.CWWKCMessages,null]"
  CONTEXT = "C"
  EXEC_PROPS = "E"
  INTERNAL_PROP_NAMES = "I"
  OBJECT = "O"
  serialFields = class java.io.ObjectStreamField[4]
  getThreadContextClassLoader = class com.ibm.ws.context.service.serializable.ContextualObject$GetThreadContextClassLoader@138c225d
    serialVersionUID = 5694404510978877093
    $$$tc$$$ = class com.ibm.websphere.ras.TraceComponent@262e739e
      strings[0] = "TraceComponent[com.ibm.ws.context.service.serializable.ContextualObject$GetThreadContextClassLoader,class com.ibm.ws.context.service.serializable.ContextualObject$GetThreadContextClassLoader,[context],com.ibm.ws.context.service.resources.CWWKCMessages,null]"
  object = class com.ibm.ws.microprofile.health.services.impl.HealthCheckCDIBeanInvokerImpl@32229b65
    tc = class com.ibm.ejs.ras.TraceComponent@4c76b86d
      strings[0] = "TraceComponent[com.ibm.ws.microprofile.health.services.impl.HealthCheckCDIBeanInvokerImpl,class com.ibm.ws.microprofile.health.services.impl.HealthCheckCDIBeanInvokerImpl,[],null,null]"
    serialVersionUID = -6904456700224442077
  internalPropNames = null
  threadContextDescriptor = class com.ibm.ws.context.service.serializable.ThreadContextDescriptorImpl@2791180
    tc = class com.ibm.websphere.ras.TraceComponent@47407617
      strings[0] = "TraceComponent[com.ibm.ws.context.service.serializable.ThreadContextDescriptorImpl,class com.ibm.ws.context.service.serializable.ThreadContextDescriptorImpl,[context],com.ibm.ws.context.service.resources.CWWKCMessages,null]"
    execProps = class java.util.TreeMap@24e7a643
      comparator = null
      root = class java.util.TreeMap$Entry@69f25079
      size = 2
      modCount = 2
      entrySet = null
      navigableKeySet = null
      descendingMap = null
      UNBOUNDED = class java.lang.Object@58cf302f
      RED = false
      BLACK = true
      serialVersionUID = 919286545866124006
      keySet = null
      values = null
    metaDataIdentifier = "WEB#com.ibm.ws.microprofile.health#com.ibm.ws.microprofile.health"
    providerNames = class java.util.ArrayList@6ed8564e
      serialVersionUID = 8683452581122892189
      DEFAULT_CAPACITY = 10
      EMPTY_ELEMENTDATA = class java.lang.Object[0]
      DEFAULTCAPACITY_EMPTY_ELEMENTDATA = class java.lang.Object[0]
      elementData = class java.lang.Object[8]
      size = 4
      MAX_ARRAY_SIZE = 2147483639
      modCount = 4
      MAX_ARRAY_SIZE = 2147483639
    providerNamesToSkip = class java.util.Collections$EmptyList@1e434b
      serialVersionUID = 8842843931221139166
      modCount = 0
      MAX_ARRAY_SIZE = 2147483639
    threadContext = class java.util.ArrayList@9dc481d
      serialVersionUID = 8683452581122892189
      DEFAULT_CAPACITY = 10
      EMPTY_ELEMENTDATA = class java.lang.Object[0]
      DEFAULTCAPACITY_EMPTY_ELEMENTDATA = class java.lang.Object[0]
      elementData = class java.lang.Object[8]
      size = 4
      MAX_ARRAY_SIZE = 2147483639
      modCount = 4
      MAX_ARRAY_SIZE = 2147483639
    threadContextMgr = class com.ibm.ws.context.service.serializable.ThreadContextManager@109032db
      COMPONENT_NAME = "component.name"
      alwaysEnabled = class java.util.Collections$SetFromMap@607cc8f3
      metadataIdentifierService = class com.ibm.ws.container.service.metadata.internal.MetaDataServiceImpl@1bf63d1d
      threadContextProviders = class com.ibm.wsspi.kernel.service.utils.ConcurrentServiceReferenceMap@3a193804
      serialVersionUID = 3513608484245697656
      $$$tc$$$ = class com.ibm.websphere.ras.TraceComponent@2b76b2ec
    serialVersionUID = -418287919515508803
  serialVersionUID = -3325018751476745545
  $$$tc$$$ = class com.ibm.websphere.ras.TraceComponent@29b2be44
    strings[0] = "TraceComponent[com.ibm.ws.context.service.serializable.ContextualObject,class com.ibm.ws.context.service.serializable.ContextualObject,[context],com.ibm.ws.context.service.resources.CWWKCMessages,null]"

Dump of objectArray[0]
Object type = com.sun.proxy.$Proxy67
  m1 = class java.lang.reflect.Method@5ec7651c
    clazz = class java.lang.Class@5d6f64b1
    slot = 6
    name = "equals"
    returnType = class java.lang.Class@51521cc1
      ANNOTATION = 8192
      ENUM = 16384
      SYNTHETIC = 4096
      cachedConstructor = null
      newInstanceCallerCache = null
      name = "boolean"
      allPermDomain = class java.security.ProtectionDomain@731f1bf4
      useCaches = true
      reflectionData = class java.lang.ref.SoftReference@1273b338
      classRedefinedCount = 0
      genericInfo = class sun.reflect.generics.repository.ClassRepository@37cc9dba
      serialVersionUID = 3206093459760846163
      serialPersistentFields = class java.io.ObjectStreamField[0]
      reflectionFactory = class sun.reflect.ReflectionFactory@432145d8
      initted = true
      enumConstants = null
      enumConstantDirectory = null
      annotationData = null
      annotationType = null
      classValueMap = null
    parameterTypes = class java.lang.Class[1]
      Class[0] = class java.lang.Class@5d6f64b1
    exceptionTypes = class java.lang.Class[0]
    modifiers = 1
    signature = null
    genericInfo = null
    annotations = null
    parameterAnnotations = null
    annotationDefault = null
    methodAccessor = null
    root = class java.lang.reflect.Method@29780388
      clazz = class java.lang.Class@5d6f64b1
      slot = 6
      name = "equals"
      returnType = class java.lang.Class@51521cc1
      parameterTypes = class java.lang.Class[1]
      exceptionTypes = class java.lang.Class[0]
      modifiers = 1
      signature = null
      genericInfo = null
      annotations = null
      parameterAnnotations = null
      annotationDefault = null
      methodAccessor = null
      root = null
      hasRealParameterData = false
      parameters = null
      declaredAnnotations = class java.util.Collections$EmptyMap@5a9c917d
      ACCESS_PERMISSION = class java.lang.reflect.ReflectPermission@d77c52b
      override = false
      reflectionFactory = class sun.reflect.ReflectionFactory@432145d8
      securityCheckCache = null
    hasRealParameterData = false
    parameters = null
    declaredAnnotations = null
    ACCESS_PERMISSION = class java.lang.reflect.ReflectPermission@d77c52b
    override = false
    reflectionFactory = class sun.reflect.ReflectionFactory@432145d8
    securityCheckCache = null
  m2 = class java.lang.reflect.Method@798ee40
    clazz = class java.lang.Class@5d6f64b1
      ANNOTATION = 8192
      ENUM = 16384
      SYNTHETIC = 4096
      cachedConstructor = null
      newInstanceCallerCache = null
      name = "java.lang.Object"
      allPermDomain = class java.security.ProtectionDomain@731f1bf4
      useCaches = true
      reflectionData = class java.lang.ref.SoftReference@633a3a9a
      classRedefinedCount = 0
      genericInfo = class sun.reflect.generics.repository.ClassRepository@37cc9dba
      serialVersionUID = 3206093459760846163
      serialPersistentFields = class java.io.ObjectStreamField[0]
      reflectionFactory = class sun.reflect.ReflectionFactory@432145d8
      initted = true
      enumConstants = null
      enumConstantDirectory = null
      annotationData = class java.lang.Class$AnnotationData@479de5c3
      annotationType = null
      classValueMap = null
    slot = 7
    name = "toString"
    returnType = class java.lang.Class@5138effb
      ANNOTATION = 8192
      ENUM = 16384
      SYNTHETIC = 4096
      cachedConstructor = null
      newInstanceCallerCache = null
      name = "java.lang.String"
      allPermDomain = class java.security.ProtectionDomain@731f1bf4
      useCaches = true
      reflectionData = class java.lang.ref.SoftReference@6be0555b
      classRedefinedCount = 0
      genericInfo = class sun.reflect.generics.repository.ClassRepository@586b7e23
      serialVersionUID = 3206093459760846163
      serialPersistentFields = class java.io.ObjectStreamField[0]
      reflectionFactory = class sun.reflect.ReflectionFactory@432145d8
      initted = true
      enumConstants = null
      enumConstantDirectory = null
      annotationData = null
      annotationType = null
      classValueMap = null
    parameterTypes = class java.lang.Class[0]
    exceptionTypes = class java.lang.Class[0]
    modifiers = 1
    signature = null
    genericInfo = null
    annotations = null
    parameterAnnotations = null
    annotationDefault = null
    methodAccessor = null
    root = class java.lang.reflect.Method@606bb8f9
      clazz = class java.lang.Class@5d6f64b1
      slot = 7
      name = "toString"
      returnType = class java.lang.Class@5138effb
      parameterTypes = class java.lang.Class[0]
      exceptionTypes = class java.lang.Class[0]
      modifiers = 1
      signature = null
      genericInfo = null
      annotations = null
      parameterAnnotations = null
      annotationDefault = null
      methodAccessor = null
      root = null
      hasRealParameterData = false
      parameters = null
      declaredAnnotations = class java.util.Collections$EmptyMap@5a9c917d
      ACCESS_PERMISSION = class java.lang.reflect.ReflectPermission@d77c52b
      override = false
      reflectionFactory = class sun.reflect.ReflectionFactory@432145d8
      securityCheckCache = null
    hasRealParameterData = false
    parameters = null
    declaredAnnotations = null
    ACCESS_PERMISSION = class java.lang.reflect.ReflectPermission@d77c52b
      serialVersionUID = 7412737110241507485
      serialVersionUID = 6279438298436773498
      wildcard = false
      path = "suppressAccessChecks"
      exitVM = false
      serialVersionUID = -5636570222231596674
      name = "suppressAccessChecks"
    override = false
    reflectionFactory = class sun.reflect.ReflectionFactory@432145d8
      initted = true
      reflectionFactoryAccessPerm = class java.lang.RuntimePermission@76cc0829
      soleInstance = class sun.reflect.ReflectionFactory@432145d8
      langReflectAccess = class java.lang.reflect.ReflectAccess@3e31b9fd
      hasStaticInitializerMethod = null
      noInflation = false
      inflationThreshold = 15
    securityCheckCache = null
  m3 = class java.lang.reflect.Method@bc17ffd
    clazz = class java.lang.Class@6afc415b
      ANNOTATION = 8192
      ENUM = 16384
      SYNTHETIC = 4096
      cachedConstructor = null
      newInstanceCallerCache = null
      name = "com.ibm.ws.microprofile.health.services.HealthCheckCDIBeanInvoker"
      allPermDomain = class java.security.ProtectionDomain@731f1bf4
      useCaches = true
      reflectionData = class java.lang.ref.SoftReference@7e694d37
      classRedefinedCount = 0
      genericInfo = null
      serialVersionUID = 3206093459760846163
      serialPersistentFields = class java.io.ObjectStreamField[0]
      reflectionFactory = class sun.reflect.ReflectionFactory@432145d8
      initted = true
      enumConstants = null
      enumConstantDirectory = null
      annotationData = null
      annotationType = null
      classValueMap = null
    slot = 0
    name = "checkAllBeans"
    returnType = class java.lang.Class@456be3db
      ANNOTATION = 8192
      ENUM = 16384
      SYNTHETIC = 4096
      cachedConstructor = null
      newInstanceCallerCache = null
      name = "java.util.Set"
      allPermDomain = class java.security.ProtectionDomain@731f1bf4
      useCaches = true
      reflectionData = class java.lang.ref.SoftReference@3717a036
      classRedefinedCount = 0
      genericInfo = class sun.reflect.generics.repository.ClassRepository@1fe0879d
      serialVersionUID = 3206093459760846163
      serialPersistentFields = class java.io.ObjectStreamField[0]
      reflectionFactory = class sun.reflect.ReflectionFactory@432145d8
      initted = true
      enumConstants = null
      enumConstantDirectory = null
      annotationData = null
      annotationType = null
      classValueMap = null
    parameterTypes = class java.lang.Class[0]
    exceptionTypes = class java.lang.Class[1]
      Class[0] = class java.lang.Class@3db3745
    modifiers = 1025
    signature = "()Ljava/util/Set<Lorg/eclipse/microprofile/health/HealthCheckResponse;>;"
    genericInfo = null
    annotations = null
    parameterAnnotations = null
    annotationDefault = null
    methodAccessor = class sun.reflect.DelegatingMethodAccessorImpl@554cde8a
      delegate = class sun.reflect.NativeMethodAccessorImpl@58e6e8a6
    root = class java.lang.reflect.Method@3e645552
      clazz = class java.lang.Class@6afc415b
      slot = 0
      name = "checkAllBeans"
      returnType = class java.lang.Class@456be3db
      parameterTypes = class java.lang.Class[0]
      exceptionTypes = class java.lang.Class[1]
      modifiers = 1025
      signature = "()Ljava/util/Set<Lorg/eclipse/microprofile/health/HealthCheckResponse;>;"
      genericInfo = null
      annotations = null
      parameterAnnotations = null
      annotationDefault = null
      methodAccessor = class sun.reflect.DelegatingMethodAccessorImpl@554cde8a
      root = null
      hasRealParameterData = false
      parameters = null
      declaredAnnotations = null
      ACCESS_PERMISSION = class java.lang.reflect.ReflectPermission@d77c52b
      override = false
      reflectionFactory = class sun.reflect.ReflectionFactory@432145d8
      securityCheckCache = null
    hasRealParameterData = false
    parameters = null
    declaredAnnotations = null
    ACCESS_PERMISSION = class java.lang.reflect.ReflectPermission@d77c52b
    override = false
    reflectionFactory = class sun.reflect.ReflectionFactory@432145d8
    securityCheckCache = null
  m0 = class java.lang.reflect.Method@736e1091
    clazz = class java.lang.Class@5d6f64b1
    slot = 8
    name = "hashCode"
    returnType = class java.lang.Class@50134894
      ANNOTATION = 8192
      ENUM = 16384
      SYNTHETIC = 4096
      cachedConstructor = null
      newInstanceCallerCache = null
      name = "int"
      allPermDomain = class java.security.ProtectionDomain@731f1bf4
      useCaches = true
      reflectionData = null
      classRedefinedCount = 0
      genericInfo = null
      serialVersionUID = 3206093459760846163
      serialPersistentFields = class java.io.ObjectStreamField[0]
      reflectionFactory = class sun.reflect.ReflectionFactory@432145d8
      initted = true
      enumConstants = null
      enumConstantDirectory = null
      annotationData = null
      annotationType = null
      classValueMap = null
    parameterTypes = class java.lang.Class[0]
    exceptionTypes = class java.lang.Class[0]
    modifiers = 257
    signature = null
    genericInfo = null
    annotations = null
    parameterAnnotations = null
    annotationDefault = null
    methodAccessor = null
    root = class java.lang.reflect.Method@57696555
      clazz = class java.lang.Class@5d6f64b1
      slot = 8
      name = "hashCode"
      returnType = class java.lang.Class@50134894
      parameterTypes = class java.lang.Class[0]
      exceptionTypes = class java.lang.Class[0]
      modifiers = 257
      signature = null
      genericInfo = null
      annotations = null
      parameterAnnotations = null
      annotationDefault = null
      methodAccessor = null
      root = null
      hasRealParameterData = false
      parameters = null
      declaredAnnotations = class java.util.Collections$EmptyMap@5a9c917d
      ACCESS_PERMISSION = class java.lang.reflect.ReflectPermission@d77c52b
      override = false
      reflectionFactory = class sun.reflect.ReflectionFactory@432145d8
      securityCheckCache = null
    hasRealParameterData = false
    parameters = null
    declaredAnnotations = null
    ACCESS_PERMISSION = class java.lang.reflect.ReflectPermission@d77c52b
    override = false
    reflectionFactory = class sun.reflect.ReflectionFactory@432145d8
    securityCheckCache = null
  serialVersionUID = -2222568056686623797
  constructorParams = class java.lang.Class[1]
    Class[0] = class java.lang.Class@5519b963
      ANNOTATION = 8192
      ENUM = 16384
      SYNTHETIC = 4096
      cachedConstructor = null
      newInstanceCallerCache = null
      name = "java.lang.reflect.InvocationHandler"
      allPermDomain = class java.security.ProtectionDomain@731f1bf4
      useCaches = true
      reflectionData = null
      classRedefinedCount = 0
      genericInfo = null
      serialVersionUID = 3206093459760846163
      serialPersistentFields = class java.io.ObjectStreamField[0]
      reflectionFactory = class sun.reflect.ReflectionFactory@432145d8
      initted = true
      enumConstants = null
      enumConstantDirectory = null
      annotationData = null
      annotationType = null
      classValueMap = null
  proxyClassCache = class java.lang.reflect.WeakCache@564e7217
    refQueue = class java.lang.ref.ReferenceQueue@7037e7d1
      NULL = class java.lang.ref.ReferenceQueue$Null@16972874
      ENQUEUED = class java.lang.ref.ReferenceQueue$Null@64ae1132
      lock = class java.lang.ref.ReferenceQueue$Lock@56f219d7
      head = null
      queueLength = 0
      $assertionsDisabled = true
    map = class java.util.concurrent.ConcurrentHashMap@8d022dd
      serialVersionUID = 7249069246763182397
      MAXIMUM_CAPACITY = 1073741824
      DEFAULT_CAPACITY = 16
      MAX_ARRAY_SIZE = 2147483639
      DEFAULT_CONCURRENCY_LEVEL = 16
      LOAD_FACTOR = 0.75
      TREEIFY_THRESHOLD = 8
      UNTREEIFY_THRESHOLD = 6
      MIN_TREEIFY_CAPACITY = 64
      MIN_TRANSFER_STRIDE = 16
      RESIZE_STAMP_BITS = 16
      MAX_RESIZERS = 65535
      RESIZE_STAMP_SHIFT = 16
      MOVED = -1
      TREEBIN = -2
      RESERVED = -3
      HASH_BITS = 2147483647
      NCPU = 4
      serialPersistentFields = class java.io.ObjectStreamField[3]
      table = class java.util.concurrent.ConcurrentHashMap$Node[32]
      nextTable = null
      baseCount = 20
      sizeCtl = 24
      transferIndex = 0
      cellsBusy = 0
      counterCells = null
      keySet = null
      values = null
      entrySet = null
      U = class sun.misc.Unsafe@4a2de6fa
      SIZECTL = 20
      TRANSFERINDEX = 32
      BASECOUNT = 24
      CELLSBUSY = 36
      CELLVALUE = 144
      ABASE = 16
      ASHIFT = 2
      keySet = null
      values = null
    reverseMap = class java.util.concurrent.ConcurrentHashMap@3bbde071
      serialVersionUID = 7249069246763182397
      MAXIMUM_CAPACITY = 1073741824
      DEFAULT_CAPACITY = 16
      MAX_ARRAY_SIZE = 2147483639
      DEFAULT_CONCURRENCY_LEVEL = 16
      LOAD_FACTOR = 0.75
      TREEIFY_THRESHOLD = 8
      UNTREEIFY_THRESHOLD = 6
      MIN_TREEIFY_CAPACITY = 64
      MIN_TRANSFER_STRIDE = 16
      RESIZE_STAMP_BITS = 16
      MAX_RESIZERS = 65535
      RESIZE_STAMP_SHIFT = 16
      MOVED = -1
      TREEBIN = -2
      RESERVED = -3
      HASH_BITS = 2147483647
      NCPU = 4
      serialPersistentFields = class java.io.ObjectStreamField[3]
      table = class java.util.concurrent.ConcurrentHashMap$Node[128]
      nextTable = null
      baseCount = 68
      sizeCtl = 96
      transferIndex = 0
      cellsBusy = 0
      counterCells = null
      keySet = null
      values = null
      entrySet = null
      U = class sun.misc.Unsafe@4a2de6fa
      SIZECTL = 20
      TRANSFERINDEX = 32
      BASECOUNT = 24
      CELLSBUSY = 36
      CELLVALUE = 144
      ABASE = 16
      ASHIFT = 2
      keySet = null
      values = null
    subKeyFactory = class java.lang.reflect.Proxy$KeyFactory@3b9ba962
    valueFactory = class java.lang.reflect.Proxy$ProxyClassFactory@745dc8af
      proxyClassNamePrefix = "$Proxy"
      nextUniqueNumber = class java.util.concurrent.atomic.AtomicLong@45a1b287
  h = class com.ibm.ws.context.service.serializable.ContextualInvocationHandler@73269d66
    serialPersistentFields = class java.io.ObjectStreamField[4]
      ObjectStreamField[0] = class java.io.ObjectStreamField@3c567ca1
      ObjectStreamField[1] = class java.io.ObjectStreamField@4ea0747b
      ObjectStreamField[2] = class java.io.ObjectStreamField@25574112
      ObjectStreamField[3] = class java.io.ObjectStreamField@34c0a989
    serialVersionUID = -6017024294962299060
    $$$tc$$$ = class com.ibm.websphere.ras.TraceComponent@1a52b981
      strings[0] = "TraceComponent[com.ibm.ws.context.service.serializable.ContextualInvocationHandler,class com.ibm.ws.context.service.serializable.ContextualInvocationHandler,[context],com.ibm.ws.context.service.resources.CWWKCMessages,null]"
    CONTEXT = "C"
    EXEC_PROPS = "E"
    INTERNAL_PROP_NAMES = "I"
    OBJECT = "O"
    serialFields = class java.io.ObjectStreamField[4]
    getThreadContextClassLoader = class com.ibm.ws.context.service.serializable.ContextualObject$GetThreadContextClassLoader@138c225d
      serialVersionUID = 5694404510978877093
      $$$tc$$$ = class com.ibm.websphere.ras.TraceComponent@262e739e
    object = class com.ibm.ws.microprofile.health.services.impl.HealthCheckCDIBeanInvokerImpl@32229b65
      tc = class com.ibm.ejs.ras.TraceComponent@4c76b86d
      serialVersionUID = -6904456700224442077
    internalPropNames = null
    threadContextDescriptor = class com.ibm.ws.context.service.serializable.ThreadContextDescriptorImpl@2791180
      tc = class com.ibm.websphere.ras.TraceComponent@47407617
      execProps = class java.util.TreeMap@24e7a643
      metaDataIdentifier = "WEB#com.ibm.ws.microprofile.health#com.ibm.ws.microprofile.health"
      providerNames = class java.util.ArrayList@6ed8564e
      providerNamesToSkip = class java.util.Collections$EmptyList@1e434b
      threadContext = class java.util.ArrayList@9dc481d
      threadContextMgr = class com.ibm.ws.context.service.serializable.ThreadContextManager@109032db
      serialVersionUID = -418287919515508803
    serialVersionUID = -3325018751476745545
    $$$tc$$$ = class com.ibm.websphere.ras.TraceComponent@29b2be44
      strings[0] = "TraceComponent[com.ibm.ws.context.service.serializable.ContextualObject,class com.ibm.ws.context.service.serializable.ContextualObject,[context],com.ibm.ws.context.service.resources.CWWKCMessages,null]"
  key0 = class java.lang.Object@56f0d1b4

Dump of objectArray[1]
Object type = java.lang.reflect.Method
  clazz = class java.lang.Class@6afc415b
    ANNOTATION = 8192
    ENUM = 16384
    SYNTHETIC = 4096
    cachedConstructor = null
    newInstanceCallerCache = null
    name = "com.ibm.ws.microprofile.health.services.HealthCheckCDIBeanInvoker"
    allPermDomain = class java.security.ProtectionDomain@731f1bf4
    useCaches = true
    reflectionData = class java.lang.ref.SoftReference@7e694d37
      clock = 1972562
      timestamp = 1972562
      referent = class java.lang.Class$ReflectionData@2586f263
      queue = class java.lang.ref.ReferenceQueue$Null@16972874
      next = null
      discovered = null
      lock = class java.lang.ref.Reference$Lock@98b5e98
      pending = null
    classRedefinedCount = 0
    genericInfo = null
    serialVersionUID = 3206093459760846163
    serialPersistentFields = class java.io.ObjectStreamField[0]
    reflectionFactory = class sun.reflect.ReflectionFactory@432145d8
    initted = true
    enumConstants = null
    enumConstantDirectory = null
    annotationData = null
    annotationType = null
    classValueMap = null
  slot = 0
  name = "checkAllBeans"
  returnType = class java.lang.Class@456be3db
    ANNOTATION = 8192
    ENUM = 16384
    SYNTHETIC = 4096
    cachedConstructor = null
    newInstanceCallerCache = null
    name = "java.util.Set"
    allPermDomain = class java.security.ProtectionDomain@731f1bf4
      codesource = null
      classloader = null
      principals = interface java.security.Principal[0]
      permissions = class java.security.Permissions@78b8ecdc
      hasAllPerm = true
      staticPermissions = true
      key = class java.security.ProtectionDomain$Key@b6fd970
      debug = null
    useCaches = true
    reflectionData = class java.lang.ref.SoftReference@3717a036
      clock = 1972562
      timestamp = 1964668
      referent = class java.lang.Class$ReflectionData@2e9ee2cc
      queue = class java.lang.ref.ReferenceQueue$Null@16972874
      next = null
      discovered = null
      lock = class java.lang.ref.Reference$Lock@98b5e98
      pending = null
    classRedefinedCount = 0
    genericInfo = class sun.reflect.generics.repository.ClassRepository@1fe0879d
      NONE = class sun.reflect.generics.repository.ClassRepository@37cc9dba
      superclass = null
      superInterfaces = interface java.lang.reflect.Type[1]
      typeParams = interface java.lang.reflect.TypeVariable[1]
      factory = class sun.reflect.generics.factory.CoreReflectionFactory@1344192d
      tree = class sun.reflect.generics.tree.ClassSignature@3a8d613e
    serialVersionUID = 3206093459760846163
    serialPersistentFields = class java.io.ObjectStreamField[0]
    reflectionFactory = class sun.reflect.ReflectionFactory@432145d8
    initted = true
    enumConstants = null
    enumConstantDirectory = null
    annotationData = null
    annotationType = null
    classValueMap = null
  parameterTypes = class java.lang.Class[0]
  exceptionTypes = class java.lang.Class[1]
    Class[0] = class java.lang.Class@3db3745
      ANNOTATION = 8192
      ENUM = 16384
      SYNTHETIC = 4096
      cachedConstructor = null
      newInstanceCallerCache = null
      name = "com.ibm.ws.microprofile.health.services.HealthCheckBeanCallException"
      allPermDomain = class java.security.ProtectionDomain@731f1bf4
      useCaches = true
      reflectionData = null
      classRedefinedCount = 0
      genericInfo = null
      serialVersionUID = 3206093459760846163
      serialPersistentFields = class java.io.ObjectStreamField[0]
      reflectionFactory = class sun.reflect.ReflectionFactory@432145d8
      initted = true
      enumConstants = null
      enumConstantDirectory = null
      annotationData = class java.lang.Class$AnnotationData@80f9e14
      annotationType = null
      classValueMap = null
  modifiers = 1025
  signature = "()Ljava/util/Set<Lorg/eclipse/microprofile/health/HealthCheckResponse;>;"
  genericInfo = null
  annotations = null
  parameterAnnotations = null
  annotationDefault = null
  methodAccessor = class sun.reflect.DelegatingMethodAccessorImpl@554cde8a
    delegate = class sun.reflect.NativeMethodAccessorImpl@58e6e8a6
      method = class java.lang.reflect.Method@bc17ffd
      parent = class sun.reflect.DelegatingMethodAccessorImpl@554cde8a
      numInvocations = 1
  root = class java.lang.reflect.Method@3e645552
    clazz = class java.lang.Class@6afc415b
    slot = 0
    name = "checkAllBeans"
    returnType = class java.lang.Class@456be3db
    parameterTypes = class java.lang.Class[0]
    exceptionTypes = class java.lang.Class[1]
    modifiers = 1025
    signature = "()Ljava/util/Set<Lorg/eclipse/microprofile/health/HealthCheckResponse;>;"
    genericInfo = null
    annotations = null
    parameterAnnotations = null
    annotationDefault = null
    methodAccessor = class sun.reflect.DelegatingMethodAccessorImpl@554cde8a
    root = null
    hasRealParameterData = false
    parameters = null
    declaredAnnotations = null
    ACCESS_PERMISSION = class java.lang.reflect.ReflectPermission@d77c52b
    override = false
    reflectionFactory = class sun.reflect.ReflectionFactory@432145d8
    securityCheckCache = null
  hasRealParameterData = false
  parameters = null
  declaredAnnotations = null
  ACCESS_PERMISSION = class java.lang.reflect.ReflectPermission@d77c52b
    serialVersionUID = 7412737110241507485
    serialVersionUID = 6279438298436773498
    wildcard = false
    path = "suppressAccessChecks"
    exitVM = false
    serialVersionUID = -5636570222231596674
    name = "suppressAccessChecks"
  override = false
  reflectionFactory = class sun.reflect.ReflectionFactory@432145d8
    initted = true
    reflectionFactoryAccessPerm = class java.lang.RuntimePermission@76cc0829
      serialVersionUID = 7399184964622342223
      serialVersionUID = 6279438298436773498
      wildcard = false
      path = "reflectionFactoryAccess"
      exitVM = false
      serialVersionUID = -5636570222231596674
      name = "reflectionFactoryAccess"
    soleInstance = class sun.reflect.ReflectionFactory@432145d8
    langReflectAccess = class java.lang.reflect.ReflectAccess@3e31b9fd
    hasStaticInitializerMethod = null
    noInflation = false
    inflationThreshold = 15
  securityCheckCache = null

Dump of objectArray[2]
null
