------Start of DE processing------ = [6/26/18 12:33:43:845 PDT]
Exception = com.ibm.ws.microprofile.health.services.HealthCheckBeanCallException
Source = com.ibm.ws.microprofile.health.services.impl.HealthExecutorImpl
probeid = 74
Stack Dump = com.ibm.ws.microprofile.health.services.HealthCheckBeanCallException: java.lang.NullPointerException
	at com.ibm.ws.microprofile.health.services.impl.HealthCheckCDIBeanInvokerImpl.checkAllBeans(HealthCheckCDIBeanInvokerImpl.java:59)
	at sun.reflect.NativeMethodAccessorImpl.invoke0(Native Method)
	at sun.reflect.NativeMethodAccessorImpl.invoke(NativeMethodAccessorImpl.java:62)
	at sun.reflect.DelegatingMethodAccessorImpl.invoke(DelegatingMethodAccessorImpl.java:43)
	at java.lang.reflect.Method.invoke(Method.java:498)
	at com.ibm.ws.context.service.serializable.ContextualInvocationHandler.invoke(ContextualInvocationHandler.java:76)
	at com.ibm.ws.context.service.serializable.ContextualInvocationHandler.invoke(ContextualInvocationHandler.java:97)
	at com.sun.proxy.$Proxy68.checkAllBeans(Unknown Source)
	at com.ibm.ws.microprofile.health.services.impl.HealthExecutorImpl.runHealthChecks(HealthExecutorImpl.java:73)
	at com.ibm.ws.microprofile.health.internal.HealthCheckServiceImpl.performHealthCheck(HealthCheckServiceImpl.java:107)
	at com.ibm.ws.microprofile.health.internal.servlet.HealthCheckServlet.service(HealthCheckServlet.java:53)
	at javax.servlet.http.HttpServlet.service(HttpServlet.java:790)
	at com.ibm.ws.webcontainer.servlet.ServletWrapper.service(ServletWrapper.java:1255)
	at com.ibm.ws.webcontainer.servlet.ServletWrapper.handleRequest(ServletWrapper.java:743)
	at com.ibm.ws.webcontainer.servlet.ServletWrapper.handleRequest(ServletWrapper.java:440)
	at com.ibm.ws.webcontainer.filter.WebAppFilterChain.invokeTarget(WebAppFilterChain.java:143)
	at com.ibm.ws.webcontainer.filter.WebAppFilterChain.doFilter(WebAppFilterChain.java:89)
	at com.ibm.ws.app.manager.wab.internal.OsgiDirectoryProtectionFilter.doFilter(OsgiDirectoryProtectionFilter.java:90)
	at com.ibm.ws.webcontainer.filter.FilterInstanceWrapper.doFilter(FilterInstanceWrapper.java:201)
	at com.ibm.ws.webcontainer.filter.WebAppFilterChain.doFilter(WebAppFilterChain.java:86)
	at com.ibm.ws.webcontainer.filter.WebAppFilterManager.doFilter(WebAppFilterManager.java:995)
	at com.ibm.ws.webcontainer.filter.WebAppFilterManager.invokeFilters(WebAppFilterManager.java:1124)
	at com.ibm.ws.webcontainer.webapp.WebApp.handleRequest(WebApp.java:4962)
	at com.ibm.ws.webcontainer.osgi.DynamicVirtualHost$2.handleRequest(DynamicVirtualHost.java:314)
	at com.ibm.ws.webcontainer.WebContainer.handleRequest(WebContainer.java:995)
	at com.ibm.ws.webcontainer.osgi.DynamicVirtualHost$2.run(DynamicVirtualHost.java:279)
	at com.ibm.ws.http.dispatcher.internal.channel.HttpDispatcherLink$TaskWrapper.run(HttpDispatcherLink.java:957)
	at com.ibm.ws.http.dispatcher.internal.channel.HttpDispatcherLink.wrapHandlerAndExecute(HttpDispatcherLink.java:357)
	at com.ibm.ws.http.dispatcher.internal.channel.HttpDispatcherLink.ready(HttpDispatcherLink.java:316)
	at com.ibm.ws.http.channel.internal.inbound.HttpInboundLink.handleDiscrimination(HttpInboundLink.java:499)
	at com.ibm.ws.http.channel.internal.inbound.HttpInboundLink.handleNewRequest(HttpInboundLink.java:433)
	at com.ibm.ws.http.channel.internal.inbound.HttpInboundLink.processRequest(HttpInboundLink.java:313)
	at com.ibm.ws.http.channel.internal.inbound.HttpInboundLink.ready(HttpInboundLink.java:284)
	at com.ibm.ws.tcpchannel.internal.NewConnectionInitialReadCallback.sendToDiscriminators(NewConnectionInitialReadCallback.java:165)
	at com.ibm.ws.tcpchannel.internal.NewConnectionInitialReadCallback.complete(NewConnectionInitialReadCallback.java:74)
	at com.ibm.ws.tcpchannel.internal.WorkQueueManager.requestComplete(WorkQueueManager.java:501)
	at com.ibm.ws.tcpchannel.internal.WorkQueueManager.attemptIO(WorkQueueManager.java:571)
	at com.ibm.ws.tcpchannel.internal.WorkQueueManager.workerRun(WorkQueueManager.java:926)
	at com.ibm.ws.tcpchannel.internal.WorkQueueManager$Worker.run(WorkQueueManager.java:1015)
	at java.util.concurrent.ThreadPoolExecutor.runWorker(ThreadPoolExecutor.java:1149)
	at java.util.concurrent.ThreadPoolExecutor$Worker.run(ThreadPoolExecutor.java:624)
	at java.lang.Thread.run(Thread.java:748)
Caused by: java.lang.NullPointerException
	at application.microprofile.web.BookEndpointConfig.isInMaintenance(BookEndpointConfig.java:19)
	at application.microprofile.HealthEndpoint.isHealthy(HealthEndpoint.java:36)
	at application.microprofile.HealthEndpoint.call(HealthEndpoint.java:55)
	at application.microprofile.HealthEndpoint$Proxy$_$$_WeldClientProxy.call(Unknown Source)
	at com.ibm.ws.microprofile.health.services.impl.HealthCheckCDIBeanInvokerImpl.checkAllBeans(HealthCheckCDIBeanInvokerImpl.java:57)
	... 41 more

Dump of callerThis
Object type = com.ibm.ws.microprofile.health.services.impl.HealthExecutorImpl
  appModuleContextService = class com.ibm.ws.microprofile.health.services.impl.AppModuleContextService@49ecdec1
    metaDataIdentifierService = class com.ibm.ws.container.service.metadata.internal.MetaDataServiceImpl@fc5e704
      applicationMetaDataManager = class com.ibm.ws.container.service.metadata.internal.ApplicationMetaDataManager@7ccd38e
      moduleMetaDataManager = class com.ibm.ws.container.service.metadata.internal.ModuleMetaDataManager@2a41a1f
      componentMetaDataManager = class com.ibm.ws.container.service.metadata.internal.ComponentMetaDataManager@5a2d286a
      methodMetaDataManager = class com.ibm.ws.container.service.metadata.internal.MethodMetaDataManager@4be1775e
      appModuleNameToModuleContainer = class java.util.concurrent.ConcurrentHashMap@2a509d0f
      jeeNameToComponentMetaData = class java.util.concurrent.ConcurrentHashMap@8860eb8
      deferredMetaDataFactories = class com.ibm.wsspi.kernel.service.utils.ConcurrentServiceReferenceSet@3bdb09ba
      deferredMetaDataInitializers = class com.ibm.wsspi.kernel.service.utils.ConcurrentServiceReferenceMap@7b40c218
      serialVersionUID = -2494605732980966097
      $$$tc$$$ = class com.ibm.websphere.ras.TraceComponent@63784680
    classLoaderIdentifierService = class com.ibm.ws.classloading.internal.ClassLoadingServiceImpl@4d0e617
      tc = class com.ibm.websphere.ras.TraceComponent@66ba9812
      leakDetectionMap = class java.util.HashMap@68e0da3b
      TCCL_LOCK_WAIT = 15000
      REFERENCE_GENERATORS = "generators"
      bundleContext = class org.eclipse.osgi.internal.framework.BundleContextImpl@6ebd3eb3
      aclStore = class com.ibm.ws.classloading.internal.util.CanonicalStore@39aefa68
      tcclStore = class com.ibm.ws.classloading.internal.util.CanonicalStore@225c7fc4
      tcclStoreLock = class java.util.concurrent.locks.ReentrantLock@79ab0300
      digraph = class org.eclipse.equinox.internal.region.StandardRegionDigraph@17f43f0c
      redefiner = class com.ibm.ws.classloading.internal.util.ClassRedefiner@5947fa20
      listener = class com.ibm.ws.classloading.internal.ClassLoadingServiceImpl$1@18241c93
      classloaders = class java.util.Collections$SynchronizedMap@39b6af94
      resourceProviders = class com.ibm.ws.classloading.internal.CompositeResourceProvider@f0cfbf1
      rememberedBundles = class java.util.concurrent.ConcurrentHashMap@697c86ca
      collectedBundles = class java.lang.ref.ReferenceQueue@5184cff2
      generatorRefs = class com.ibm.wsspi.kernel.service.utils.ConcurrentServiceReferenceSet@5dc20059
      generatorManager = class com.ibm.ws.classloading.internal.ClassGeneratorManager@35f9bb63
      appExtLibs = class java.util.concurrent.CopyOnWriteArrayList@383e21c0
      metaInfServicesProviders = class java.util.concurrent.ConcurrentHashMap@4fb2926a
      metaInfServicesRefs = class com.ibm.wsspi.kernel.service.utils.ConcurrentServiceReferenceMap@2bf830d
      protectionDomainMap = class java.util.HashMap@7a65029a
      metadataIdentifierService = class com.ibm.ws.container.service.metadata.internal.MetaDataServiceImpl@fc5e704
      serialVersionUID = 3750725462702355330
    contextService = class com.ibm.ws.context.service.serializable.ThreadContextManager@57943e61
      COMPONENT_NAME = "component.name"
      alwaysEnabled = class java.util.Collections$SetFromMap@3bbc7c93
      metadataIdentifierService = class com.ibm.ws.container.service.metadata.internal.MetaDataServiceImpl@fc5e704
      threadContextProviders = class com.ibm.wsspi.kernel.service.utils.ConcurrentServiceReferenceMap@6f59e470
      serialVersionUID = 3513608484245697656
      $$$tc$$$ = class com.ibm.websphere.ras.TraceComponent@4b57d4c3
    jeeMetaDataContextProvider = class com.ibm.ws.javaee.metadata.context.internal.JEEMetadataContextProviderImpl@12466885
      componentMetadataDecoratorRefs = class com.ibm.wsspi.kernel.service.utils.ConcurrentServiceReferenceMap@4c3a6bd
      metadataIdentifierService = class com.ibm.ws.container.service.metadata.internal.MetaDataServiceImpl@fc5e704
      serialVersionUID = -2732463529342838032
      $$$tc$$$ = class com.ibm.websphere.ras.TraceComponent@3a95d56a
    classLoaderContextProvider = class com.ibm.ws.classloader.context.internal.ClassloaderContextProviderImpl@21b32079
      classLoaderIdentifierService = class com.ibm.ws.classloading.internal.ClassLoadingServiceImpl@4d0e617
      serialVersionUID = 8831900865066815314
      $$$tc$$$ = class com.ibm.websphere.ras.TraceComponent@435c693e
    CapturedContexts = interface java.util.Map[3]
      Map[0] = class java.util.Collections$SingletonMap@6d24249e
      Map[1] = class java.util.Collections$SingletonMap@700750ce
      Map[2] = class java.util.Collections$SingletonMap@482cad11
    serialVersionUID = -3466757775991707204
    $$$tc$$$ = class com.ibm.websphere.ras.TraceComponent@2fd6846a
      strings[0] = "TraceComponent[com.ibm.ws.microprofile.health.services.impl.AppModuleContextService,class com.ibm.ws.microprofile.health.services.impl.AppModuleContextService,[HEALTH],com.ibm.ws.microprofile.health.resources.Health,null]"
  healthCheckCDIBeanInvoker = class com.ibm.ws.microprofile.health.services.impl.HealthCheckCDIBeanInvokerImpl@1bc60796
    tc = class com.ibm.ejs.ras.TraceComponent@72c432f3
      strings[0] = "TraceComponent[com.ibm.ws.microprofile.health.services.impl.HealthCheckCDIBeanInvokerImpl,class com.ibm.ws.microprofile.health.services.impl.HealthCheckCDIBeanInvokerImpl,[],null,null]"
    serialVersionUID = -6904456700224442077
  j2eeNameFactory = class com.ibm.ws.container.service.metadata.internal.J2EENameFactoryImpl@1c7592f2
    serialVersionUID = 3486344295038028821
    $$$tc$$$ = class com.ibm.websphere.ras.TraceComponent@382151d7
      strings[0] = "TraceComponent[com.ibm.ws.container.service.metadata.internal.J2EENameFactoryImpl,class com.ibm.ws.container.service.metadata.internal.J2EENameFactoryImpl,[Runtime],,null]"
  logger = class com.ibm.ws.logging.internal.WsLogger@1723e8b1
    tc = class com.ibm.websphere.ras.TraceComponent@3f7c9382
      strings[0] = "TraceComponent[com.ibm.ws.logging.internal.WsLogger,class com.ibm.ws.logging.internal.WsLogger,[logging],com.ibm.ws.logging.internal.resources.LoggingMessages,null]"
    ivCachedResourceBundleName = null
    ivCachedResourceBundle = null
    ivComponent = null
    ivOrganization = null
    ivProduct = null
    ivMinimumLocalizationLevelIntValue = 625
    ivTC = class com.ibm.websphere.ras.TraceComponent@335f6d9d
      strings[0] = "TraceComponent[com.ibm.ws.microprofile.health.services.impl.HealthExecutorImpl,class com.ibm.ws.microprofile.health.services.impl.HealthExecutorImpl,[com.ibm.ws.microprofile.health.services.impl.HealthExecutorImpl],null,null]"
    loggerRegistrationComponent = class java.lang.ThreadLocal@79231c63
      threadLocalHashCode = -978983473
      nextHashCode = class java.util.concurrent.atomic.AtomicInteger@7a00800
      HASH_INCREMENT = 1640531527
    emptyHandlers = class java.util.logging.Handler[0]
    offValue = 2147483647
    SYSTEM_LOGGER_RB_NAME = "sun.util.logging.resources.logging"
    SYSTEM_BUNDLE = class java.util.logging.Logger$LoggerBundle@411fec48
      resourceBundleName = "sun.util.logging.resources.logging"
      userBundle = null
    NO_RESOURCE_BUNDLE = class java.util.logging.Logger$LoggerBundle@21bc4d27
      resourceBundleName = null
      userBundle = null
    manager = class com.ibm.ws.kernel.boot.logging.WsLogManager@409d9d77
      CLASS_NAME = "com.ibm.ws.kernel.boot.logging.WsLogManager"
      CONFIGURE_BY_SERVER_PROPERTY_NAME = "java.util.logging.configureByServer"
      CONFIGURE_BY_LOGGING_PROPERTIES_FILE = "java.util.logging.configureByLoggingPropertiesFile"
      configureByServer = true
      configureByLoggingProperties = false
      wsLogger = class java.lang.reflect.Constructor@76b54f3a
      resetEnabled = true
      manager = class com.ibm.ws.kernel.boot.logging.WsLogManager@409d9d77
      props = class java.util.Properties@762491b9
      defaultLevel = class java.util.logging.Level@1afa3ba0
      listenerMap = class java.util.HashMap@13b315b9
      systemContext = class java.util.logging.LogManager$SystemLoggerContext@4f23546a
      userContext = class java.util.logging.LogManager$LoggerContext@71bc31f4
      rootLogger = class java.util.logging.LogManager$RootLogger@23c7cf23
      readPrimordialConfiguration = true
      initializedGlobalHandlers = true
      deathImminent = false
      initializedCalled = true
      initializationDone = true
      contextsMap = null
      loggerRefQueue = class java.lang.ref.ReferenceQueue@28d2183f
      MAX_ITERATIONS = 400
      controlPermission = class java.util.logging.LoggingPermission@7d87894b
      loggingMXBean = null
      LOGGING_MXBEAN_NAME = "java.util.logging:type=Logging"
      $assertionsDisabled = true
    name = "com.ibm.ws.microprofile.health.services.impl.HealthExecutorImpl"
    handlers = class java.util.concurrent.CopyOnWriteArrayList@637a288
      serialVersionUID = 8673264195747942595
      lock = class java.util.concurrent.locks.ReentrantLock@9a0b88e
      array = class java.lang.Object[0]
      UNSAFE = class sun.misc.Unsafe@23c565ef
      lockOffset = 12
    loggerBundle = class java.util.logging.Logger$LoggerBundle@38f463aa
      resourceBundleName = "com.ibm.ws.microprofile.health.resources.Health"
      userBundle = null
    useParentHandlers = true
    filter = null
    anonymous = false
    catalog = class com.ibm.ws.microprofile.health.resources.Health@7b62c4e6
      resources = class [Ljava.lang.Object;[4]
      serialVersionUID = 3302440755117670651
      $$$tc$$$ = class com.ibm.websphere.ras.TraceComponent@4994536c
      lookup = null
      INITIAL_CACHE_SIZE = 32
      NONEXISTENT_BUNDLE = class java.util.ResourceBundle$1@1eb72d82
      cacheList = class java.util.concurrent.ConcurrentHashMap@75886a7
      referenceQueue = class java.lang.ref.ReferenceQueue@13485afd
      parent = null
      locale = class java.util.Locale@c32eb62
      name = "com.ibm.ws.microprofile.health.resources.Health"
      expired = false
      cacheKey = class java.util.ResourceBundle$CacheKey@2bce0c5b
      keySet = null
      providers = null
      $assertionsDisabled = true
    catalogName = "com.ibm.ws.microprofile.health.resources.Health"
    catalogLocale = class java.util.Locale@57b898d8
      LOCALECACHE = class java.util.Locale$Cache@70019a76
      ENGLISH = class java.util.Locale@5f6bd44a
      FRENCH = class java.util.Locale@6fa34723
      GERMAN = class java.util.Locale@eb88192
      ITALIAN = class java.util.Locale@72167819
      JAPANESE = class java.util.Locale@735e3b95
      KOREAN = class java.util.Locale@631e082
      CHINESE = class java.util.Locale@4c4f45c7
      SIMPLIFIED_CHINESE = class java.util.Locale@d583ae7
      TRADITIONAL_CHINESE = class java.util.Locale@fd82a4a
      FRANCE = class java.util.Locale@664eec3
      GERMANY = class java.util.Locale@30b3e2b5
      ITALY = class java.util.Locale@7cf06946
      JAPAN = class java.util.Locale@32b486e8
      KOREA = class java.util.Locale@1307648b
      CHINA = class java.util.Locale@d583ae7
      PRC = class java.util.Locale@d583ae7
      TAIWAN = class java.util.Locale@fd82a4a
      UK = class java.util.Locale@3c0e9a14
      US = class java.util.Locale@57b898d8
      CANADA = class java.util.Locale@43cb7e8a
      CANADA_FRENCH = class java.util.Locale@55de33dd
      ROOT = class java.util.Locale@c32eb62
      PRIVATE_USE_EXTENSION = x
      UNICODE_LOCALE_EXTENSION = u
      serialVersionUID = 9149081749638150636
      DISPLAY_LANGUAGE = 0
      DISPLAY_COUNTRY = 1
      DISPLAY_VARIANT = 2
      DISPLAY_SCRIPT = 3
      baseLocale = class sun.util.locale.BaseLocale@7d5536d1
      localeExtensions = null
      hashCodeValue = 96636889
      defaultLocale = class java.util.Locale@57b898d8
      defaultDisplayLocale = null
      defaultFormatLocale = class java.util.Locale@57b898d8
      languageTag = "en-US"
      serialPersistentFields = class java.io.ObjectStreamField[6]
      isoLanguages = null
      isoCountries = null
      $assertionsDisabled = true
    treeLock = class java.lang.Object@6ca04345
    parent = class java.util.logging.Logger@77d28448
      emptyHandlers = class java.util.logging.Handler[0]
      offValue = 2147483647
      SYSTEM_LOGGER_RB_NAME = "sun.util.logging.resources.logging"
      SYSTEM_BUNDLE = class java.util.logging.Logger$LoggerBundle@411fec48
      NO_RESOURCE_BUNDLE = class java.util.logging.Logger$LoggerBundle@21bc4d27
      manager = class com.ibm.ws.kernel.boot.logging.WsLogManager@409d9d77
      name = ""
      handlers = class java.util.concurrent.CopyOnWriteArrayList@6866f9fc
      loggerBundle = class java.util.logging.Logger$LoggerBundle@21bc4d27
      useParentHandlers = true
      filter = null
      anonymous = false
      catalog = null
      catalogName = null
      catalogLocale = null
      treeLock = class java.lang.Object@6ca04345
      parent = null
      kids = class java.util.ArrayList@163fa816
      levelObject = null
      levelValue = 800
      callersClassLoaderRef = null
      isSystemLogger = false
      GLOBAL_LOGGER_NAME = "global"
      global = class java.util.logging.Logger@67c3ce63
      $assertionsDisabled = true
    kids = null
    levelObject = class java.util.logging.Level@1afa3ba0
      defaultBundle = "sun.util.logging.resources.logging"
      name = "INFO"
      value = 800
      resourceBundleName = "sun.util.logging.resources.logging"
      localizedLevelName = "INFO"
      cachedLocale = class java.util.Locale@57b898d8
      OFF = class java.util.logging.Level@17b2d889
      SEVERE = class java.util.logging.Level@48c47a9a
      WARNING = class java.util.logging.Level@2350148c
      INFO = class java.util.logging.Level@1afa3ba0
      CONFIG = class java.util.logging.Level@7a411be
      FINE = class java.util.logging.Level@6d3e753
      FINER = class java.util.logging.Level@6da84db9
      FINEST = class java.util.logging.Level@4e7fd0f4
      ALL = class java.util.logging.Level@69f10164
      serialVersionUID = -8176160795706313070
    levelValue = 800
    callersClassLoaderRef = class java.lang.ref.WeakReference@9971e7f
      referent = class org.eclipse.osgi.internal.loader.EquinoxClassLoader@1eacd644
      queue = class java.lang.ref.ReferenceQueue$Null@67505239
      next = null
      discovered = null
      lock = class java.lang.ref.Reference$Lock@583581
      pending = null
    isSystemLogger = false
    GLOBAL_LOGGER_NAME = "global"
    global = class java.util.logging.Logger@67c3ce63
      emptyHandlers = class java.util.logging.Handler[0]
      offValue = 2147483647
      SYSTEM_LOGGER_RB_NAME = "sun.util.logging.resources.logging"
      SYSTEM_BUNDLE = class java.util.logging.Logger$LoggerBundle@411fec48
      NO_RESOURCE_BUNDLE = class java.util.logging.Logger$LoggerBundle@21bc4d27
      manager = class com.ibm.ws.kernel.boot.logging.WsLogManager@409d9d77
      name = "global"
      handlers = class java.util.concurrent.CopyOnWriteArrayList@2de4ca49
      loggerBundle = class java.util.logging.Logger$LoggerBundle@21bc4d27
      useParentHandlers = true
      filter = null
      anonymous = false
      catalog = null
      catalogName = null
      catalogLocale = null
      treeLock = class java.lang.Object@6ca04345
      parent = class java.util.logging.Logger@77d28448
      kids = null
      levelObject = null
      levelValue = 800
      callersClassLoaderRef = null
      isSystemLogger = true
      GLOBAL_LOGGER_NAME = "global"
      global = class java.util.logging.Logger@67c3ce63
      $assertionsDisabled = true
    $assertionsDisabled = true
  MANAGEDTASK_IDENTITY_NAME = "javax.enterprise.concurrent.IDENTITY_NAME"
  HC_MANAGEDTASK_IDENTITY_NAME = "mp.healthcheck.proxy"
  HC_TASK_OWNER = "mp.healthcheck.runtime"
  ONLY_WAR_EJB_NOT_SUPPORTED = null
  serialVersionUID = 5321437450143732744

Dump of objectArray[0]
Object type = java.lang.String
  String value = "microprofile"

Dump of objectArray[1]
Object type = java.lang.String
  String value = "microprofile-1.0-SNAPSHOT.war"

