------Start of DE processing------ = [6/26/18 12:29:27:162 PDT]
Exception = com.ibm.ws.microprofile.health.services.HealthCheckBeanCallException
Source = com.ibm.ws.microprofile.health.services.impl.HealthExecutorImpl
probeid = 74
Stack Dump = com.ibm.ws.microprofile.health.services.HealthCheckBeanCallException: org.jboss.weld.context.ContextNotActiveException: WELD-001303: No active contexts for scope type javax.enterprise.context.RequestScoped
	at com.ibm.ws.microprofile.health.services.impl.HealthCheckCDIBeanInvokerImpl.checkAllBeans(HealthCheckCDIBeanInvokerImpl.java:59)
	at sun.reflect.NativeMethodAccessorImpl.invoke0(Native Method)
	at sun.reflect.NativeMethodAccessorImpl.invoke(NativeMethodAccessorImpl.java:62)
	at sun.reflect.DelegatingMethodAccessorImpl.invoke(DelegatingMethodAccessorImpl.java:43)
	at java.lang.reflect.Method.invoke(Method.java:498)
	at com.ibm.ws.context.service.serializable.ContextualInvocationHandler.invoke(ContextualInvocationHandler.java:76)
	at com.ibm.ws.context.service.serializable.ContextualInvocationHandler.invoke(ContextualInvocationHandler.java:97)
	at com.sun.proxy.$Proxy68.checkAllBeans(Unknown Source)
	at com.ibm.ws.microprofile.health.services.impl.HealthExecutorImpl.runHealthChecks(HealthExecutorImpl.java:73)
	at com.ibm.ws.microprofile.health.internal.HealthCheckServiceImpl.performHealthCheck(HealthCheckServiceImpl.java:107)
	at com.ibm.ws.microprofile.health.internal.servlet.HealthCheckServlet.service(HealthCheckServlet.java:53)
	at javax.servlet.http.HttpServlet.service(HttpServlet.java:790)
	at com.ibm.ws.webcontainer.servlet.ServletWrapper.service(ServletWrapper.java:1255)
	at com.ibm.ws.webcontainer.servlet.ServletWrapper.handleRequest(ServletWrapper.java:743)
	at com.ibm.ws.webcontainer.servlet.ServletWrapper.handleRequest(ServletWrapper.java:440)
	at com.ibm.ws.webcontainer.filter.WebAppFilterChain.invokeTarget(WebAppFilterChain.java:143)
	at com.ibm.ws.webcontainer.filter.WebAppFilterChain.doFilter(WebAppFilterChain.java:89)
	at com.ibm.ws.app.manager.wab.internal.OsgiDirectoryProtectionFilter.doFilter(OsgiDirectoryProtectionFilter.java:90)
	at com.ibm.ws.webcontainer.filter.FilterInstanceWrapper.doFilter(FilterInstanceWrapper.java:201)
	at com.ibm.ws.webcontainer.filter.WebAppFilterChain.doFilter(WebAppFilterChain.java:86)
	at com.ibm.ws.webcontainer.filter.WebAppFilterManager.doFilter(WebAppFilterManager.java:995)
	at com.ibm.ws.webcontainer.filter.WebAppFilterManager.invokeFilters(WebAppFilterManager.java:1124)
	at com.ibm.ws.webcontainer.webapp.WebApp.handleRequest(WebApp.java:4962)
	at com.ibm.ws.webcontainer.osgi.DynamicVirtualHost$2.handleRequest(DynamicVirtualHost.java:314)
	at com.ibm.ws.webcontainer.WebContainer.handleRequest(WebContainer.java:995)
	at com.ibm.ws.webcontainer.osgi.DynamicVirtualHost$2.run(DynamicVirtualHost.java:279)
	at com.ibm.ws.http.dispatcher.internal.channel.HttpDispatcherLink$TaskWrapper.run(HttpDispatcherLink.java:957)
	at com.ibm.ws.http.dispatcher.internal.channel.HttpDispatcherLink.wrapHandlerAndExecute(HttpDispatcherLink.java:357)
	at com.ibm.ws.http.dispatcher.internal.channel.HttpDispatcherLink.ready(HttpDispatcherLink.java:316)
	at com.ibm.ws.http.channel.internal.inbound.HttpInboundLink.handleDiscrimination(HttpInboundLink.java:499)
	at com.ibm.ws.http.channel.internal.inbound.HttpInboundLink.handleNewRequest(HttpInboundLink.java:433)
	at com.ibm.ws.http.channel.internal.inbound.HttpInboundLink.processRequest(HttpInboundLink.java:313)
	at com.ibm.ws.http.channel.internal.inbound.HttpInboundLink.ready(HttpInboundLink.java:284)
	at com.ibm.ws.tcpchannel.internal.NewConnectionInitialReadCallback.sendToDiscriminators(NewConnectionInitialReadCallback.java:165)
	at com.ibm.ws.tcpchannel.internal.NewConnectionInitialReadCallback.complete(NewConnectionInitialReadCallback.java:74)
	at com.ibm.ws.tcpchannel.internal.WorkQueueManager.requestComplete(WorkQueueManager.java:501)
	at com.ibm.ws.tcpchannel.internal.WorkQueueManager.attemptIO(WorkQueueManager.java:571)
	at com.ibm.ws.tcpchannel.internal.WorkQueueManager.workerRun(WorkQueueManager.java:926)
	at com.ibm.ws.tcpchannel.internal.WorkQueueManager$Worker.run(WorkQueueManager.java:1015)
	at java.util.concurrent.ThreadPoolExecutor.runWorker(ThreadPoolExecutor.java:1149)
	at java.util.concurrent.ThreadPoolExecutor$Worker.run(ThreadPoolExecutor.java:624)
	at java.lang.Thread.run(Thread.java:748)
Caused by: org.jboss.weld.context.ContextNotActiveException: WELD-001303: No active contexts for scope type javax.enterprise.context.RequestScoped
	at org.jboss.weld.manager.BeanManagerImpl.getContext(BeanManagerImpl.java:732)
	at org.jboss.weld.bean.ContextualInstanceStrategy$DefaultContextualInstanceStrategy.getIfExists(ContextualInstanceStrategy.java:89)
	at org.jboss.weld.bean.ContextualInstanceStrategy$CachingContextualInstanceStrategy.getIfExists(ContextualInstanceStrategy.java:164)
	at org.jboss.weld.bean.ContextualInstance.getIfExists(ContextualInstance.java:63)
	at org.jboss.weld.bean.proxy.ContextBeanInstance.getInstance(ContextBeanInstance.java:83)
	at org.jboss.weld.bean.proxy.ProxyMethodHandler.getInstance(ProxyMethodHandler.java:125)
	at application.microprofile.web.BookEndpointConfig$Proxy$_$$_WeldClientProxy.isInMaintenance(Unknown Source)
	at application.microprofile.HealthEndpoint.isHealthy(HealthEndpoint.java:36)
	at application.microprofile.HealthEndpoint.call(HealthEndpoint.java:55)
	at application.microprofile.HealthEndpoint$Proxy$_$$_WeldClientProxy.call(Unknown Source)
	at com.ibm.ws.microprofile.health.services.impl.HealthCheckCDIBeanInvokerImpl.checkAllBeans(HealthCheckCDIBeanInvokerImpl.java:57)
	... 41 more

Dump of callerThis
Object type = com.ibm.ws.microprofile.health.services.impl.HealthExecutorImpl
  appModuleContextService = class com.ibm.ws.microprofile.health.services.impl.AppModuleContextService@22eeb350
    metaDataIdentifierService = class com.ibm.ws.container.service.metadata.internal.MetaDataServiceImpl@3f725dff
      applicationMetaDataManager = class com.ibm.ws.container.service.metadata.internal.ApplicationMetaDataManager@62ce77fe
      moduleMetaDataManager = class com.ibm.ws.container.service.metadata.internal.ModuleMetaDataManager@256a0b4e
      componentMetaDataManager = class com.ibm.ws.container.service.metadata.internal.ComponentMetaDataManager@2880eba8
      methodMetaDataManager = class com.ibm.ws.container.service.metadata.internal.MethodMetaDataManager@6fe3cb27
      appModuleNameToModuleContainer = class java.util.concurrent.ConcurrentHashMap@7e0320a2
      jeeNameToComponentMetaData = class java.util.concurrent.ConcurrentHashMap@bc66457
      deferredMetaDataFactories = class com.ibm.wsspi.kernel.service.utils.ConcurrentServiceReferenceSet@2434032c
      deferredMetaDataInitializers = class com.ibm.wsspi.kernel.service.utils.ConcurrentServiceReferenceMap@557f5e7e
      serialVersionUID = -2494605732980966097
      $$$tc$$$ = class com.ibm.websphere.ras.TraceComponent@63784680
    classLoaderIdentifierService = class com.ibm.ws.classloading.internal.ClassLoadingServiceImpl@70a28dbd
      tc = class com.ibm.websphere.ras.TraceComponent@66ba9812
      leakDetectionMap = class java.util.HashMap@39831c8a
      TCCL_LOCK_WAIT = 15000
      REFERENCE_GENERATORS = "generators"
      bundleContext = class org.eclipse.osgi.internal.framework.BundleContextImpl@6ebd3eb3
      aclStore = class com.ibm.ws.classloading.internal.util.CanonicalStore@52d5135c
      tcclStore = class com.ibm.ws.classloading.internal.util.CanonicalStore@1c4cb7a5
      tcclStoreLock = class java.util.concurrent.locks.ReentrantLock@35c1fbe2
      digraph = class org.eclipse.equinox.internal.region.StandardRegionDigraph@1487c69c
      redefiner = class com.ibm.ws.classloading.internal.util.ClassRedefiner@6eb268a3
      listener = class com.ibm.ws.classloading.internal.ClassLoadingServiceImpl$1@173a1b4f
      classloaders = class java.util.Collections$SynchronizedMap@2d9efca1
      resourceProviders = class com.ibm.ws.classloading.internal.CompositeResourceProvider@7876ca8
      rememberedBundles = class java.util.concurrent.ConcurrentHashMap@7a0dfb8b
      collectedBundles = class java.lang.ref.ReferenceQueue@3daa67e6
      generatorRefs = class com.ibm.wsspi.kernel.service.utils.ConcurrentServiceReferenceSet@670bff06
      generatorManager = class com.ibm.ws.classloading.internal.ClassGeneratorManager@5b553d63
      appExtLibs = class java.util.concurrent.CopyOnWriteArrayList@4e115421
      metaInfServicesProviders = class java.util.concurrent.ConcurrentHashMap@206a9f52
      metaInfServicesRefs = class com.ibm.wsspi.kernel.service.utils.ConcurrentServiceReferenceMap@18a1b796
      protectionDomainMap = class java.util.HashMap@6a6d3fc4
      metadataIdentifierService = class com.ibm.ws.container.service.metadata.internal.MetaDataServiceImpl@3f725dff
      serialVersionUID = 3750725462702355330
    contextService = class com.ibm.ws.context.service.serializable.ThreadContextManager@1cc4ceee
      COMPONENT_NAME = "component.name"
      alwaysEnabled = class java.util.Collections$SetFromMap@6f978473
      metadataIdentifierService = class com.ibm.ws.container.service.metadata.internal.MetaDataServiceImpl@3f725dff
      threadContextProviders = class com.ibm.wsspi.kernel.service.utils.ConcurrentServiceReferenceMap@8e4b58f
      serialVersionUID = 3513608484245697656
      $$$tc$$$ = class com.ibm.websphere.ras.TraceComponent@4b57d4c3
    jeeMetaDataContextProvider = class com.ibm.ws.javaee.metadata.context.internal.JEEMetadataContextProviderImpl@6a44a785
      componentMetadataDecoratorRefs = class com.ibm.wsspi.kernel.service.utils.ConcurrentServiceReferenceMap@7d10647c
      metadataIdentifierService = class com.ibm.ws.container.service.metadata.internal.MetaDataServiceImpl@3f725dff
      serialVersionUID = -2732463529342838032
      $$$tc$$$ = class com.ibm.websphere.ras.TraceComponent@1953b3c
    classLoaderContextProvider = class com.ibm.ws.classloader.context.internal.ClassloaderContextProviderImpl@459dd5c8
      classLoaderIdentifierService = class com.ibm.ws.classloading.internal.ClassLoadingServiceImpl@70a28dbd
      serialVersionUID = 8831900865066815314
      $$$tc$$$ = class com.ibm.websphere.ras.TraceComponent@4fa4daa
    CapturedContexts = interface java.util.Map[3]
      Map[0] = class java.util.Collections$SingletonMap@4f32ac9c
      Map[1] = class java.util.Collections$SingletonMap@40f35834
      Map[2] = class java.util.Collections$SingletonMap@6bec3688
    serialVersionUID = -3466757775991707204
    $$$tc$$$ = class com.ibm.websphere.ras.TraceComponent@4cea8b37
      strings[0] = "TraceComponent[com.ibm.ws.microprofile.health.services.impl.AppModuleContextService,class com.ibm.ws.microprofile.health.services.impl.AppModuleContextService,[HEALTH],com.ibm.ws.microprofile.health.resources.Health,null]"
  healthCheckCDIBeanInvoker = class com.ibm.ws.microprofile.health.services.impl.HealthCheckCDIBeanInvokerImpl@7a8567ed
    tc = class com.ibm.ejs.ras.TraceComponent@4d808e12
      strings[0] = "TraceComponent[com.ibm.ws.microprofile.health.services.impl.HealthCheckCDIBeanInvokerImpl,class com.ibm.ws.microprofile.health.services.impl.HealthCheckCDIBeanInvokerImpl,[],null,null]"
    serialVersionUID = -6904456700224442077
  j2eeNameFactory = class com.ibm.ws.container.service.metadata.internal.J2EENameFactoryImpl@616b8bcc
    serialVersionUID = 3486344295038028821
    $$$tc$$$ = class com.ibm.websphere.ras.TraceComponent@489d51ba
      strings[0] = "TraceComponent[com.ibm.ws.container.service.metadata.internal.J2EENameFactoryImpl,class com.ibm.ws.container.service.metadata.internal.J2EENameFactoryImpl,[Runtime],,null]"
  logger = class com.ibm.ws.logging.internal.WsLogger@473e9dab
    tc = class com.ibm.websphere.ras.TraceComponent@3f7c9382
      strings[0] = "TraceComponent[com.ibm.ws.logging.internal.WsLogger,class com.ibm.ws.logging.internal.WsLogger,[logging],com.ibm.ws.logging.internal.resources.LoggingMessages,null]"
    ivCachedResourceBundleName = null
    ivCachedResourceBundle = null
    ivComponent = null
    ivOrganization = null
    ivProduct = null
    ivMinimumLocalizationLevelIntValue = 625
    ivTC = class com.ibm.websphere.ras.TraceComponent@411bd433
      strings[0] = "TraceComponent[com.ibm.ws.microprofile.health.services.impl.HealthExecutorImpl,class com.ibm.ws.microprofile.health.services.impl.HealthExecutorImpl,[com.ibm.ws.microprofile.health.services.impl.HealthExecutorImpl],null,null]"
    loggerRegistrationComponent = class java.lang.ThreadLocal@177bf258
      threadLocalHashCode = -978983473
      nextHashCode = class java.util.concurrent.atomic.AtomicInteger@4ff555b4
      HASH_INCREMENT = 1640531527
    emptyHandlers = class java.util.logging.Handler[0]
    offValue = 2147483647
    SYSTEM_LOGGER_RB_NAME = "sun.util.logging.resources.logging"
    SYSTEM_BUNDLE = class java.util.logging.Logger$LoggerBundle@19132da0
      resourceBundleName = "sun.util.logging.resources.logging"
      userBundle = null
    NO_RESOURCE_BUNDLE = class java.util.logging.Logger$LoggerBundle@1ca7a21f
      resourceBundleName = null
      userBundle = null
    manager = class com.ibm.ws.kernel.boot.logging.WsLogManager@54066ae1
      CLASS_NAME = "com.ibm.ws.kernel.boot.logging.WsLogManager"
      CONFIGURE_BY_SERVER_PROPERTY_NAME = "java.util.logging.configureByServer"
      CONFIGURE_BY_LOGGING_PROPERTIES_FILE = "java.util.logging.configureByLoggingPropertiesFile"
      configureByServer = true
      configureByLoggingProperties = false
      wsLogger = class java.lang.reflect.Constructor@2c6bc997
      resetEnabled = true
      manager = class com.ibm.ws.kernel.boot.logging.WsLogManager@54066ae1
      props = class java.util.Properties@7938b8a5
      defaultLevel = class java.util.logging.Level@46681b41
      listenerMap = class java.util.HashMap@1bbb9e4b
      systemContext = class java.util.logging.LogManager$SystemLoggerContext@69eecbda
      userContext = class java.util.logging.LogManager$LoggerContext@5dec4625
      rootLogger = class java.util.logging.LogManager$RootLogger@612d20ad
      readPrimordialConfiguration = true
      initializedGlobalHandlers = true
      deathImminent = false
      initializedCalled = true
      initializationDone = true
      contextsMap = null
      loggerRefQueue = class java.lang.ref.ReferenceQueue@26a3a305
      MAX_ITERATIONS = 400
      controlPermission = class java.util.logging.LoggingPermission@390c1c10
      loggingMXBean = null
      LOGGING_MXBEAN_NAME = "java.util.logging:type=Logging"
      $assertionsDisabled = true
    name = "com.ibm.ws.microprofile.health.services.impl.HealthExecutorImpl"
    handlers = class java.util.concurrent.CopyOnWriteArrayList@67b2c94f
      serialVersionUID = 8673264195747942595
      lock = class java.util.concurrent.locks.ReentrantLock@779434f8
      array = class java.lang.Object[0]
      UNSAFE = class sun.misc.Unsafe@72260882
      lockOffset = 12
    loggerBundle = class java.util.logging.Logger$LoggerBundle@674c9634
      resourceBundleName = "com.ibm.ws.microprofile.health.resources.Health"
      userBundle = null
    useParentHandlers = true
    filter = null
    anonymous = false
    catalog = class com.ibm.ws.microprofile.health.resources.Health@465a6798
      resources = class [Ljava.lang.Object;[4]
      serialVersionUID = 3302440755117670651
      $$$tc$$$ = class com.ibm.websphere.ras.TraceComponent@22d9d000
      lookup = null
      INITIAL_CACHE_SIZE = 32
      NONEXISTENT_BUNDLE = class java.util.ResourceBundle$1@69cde7d
      cacheList = class java.util.concurrent.ConcurrentHashMap@78517956
      referenceQueue = class java.lang.ref.ReferenceQueue@559495e6
      parent = null
      locale = class java.util.Locale@41b02a86
      name = "com.ibm.ws.microprofile.health.resources.Health"
      expired = false
      cacheKey = class java.util.ResourceBundle$CacheKey@21bf6bfb
      keySet = null
      providers = null
      $assertionsDisabled = true
    catalogName = "com.ibm.ws.microprofile.health.resources.Health"
    catalogLocale = class java.util.Locale@21ec5cd0
      LOCALECACHE = class java.util.Locale$Cache@668751b5
      ENGLISH = class java.util.Locale@3cef87a9
      FRENCH = class java.util.Locale@36bdbeca
      GERMAN = class java.util.Locale@50373815
      ITALIAN = class java.util.Locale@ce1c15f
      JAPANESE = class java.util.Locale@4cf3cda5
      KOREAN = class java.util.Locale@17e3611f
      CHINESE = class java.util.Locale@7efd0466
      SIMPLIFIED_CHINESE = class java.util.Locale@7c94c9df
      TRADITIONAL_CHINESE = class java.util.Locale@2ed8bd0d
      FRANCE = class java.util.Locale@223fda50
      GERMANY = class java.util.Locale@34f72445
      ITALY = class java.util.Locale@6ef7d935
      JAPAN = class java.util.Locale@5ac3133
      KOREA = class java.util.Locale@591d868c
      CHINA = class java.util.Locale@7c94c9df
      PRC = class java.util.Locale@7c94c9df
      TAIWAN = class java.util.Locale@2ed8bd0d
      UK = class java.util.Locale@54c554e6
      US = class java.util.Locale@21ec5cd0
      CANADA = class java.util.Locale@42b113a
      CANADA_FRENCH = class java.util.Locale@606a8d25
      ROOT = class java.util.Locale@41b02a86
      PRIVATE_USE_EXTENSION = x
      UNICODE_LOCALE_EXTENSION = u
      serialVersionUID = 9149081749638150636
      DISPLAY_LANGUAGE = 0
      DISPLAY_COUNTRY = 1
      DISPLAY_VARIANT = 2
      DISPLAY_SCRIPT = 3
      baseLocale = class sun.util.locale.BaseLocale@55f65e42
      localeExtensions = null
      hashCodeValue = 96636889
      defaultLocale = class java.util.Locale@21ec5cd0
      defaultDisplayLocale = null
      defaultFormatLocale = class java.util.Locale@21ec5cd0
      languageTag = "en-US"
      serialPersistentFields = class java.io.ObjectStreamField[6]
      isoLanguages = null
      isoCountries = null
      $assertionsDisabled = true
    treeLock = class java.lang.Object@50e50113
    parent = class java.util.logging.Logger@539bc00d
      emptyHandlers = class java.util.logging.Handler[0]
      offValue = 2147483647
      SYSTEM_LOGGER_RB_NAME = "sun.util.logging.resources.logging"
      SYSTEM_BUNDLE = class java.util.logging.Logger$LoggerBundle@19132da0
      NO_RESOURCE_BUNDLE = class java.util.logging.Logger$LoggerBundle@1ca7a21f
      manager = class com.ibm.ws.kernel.boot.logging.WsLogManager@54066ae1
      name = ""
      handlers = class java.util.concurrent.CopyOnWriteArrayList@239db94a
      loggerBundle = class java.util.logging.Logger$LoggerBundle@1ca7a21f
      useParentHandlers = true
      filter = null
      anonymous = false
      catalog = null
      catalogName = null
      catalogLocale = null
      treeLock = class java.lang.Object@50e50113
      parent = null
      kids = class java.util.ArrayList@633943a5
      levelObject = null
      levelValue = 800
      callersClassLoaderRef = null
      isSystemLogger = false
      GLOBAL_LOGGER_NAME = "global"
      global = class java.util.logging.Logger@7d34a1be
      $assertionsDisabled = true
    kids = null
    levelObject = class java.util.logging.Level@46681b41
      defaultBundle = "sun.util.logging.resources.logging"
      name = "INFO"
      value = 800
      resourceBundleName = "sun.util.logging.resources.logging"
      localizedLevelName = "INFO"
      cachedLocale = class java.util.Locale@21ec5cd0
      OFF = class java.util.logging.Level@ecec842
      SEVERE = class java.util.logging.Level@35cee915
      WARNING = class java.util.logging.Level@6cfb9f20
      INFO = class java.util.logging.Level@46681b41
      CONFIG = class java.util.logging.Level@1f25c7ad
      FINE = class java.util.logging.Level@675190d3
      FINER = class java.util.logging.Level@25954b6d
      FINEST = class java.util.logging.Level@15a7c260
      ALL = class java.util.logging.Level@248e67d6
      serialVersionUID = -8176160795706313070
    levelValue = 800
    callersClassLoaderRef = class java.lang.ref.WeakReference@5a1c580
      referent = class org.eclipse.osgi.internal.loader.EquinoxClassLoader@1ffb51a0
      queue = class java.lang.ref.ReferenceQueue$Null@587d0c27
      next = null
      discovered = null
      lock = class java.lang.ref.Reference$Lock@37e20c27
      pending = null
    isSystemLogger = false
    GLOBAL_LOGGER_NAME = "global"
    global = class java.util.logging.Logger@7d34a1be
      emptyHandlers = class java.util.logging.Handler[0]
      offValue = 2147483647
      SYSTEM_LOGGER_RB_NAME = "sun.util.logging.resources.logging"
      SYSTEM_BUNDLE = class java.util.logging.Logger$LoggerBundle@19132da0
      NO_RESOURCE_BUNDLE = class java.util.logging.Logger$LoggerBundle@1ca7a21f
      manager = class com.ibm.ws.kernel.boot.logging.WsLogManager@54066ae1
      name = "global"
      handlers = class java.util.concurrent.CopyOnWriteArrayList@52d72d53
      loggerBundle = class java.util.logging.Logger$LoggerBundle@1ca7a21f
      useParentHandlers = true
      filter = null
      anonymous = false
      catalog = null
      catalogName = null
      catalogLocale = null
      treeLock = class java.lang.Object@50e50113
      parent = class java.util.logging.Logger@539bc00d
      kids = null
      levelObject = null
      levelValue = 800
      callersClassLoaderRef = null
      isSystemLogger = true
      GLOBAL_LOGGER_NAME = "global"
      global = class java.util.logging.Logger@7d34a1be
      $assertionsDisabled = true
    $assertionsDisabled = true
  MANAGEDTASK_IDENTITY_NAME = "javax.enterprise.concurrent.IDENTITY_NAME"
  HC_MANAGEDTASK_IDENTITY_NAME = "mp.healthcheck.proxy"
  HC_TASK_OWNER = "mp.healthcheck.runtime"
  ONLY_WAR_EJB_NOT_SUPPORTED = null
  serialVersionUID = 5321437450143732744

Dump of objectArray[0]
Object type = java.lang.String
  String value = "microprofile"

Dump of objectArray[1]
Object type = java.lang.String
  String value = "microprofile-1.0-SNAPSHOT.war"

