------Start of DE processing------ = [5/24/18 14:09:15:502 PDT]
Exception = com.ibm.ws.webcontainer.exception.WebAppNotLoadedException
Source = com.ibm.ws.webcontainer.Webcontainer
probeid = 732
Stack Dump = com.ibm.ws.webcontainer.exception.WebAppNotLoadedException: Failed to load webapp: Context root /microprofile/* is already bound. Cannot start application microprofile-1.0-SNAPSHOT
	at com.ibm.ws.webcontainer.osgi.DynamicVirtualHost.addWebApplication(DynamicVirtualHost.java:128)
	at com.ibm.ws.webcontainer.WebContainer.addWebApp(WebContainer.java:541)
	at com.ibm.ws.webcontainer.WebContainer.addWebApplication(WebContainer.java:496)
	at com.ibm.ws.webcontainer.osgi.WebContainer.startModule(WebContainer.java:931)
	at com.ibm.ws.app.manager.module.internal.ModuleHandlerBase.deployModule(ModuleHandlerBase.java:99)
	at com.ibm.ws.app.manager.module.internal.DeployedModuleInfoImpl.installModule(DeployedModuleInfoImpl.java:49)
	at com.ibm.ws.app.manager.module.internal.DeployedAppInfoBase.deployModules(DeployedAppInfoBase.java:426)
	at com.ibm.ws.app.manager.module.internal.DeployedAppInfoBase.deployApp(DeployedAppInfoBase.java:412)
	at com.ibm.ws.app.manager.war.internal.WARApplicationHandlerImpl.install(WARApplicationHandlerImpl.java:65)
	at com.ibm.ws.app.manager.internal.statemachine.StartAction.execute(StartAction.java:140)
	at com.ibm.ws.app.manager.internal.statemachine.ApplicationStateMachineImpl.enterState(ApplicationStateMachineImpl.java:1258)
	at com.ibm.ws.app.manager.internal.statemachine.ApplicationStateMachineImpl.run(ApplicationStateMachineImpl.java:873)
	at java.util.concurrent.ThreadPoolExecutor.runWorker(ThreadPoolExecutor.java:1149)
	at java.util.concurrent.ThreadPoolExecutor$Worker.run(ThreadPoolExecutor.java:624)
	at java.lang.Thread.run(Thread.java:748)

Dump of callerThis
Object type = com.ibm.ws.webcontainer.osgi.WebContainer
  tc = class com.ibm.websphere.ras.TraceComponent@101ab7e6
    strings[0] = "TraceComponent[com.ibm.ws.webcontainer.osgi.WebContainer,class com.ibm.ws.webcontainer.osgi.WebContainer,[webcontainer],com.ibm.ws.webcontainer.resources.LShimMessages,null]"
  CLASS_NAME = "com.ibm.ws.webcontainer.osgi.WebContainer"
  initialized = true
  eventService = class com.ibm.ws.event.internal.EventEngineImpl@4652b5fe
    tc = class com.ibm.websphere.ras.TraceComponent@2f51dd49
      strings[0] = "TraceComponent[com.ibm.ws.event.internal.EventEngineImpl,class com.ibm.ws.event.internal.EventEngineImpl,[EventEngine],,null]"
    OSGI_EVENT_HANDLER_REFERENCE_NAME = "OsgiEventHandler"
    WS_EVENT_HANDLER_REFERENCE_NAME = "WsEventHandler"
    CFG_KEY_REENTRANT_HANDLER_DEFAULT = "reentrant.handler.default"
    CFG_KEY_STAGE_PREFIX = "stage.topics."
    topicCache = class com.ibm.ws.event.internal.TopicBasedCache@58c8c93c
      serialVersionUID = -1668099068630434622
      DEFAULT_STAGE_NAME = "Events"
      serviceReferenceMap = class java.util.HashMap@70e34979
      discreteEventHandlers = class java.util.HashMap@50f7bedd
      wildcardEventHandlers = class java.util.HashMap@7209f468
      discreteStageTopics = class java.util.HashMap@2a4ca86c
      wildcardStageTopics = class java.util.HashMap@408e94dd
      topicDataCache = class java.util.concurrent.ConcurrentHashMap@2de2db47
      eventEngine = class com.ibm.ws.event.internal.EventEngineImpl@4652b5fe
      $$$tc$$$ = class com.ibm.websphere.ras.TraceComponent@106a4c17
    componentContext = class org.apache.felix.scr.impl.manager.ComponentContextImpl@17e731cd
      m_componentManager = class org.apache.felix.scr.impl.manager.SingleComponentManager@8afdb99
      edgeInfos = class org.apache.felix.scr.impl.manager.EdgeInfo[4]
      m_componentInstance = class org.apache.felix.scr.impl.manager.ComponentContextImpl$ComponentInstanceImpl@1bed965a
      m_usingBundle = class org.eclipse.osgi.internal.framework.EquinoxBundle@777c6437
      m_serviceRegistration = class org.eclipse.osgi.internal.serviceregistry.ServiceRegistrationImpl@f5d467
      m_implementationObject = class com.ibm.ws.event.internal.EventEngineImpl@4652b5fe
      m_implementationAccessible = true
      accessibleLatch = class java.util.concurrent.CountDownLatch@2c87c52
      serviceObjectsHelper = class org.apache.felix.scr.impl.helper.ComponentServiceObjectsHelper@744d0c81
    bundleContext = class org.eclipse.osgi.internal.framework.BundleContextImpl@1de20aac
      findHookName = "org.osgi.framework.hooks.bundle.FindHook"
      valid = true
      bundle = class org.eclipse.osgi.internal.framework.EquinoxBundle@777c6437
      container = class org.eclipse.osgi.internal.framework.EquinoxContainer@6d418dd
      debug = class org.eclipse.osgi.internal.debug.Debug@2134c7e6
      servicesInUse = class java.util.HashMap@6648b908
      activator = null
      contextLock = class java.lang.Object@6f75cef9
    logService = class com.ibm.ws.logging.internal.osgi.TrLogServiceImpl@4f35cc69
      LOG_EVENT = -5
      publishEvents = false
      publishDebugEvents = false
      logImpl = class com.ibm.ws.logging.internal.osgi.TrLogImpl@dae9372
      bundle = class org.eclipse.osgi.internal.framework.EquinoxBundle@777c6437
      ffdcMe = "com.ibm.ws.event-1.0.19.201712061531"
      tc = class com.ibm.ws.logging.internal.osgi.TrLogServiceImpl$OSGiTraceComponent@466ceab0
    frameworkEventAdapter = class com.ibm.ws.event.internal.adapter.FrameworkEventAdapter@67a0d8cc
      FRAMEWORK_EVENT_TOPIC_PREFIX = "org/osgi/framework/FrameworkEvent/"
      eventAdmin = class com.ibm.ws.event.internal.EventEngineImpl@4652b5fe
      serialVersionUID = -1092610607214715909
      $$$tc$$$ = class com.ibm.websphere.ras.TraceComponent@19c76abe
    bundleEventAdapter = class com.ibm.ws.event.internal.adapter.BundleEventAdapter@793f7c2d
      BUNDLE_EVENT_TOPIC_PREFIX = "org/osgi/framework/BundleEvent/"
      eventAdmin = class com.ibm.ws.event.internal.EventEngineImpl@4652b5fe
      serialVersionUID = -818773777250172927
      $$$tc$$$ = class com.ibm.websphere.ras.TraceComponent@7a71fc71
    serviceEventAdapter = class com.ibm.ws.event.internal.adapter.ServiceEventAdapter@57f8439e
      SERVICE_EVENT_TOPIC_PREFIX = "org/osgi/framework/ServiceEvent/"
      eventAdmin = class com.ibm.ws.event.internal.EventEngineImpl@4652b5fe
      serialVersionUID = 408387796793790680
      $$$tc$$$ = class com.ibm.websphere.ras.TraceComponent@58093e26
    executorServiceFactory = class com.ibm.ws.event.internal.WorkStageExecutorServiceFactory@364f8b8c
      executorService = class com.ibm.ws.threading.internal.ExecutorServiceImpl@136c52e1
      serialVersionUID = -89348135483836177
      $$$tc$$$ = class com.ibm.websphere.ras.TraceComponent@6c860f60
    defaultReentrancy = true
    skipSchedule = false
    serialVersionUID = -3714378010555321089
  futureMonitor = class com.ibm.ws.threading.internal.FutureMonitorImpl@65310078
    _monitor = class java.util.concurrent.ConcurrentLinkedQueue@4a1a1f5e
      serialVersionUID = 196745693267521676
      head = class java.util.concurrent.ConcurrentLinkedQueue$Node@43dea68d
      tail = class java.util.concurrent.ConcurrentLinkedQueue$Node@43dea68d
      UNSAFE = class sun.misc.Unsafe@7e02234f
      headOffset = 12
      tailOffset = 16
      MAX_ARRAY_SIZE = 2147483639
    _executor = class com.ibm.ws.threading.internal.ScheduledExecutorImpl@3915e735
    _threadRunning = class java.util.concurrent.atomic.AtomicBoolean@1ead8edb
      serialVersionUID = 4654671469794556979
      unsafe = class sun.misc.Unsafe@7e02234f
      valueOffset = 12
      value = 0
    _thread = class com.ibm.ws.threading.internal.FutureMonitorImpl$1@1fbc4cfe
      this$0 = class com.ibm.ws.threading.internal.FutureMonitorImpl@65310078
      serialVersionUID = 2422512430832938099
      $$$tc$$$ = class com.ibm.websphere.ras.TraceComponent@1c269dc8
    serialVersionUID = 2765238413969174390
    $$$tc$$$ = class com.ibm.websphere.ras.TraceComponent@39f7c4a1
      strings[0] = "TraceComponent[com.ibm.ws.threading.internal.FutureMonitorImpl,class com.ibm.ws.threading.internal.FutureMonitorImpl,[Threading],com.ibm.ws.threading.internal.resources.ThreadingMessages,null]"
  classLoadingSRRef = class com.ibm.wsspi.kernel.service.utils.AtomicServiceReference@1e28f9e6
    referenceName = "classLoadingService"
    tuple = class java.util.concurrent.atomic.AtomicReference@84e5d91
      serialVersionUID = -1848883965231344442
      unsafe = class sun.misc.Unsafe@7e02234f
      valueOffset = 12
      value = class com.ibm.wsspi.kernel.service.utils.AtomicServiceReference$ReferenceTuple@47aafe44
    serialVersionUID = 2226592364007985000
    $$$tc$$$ = class com.ibm.websphere.ras.TraceComponent@61a5174f
  sessionHelperSRRef = class com.ibm.wsspi.kernel.service.utils.AtomicServiceReference@7ab7f9a3
    referenceName = "sessionHelper"
    tuple = class java.util.concurrent.atomic.AtomicReference@3cc7675d
      serialVersionUID = -1848883965231344442
      unsafe = class sun.misc.Unsafe@7e02234f
      valueOffset = 12
      value = class com.ibm.wsspi.kernel.service.utils.AtomicServiceReference$ReferenceTuple@489172e3
    serialVersionUID = 2226592364007985000
    $$$tc$$$ = class com.ibm.websphere.ras.TraceComponent@61a5174f
  cacheManagerSRRef = class com.ibm.wsspi.kernel.service.utils.AtomicServiceReference@29195e4e
    referenceName = "cacheManager"
    tuple = class java.util.concurrent.atomic.AtomicReference@7a8d0081
      serialVersionUID = -1848883965231344442
      unsafe = class sun.misc.Unsafe@7e02234f
      valueOffset = 12
      value = class com.ibm.wsspi.kernel.service.utils.AtomicServiceReference$ReferenceTuple@68757783
    serialVersionUID = 2226592364007985000
    $$$tc$$$ = class com.ibm.websphere.ras.TraceComponent@61a5174f
  injectionEngineSRRef = class com.ibm.wsspi.kernel.service.utils.AtomicServiceReference@44c6b9d5
    referenceName = "injectionEngine"
    tuple = class java.util.concurrent.atomic.AtomicReference@690821a0
      serialVersionUID = -1848883965231344442
      unsafe = class sun.misc.Unsafe@7e02234f
      valueOffset = 12
      value = class com.ibm.wsspi.kernel.service.utils.AtomicServiceReference$ReferenceTuple@72648d57
    serialVersionUID = 2226592364007985000
    $$$tc$$$ = class com.ibm.websphere.ras.TraceComponent@61a5174f
      strings[0] = "TraceComponent[com.ibm.wsspi.kernel.service.utils.AtomicServiceReference,class com.ibm.wsspi.kernel.service.utils.AtomicServiceReference,[kernelUtils],com.ibm.ws.kernel.service.utils.resources.ServiceMessages,null]"
  managedObjectServiceSRRef = class com.ibm.wsspi.kernel.service.utils.AtomicServiceReference@1df89f62
    referenceName = "managedObjectService"
    tuple = class java.util.concurrent.atomic.AtomicReference@119d09ad
      serialVersionUID = -1848883965231344442
      unsafe = class sun.misc.Unsafe@7e02234f
      valueOffset = 12
      value = class com.ibm.wsspi.kernel.service.utils.AtomicServiceReference$ReferenceTuple@6caa1120
    serialVersionUID = 2226592364007985000
    $$$tc$$$ = class com.ibm.websphere.ras.TraceComponent@61a5174f
  backgroundWebAppStartFutures = class com.ibm.ws.webcontainer.util.OneTimeUseArrayList@58c7179f
    enabled = true
    runnables = class java.util.ArrayList@207e4a35
      serialVersionUID = 8683452581122892189
      DEFAULT_CAPACITY = 10
      EMPTY_ELEMENTDATA = class java.lang.Object[0]
      DEFAULTCAPACITY_EMPTY_ELEMENTDATA = class java.lang.Object[0]
      elementData = class java.lang.Object[10]
      size = 7
      MAX_ARRAY_SIZE = 2147483639
      modCount = 7
      MAX_ARRAY_SIZE = 2147483639
  REFERENCE_WEB_MBEAN_RUNTIME = "webMBeanRuntime"
  webMBeanRuntimeServiceRef = class com.ibm.wsspi.kernel.service.utils.AtomicServiceReference@3b4fc9e7
    referenceName = "webMBeanRuntime"
    tuple = class java.util.concurrent.atomic.AtomicReference@5c9f3109
      serialVersionUID = -1848883965231344442
      unsafe = class sun.misc.Unsafe@7e02234f
      valueOffset = 12
      value = class com.ibm.wsspi.kernel.service.utils.AtomicServiceReference$ReferenceTuple@33d4863d
    serialVersionUID = 2226592364007985000
    $$$tc$$$ = class com.ibm.websphere.ras.TraceComponent@61a5174f
  servletContainerInitializers = class com.ibm.wsspi.kernel.service.utils.ConcurrentServiceReferenceSet@4a36c74a
    referenceName = "servletContainerInitializers"
    contextRef = class java.util.concurrent.atomic.AtomicReference@26a4b167
      serialVersionUID = -1848883965231344442
      unsafe = class sun.misc.Unsafe@7e02234f
      valueOffset = 12
      value = class org.apache.felix.scr.impl.manager.ComponentContextImpl@75f5703e
    elementMap = class java.util.LinkedHashMap@3bee5206
      serialVersionUID = 3801124242820219131
      head = class java.util.LinkedHashMap$Entry@24d060bc
      tail = class java.util.LinkedHashMap$Entry@42daddbe
      accessOrder = false
      serialVersionUID = 362498820763181265
      DEFAULT_INITIAL_CAPACITY = 16
      MAXIMUM_CAPACITY = 1073741824
      DEFAULT_LOAD_FACTOR = 0.75
      TREEIFY_THRESHOLD = 8
      UNTREEIFY_THRESHOLD = 6
      MIN_TREEIFY_CAPACITY = 64
      table = class java.util.HashMap$Node[16]
      entrySet = null
      size = 6
      modCount = 6
      threshold = 12
      loadFactor = 0.75
      keySet = null
      values = null
    elementSet = class java.util.concurrent.ConcurrentSkipListSet@18eff8d
      serialVersionUID = -2479143111061671589
      m = class java.util.concurrent.ConcurrentSkipListMap@29bb9a90
      UNSAFE = class sun.misc.Unsafe@7e02234f
      mapOffset = 12
      MAX_ARRAY_SIZE = 2147483639
    elementSetUnsorted = false
    serialVersionUID = 756240983881166148
    $$$tc$$$ = class com.ibm.websphere.ras.TraceComponent@22d2a55
  es = class com.ibm.ws.threading.internal.ExecutorServiceImpl@136c52e1
    JAVA_6 = false
    threadPool = class java.util.concurrent.ThreadPoolExecutor@40919160
      ctl = class java.util.concurrent.atomic.AtomicInteger@908b74c
      COUNT_BITS = 29
      CAPACITY = 536870911
      RUNNING = -536870912
      SHUTDOWN = 0
      STOP = 536870912
      TIDYING = 1073741824
      TERMINATED = 1610612736
      workQueue = class com.ibm.ws.threading.internal.BoundedBuffer@1dabacfe
      mainLock = class java.util.concurrent.locks.ReentrantLock@a574029
      workers = class java.util.HashSet@73691953
      termination = class java.util.concurrent.locks.AbstractQueuedSynchronizer$ConditionObject@3f9762a5
      largestPoolSize = 9
      completedTaskCount = 0
      threadFactory = class com.ibm.ws.threading.internal.ThreadFactoryImpl@7f9be5f5
      handler = class com.ibm.ws.threading.internal.ExecutorServiceImpl$ExpandPolicy@4f7db427
      keepAliveTime = 60000000000
      allowCoreThreadTimeOut = false
      corePoolSize = 9
      maximumPoolSize = 9
      defaultHandler = class java.util.concurrent.ThreadPoolExecutor$AbortPolicy@5c64ab5d
      shutdownPerm = class java.lang.RuntimePermission@7c4f1add
      acc = null
      ONLY_ONE = true
      $assertionsDisabled = true
    threadPoolController = class com.ibm.ws.threading.internal.ThreadPoolController@6cf9d60f
      tc = class com.ibm.websphere.ras.TraceComponent@592dd0a4
      INTERVAL = 1500
      MAX_INTERVALS_WITHOUT_CHANGE = 5
      EMPTY_QUEUE_SHRINK_MAGIC_PER_INTERVAL = 0.04
      NON_EMPTY_QUEUE_GROW_MAGIC_PER_INTERVAL = 0.02
      IDLE_INTERVALS_BEFORE_PAUSE = 3
      MAX_OUTLIER_AFTER_CHANGE_BEFORE_RESET = 3
      MAX_THREADS_TO_BREAK_HANG = 1000
      executorService = class com.ibm.ws.threading.internal.ExecutorServiceImpl@136c52e1
      lastAction = class com.ibm.ws.threading.internal.ThreadPoolController$LastAction@6ba95ada
      timer = class java.util.Timer@502a8c0b
      activeTask = class com.ibm.ws.threading.internal.IntervalTask@6ee00ac1
      paused = false
      lastTimerPop = 1527196155386
      previousCompleted = 919
      previousThroughput = 555.3333333333334
      consecutiveQueueEmptyCount = 1
      consecutiveNoAdjustment = 1
      consecutiveOutlierAfterAdjustment = 0
      consecutiveIdleCount = 0
      maxThreads = 2147483647
      coreThreads = 8
      threadPool = class java.util.concurrent.ThreadPoolExecutor@40919160
      threadStats = class com.ibm.ws.threading.internal.ThroughputDistribution[11]
      poolSizeWhenHangDetected = -1
      hangIntervalCounter = 0
      serialVersionUID = -4660281053535413674
    poolName = "Default Executor"
    componentConfig = class org.apache.felix.scr.impl.helper.ReadOnlyDictionary@71625c56
      m_delegate = class java.util.Hashtable@2b5922d6
      m_serviceReference = null
    interceptorsActive = false
    interceptors = class java.util.concurrent.CopyOnWriteArraySet@64d6398d
      serialVersionUID = 5457747651344034263
      al = class java.util.concurrent.CopyOnWriteArrayList@5c175e27
      MAX_ARRAY_SIZE = 2147483639
    threadFactory = null
    serialVersionUID = -1809836785261129577
    $$$tc$$$ = class com.ibm.websphere.ras.TraceComponent@164e23a9
      strings[0] = "TraceComponent[com.ibm.ws.threading.internal.ExecutorServiceImpl,class com.ibm.ws.threading.internal.ExecutorServiceImpl,[Threading],com.ibm.ws.threading.internal.resources.ThreadingMessages,null]"
  locationServiceRef = class java.util.concurrent.atomic.AtomicReference@73f7d4fc
    serialVersionUID = -1848883965231344442
    unsafe = class sun.misc.Unsafe@7e02234f
    valueOffset = 12
    value = class com.ibm.ws.kernel.service.location.internal.WsLocationAdminImpl@2388866d
  transferContextServiceRef = class com.ibm.wsspi.kernel.service.utils.ConcurrentServiceReferenceSet@36322b94
    referenceName = "transferService"
    contextRef = class java.util.concurrent.atomic.AtomicReference@37eb54dd
      serialVersionUID = -1848883965231344442
      unsafe = class sun.misc.Unsafe@7e02234f
      valueOffset = 12
      value = class org.apache.felix.scr.impl.manager.ComponentContextImpl@75f5703e
    elementMap = class java.util.LinkedHashMap@714409b8
      serialVersionUID = 3801124242820219131
      head = class java.util.LinkedHashMap$Entry@3850950c
      tail = class java.util.LinkedHashMap$Entry@3850950c
      accessOrder = false
      serialVersionUID = 362498820763181265
      DEFAULT_INITIAL_CAPACITY = 16
      MAXIMUM_CAPACITY = 1073741824
      DEFAULT_LOAD_FACTOR = 0.75
      TREEIFY_THRESHOLD = 8
      UNTREEIFY_THRESHOLD = 6
      MIN_TREEIFY_CAPACITY = 64
      table = class java.util.HashMap$Node[16]
      entrySet = null
      size = 1
      modCount = 1
      threshold = 12
      loadFactor = 0.75
      keySet = null
      values = null
    elementSet = class java.util.concurrent.ConcurrentSkipListSet@668f71fb
      serialVersionUID = -2479143111061671589
      m = class java.util.concurrent.ConcurrentSkipListMap@38e5ab24
      UNSAFE = class sun.misc.Unsafe@7e02234f
      mapOffset = 12
      MAX_ARRAY_SIZE = 2147483639
    elementSetUnsorted = false
    serialVersionUID = 756240983881166148
    $$$tc$$$ = class com.ibm.websphere.ras.TraceComponent@22d2a55
      strings[0] = "TraceComponent[com.ibm.wsspi.kernel.service.utils.ConcurrentServiceReferenceSet,class com.ibm.wsspi.kernel.service.utils.ConcurrentServiceReferenceSet,[kernelUtils],com.ibm.ws.kernel.service.utils.resources.ServiceMessages,null]"
  encodingServiceRef = class java.util.concurrent.atomic.AtomicReference@4a42a68f
    serialVersionUID = -1848883965231344442
    unsafe = class sun.misc.Unsafe@7e02234f
    valueOffset = 12
    value = class com.ibm.ws.http.internal.EncodingUtilsImpl@48dd1ac7
      tc = class com.ibm.websphere.ras.TraceComponent@13b594fc
      DEFAULT_ENCODING = "ISO-8859-1"
      TEST_CHAR = {97} /* array length = 1 */
      localeMap = class java.util.HashMap@6ca39c52
      converterMap = class java.util.HashMap@4ce6441f
      supportedEncodingsCache = class java.util.HashMap@a6b7815
      localesCache = class java.util.HashMap@5aca98bb
      cachedLocale = null
      cachedEncoding = null
      serialVersionUID = -1198395850126550961
  instance = class java.util.concurrent.atomic.AtomicReference@3b481e7c
    serialVersionUID = -1848883965231344442
    unsafe = class sun.misc.Unsafe@7e02234f
    valueOffset = 12
    value = class com.ibm.ws.webcontainer.osgi.WebContainer@c1cde7f
  vhostManager = class com.ibm.ws.webcontainer.osgi.DynamicVirtualHostManager@76d57ddd
    tc = class com.ibm.websphere.ras.TraceComponent@18d0e46c
      strings[0] = "TraceComponent[com.ibm.ws.webcontainer.osgi.DynamicVirtualHostManager,class com.ibm.ws.webcontainer.osgi.DynamicVirtualHostManager,[webcontainer],com.ibm.ws.webcontainer.resources.LShimMessages,null]"
    hostMap = class java.util.concurrent.ConcurrentHashMap@b01e6e3
      serialVersionUID = 7249069246763182397
      MAXIMUM_CAPACITY = 1073741824
      DEFAULT_CAPACITY = 16
      MAX_ARRAY_SIZE = 2147483639
      DEFAULT_CONCURRENCY_LEVEL = 16
      LOAD_FACTOR = 0.75
      TREEIFY_THRESHOLD = 8
      UNTREEIFY_THRESHOLD = 6
      MIN_TREEIFY_CAPACITY = 64
      MIN_TRANSFER_STRIDE = 16
      RESIZE_STAMP_BITS = 16
      MAX_RESIZERS = 65535
      RESIZE_STAMP_SHIFT = 16
      MOVED = -1
      TREEBIN = -2
      RESERVED = -3
      HASH_BITS = 2147483647
      NCPU = 4
      serialPersistentFields = class java.io.ObjectStreamField[3]
      table = class java.util.concurrent.ConcurrentHashMap$Node[16]
      nextTable = null
      baseCount = 1
      sizeCtl = 12
      transferIndex = 0
      cellsBusy = 0
      counterCells = null
      keySet = null
      values = class java.util.concurrent.ConcurrentHashMap$ValuesView@70ec45a3
      entrySet = null
      U = class sun.misc.Unsafe@7e02234f
      SIZECTL = 20
      TRANSFERINDEX = 32
      BASECOUNT = 24
      CELLSBUSY = 36
      CELLVALUE = 144
      ABASE = 16
      ASHIFT = 2
      keySet = null
      values = null
    transportMap = class java.util.concurrent.ConcurrentHashMap@59d91f70
      serialVersionUID = 7249069246763182397
      MAXIMUM_CAPACITY = 1073741824
      DEFAULT_CAPACITY = 16
      MAX_ARRAY_SIZE = 2147483639
      DEFAULT_CONCURRENCY_LEVEL = 16
      LOAD_FACTOR = 0.75
      TREEIFY_THRESHOLD = 8
      UNTREEIFY_THRESHOLD = 6
      MIN_TREEIFY_CAPACITY = 64
      MIN_TRANSFER_STRIDE = 16
      RESIZE_STAMP_BITS = 16
      MAX_RESIZERS = 65535
      RESIZE_STAMP_SHIFT = 16
      MOVED = -1
      TREEBIN = -2
      RESERVED = -3
      HASH_BITS = 2147483647
      NCPU = 4
      serialPersistentFields = class java.io.ObjectStreamField[3]
      table = class java.util.concurrent.ConcurrentHashMap$Node[16]
      nextTable = null
      baseCount = 1
      sizeCtl = 12
      transferIndex = 0
      cellsBusy = 0
      counterCells = null
      keySet = null
      values = null
      entrySet = null
      U = class sun.misc.Unsafe@7e02234f
      SIZECTL = 20
      TRANSFERINDEX = 32
      BASECOUNT = 24
      CELLSBUSY = 36
      CELLVALUE = 144
      ABASE = 16
      ASHIFT = 2
      keySet = null
      values = null
    locationService = class com.ibm.ws.kernel.service.location.internal.WsLocationAdminImpl@2388866d
      tc = class com.ibm.websphere.ras.TraceComponent@482ff5dc
      LOC_INTERNAL_LIB_DIR = "wlp.lib.dir"
      LOC_AREA_NAME_APPS = "shared/apps/"
      LOC_AREA_NAME_CONFIG = "shared/config/"
      LOC_AREA_NAME_RESC = "shared/resources/"
      LOC_AREA_NAME_STATE = "logs/state/"
      LOC_AREA_NAME_SERVERS = "servers/"
      LOC_AREA_NAME_CLIENTS = "clients/"
      LOC_AREA_NAME_WORKING = "workarea/"
      LOC_AREA_NAME_EXTENSION = "extension/"
      instance = class com.ibm.ws.staticvalue.StaticValue$FinalSingleton@2369eda1
      installRoot = class com.ibm.ws.kernel.service.location.internal.SymbolicRootResource@315144c7
      installParentRoot = class com.ibm.ws.kernel.service.location.internal.SymbolicRootResource@2302ce13
      userRoot = class com.ibm.ws.kernel.service.location.internal.SymbolicRootResource@1b7184a9
      usrExtensionRoot = class com.ibm.ws.kernel.service.location.internal.SymbolicRootResource@77997683
      serverConfigDir = class com.ibm.ws.kernel.service.location.internal.SymbolicRootResource@4cd573cb
      serverOutputDir = class com.ibm.ws.kernel.service.location.internal.SymbolicRootResource@4cd573cb
      bootstrapLib = class com.ibm.ws.kernel.service.location.internal.LocalFileResource@79925e14
      serverWorkarea = class com.ibm.ws.kernel.service.location.internal.LocalFileResource@6ed1c943
      serverState = class com.ibm.ws.kernel.service.location.internal.LocalFileResource@52408774
      sharedAppsRoot = class com.ibm.ws.kernel.service.location.internal.SymbolicRootResource@35ecfddc
      sharedConfigRoot = class com.ibm.ws.kernel.service.location.internal.SymbolicRootResource@5e65678b
      sharedResourceRoot = class com.ibm.ws.kernel.service.location.internal.SymbolicRootResource@3e1e36d5
      tmpRoot = class com.ibm.ws.kernel.service.location.internal.SymbolicRootResource@68b36d45
      serverName = "defaultServer"
      resourcePaths = class java.util.ArrayList@3ae36f92
      resourceGroups = class java.util.HashMap@4f4f1e7a
      commonRoot = class com.ibm.ws.kernel.service.location.internal.VirtualRootResource@2821d8
      serialVersionUID = 7766352982799267432
    schedExecutor = class com.ibm.ws.threading.internal.ScheduledExecutorImpl@3915e735
      threadGroupName = "Scheduled Executor Thread Group"
      executor = class com.ibm.ws.threading.internal.ExecutorServiceImpl@136c52e1
      serialVersionUID = -9110693807503469597
      $$$tc$$$ = class com.ibm.websphere.ras.TraceComponent@5ee620be
      continueExistingPeriodicTasksAfterShutdown = false
      executeExistingDelayedTasksAfterShutdown = true
      removeOnCancel = false
      sequencer = class java.util.concurrent.atomic.AtomicLong@5443b150
      ctl = class java.util.concurrent.atomic.AtomicInteger@539c01d
      COUNT_BITS = 29
      CAPACITY = 536870911
      RUNNING = -536870912
      SHUTDOWN = 0
      STOP = 536870912
      TIDYING = 1073741824
      TERMINATED = 1610612736
      workQueue = class java.util.concurrent.ScheduledThreadPoolExecutor$DelayedWorkQueue@b389f41
      mainLock = class java.util.concurrent.locks.ReentrantLock@7fc23ea4
      workers = class java.util.HashSet@3642d93d
      termination = class java.util.concurrent.locks.AbstractQueuedSynchronizer$ConditionObject@7d30dec0
      largestPoolSize = 1
      completedTaskCount = 0
      threadFactory = class com.ibm.ws.threading.internal.ThreadFactoryImpl@32bd94b0
      handler = class java.util.concurrent.ThreadPoolExecutor$AbortPolicy@5c64ab5d
      keepAliveTime = 0
      allowCoreThreadTimeOut = false
      corePoolSize = 1
      maximumPoolSize = 2147483647
      defaultHandler = class java.util.concurrent.ThreadPoolExecutor$AbortPolicy@5c64ab5d
      shutdownPerm = class java.lang.RuntimePermission@7c4f1add
      acc = null
      ONLY_ONE = true
      $assertionsDisabled = true
    pluginCfgVhostUris = class java.util.HashMap@3d27280a
      serialVersionUID = 362498820763181265
      DEFAULT_INITIAL_CAPACITY = 16
      MAXIMUM_CAPACITY = 1073741824
      DEFAULT_LOAD_FACTOR = 0.75
      TREEIFY_THRESHOLD = 8
      UNTREEIFY_THRESHOLD = 6
      MIN_TREEIFY_CAPACITY = 64
      table = null
      entrySet = null
      size = 0
      modCount = 0
      threshold = 4
      loadFactor = 0.75
      keySet = null
      values = null
    PLUGIN_CFG = "plugin-cfg.xml"
  metaDataService = class com.ibm.ws.container.service.metadata.internal.MetaDataServiceImpl@519c8618
    applicationMetaDataManager = class com.ibm.ws.container.service.metadata.internal.ApplicationMetaDataManager@472fc0f0
      serialVersionUID = 1843747281024490904
      $$$tc$$$ = class com.ibm.websphere.ras.TraceComponent@5a984ba5
      listeners = class com.ibm.wsspi.kernel.service.utils.ConcurrentServiceReferenceSet@397b47c3
      metaDataIDs = class com.ibm.ws.container.service.metadata.internal.IndexList@6981eb76
      metaDatas = class java.util.ArrayList@49430d00
      slotIDs = class com.ibm.ws.container.service.metadata.internal.IndexList@248ce049
      serialVersionUID = 5464421863354792977
      $$$tc$$$ = class com.ibm.websphere.ras.TraceComponent@7f684fcc
    moduleMetaDataManager = class com.ibm.ws.container.service.metadata.internal.ModuleMetaDataManager@74f8a4d4
      serialVersionUID = 2513574389899327209
      $$$tc$$$ = class com.ibm.websphere.ras.TraceComponent@18abe00f
      listeners = class com.ibm.wsspi.kernel.service.utils.ConcurrentServiceReferenceSet@7551cd3
      metaDataIDs = class com.ibm.ws.container.service.metadata.internal.IndexList@46beda87
      metaDatas = class java.util.ArrayList@5a8befd5
      slotIDs = class com.ibm.ws.container.service.metadata.internal.IndexList@42b04ccf
      serialVersionUID = 5464421863354792977
      $$$tc$$$ = class com.ibm.websphere.ras.TraceComponent@7f684fcc
    componentMetaDataManager = class com.ibm.ws.container.service.metadata.internal.ComponentMetaDataManager@1b8ff95f
      serialVersionUID = 8629793739641703882
      $$$tc$$$ = class com.ibm.websphere.ras.TraceComponent@e15c43e
      listeners = class com.ibm.wsspi.kernel.service.utils.ConcurrentServiceReferenceSet@3c910e00
      metaDataIDs = class com.ibm.ws.container.service.metadata.internal.IndexList@3258534b
      metaDatas = class java.util.ArrayList@6caa4f67
      slotIDs = class com.ibm.ws.container.service.metadata.internal.IndexList@1e50e2bc
      serialVersionUID = 5464421863354792977
      $$$tc$$$ = class com.ibm.websphere.ras.TraceComponent@7f684fcc
    methodMetaDataManager = class com.ibm.ws.container.service.metadata.internal.MethodMetaDataManager@69050722
      serialVersionUID = -3308748211841563417
      $$$tc$$$ = class com.ibm.websphere.ras.TraceComponent@585a5c73
      listeners = class com.ibm.wsspi.kernel.service.utils.ConcurrentServiceReferenceSet@2c5c786d
      metaDataIDs = class com.ibm.ws.container.service.metadata.internal.IndexList@729ba276
      metaDatas = class java.util.ArrayList@3695e082
      slotIDs = class com.ibm.ws.container.service.metadata.internal.IndexList@6a6e3962
      serialVersionUID = 5464421863354792977
      $$$tc$$$ = class com.ibm.websphere.ras.TraceComponent@7f684fcc
    appModuleNameToModuleContainer = class java.util.concurrent.ConcurrentHashMap@509462b2
      serialVersionUID = 7249069246763182397
      MAXIMUM_CAPACITY = 1073741824
      DEFAULT_CAPACITY = 16
      MAX_ARRAY_SIZE = 2147483639
      DEFAULT_CONCURRENCY_LEVEL = 16
      LOAD_FACTOR = 0.75
      TREEIFY_THRESHOLD = 8
      UNTREEIFY_THRESHOLD = 6
      MIN_TREEIFY_CAPACITY = 64
      MIN_TRANSFER_STRIDE = 16
      RESIZE_STAMP_BITS = 16
      MAX_RESIZERS = 65535
      RESIZE_STAMP_SHIFT = 16
      MOVED = -1
      TREEBIN = -2
      RESERVED = -3
      HASH_BITS = 2147483647
      NCPU = 4
      serialPersistentFields = class java.io.ObjectStreamField[3]
      table = class java.util.concurrent.ConcurrentHashMap$Node[16]
      nextTable = null
      baseCount = 8
      sizeCtl = 12
      transferIndex = 0
      cellsBusy = 0
      counterCells = null
      keySet = null
      values = null
      entrySet = null
      U = class sun.misc.Unsafe@7e02234f
      SIZECTL = 20
      TRANSFERINDEX = 32
      BASECOUNT = 24
      CELLSBUSY = 36
      CELLVALUE = 144
      ABASE = 16
      ASHIFT = 2
      keySet = null
      values = null
    jeeNameToComponentMetaData = class java.util.concurrent.ConcurrentHashMap@617ba270
      serialVersionUID = 7249069246763182397
      MAXIMUM_CAPACITY = 1073741824
      DEFAULT_CAPACITY = 16
      MAX_ARRAY_SIZE = 2147483639
      DEFAULT_CONCURRENCY_LEVEL = 16
      LOAD_FACTOR = 0.75
      TREEIFY_THRESHOLD = 8
      UNTREEIFY_THRESHOLD = 6
      MIN_TREEIFY_CAPACITY = 64
      MIN_TRANSFER_STRIDE = 16
      RESIZE_STAMP_BITS = 16
      MAX_RESIZERS = 65535
      RESIZE_STAMP_SHIFT = 16
      MOVED = -1
      TREEBIN = -2
      RESERVED = -3
      HASH_BITS = 2147483647
      NCPU = 4
      serialPersistentFields = class java.io.ObjectStreamField[3]
      table = class java.util.concurrent.ConcurrentHashMap$Node[32]
      nextTable = null
      baseCount = 14
      sizeCtl = 24
      transferIndex = 0
      cellsBusy = 0
      counterCells = null
      keySet = null
      values = null
      entrySet = null
      U = class sun.misc.Unsafe@7e02234f
      SIZECTL = 20
      TRANSFERINDEX = 32
      BASECOUNT = 24
      CELLSBUSY = 36
      CELLVALUE = 144
      ABASE = 16
      ASHIFT = 2
      keySet = null
      values = null
    deferredMetaDataFactories = class com.ibm.wsspi.kernel.service.utils.ConcurrentServiceReferenceSet@5dafa01
      referenceName = "deferredMetaDataFactory"
      contextRef = class java.util.concurrent.atomic.AtomicReference@4d69df48
      elementMap = class java.util.LinkedHashMap@5e95031b
      elementSet = class java.util.concurrent.ConcurrentSkipListSet@523d7214
      elementSetUnsorted = false
      serialVersionUID = 756240983881166148
      $$$tc$$$ = class com.ibm.websphere.ras.TraceComponent@22d2a55
    deferredMetaDataInitializers = class com.ibm.wsspi.kernel.service.utils.ConcurrentServiceReferenceMap@44a7d18f
      referenceName = "deferredMetaDataFactory"
      context = class org.apache.felix.scr.impl.manager.ComponentContextImpl@a192581
      elementMap = class java.util.concurrent.ConcurrentHashMap@131145b0
      serialVersionUID = 6980924785166233786
      $$$tc$$$ = class com.ibm.websphere.ras.TraceComponent@3daa2659
    serialVersionUID = -2494605732980966097
    $$$tc$$$ = class com.ibm.websphere.ras.TraceComponent@3aa7ed53
      strings[0] = "TraceComponent[com.ibm.ws.container.service.metadata.internal.MetaDataServiceImpl,class com.ibm.ws.container.service.metadata.internal.MetaDataServiceImpl,[Runtime],,null]"
  j2eeNameFactory = class com.ibm.ws.container.service.metadata.internal.J2EENameFactoryImpl@e35347a
    serialVersionUID = 3486344295038028821
    $$$tc$$$ = class com.ibm.websphere.ras.TraceComponent@623714f6
      strings[0] = "TraceComponent[com.ibm.ws.container.service.metadata.internal.J2EENameFactoryImpl,class com.ibm.ws.container.service.metadata.internal.J2EENameFactoryImpl,[Runtime],,null]"
  context = class org.apache.felix.scr.impl.manager.ComponentContextImpl@75f5703e
    m_componentManager = class org.apache.felix.scr.impl.manager.SingleComponentManager@3b679ca
      m_useCount = class java.util.concurrent.atomic.AtomicInteger@5aee0ffd
      m_componentContext = class org.apache.felix.scr.impl.manager.ComponentContextImpl@75f5703e
      m_configurationProperties = class java.util.HashMap@57e18355
      m_factoryProperties = null
      m_properties = class java.util.HashMap@4248ae06
      m_serviceProperties = null
      REASONS = class java.lang.String[7]
      m_container = class org.apache.felix.scr.impl.ComponentRegistry$DefaultConfigurableComponentHolder@16cb0cc
      m_factoryInstance = false
      m_componentId = 205
      m_componentMethods = class org.apache.felix.scr.impl.inject.ComponentMethodsImpl@6d31679
      m_dependencyManagers = class java.util.ArrayList@4e731537
      m_dependencyManagersInitialized = true
      m_trackingCount = class java.util.concurrent.atomic.AtomicInteger@77592ca1
      m_stateLock = class java.util.concurrent.locks.ReentrantLock@13d70856
      m_enabledLatchRef = class java.util.concurrent.atomic.AtomicReference@da9a48b
      state = class java.util.concurrent.atomic.AtomicReference@5ba5c2a4
      m_floor = 41
      m_ceiling = 41
      m_missingLock = class java.util.concurrent.locks.ReentrantLock@65a7d155
      m_missingCondition = class java.util.concurrent.locks.AbstractQueuedSynchronizer$ConditionObject@4e19f00f
      m_missing = class java.util.TreeSet@e5488bb
      m_activationLock = class java.util.concurrent.locks.ReentrantReadWriteLock@7b91cb37
      taskCounter = class java.util.concurrent.atomic.AtomicLong@20e78069
      registrationManager = class org.apache.felix.scr.impl.manager.AbstractComponentManager$3@21ff85f2
    edgeInfos = class org.apache.felix.scr.impl.manager.EdgeInfo[27]
      EdgeInfo[0] = class org.apache.felix.scr.impl.manager.EdgeInfo@5df6e61e
      EdgeInfo[1] = class org.apache.felix.scr.impl.manager.EdgeInfo@58865f32
      EdgeInfo[2] = class org.apache.felix.scr.impl.manager.EdgeInfo@1810a6d9
      EdgeInfo[3] = class org.apache.felix.scr.impl.manager.EdgeInfo@16ac1406
      EdgeInfo[4] = class org.apache.felix.scr.impl.manager.EdgeInfo@7c80d6db
      EdgeInfo[5] = class org.apache.felix.scr.impl.manager.EdgeInfo@161569b6
      EdgeInfo[6] = class org.apache.felix.scr.impl.manager.EdgeInfo@b2e33c3
      EdgeInfo[7] = class org.apache.felix.scr.impl.manager.EdgeInfo@7dd40a84
      EdgeInfo[8] = class org.apache.felix.scr.impl.manager.EdgeInfo@7983deb
      EdgeInfo[9] = class org.apache.felix.scr.impl.manager.EdgeInfo@3afdbc77
      EdgeInfo[10] = class org.apache.felix.scr.impl.manager.EdgeInfo@40b720c0
      EdgeInfo[11] = class org.apache.felix.scr.impl.manager.EdgeInfo@1dea9278
      EdgeInfo[12] = class org.apache.felix.scr.impl.manager.EdgeInfo@5b5b834b
      EdgeInfo[13] = class org.apache.felix.scr.impl.manager.EdgeInfo@c928253
      EdgeInfo[14] = class org.apache.felix.scr.impl.manager.EdgeInfo@755a1221
      EdgeInfo[15] = class org.apache.felix.scr.impl.manager.EdgeInfo@3c6a37a0
      EdgeInfo[16] = class org.apache.felix.scr.impl.manager.EdgeInfo@3b2caabd
      EdgeInfo[17] = class org.apache.felix.scr.impl.manager.EdgeInfo@23343791
      EdgeInfo[18] = class org.apache.felix.scr.impl.manager.EdgeInfo@65af2cc
      EdgeInfo[19] = class org.apache.felix.scr.impl.manager.EdgeInfo@6be01290
      EdgeInfo[20] = class org.apache.felix.scr.impl.manager.EdgeInfo@35c72413
      EdgeInfo[21] = class org.apache.felix.scr.impl.manager.EdgeInfo@374d1585
      EdgeInfo[22] = class org.apache.felix.scr.impl.manager.EdgeInfo@66504d32
      EdgeInfo[23] = class org.apache.felix.scr.impl.manager.EdgeInfo@d4fb7fa
      EdgeInfo[24] = class org.apache.felix.scr.impl.manager.EdgeInfo@1a4fdfc
      EdgeInfo[25] = class org.apache.felix.scr.impl.manager.EdgeInfo@5e1a3170
      EdgeInfo[26] = class org.apache.felix.scr.impl.manager.EdgeInfo@3a47ce5c
    m_componentInstance = class org.apache.felix.scr.impl.manager.ComponentContextImpl$ComponentInstanceImpl@cb99d50
      m_componentContext = class org.apache.felix.scr.impl.manager.ComponentContextImpl@75f5703e
    m_usingBundle = class org.eclipse.osgi.internal.framework.EquinoxBundle@3e772036
      equinoxContainer = class org.eclipse.osgi.internal.framework.EquinoxContainer@6d418dd
      module = class org.eclipse.osgi.internal.framework.EquinoxBundle$EquinoxModule@698f7e5f
      monitor = class java.lang.Object@2a4bcf66
      context = class org.eclipse.osgi.internal.framework.BundleContextImpl@76c5eea0
      signerInfos = null
      $SWITCH_TABLE$org$eclipse$osgi$container$Module$State = {1,2,3,4,5,6,7} /* array length = 7 */
    m_serviceRegistration = class org.eclipse.osgi.internal.serviceregistry.ServiceRegistrationImpl@5ff7b4d2
      registry = class org.eclipse.osgi.internal.serviceregistry.ServiceRegistry@59b40110
      context = class org.eclipse.osgi.internal.framework.BundleContextImpl@76c5eea0
      bundle = class org.eclipse.osgi.internal.framework.EquinoxBundle@3e772036
      clazzes = class java.lang.String[2]
      service = class org.apache.felix.scr.impl.manager.SingleComponentManager@3b679ca
      reference = class org.eclipse.osgi.internal.serviceregistry.ServiceReferenceImpl@24ee1809
      contextsUsing = class java.util.ArrayList@33e14993
      properties = class java.util.Collections$UnmodifiableMap@4a24727e
      serviceid = 522
      serviceranking = 0
      registrationLock = class java.lang.Object@71d516a5
      state = 0
      REGISTERED = 0
      UNREGISTERING = 1
      UNREGISTERED = 2
      FRAMEWORK_SET_SERVICE_PROPERTIES_COUNT = 4
      $assertionsDisabled = true
    m_implementationObject = class com.ibm.ws.webcontainer.osgi.WebContainer@c1cde7f
    m_implementationAccessible = true
    accessibleLatch = class java.util.concurrent.CountDownLatch@76259f70
      sync = class java.util.concurrent.CountDownLatch$Sync@4f8f0d68
    serviceObjectsHelper = class org.apache.felix.scr.impl.helper.ComponentServiceObjectsHelper@46edc057
      bundleContext = class org.eclipse.osgi.internal.framework.BundleContextImpl@76c5eea0
      services = class java.util.concurrent.ConcurrentHashMap@5bcbdb7f
      closedServices = class java.util.ArrayList@d13eb64
      prototypeInstances = class java.util.concurrent.ConcurrentHashMap@632dbd44
  contextRoots = class java.util.Collections$SynchronizedSet@2893d0c8
    serialVersionUID = 487447009682186044
    serialVersionUID = 3053995032091335093
    c = class java.util.HashSet@265ddef8
      serialVersionUID = -5024744406713321676
      map = class java.util.HashMap@523b20b4
      PRESENT = class java.lang.Object@263b224a
      MAX_ARRAY_SIZE = 2147483639
    mutex = class java.util.Collections$SynchronizedSet@2893d0c8
  pendingContextRoots = class java.util.HashMap@1d0a3f84
    serialVersionUID = 362498820763181265
    DEFAULT_INITIAL_CAPACITY = 16
    MAXIMUM_CAPACITY = 1073741824
    DEFAULT_LOAD_FACTOR = 0.75
    TREEIFY_THRESHOLD = 8
    UNTREEIFY_THRESHOLD = 6
    MIN_TREEIFY_CAPACITY = 64
    table = null
    entrySet = null
    size = 0
    modCount = 0
    threshold = 0
    loadFactor = 0.75
    keySet = null
    values = null
  deployedModuleMap = class java.util.concurrent.ConcurrentHashMap@3a3b4ebb
    serialVersionUID = 7249069246763182397
    MAXIMUM_CAPACITY = 1073741824
    DEFAULT_CAPACITY = 16
    MAX_ARRAY_SIZE = 2147483639
    DEFAULT_CONCURRENCY_LEVEL = 16
    LOAD_FACTOR = 0.75
    TREEIFY_THRESHOLD = 8
    UNTREEIFY_THRESHOLD = 6
    MIN_TREEIFY_CAPACITY = 64
    MIN_TRANSFER_STRIDE = 16
    RESIZE_STAMP_BITS = 16
    MAX_RESIZERS = 65535
    RESIZE_STAMP_SHIFT = 16
    MOVED = -1
    TREEBIN = -2
    RESERVED = -3
    HASH_BITS = 2147483647
    NCPU = 4
    serialPersistentFields = class java.io.ObjectStreamField[3]
      ObjectStreamField[0] = class java.io.ObjectStreamField@63342c74
      ObjectStreamField[1] = class java.io.ObjectStreamField@67852b60
      ObjectStreamField[2] = class java.io.ObjectStreamField@17c6121f
    table = class java.util.concurrent.ConcurrentHashMap$Node[16]
      Node[0] = class java.util.concurrent.ConcurrentHashMap$Node@694cec45
      Node[1] = null
      Node[2] = class java.util.concurrent.ConcurrentHashMap$Node@27dc0427
      Node[3] = null
      Node[4] = class java.util.concurrent.ConcurrentHashMap$Node@adac29
      Node[5] = class java.util.concurrent.ConcurrentHashMap$Node@62806178
      Node[6] = class java.util.concurrent.ConcurrentHashMap$Node@6c2097a9
      Node[7] = class java.util.concurrent.ConcurrentHashMap$Node@2b9a5b36
      Node[8] = null
      Node[9] = class java.util.concurrent.ConcurrentHashMap$Node@46bb7688
      Node[10] = null
      Node[11] = null
      Node[12] = class java.util.concurrent.ConcurrentHashMap$Node@27d14486
      Node[13] = null
      Node[14] = null
      Node[15] = null
    nextTable = null
    baseCount = 8
    sizeCtl = 12
    transferIndex = 0
    cellsBusy = 0
    counterCells = null
    keySet = null
    values = null
    entrySet = null
    U = class sun.misc.Unsafe@7e02234f
      theUnsafe = class sun.misc.Unsafe@7e02234f
      INVALID_FIELD_OFFSET = -1
      ARRAY_BOOLEAN_BASE_OFFSET = 16
      ARRAY_BYTE_BASE_OFFSET = 16
      ARRAY_SHORT_BASE_OFFSET = 16
      ARRAY_CHAR_BASE_OFFSET = 16
      ARRAY_INT_BASE_OFFSET = 16
      ARRAY_LONG_BASE_OFFSET = 16
      ARRAY_FLOAT_BASE_OFFSET = 16
      ARRAY_DOUBLE_BASE_OFFSET = 16
      ARRAY_OBJECT_BASE_OFFSET = 16
      ARRAY_BOOLEAN_INDEX_SCALE = 1
      ARRAY_BYTE_INDEX_SCALE = 1
      ARRAY_SHORT_INDEX_SCALE = 2
      ARRAY_CHAR_INDEX_SCALE = 2
      ARRAY_INT_INDEX_SCALE = 4
      ARRAY_LONG_INDEX_SCALE = 8
      ARRAY_FLOAT_INDEX_SCALE = 4
      ARRAY_DOUBLE_INDEX_SCALE = 8
      ARRAY_OBJECT_INDEX_SCALE = 4
      ADDRESS_SIZE = 8
    SIZECTL = 20
    TRANSFERINDEX = 32
    BASECOUNT = 24
    CELLSBUSY = 36
    CELLVALUE = 144
    ABASE = 16
    ASHIFT = 2
    keySet = null
    values = null
  connContextPool = class com.ibm.ws.webcontainer31.osgi.srt.factory.SRTConnectionContextPool31Impl@6491ad42
    head = class java.lang.ThreadLocal@52ca8df7
      threadLocalHashCode = -594855014
      nextHashCode = class java.util.concurrent.atomic.AtomicInteger@7d7ab8e3
      HASH_INCREMENT = 1640531527
  DEFAULT_PORT = "*"
  DEFAULT_VHOST_NAME = "default_host"
  cachedServerInfo = "IBM WebSphere Liberty/${liberty.service.version}"
  lock = class com.ibm.ws.webcontainer.osgi.WebContainer$1@52322488
    this$0 = class com.ibm.ws.webcontainer.osgi.WebContainer@c1cde7f
  webAppFactory = class com.ibm.ws.webcontainer31.osgi.webapp.factory.WebAppFactoryImpl31@1e88d755
  requestFactory = class com.ibm.ws.webcontainer31.osgi.response.factory.IRequestResponseFactory@7ea61ca9
  responseFactory = class com.ibm.ws.webcontainer31.osgi.response.factory.IRequestResponseFactory@7ea61ca9
  asyncContextFactory = class com.ibm.ws.webcontainer31.async.factory.AsyncContextFactory31Impl@17b44582
  DEFAULT_MAX_VERSION = 30
  versionRef = class org.eclipse.osgi.internal.serviceregistry.ServiceReferenceImpl@54e13598
    registration = class org.eclipse.osgi.internal.serviceregistry.ServiceRegistrationImpl@5d993a17
      registry = class org.eclipse.osgi.internal.serviceregistry.ServiceRegistry@59b40110
      context = class org.eclipse.osgi.internal.framework.BundleContextImpl@1e3961f1
      bundle = class org.eclipse.osgi.internal.framework.EquinoxBundle@ba82a46
      clazzes = class java.lang.String[1]
      service = class org.apache.felix.scr.impl.manager.SingleComponentManager@457bf25e
      reference = class org.eclipse.osgi.internal.serviceregistry.ServiceReferenceImpl@54e13598
      contextsUsing = class java.util.ArrayList@13dd1c78
      properties = class java.util.Collections$UnmodifiableMap@58d4d979
      serviceid = 292
      serviceranking = 0
      registrationLock = class java.lang.Object@29a76855
      state = 0
      REGISTERED = 0
      UNREGISTERING = 1
      UNREGISTERED = 2
      FRAMEWORK_SET_SERVICE_PROPERTIES_COUNT = 4
      $assertionsDisabled = true
  serverStopping = class com.ibm.ws.staticvalue.StaticValue$FinalSingleton@c0b722e
    singleton = class java.util.concurrent.atomic.AtomicBoolean@6e13a5fb
      serialVersionUID = 4654671469794556979
      unsafe = class sun.misc.Unsafe@7e02234f
      valueOffset = 12
      value = 0
    multiplex = false
  modulesStarting = 1
  uriMatcherFactory = class com.ibm.wsspi.webcontainer31.util.factory.URIMatcherFactory31Impl@42867452
  SPEC_LEVEL_UNLOADED = -1
  SPEC_LEVEL_30 = 30
  SPEC_LEVEL_31 = 31
  SPEC_LEVEL_40 = 40
  DEFAULT_SPEC_LEVEL = 30
  loadedContainerSpecLevel = 31
  ISO = "ISO-8859-1"
  encoding = "UTF-8"
  decode = true
  wcconfig = class com.ibm.ws.webcontainer.osgi.WebContainerConfiguration@2abb174d
    properties = class org.apache.felix.scr.impl.helper.ReadOnlyDictionary@1938895
      m_delegate = class java.util.Hashtable@3d7e9a6d
      m_serviceReference = null
    CFG_KEY_ENFORCE_SEC = "enforce.security"
    logger = class com.ibm.ws.logging.internal.WsLogger@129eab7f
    CLASS_NAME = "com.ibm.ws.webcontainer.WebContainerConfiguration"
    _localeProps = null
    _jvmProps = null
    enableServletCaching = false
    defaultVirtualHostName = "default_host"
    ardEnabled = false
    ardIncludeTimeout = 0
    poolingDisabled = false
    maximumExpiredEntries = 0
    maximumResponseStoreSize = 0
    useAsyncRunnableWorkManager = false
    asyncRunnableWorkManagerName = null
    numAsyncTimerThreads = 2
    defaultAsyncServletTimeout = 30000
  applicationListeners = class java.util.ArrayList@7df69a36
    serialVersionUID = 8683452581122892189
    DEFAULT_CAPACITY = 10
    EMPTY_ELEMENTDATA = class java.lang.Object[0]
    DEFAULTCAPACITY_EMPTY_ELEMENTDATA = class java.lang.Object[0]
    elementData = class java.lang.Object[0]
    size = 0
    MAX_ARRAY_SIZE = 2147483639
    modCount = 0
    MAX_ARRAY_SIZE = 2147483639
  servletListeners = class java.util.ArrayList@ca3553e
    serialVersionUID = 8683452581122892189
    DEFAULT_CAPACITY = 10
    EMPTY_ELEMENTDATA = class java.lang.Object[0]
    DEFAULTCAPACITY_EMPTY_ELEMENTDATA = class java.lang.Object[0]
    elementData = class java.lang.Object[0]
    size = 0
    MAX_ARRAY_SIZE = 2147483639
    modCount = 0
    MAX_ARRAY_SIZE = 2147483639
  servletErrorListeners = class java.util.ArrayList@262c6866
    serialVersionUID = 8683452581122892189
    DEFAULT_CAPACITY = 10
    EMPTY_ELEMENTDATA = class java.lang.Object[0]
    DEFAULTCAPACITY_EMPTY_ELEMENTDATA = class java.lang.Object[0]
    elementData = class java.lang.Object[0]
    size = 0
    MAX_ARRAY_SIZE = 2147483639
    modCount = 0
    MAX_ARRAY_SIZE = 2147483639
  servletInvocationListeners = class java.util.ArrayList@545f0291
    serialVersionUID = 8683452581122892189
    DEFAULT_CAPACITY = 10
    EMPTY_ELEMENTDATA = class java.lang.Object[0]
    DEFAULTCAPACITY_EMPTY_ELEMENTDATA = class java.lang.Object[0]
    elementData = class java.lang.Object[0]
    size = 0
    MAX_ARRAY_SIZE = 2147483639
    modCount = 0
    MAX_ARRAY_SIZE = 2147483639
  filterInvocationListeners = class java.util.ArrayList@1db11506
    serialVersionUID = 8683452581122892189
    DEFAULT_CAPACITY = 10
    EMPTY_ELEMENTDATA = class java.lang.Object[0]
    DEFAULTCAPACITY_EMPTY_ELEMENTDATA = class java.lang.Object[0]
    elementData = class java.lang.Object[0]
    size = 0
    MAX_ARRAY_SIZE = 2147483639
    modCount = 0
    MAX_ARRAY_SIZE = 2147483639
  filterErrorListeners = class java.util.ArrayList@badb92b
    serialVersionUID = 8683452581122892189
    DEFAULT_CAPACITY = 10
    EMPTY_ELEMENTDATA = class java.lang.Object[0]
    DEFAULTCAPACITY_EMPTY_ELEMENTDATA = class java.lang.Object[0]
    elementData = class java.lang.Object[0]
    size = 0
    MAX_ARRAY_SIZE = 2147483639
    modCount = 0
    MAX_ARRAY_SIZE = 2147483639
  filterListeners = class java.util.ArrayList@4e078f60
    serialVersionUID = 8683452581122892189
    DEFAULT_CAPACITY = 10
    EMPTY_ELEMENTDATA = class java.lang.Object[0]
    DEFAULTCAPACITY_EMPTY_ELEMENTDATA = class java.lang.Object[0]
    elementData = class java.lang.Object[0]
    size = 0
    MAX_ARRAY_SIZE = 2147483639
    modCount = 0
    MAX_ARRAY_SIZE = 2147483639
  servletRequestListeners = class java.util.ArrayList@626057bb
    serialVersionUID = 8683452581122892189
    DEFAULT_CAPACITY = 10
    EMPTY_ELEMENTDATA = class java.lang.Object[0]
    DEFAULTCAPACITY_EMPTY_ELEMENTDATA = class java.lang.Object[0]
    elementData = class java.lang.Object[0]
    size = 0
    MAX_ARRAY_SIZE = 2147483639
    modCount = 0
    MAX_ARRAY_SIZE = 2147483639
  servletRequestAttributeListeners = class java.util.ArrayList@77ec77d4
    serialVersionUID = 8683452581122892189
    DEFAULT_CAPACITY = 10
    EMPTY_ELEMENTDATA = class java.lang.Object[0]
    DEFAULTCAPACITY_EMPTY_ELEMENTDATA = class java.lang.Object[0]
    elementData = class java.lang.Object[0]
    size = 0
    MAX_ARRAY_SIZE = 2147483639
    modCount = 0
    MAX_ARRAY_SIZE = 2147483639
  servletContextListeners = class java.util.ArrayList@11eefce3
    serialVersionUID = 8683452581122892189
    DEFAULT_CAPACITY = 10
    EMPTY_ELEMENTDATA = class java.lang.Object[0]
    DEFAULTCAPACITY_EMPTY_ELEMENTDATA = class java.lang.Object[0]
    elementData = class java.lang.Object[0]
    size = 0
    MAX_ARRAY_SIZE = 2147483639
    modCount = 0
    MAX_ARRAY_SIZE = 2147483639
  servletContextAttributeListeners = class java.util.ArrayList@63600d31
    serialVersionUID = 8683452581122892189
    DEFAULT_CAPACITY = 10
    EMPTY_ELEMENTDATA = class java.lang.Object[0]
    DEFAULTCAPACITY_EMPTY_ELEMENTDATA = class java.lang.Object[0]
    elementData = class java.lang.Object[0]
    size = 0
    MAX_ARRAY_SIZE = 2147483639
    modCount = 0
    MAX_ARRAY_SIZE = 2147483639
  sessionListeners = class java.util.ArrayList@35d4369
    serialVersionUID = 8683452581122892189
    DEFAULT_CAPACITY = 10
    EMPTY_ELEMENTDATA = class java.lang.Object[0]
    DEFAULTCAPACITY_EMPTY_ELEMENTDATA = class java.lang.Object[0]
    elementData = class java.lang.Object[0]
    size = 0
    MAX_ARRAY_SIZE = 2147483639
    modCount = 0
    MAX_ARRAY_SIZE = 2147483639
  sessionIdListeners = class java.util.ArrayList@171bc601
    serialVersionUID = 8683452581122892189
    DEFAULT_CAPACITY = 10
    EMPTY_ELEMENTDATA = class java.lang.Object[0]
    DEFAULTCAPACITY_EMPTY_ELEMENTDATA = class java.lang.Object[0]
    elementData = class java.lang.Object[0]
    size = 0
    MAX_ARRAY_SIZE = 2147483639
    modCount = 0
    MAX_ARRAY_SIZE = 2147483639
  sessionAttributeListeners = class java.util.ArrayList@717429e5
    serialVersionUID = 8683452581122892189
    DEFAULT_CAPACITY = 10
    EMPTY_ELEMENTDATA = class java.lang.Object[0]
    DEFAULTCAPACITY_EMPTY_ELEMENTDATA = class java.lang.Object[0]
    elementData = class java.lang.Object[0]
    size = 0
    MAX_ARRAY_SIZE = 2147483639
    modCount = 0
    MAX_ARRAY_SIZE = 2147483639
  DEFAULT_HOST = "default_host"
  _initialized = true
  logger = class com.ibm.ws.logging.internal.WsLogger@129eab7f
    tc = class com.ibm.websphere.ras.TraceComponent@39438065
      strings[0] = "TraceComponent[com.ibm.ws.logging.internal.WsLogger,class com.ibm.ws.logging.internal.WsLogger,[logging],com.ibm.ws.logging.internal.resources.LoggingMessages,null]"
    ivCachedResourceBundleName = "com.ibm.ws.webcontainer.resources.Messages"
    ivCachedResourceBundle = class com.ibm.ws.webcontainer.resources.Messages@5f3ac499
      resources = class [Ljava.lang.Object;[332]
      lookup = class java.util.HashMap@7030a3e6
      INITIAL_CACHE_SIZE = 32
      NONEXISTENT_BUNDLE = class java.util.ResourceBundle$1@45d95cd4
      cacheList = class java.util.concurrent.ConcurrentHashMap@5b76a3fb
      referenceQueue = class java.lang.ref.ReferenceQueue@46d64455
      parent = null
      locale = class java.util.Locale@330cf0fa
      name = "com.ibm.ws.webcontainer.resources.Messages"
      expired = false
      cacheKey = class java.util.ResourceBundle$CacheKey@3c3c25b3
      keySet = null
      providers = null
      $assertionsDisabled = true
    ivComponent = null
    ivOrganization = null
    ivProduct = null
    ivMinimumLocalizationLevelIntValue = 625
    ivTC = class com.ibm.websphere.ras.TraceComponent@498e558c
      strings[0] = "TraceComponent[com.ibm.ws.webcontainer,class com.ibm.wsspi.webcontainer.logging.LoggerFactory$1,[com.ibm.ws.webcontainer],null,null]"
    loggerRegistrationComponent = class java.lang.ThreadLocal@dc702a9
      threadLocalHashCode = -1218333801
      nextHashCode = class java.util.concurrent.atomic.AtomicInteger@7d7ab8e3
      HASH_INCREMENT = 1640531527
    emptyHandlers = class java.util.logging.Handler[0]
    offValue = 2147483647
    SYSTEM_LOGGER_RB_NAME = "sun.util.logging.resources.logging"
    SYSTEM_BUNDLE = class java.util.logging.Logger$LoggerBundle@4338bf72
      resourceBundleName = "sun.util.logging.resources.logging"
      userBundle = null
    NO_RESOURCE_BUNDLE = class java.util.logging.Logger$LoggerBundle@4aafa580
      resourceBundleName = null
      userBundle = null
    manager = class com.ibm.ws.kernel.boot.logging.WsLogManager@7fc82436
      CLASS_NAME = "com.ibm.ws.kernel.boot.logging.WsLogManager"
      CONFIGURE_BY_SERVER_PROPERTY_NAME = "java.util.logging.configureByServer"
      CONFIGURE_BY_LOGGING_PROPERTIES_FILE = "java.util.logging.configureByLoggingPropertiesFile"
      configureByServer = true
      configureByLoggingProperties = false
      wsLogger = class java.lang.reflect.Constructor@47d31c9
      resetEnabled = true
      manager = class com.ibm.ws.kernel.boot.logging.WsLogManager@7fc82436
      props = class java.util.Properties@2f14d92c
      defaultLevel = class java.util.logging.Level@4893ae42
      listenerMap = class java.util.HashMap@5e053f6a
      systemContext = class java.util.logging.LogManager$SystemLoggerContext@331bae1a
      userContext = class java.util.logging.LogManager$LoggerContext@33b8def7
      rootLogger = class java.util.logging.LogManager$RootLogger@3a6cbc15
      readPrimordialConfiguration = true
      initializedGlobalHandlers = true
      deathImminent = false
      initializedCalled = true
      initializationDone = true
      contextsMap = null
      loggerRefQueue = class java.lang.ref.ReferenceQueue@4d652a5d
      MAX_ITERATIONS = 400
      controlPermission = class java.util.logging.LoggingPermission@23e02695
      loggingMXBean = null
      LOGGING_MXBEAN_NAME = "java.util.logging:type=Logging"
      $assertionsDisabled = true
    name = "com.ibm.ws.webcontainer"
    handlers = class java.util.concurrent.CopyOnWriteArrayList@173a2e27
      serialVersionUID = 8673264195747942595
      lock = class java.util.concurrent.locks.ReentrantLock@2a7bdebc
      array = class java.lang.Object[0]
      UNSAFE = class sun.misc.Unsafe@7e02234f
      lockOffset = 12
    loggerBundle = class java.util.logging.Logger$LoggerBundle@117fd09d
      resourceBundleName = "com.ibm.ws.webcontainer.resources.Messages"
      userBundle = null
    useParentHandlers = true
    filter = null
    anonymous = false
    catalog = class com.ibm.ws.webcontainer.resources.Messages@5f3ac499
    catalogName = "com.ibm.ws.webcontainer.resources.Messages"
    catalogLocale = class java.util.Locale@264bf497
      LOCALECACHE = class java.util.Locale$Cache@60234c0f
      ENGLISH = class java.util.Locale@63b34cdc
      FRENCH = class java.util.Locale@15c8166a
      GERMAN = class java.util.Locale@2c5c7b15
      ITALIAN = class java.util.Locale@566519a5
      JAPANESE = class java.util.Locale@2f497a19
      KOREAN = class java.util.Locale@7ae742dc
      CHINESE = class java.util.Locale@352c0a46
      SIMPLIFIED_CHINESE = class java.util.Locale@4b7a8577
      TRADITIONAL_CHINESE = class java.util.Locale@2f87a7b3
      FRANCE = class java.util.Locale@6fb6f13d
      GERMANY = class java.util.Locale@3a1da8b7
      ITALY = class java.util.Locale@25d3c3be
      JAPAN = class java.util.Locale@377b5288
      KOREA = class java.util.Locale@6f1c6243
      CHINA = class java.util.Locale@4b7a8577
      PRC = class java.util.Locale@4b7a8577
      TAIWAN = class java.util.Locale@2f87a7b3
      UK = class java.util.Locale@38933707
      US = class java.util.Locale@264bf497
      CANADA = class java.util.Locale@366cd98
      CANADA_FRENCH = class java.util.Locale@6ee4306e
      ROOT = class java.util.Locale@330cf0fa
      PRIVATE_USE_EXTENSION = x
      UNICODE_LOCALE_EXTENSION = u
      serialVersionUID = 9149081749638150636
      DISPLAY_LANGUAGE = 0
      DISPLAY_COUNTRY = 1
      DISPLAY_VARIANT = 2
      DISPLAY_SCRIPT = 3
      baseLocale = class sun.util.locale.BaseLocale@62e6498b
      localeExtensions = null
      hashCodeValue = 96636889
      defaultLocale = class java.util.Locale@264bf497
      defaultDisplayLocale = null
      defaultFormatLocale = class java.util.Locale@264bf497
      languageTag = "en-US"
      serialPersistentFields = class java.io.ObjectStreamField[6]
      isoLanguages = null
      isoCountries = null
      $assertionsDisabled = true
    treeLock = class java.lang.Object@189c9dfc
    parent = class java.util.logging.Logger@5e91d3de
      emptyHandlers = class java.util.logging.Handler[0]
      offValue = 2147483647
      SYSTEM_LOGGER_RB_NAME = "sun.util.logging.resources.logging"
      SYSTEM_BUNDLE = class java.util.logging.Logger$LoggerBundle@4338bf72
      NO_RESOURCE_BUNDLE = class java.util.logging.Logger$LoggerBundle@4aafa580
      manager = class com.ibm.ws.kernel.boot.logging.WsLogManager@7fc82436
      name = ""
      handlers = class java.util.concurrent.CopyOnWriteArrayList@6082544b
      loggerBundle = class java.util.logging.Logger$LoggerBundle@4aafa580
      useParentHandlers = true
      filter = null
      anonymous = false
      catalog = null
      catalogName = null
      catalogLocale = null
      treeLock = class java.lang.Object@189c9dfc
      parent = null
      kids = class java.util.ArrayList@670eb44a
      levelObject = null
      levelValue = 800
      callersClassLoaderRef = null
      isSystemLogger = false
      GLOBAL_LOGGER_NAME = "global"
      global = class java.util.logging.Logger@64c383bf
      $assertionsDisabled = true
    kids = class java.util.ArrayList@31850ba9
      serialVersionUID = 8683452581122892189
      DEFAULT_CAPACITY = 10
      EMPTY_ELEMENTDATA = class java.lang.Object[0]
      DEFAULTCAPACITY_EMPTY_ELEMENTDATA = class java.lang.Object[0]
      elementData = class java.lang.Object[9]
      size = 7
      MAX_ARRAY_SIZE = 2147483639
      modCount = 7
      MAX_ARRAY_SIZE = 2147483639
    levelObject = class java.util.logging.Level@4893ae42
      defaultBundle = "sun.util.logging.resources.logging"
      name = "INFO"
      value = 800
      resourceBundleName = "sun.util.logging.resources.logging"
      localizedLevelName = "INFO"
      cachedLocale = class java.util.Locale@264bf497
      OFF = class java.util.logging.Level@64dbe208
      SEVERE = class java.util.logging.Level@1cf713f3
      WARNING = class java.util.logging.Level@3e258a42
      INFO = class java.util.logging.Level@4893ae42
      CONFIG = class java.util.logging.Level@56e0639b
      FINE = class java.util.logging.Level@6d9010ed
      FINER = class java.util.logging.Level@49dcfe27
      FINEST = class java.util.logging.Level@5b391ac4
      ALL = class java.util.logging.Level@e104683
      serialVersionUID = -8176160795706313070
    levelValue = 800
    callersClassLoaderRef = class java.lang.ref.WeakReference@349cb9d1
      referent = class org.eclipse.osgi.internal.loader.EquinoxClassLoader@6efaa97e
      queue = class java.lang.ref.ReferenceQueue$Null@7f770989
      next = null
      discovered = null
      lock = class java.lang.ref.Reference$Lock@768ff777
      pending = null
    isSystemLogger = false
    GLOBAL_LOGGER_NAME = "global"
    global = class java.util.logging.Logger@64c383bf
      emptyHandlers = class java.util.logging.Handler[0]
      offValue = 2147483647
      SYSTEM_LOGGER_RB_NAME = "sun.util.logging.resources.logging"
      SYSTEM_BUNDLE = class java.util.logging.Logger$LoggerBundle@4338bf72
      NO_RESOURCE_BUNDLE = class java.util.logging.Logger$LoggerBundle@4aafa580
      manager = class com.ibm.ws.kernel.boot.logging.WsLogManager@7fc82436
      name = "global"
      handlers = class java.util.concurrent.CopyOnWriteArrayList@bc4c026
      loggerBundle = class java.util.logging.Logger$LoggerBundle@4aafa580
      useParentHandlers = true
      filter = null
      anonymous = false
      catalog = null
      catalogName = null
      catalogLocale = null
      treeLock = class java.lang.Object@189c9dfc
      parent = class java.util.logging.Logger@5e91d3de
      kids = null
      levelObject = null
      levelValue = 800
      callersClassLoaderRef = null
      isSystemLogger = true
      GLOBAL_LOGGER_NAME = "global"
      global = class java.util.logging.Logger@64c383bf
      $assertionsDisabled = true
    $assertionsDisabled = true
  CLASS_NAME = "com.ibm.ws.webcontainer.internal.WebContainer"
  nls = class com.ibm.ejs.ras.TraceNLS@7b31f44e
    resolver = class com.ibm.ws.logging.internal.TraceNLSResolver@608c9ae5
      tc = class com.ibm.websphere.ras.TraceComponent@555590
      DEBUG_TRACE_NLS_PROPERTY = "com.ibm.ejs.ras.debugTraceNLSResolver"
      debugTraceNLSResolver = false
      makeNoise = false
      nullKey = "null"
      svNullBundleName = "Resource Bundle name is null, key = {0}"
      svBundleNotLoaded = "Unable to load ResourceBundle {0}"
      svNullKeyMessage = "Null key passed while using ResourceBundle {0}"
      svMalformedMessage = "No message text associated with key {0} in bundle {1}"
    finder = null
    ivBundleName = "com.ibm.ws.webcontainer.resources.Messages"
    caller = class java.lang.Class@77abb1d5
      ANNOTATION = 8192
      ENUM = 16384
      SYNTHETIC = 4096
      cachedConstructor = null
      newInstanceCallerCache = null
      name = null
      allPermDomain = class java.security.ProtectionDomain@7db4b699
      useCaches = true
      reflectionData = class java.lang.ref.SoftReference@7e797a1a
      classRedefinedCount = 0
      genericInfo = null
      serialVersionUID = 3206093459760846163
      serialPersistentFields = class java.io.ObjectStreamField[0]
      reflectionFactory = class sun.reflect.ReflectionFactory@62015974
      initted = true
      enumConstants = null
      enumConstantDirectory = null
      annotationData = class java.lang.Class$AnnotationData@3f0c80d3
      annotationType = null
      classValueMap = null
  self = class java.util.concurrent.atomic.AtomicReference@32d31ee7
    serialVersionUID = -1848883965231344442
    unsafe = class sun.misc.Unsafe@7e02234f
    valueOffset = 12
    value = class com.ibm.ws.webcontainer.osgi.WebContainer@c1cde7f
  _cipherToBit = class java.util.HashMap@62383259
    serialVersionUID = 362498820763181265
    DEFAULT_INITIAL_CAPACITY = 16
    MAXIMUM_CAPACITY = 1073741824
    DEFAULT_LOAD_FACTOR = 0.75
    TREEIFY_THRESHOLD = 8
    UNTREEIFY_THRESHOLD = 6
    MIN_TREEIFY_CAPACITY = 64
    table = null
    entrySet = null
    size = 0
    modCount = 0
    threshold = 0
    loadFactor = 0.75
    keySet = null
    values = null
  cacheKeyStringBuilder = class com.ibm.ws.util.WSThreadLocal@59aa832
    tc = class com.ibm.ejs.ras.TraceComponent@72f2190b
      strings[0] = "TraceComponent[com.ibm.ws.util.WSThreadLocal,class com.ibm.ws.util.WSThreadLocal,[Runtime],com.ibm.ws.runtime.runtime,null]"
    count = 7
    index = 1
    SUSPECTED_MISUSAGE_THRESHOLD = 200
    threadLocalHashCode = 31772271
    nextHashCode = class java.util.concurrent.atomic.AtomicInteger@7d7ab8e3
      serialVersionUID = 6214790243416807050
      unsafe = class sun.misc.Unsafe@7e02234f
      valueOffset = 12
      value = 1981495664
      serialVersionUID = -8742448824652078965
    HASH_INCREMENT = 1640531527
  listenersInitialized = true
  webConProperties = class java.util.Properties@71fdbf4b
    serialVersionUID = 4112578634029874840
    defaults = null
    hexDigit = {0123456789ABCDEF} /* array length = 16 */
    table = class java.util.Hashtable$Entry[95]
      Entry[0] = class java.util.Hashtable$Entry@2a051e78
      Entry[1] = class java.util.Hashtable$Entry@5a37d278
      Entry[2] = null
      Entry[3] = class java.util.Hashtable$Entry@64586f2e
      Entry[4] = null
      Entry[5] = class java.util.Hashtable$Entry@7d04241b
      Entry[6] = class java.util.Hashtable$Entry@7ff0031d
      Entry[7] = null
      Entry[8] = class java.util.Hashtable$Entry@1b30ba89
      Entry[9] = class java.util.Hashtable$Entry@3cb687de
      Entry[10] = class java.util.Hashtable$Entry@60ce48af
      Entry[11] = null
      Entry[12] = class java.util.Hashtable$Entry@1fd95740
      Entry[13] = null
      Entry[14] = class java.util.Hashtable$Entry@1a342c0
      Entry[15] = class java.util.Hashtable$Entry@923ad5d
      Entry[16] = null
      Entry[17] = null
      Entry[18] = null
      Entry[19] = class java.util.Hashtable$Entry@1b3a07e6
      Entry[20] = class java.util.Hashtable$Entry@4e8c3096
      Entry[21] = null
      Entry[22] = class java.util.Hashtable$Entry@55a2dec5
      Entry[23] = class java.util.Hashtable$Entry@417fd869
      Entry[24] = null
      Entry[25] = null
      Entry[26] = class java.util.Hashtable$Entry@ab1f297
      Entry[27] = null
      Entry[28] = class java.util.Hashtable$Entry@25167bd7
      Entry[29] = class java.util.Hashtable$Entry@6601cd46
      Entry[30] = null
      Entry[31] = null
      Entry[32] = null
      Entry[33] = null
      Entry[34] = class java.util.Hashtable$Entry@5982fd7f
      Entry[35] = null
      Entry[36] = class java.util.Hashtable$Entry@5c228992
      Entry[37] = null
      Entry[38] = null
      Entry[39] = null
      Entry[40] = null
      Entry[41] = null
      Entry[42] = null
      Entry[43] = class java.util.Hashtable$Entry@4afc8902
      Entry[44] = class java.util.Hashtable$Entry@227f16e6
      Entry[45] = class java.util.Hashtable$Entry@6cd86ed3
      Entry[46] = null
      Entry[47] = class java.util.Hashtable$Entry@24fe14c3
      Entry[48] = null
      Entry[49] = class java.util.Hashtable$Entry@ae43dc7
      Entry[50] = class java.util.Hashtable$Entry@5076c25b
      Entry[51] = null
      Entry[52] = class java.util.Hashtable$Entry@7f778070
      Entry[53] = class java.util.Hashtable$Entry@2bfbdb51
      Entry[54] = class java.util.Hashtable$Entry@5ac1ec
      Entry[55] = null
      Entry[56] = null
      Entry[57] = null
      Entry[58] = null
      Entry[59] = null
      Entry[60] = null
      Entry[61] = null
      Entry[62] = null
      Entry[63] = null
      Entry[64] = class java.util.Hashtable$Entry@6658bfa6
      Entry[65] = class java.util.Hashtable$Entry@25efc71d
      Entry[66] = null
      Entry[67] = null
      Entry[68] = null
      Entry[69] = null
      Entry[70] = class java.util.Hashtable$Entry@50bba1a2
      Entry[71] = null
      Entry[72] = null
      Entry[73] = class java.util.Hashtable$Entry@6384ff8
      Entry[74] = null
      Entry[75] = null
      Entry[76] = class java.util.Hashtable$Entry@253e6516
      Entry[77] = null
      Entry[78] = class java.util.Hashtable$Entry@7e328983
      Entry[79] = null
      Entry[80] = class java.util.Hashtable$Entry@73898156
      Entry[81] = null
      Entry[82] = null
      Entry[83] = null
      Entry[84] = null
      Entry[85] = class java.util.Hashtable$Entry@370a4750
      Entry[86] = null
      Entry[87] = null
      Entry[88] = class java.util.Hashtable$Entry@614a9272
      Entry[89] = null
      Entry[90] = null
      Entry[91] = null
      Entry[92] = class java.util.Hashtable$Entry@bde6149
      Entry[93] = class java.util.Hashtable$Entry@3462d255
      Entry[94] = null
    count = 55
    threshold = 71
    loadFactor = 0.75
    modCount = 58
    serialVersionUID = 1421746759512286392
    MAX_ARRAY_SIZE = 2147483639
    keySet = null
    entrySet = null
    values = null
    KEYS = 0
    VALUES = 1
    ENTRIES = 2
  sessionRegistry = null
  isStopped = false
  readWriteLockForStopping = class java.util.concurrent.locks.ReentrantReadWriteLock@5bf3a3b5
    serialVersionUID = -6992448646407690164
    readerLock = class java.util.concurrent.locks.ReentrantReadWriteLock$ReadLock@7a832d
      serialVersionUID = -5992448646407690164
      sync = class java.util.concurrent.locks.ReentrantReadWriteLock$NonfairSync@35566407
    writerLock = class java.util.concurrent.locks.ReentrantReadWriteLock$WriteLock@6b5d59a1
      serialVersionUID = -4992448646407690164
      sync = class java.util.concurrent.locks.ReentrantReadWriteLock$NonfairSync@35566407
    sync = class java.util.concurrent.locks.ReentrantReadWriteLock$NonfairSync@35566407
      serialVersionUID = -8159625535654395037
      serialVersionUID = 6317671515068378041
      SHARED_SHIFT = 16
      SHARED_UNIT = 65536
      MAX_COUNT = 65535
      EXCLUSIVE_MASK = 65535
      readHolds = class java.util.concurrent.locks.ReentrantReadWriteLock$Sync$ThreadLocalHoldCounter@77bcf1da
      cachedHoldCounter = null
      firstReader = null
      firstReaderHoldCount = 0
      serialVersionUID = 7373984972572414691
      head = null
      tail = null
      state = 0
      spinForTimeoutThreshold = 1000
      unsafe = class sun.misc.Unsafe@7e02234f
      stateOffset = 16
      headOffset = 20
      tailOffset = 24
      waitStatusOffset = 12
      nextOffset = 20
      serialVersionUID = 3737899427754241961
      exclusiveOwnerThread = null
    UNSAFE = class sun.misc.Unsafe@7e02234f
    TID_OFFSET = 40
  urlPrefix = ";jsessionid="
  extensionFactories = class java.util.ArrayList@78fae868
    serialVersionUID = 8683452581122892189
    DEFAULT_CAPACITY = 10
    EMPTY_ELEMENTDATA = class java.lang.Object[0]
    DEFAULTCAPACITY_EMPTY_ELEMENTDATA = class java.lang.Object[0]
    elementData = class java.lang.Object[10]
      Object[0] = class com.ibm.ws.jsp.webcontainerext.JSPExtensionFactory@7382addd
      Object[1] = class com.ibm.ws.jaxrs20.server.component.JaxRsExtensionFactory@52bcd3c0
      Object[2] = class com.ibm.ws.app.manager.wab.internal.WABExtensionFactory@6537ab23
      Object[3] = null
      Object[4] = null
      Object[5] = null
      Object[6] = null
      Object[7] = null
      Object[8] = null
      Object[9] = null
    size = 3
    MAX_ARRAY_SIZE = 2147483639
    modCount = 3
    MAX_ARRAY_SIZE = 2147483639
  postInitExtensionFactories = null
  httpResponseListeners = class java.util.ArrayList@28f1047d
    serialVersionUID = 8683452581122892189
    DEFAULT_CAPACITY = 10
    EMPTY_ELEMENTDATA = class java.lang.Object[0]
    DEFAULTCAPACITY_EMPTY_ELEMENTDATA = class java.lang.Object[0]
    elementData = class java.lang.Object[0]
    size = 0
    MAX_ARRAY_SIZE = 2147483639
    modCount = 0
    MAX_ARRAY_SIZE = 2147483639
  servletContainerInitializers = class java.util.ServiceLoader@34eaf1cf
    PREFIX = "META-INF/services/"
    service = class java.lang.Class@563329ea
      ANNOTATION = 8192
      ENUM = 16384
      SYNTHETIC = 4096
      cachedConstructor = null
      newInstanceCallerCache = null
      name = "javax.servlet.ServletContainerInitializer"
      allPermDomain = class java.security.ProtectionDomain@7db4b699
      useCaches = true
      reflectionData = null
      classRedefinedCount = 0
      genericInfo = null
      serialVersionUID = 3206093459760846163
      serialPersistentFields = class java.io.ObjectStreamField[0]
      reflectionFactory = class sun.reflect.ReflectionFactory@62015974
      initted = true
      enumConstants = null
      enumConstantDirectory = null
      annotationData = null
      annotationType = null
      classValueMap = null
    loader = class org.eclipse.osgi.internal.loader.EquinoxClassLoader@6efaa97e
      EQUINOX_REGISTERED_AS_PARALLEL = true
      configuration = class org.eclipse.osgi.internal.framework.EquinoxConfiguration@12e4b2e4
      debug = class org.eclipse.osgi.internal.debug.Debug@2134c7e6
      delegate = class org.eclipse.osgi.internal.loader.BundleLoader@27f8b308
      generation = class org.eclipse.osgi.storage.BundleInfo$Generation@4fda947a
      manager = class org.eclipse.osgi.internal.loader.classpath.ClasspathManager@6fed737e
      isRegisteredAsParallel = true
      ALLPERMISSIONS = class java.security.AllPermissionCollection@148b8f4a
      REGISTERED_AS_PARALLEL = true
      classNameLocks = class java.util.HashMap@23cf6cad
      pkgLock = class java.lang.Object@41cdfb2f
      parent = class com.ibm.ws.kernel.internal.classloader.BootstrapChildFirstJarClassloader@b1a58a3
      parallelLockMap = class java.util.concurrent.ConcurrentHashMap@5a2fce28
      package2certs = class java.util.concurrent.ConcurrentHashMap@1296fbf8
      nocerts = class java.security.cert.Certificate[0]
      classes = class java.util.Vector@4a644703
      defaultDomain = class java.security.ProtectionDomain@645ec9e3
      domains = class java.util.Collections$SynchronizedSet@40a405ce
      packages = class java.util.HashMap@65c87f19
      scl = class sun.misc.Launcher$AppClassLoader@18b4aac2
      sclSet = true
      loadedLibraryNames = class java.util.Vector@d7c70fc
      systemNativeLibraries = class java.util.Vector@1f7fa161
      nativeLibraries = class java.util.Vector@7f954d35
      nativeLibraryContext = class java.util.Stack@5983d569
      usr_paths = class java.lang.String[7]
      sys_paths = class java.lang.String[1]
      assertionLock = class java.lang.Object@a96d6f
      defaultAssertionStatus = false
      packageAssertionStatus = null
      classAssertionStatus = null
    acc = null
    providers = class java.util.LinkedHashMap@257c62aa
      serialVersionUID = 3801124242820219131
      head = null
      tail = null
      accessOrder = false
      serialVersionUID = 362498820763181265
      DEFAULT_INITIAL_CAPACITY = 16
      MAXIMUM_CAPACITY = 1073741824
      DEFAULT_LOAD_FACTOR = 0.75
      TREEIFY_THRESHOLD = 8
      UNTREEIFY_THRESHOLD = 6
      MIN_TREEIFY_CAPACITY = 64
      table = null
      entrySet = null
      size = 0
      modCount = 1
      threshold = 0
      loadFactor = 0.75
      keySet = null
      values = null
    lookupIterator = class java.util.ServiceLoader$LazyIterator@62ceb251
      service = class java.lang.Class@563329ea
      loader = class org.eclipse.osgi.internal.loader.EquinoxClassLoader@6efaa97e
      configs = null
      pending = null
      nextName = null
      this$0 = class java.util.ServiceLoader@34eaf1cf
  auditManager = class com.ibm.websphere.security.audit.context.AuditManager@724202ec
    threadLocal = class com.ibm.websphere.security.audit.context.AuditManager$AuditThreadLocal@551493e1
      serialVersionUID = 7915092222804478388
      $$$tc$$$ = class com.ibm.websphere.ras.TraceComponent@6754148
      threadLocalHashCode = -1804945262
      nextHashCode = class java.util.concurrent.atomic.AtomicInteger@7d7ab8e3
      HASH_INCREMENT = 1640531527
    serialVersionUID = 3990873393024807062
    $$$tc$$$ = class com.ibm.websphere.ras.TraceComponent@9925779
      strings[0] = "TraceComponent[com.ibm.websphere.security.audit.context.AuditManager,class com.ibm.websphere.security.audit.context.AuditManager,[],null,null]"
  threadLocal = class java.lang.ThreadLocal@5d540d64
    threadLocalHashCode = 1672303798
    nextHashCode = class java.util.concurrent.atomic.AtomicInteger@7d7ab8e3
    HASH_INCREMENT = 1640531527
  invocationCacheSize = 500
  decodePlusSign = true
  _cacheMap = class java.util.concurrent.ConcurrentHashMap@7da6385f
    serialVersionUID = 7249069246763182397
    MAXIMUM_CAPACITY = 1073741824
    DEFAULT_CAPACITY = 16
    MAX_ARRAY_SIZE = 2147483639
    DEFAULT_CONCURRENCY_LEVEL = 16
    LOAD_FACTOR = 0.75
    TREEIFY_THRESHOLD = 8
    UNTREEIFY_THRESHOLD = 6
    MIN_TREEIFY_CAPACITY = 64
    MIN_TRANSFER_STRIDE = 16
    RESIZE_STAMP_BITS = 16
    MAX_RESIZERS = 65535
    RESIZE_STAMP_SHIFT = 16
    MOVED = -1
    TREEBIN = -2
    RESERVED = -3
    HASH_BITS = 2147483647
    NCPU = 4
    serialPersistentFields = class java.io.ObjectStreamField[3]
    table = null
    nextTable = null
    baseCount = 0
    sizeCtl = 1024
    transferIndex = 0
    cellsBusy = 0
    counterCells = null
    keySet = null
    values = null
    entrySet = null
    U = class sun.misc.Unsafe@7e02234f
    SIZECTL = 20
    TRANSFERINDEX = 32
    BASECOUNT = 24
    CELLSBUSY = 36
    CELLVALUE = 144
    ABASE = 16
    ASHIFT = 2
    keySet = null
    values = null
  _cacheSize = class java.util.concurrent.atomic.AtomicInteger@1e21daad
    serialVersionUID = 6214790243416807050
    unsafe = class sun.misc.Unsafe@7e02234f
    valueOffset = 12
    value = 0
    serialVersionUID = -8742448824652078965
  vHostCompatFlag = false
  platformHelper = class com.ibm.ws.webcontainer.PlatformHelper@7c96fee7
  isDefaultTempDir = true
  tempDir = null
  servletCachingInitNeeded = true
  appInstallBegun = true
  cacheServletWrapperFactory = class com.ibm.ws.webcontainer31.servlet.factory.CacheServletWrapperFactory31Impl@154e33c
  commands = class java.util.ArrayList@5d180839
    serialVersionUID = 8683452581122892189
    DEFAULT_CAPACITY = 10
    EMPTY_ELEMENTDATA = class java.lang.Object[0]
    DEFAULTCAPACITY_EMPTY_ELEMENTDATA = class java.lang.Object[0]
    elementData = class java.lang.Object[3]
      Object[0] = null
      Object[1] = null
      Object[2] = null
    size = 0
    MAX_ARRAY_SIZE = 2147483639
    modCount = 0
    MAX_ARRAY_SIZE = 2147483639
  requestMapper = class com.ibm.ws.webcontainer.util.VirtualHostContextRootMapper@16b2a4bb
    cachedMappers = class java.util.Collections$SynchronizedMap@4b48c240
      serialVersionUID = 1978198479659022715
      m = class java.util.HashMap@39a16495
      mutex = class java.util.Collections$SynchronizedMap@4b48c240
      keySet = null
      entrySet = null
      values = null
    nls = class com.ibm.ejs.ras.TraceNLS@5df2b853
      resolver = class com.ibm.ws.logging.internal.TraceNLSResolver@608c9ae5
      finder = null
      ivBundleName = "com.ibm.ws.webcontainer.resources.Messages"
      caller = class java.lang.Class@2c149241
    logger = class com.ibm.ws.logging.internal.WsLogger@5991ac9f
      tc = class com.ibm.websphere.ras.TraceComponent@39438065
      ivCachedResourceBundleName = null
      ivCachedResourceBundle = null
      ivComponent = null
      ivOrganization = null
      ivProduct = null
      ivMinimumLocalizationLevelIntValue = 625
      ivTC = class com.ibm.websphere.ras.TraceComponent@38a03d1d
      loggerRegistrationComponent = class java.lang.ThreadLocal@dc702a9
      emptyHandlers = class java.util.logging.Handler[0]
      offValue = 2147483647
      SYSTEM_LOGGER_RB_NAME = "sun.util.logging.resources.logging"
      SYSTEM_BUNDLE = class java.util.logging.Logger$LoggerBundle@4338bf72
      NO_RESOURCE_BUNDLE = class java.util.logging.Logger$LoggerBundle@4aafa580
      manager = class com.ibm.ws.kernel.boot.logging.WsLogManager@7fc82436
      name = "com.ibm.ws.webcontainer.util"
      handlers = class java.util.concurrent.CopyOnWriteArrayList@21912512
      loggerBundle = class java.util.logging.Logger$LoggerBundle@13266879
      useParentHandlers = true
      filter = null
      anonymous = false
      catalog = class com.ibm.ws.webcontainer.resources.Messages@5f3ac499
      catalogName = "com.ibm.ws.webcontainer.resources.Messages"
      catalogLocale = class java.util.Locale@264bf497
      treeLock = class java.lang.Object@189c9dfc
      parent = class com.ibm.ws.logging.internal.WsLogger@129eab7f
      kids = null
      levelObject = class java.util.logging.Level@4893ae42
      levelValue = 800
      callersClassLoaderRef = class java.lang.ref.WeakReference@7b82e78
      isSystemLogger = false
      GLOBAL_LOGGER_NAME = "global"
      global = class java.util.logging.Logger@64c383bf
      $assertionsDisabled = true
    CLASS_NAME = "com.ibm.ws.webcontainer.util.VirtualHostContextRootMapper"
    CLASSNAME = "com.ibm.ws.util.VirtualHostMapper"
    tc = class com.ibm.ejs.ras.TraceComponent@62dd0a91
      strings[0] = "TraceComponent[com.ibm.ws.util.VirtualHostMapper,class com.ibm.ws.util.VirtualHostMapper,[Runtime],null,null]"
    vHostTable = class java.util.concurrent.ConcurrentHashMap@14b0223d
      serialVersionUID = 7249069246763182397
      MAXIMUM_CAPACITY = 1073741824
      DEFAULT_CAPACITY = 16
      MAX_ARRAY_SIZE = 2147483639
      DEFAULT_CONCURRENCY_LEVEL = 16
      LOAD_FACTOR = 0.75
      TREEIFY_THRESHOLD = 8
      UNTREEIFY_THRESHOLD = 6
      MIN_TREEIFY_CAPACITY = 64
      MIN_TRANSFER_STRIDE = 16
      RESIZE_STAMP_BITS = 16
      MAX_RESIZERS = 65535
      RESIZE_STAMP_SHIFT = 16
      MOVED = -1
      TREEBIN = -2
      RESERVED = -3
      HASH_BITS = 2147483647
      NCPU = 4
      serialPersistentFields = class java.io.ObjectStreamField[3]
      table = null
      nextTable = null
      baseCount = 0
      sizeCtl = 0
      transferIndex = 0
      cellsBusy = 0
      counterCells = null
      keySet = null
      values = null
      entrySet = null
      U = class sun.misc.Unsafe@7e02234f
      SIZECTL = 20
      TRANSFERINDEX = 32
      BASECOUNT = 24
      CELLSBUSY = 36
      CELLVALUE = 144
      ABASE = 16
      ASHIFT = 2
      keySet = null
      values = null
  parent = null
  name = "Was.webcontainer"
  isAlive = true
  subElements = class java.util.HashMap@1f3631df
    serialVersionUID = 362498820763181265
    DEFAULT_INITIAL_CAPACITY = 16
    MAXIMUM_CAPACITY = 1073741824
    DEFAULT_LOAD_FACTOR = 0.75
    TREEIFY_THRESHOLD = 8
    UNTREEIFY_THRESHOLD = 6
    MIN_TREEIFY_CAPACITY = 64
    table = class java.util.HashMap$Node[16]
      Node[0] = null
      Node[1] = null
      Node[2] = null
      Node[3] = null
      Node[4] = null
      Node[5] = null
      Node[6] = null
      Node[7] = null
      Node[8] = null
      Node[9] = null
      Node[10] = null
      Node[11] = null
      Node[12] = null
      Node[13] = null
      Node[14] = class java.util.HashMap$Node@2bdebe51
      Node[15] = null
    entrySet = null
    size = 1
    modCount = 1
    threshold = 12
    loadFactor = 0.75
    keySet = null
    values = null
  attributes = null
  config = null
  serialVersionUID = -8271459000149267764
  $$$tc$$$ = class com.ibm.websphere.ras.TraceComponent@5b4cf525
    strings[0] = "TraceComponent[com.ibm.ws.container.AbstractContainer,class com.ibm.ws.container.AbstractContainer,[],null,null]"

