------Start of DE processing------ = [6/26/18 12:32:07:697 PDT]
Exception = com.ibm.ws.microprofile.health.services.HealthCheckBeanCallException
Source = com.ibm.ws.microprofile.health.services.impl.HealthExecutorImpl
probeid = 74
Stack Dump = com.ibm.ws.microprofile.health.services.HealthCheckBeanCallException: java.lang.NullPointerException
	at com.ibm.ws.microprofile.health.services.impl.HealthCheckCDIBeanInvokerImpl.checkAllBeans(HealthCheckCDIBeanInvokerImpl.java:59)
	at sun.reflect.NativeMethodAccessorImpl.invoke0(Native Method)
	at sun.reflect.NativeMethodAccessorImpl.invoke(NativeMethodAccessorImpl.java:62)
	at sun.reflect.DelegatingMethodAccessorImpl.invoke(DelegatingMethodAccessorImpl.java:43)
	at java.lang.reflect.Method.invoke(Method.java:498)
	at com.ibm.ws.context.service.serializable.ContextualInvocationHandler.invoke(ContextualInvocationHandler.java:76)
	at com.ibm.ws.context.service.serializable.ContextualInvocationHandler.invoke(ContextualInvocationHandler.java:97)
	at com.sun.proxy.$Proxy68.checkAllBeans(Unknown Source)
	at com.ibm.ws.microprofile.health.services.impl.HealthExecutorImpl.runHealthChecks(HealthExecutorImpl.java:73)
	at com.ibm.ws.microprofile.health.internal.HealthCheckServiceImpl.performHealthCheck(HealthCheckServiceImpl.java:107)
	at com.ibm.ws.microprofile.health.internal.servlet.HealthCheckServlet.service(HealthCheckServlet.java:53)
	at javax.servlet.http.HttpServlet.service(HttpServlet.java:790)
	at com.ibm.ws.webcontainer.servlet.ServletWrapper.service(ServletWrapper.java:1255)
	at com.ibm.ws.webcontainer.servlet.ServletWrapper.handleRequest(ServletWrapper.java:743)
	at com.ibm.ws.webcontainer.servlet.ServletWrapper.handleRequest(ServletWrapper.java:440)
	at com.ibm.ws.webcontainer.filter.WebAppFilterChain.invokeTarget(WebAppFilterChain.java:143)
	at com.ibm.ws.webcontainer.filter.WebAppFilterChain.doFilter(WebAppFilterChain.java:89)
	at com.ibm.ws.app.manager.wab.internal.OsgiDirectoryProtectionFilter.doFilter(OsgiDirectoryProtectionFilter.java:90)
	at com.ibm.ws.webcontainer.filter.FilterInstanceWrapper.doFilter(FilterInstanceWrapper.java:201)
	at com.ibm.ws.webcontainer.filter.WebAppFilterChain.doFilter(WebAppFilterChain.java:86)
	at com.ibm.ws.webcontainer.filter.WebAppFilterManager.doFilter(WebAppFilterManager.java:995)
	at com.ibm.ws.webcontainer.filter.WebAppFilterManager.invokeFilters(WebAppFilterManager.java:1124)
	at com.ibm.ws.webcontainer.webapp.WebApp.handleRequest(WebApp.java:4962)
	at com.ibm.ws.webcontainer.osgi.DynamicVirtualHost$2.handleRequest(DynamicVirtualHost.java:314)
	at com.ibm.ws.webcontainer.WebContainer.handleRequest(WebContainer.java:995)
	at com.ibm.ws.webcontainer.osgi.DynamicVirtualHost$2.run(DynamicVirtualHost.java:279)
	at com.ibm.ws.http.dispatcher.internal.channel.HttpDispatcherLink$TaskWrapper.run(HttpDispatcherLink.java:957)
	at com.ibm.ws.http.dispatcher.internal.channel.HttpDispatcherLink.wrapHandlerAndExecute(HttpDispatcherLink.java:357)
	at com.ibm.ws.http.dispatcher.internal.channel.HttpDispatcherLink.ready(HttpDispatcherLink.java:316)
	at com.ibm.ws.http.channel.internal.inbound.HttpInboundLink.handleDiscrimination(HttpInboundLink.java:499)
	at com.ibm.ws.http.channel.internal.inbound.HttpInboundLink.handleNewRequest(HttpInboundLink.java:433)
	at com.ibm.ws.http.channel.internal.inbound.HttpInboundLink.processRequest(HttpInboundLink.java:313)
	at com.ibm.ws.http.channel.internal.inbound.HttpInboundLink.ready(HttpInboundLink.java:284)
	at com.ibm.ws.tcpchannel.internal.NewConnectionInitialReadCallback.sendToDiscriminators(NewConnectionInitialReadCallback.java:165)
	at com.ibm.ws.tcpchannel.internal.NewConnectionInitialReadCallback.complete(NewConnectionInitialReadCallback.java:74)
	at com.ibm.ws.tcpchannel.internal.WorkQueueManager.requestComplete(WorkQueueManager.java:501)
	at com.ibm.ws.tcpchannel.internal.WorkQueueManager.attemptIO(WorkQueueManager.java:571)
	at com.ibm.ws.tcpchannel.internal.WorkQueueManager.workerRun(WorkQueueManager.java:926)
	at com.ibm.ws.tcpchannel.internal.WorkQueueManager$Worker.run(WorkQueueManager.java:1015)
	at java.util.concurrent.ThreadPoolExecutor.runWorker(ThreadPoolExecutor.java:1149)
	at java.util.concurrent.ThreadPoolExecutor$Worker.run(ThreadPoolExecutor.java:624)
	at java.lang.Thread.run(Thread.java:748)
Caused by: java.lang.NullPointerException
	at application.microprofile.web.BookEndpointConfig.isInMaintenance(BookEndpointConfig.java:19)
	at application.microprofile.HealthEndpoint.isHealthy(HealthEndpoint.java:36)
	at application.microprofile.HealthEndpoint.call(HealthEndpoint.java:55)
	at application.microprofile.HealthEndpoint$Proxy$_$$_WeldClientProxy.call(Unknown Source)
	at com.ibm.ws.microprofile.health.services.impl.HealthCheckCDIBeanInvokerImpl.checkAllBeans(HealthCheckCDIBeanInvokerImpl.java:57)
	... 41 more

Dump of callerThis
Object type = com.ibm.ws.microprofile.health.services.impl.HealthExecutorImpl
  appModuleContextService = class com.ibm.ws.microprofile.health.services.impl.AppModuleContextService@5d905686
    metaDataIdentifierService = class com.ibm.ws.container.service.metadata.internal.MetaDataServiceImpl@27a91f23
      applicationMetaDataManager = class com.ibm.ws.container.service.metadata.internal.ApplicationMetaDataManager@30a23e4d
      moduleMetaDataManager = class com.ibm.ws.container.service.metadata.internal.ModuleMetaDataManager@221c6f08
      componentMetaDataManager = class com.ibm.ws.container.service.metadata.internal.ComponentMetaDataManager@15db8d06
      methodMetaDataManager = class com.ibm.ws.container.service.metadata.internal.MethodMetaDataManager@7a0f663f
      appModuleNameToModuleContainer = class java.util.concurrent.ConcurrentHashMap@5bfe7f65
      jeeNameToComponentMetaData = class java.util.concurrent.ConcurrentHashMap@1adb3f3d
      deferredMetaDataFactories = class com.ibm.wsspi.kernel.service.utils.ConcurrentServiceReferenceSet@532132dd
      deferredMetaDataInitializers = class com.ibm.wsspi.kernel.service.utils.ConcurrentServiceReferenceMap@529e9818
      serialVersionUID = -2494605732980966097
      $$$tc$$$ = class com.ibm.websphere.ras.TraceComponent@63784680
    classLoaderIdentifierService = class com.ibm.ws.classloading.internal.ClassLoadingServiceImpl@3920d0b9
      tc = class com.ibm.websphere.ras.TraceComponent@66ba9812
      leakDetectionMap = class java.util.HashMap@5a74153c
      TCCL_LOCK_WAIT = 15000
      REFERENCE_GENERATORS = "generators"
      bundleContext = class org.eclipse.osgi.internal.framework.BundleContextImpl@6ebd3eb3
      aclStore = class com.ibm.ws.classloading.internal.util.CanonicalStore@53a2849d
      tcclStore = class com.ibm.ws.classloading.internal.util.CanonicalStore@524bf964
      tcclStoreLock = class java.util.concurrent.locks.ReentrantLock@35b88884
      digraph = class org.eclipse.equinox.internal.region.StandardRegionDigraph@4f9fa6fa
      redefiner = class com.ibm.ws.classloading.internal.util.ClassRedefiner@8de55f8
      listener = class com.ibm.ws.classloading.internal.ClassLoadingServiceImpl$1@5d30d5e
      classloaders = class java.util.Collections$SynchronizedMap@74de49c8
      resourceProviders = class com.ibm.ws.classloading.internal.CompositeResourceProvider@464499df
      rememberedBundles = class java.util.concurrent.ConcurrentHashMap@3ccf757a
      collectedBundles = class java.lang.ref.ReferenceQueue@216b2640
      generatorRefs = class com.ibm.wsspi.kernel.service.utils.ConcurrentServiceReferenceSet@277dabac
      generatorManager = class com.ibm.ws.classloading.internal.ClassGeneratorManager@459544fd
      appExtLibs = class java.util.concurrent.CopyOnWriteArrayList@2368d90
      metaInfServicesProviders = class java.util.concurrent.ConcurrentHashMap@7a97e2b0
      metaInfServicesRefs = class com.ibm.wsspi.kernel.service.utils.ConcurrentServiceReferenceMap@307d0685
      protectionDomainMap = class java.util.HashMap@5f200edb
      metadataIdentifierService = class com.ibm.ws.container.service.metadata.internal.MetaDataServiceImpl@27a91f23
      serialVersionUID = 3750725462702355330
    contextService = class com.ibm.ws.context.service.serializable.ThreadContextManager@344802de
      COMPONENT_NAME = "component.name"
      alwaysEnabled = class java.util.Collections$SetFromMap@7c0ab0ba
      metadataIdentifierService = class com.ibm.ws.container.service.metadata.internal.MetaDataServiceImpl@27a91f23
      threadContextProviders = class com.ibm.wsspi.kernel.service.utils.ConcurrentServiceReferenceMap@64546de8
      serialVersionUID = 3513608484245697656
      $$$tc$$$ = class com.ibm.websphere.ras.TraceComponent@fa4de77
    jeeMetaDataContextProvider = class com.ibm.ws.javaee.metadata.context.internal.JEEMetadataContextProviderImpl@7548833f
      componentMetadataDecoratorRefs = class com.ibm.wsspi.kernel.service.utils.ConcurrentServiceReferenceMap@4af54df
      metadataIdentifierService = class com.ibm.ws.container.service.metadata.internal.MetaDataServiceImpl@27a91f23
      serialVersionUID = -2732463529342838032
      $$$tc$$$ = class com.ibm.websphere.ras.TraceComponent@523b4c0d
    classLoaderContextProvider = class com.ibm.ws.classloader.context.internal.ClassloaderContextProviderImpl@1f0003aa
      classLoaderIdentifierService = class com.ibm.ws.classloading.internal.ClassLoadingServiceImpl@3920d0b9
      serialVersionUID = 8831900865066815314
      $$$tc$$$ = class com.ibm.websphere.ras.TraceComponent@527099c4
    CapturedContexts = interface java.util.Map[3]
      Map[0] = class java.util.Collections$SingletonMap@2c0bbf59
      Map[1] = class java.util.Collections$SingletonMap@741acd73
      Map[2] = class java.util.Collections$SingletonMap@2b1353fd
    serialVersionUID = -3466757775991707204
    $$$tc$$$ = class com.ibm.websphere.ras.TraceComponent@59ca8fbb
      strings[0] = "TraceComponent[com.ibm.ws.microprofile.health.services.impl.AppModuleContextService,class com.ibm.ws.microprofile.health.services.impl.AppModuleContextService,[HEALTH],com.ibm.ws.microprofile.health.resources.Health,null]"
  healthCheckCDIBeanInvoker = class com.ibm.ws.microprofile.health.services.impl.HealthCheckCDIBeanInvokerImpl@2eba4b8b
    tc = class com.ibm.ejs.ras.TraceComponent@5e9f3721
      strings[0] = "TraceComponent[com.ibm.ws.microprofile.health.services.impl.HealthCheckCDIBeanInvokerImpl,class com.ibm.ws.microprofile.health.services.impl.HealthCheckCDIBeanInvokerImpl,[],null,null]"
    serialVersionUID = -6904456700224442077
  j2eeNameFactory = class com.ibm.ws.container.service.metadata.internal.J2EENameFactoryImpl@13cacfa2
    serialVersionUID = 3486344295038028821
    $$$tc$$$ = class com.ibm.websphere.ras.TraceComponent@7fe22d4b
      strings[0] = "TraceComponent[com.ibm.ws.container.service.metadata.internal.J2EENameFactoryImpl,class com.ibm.ws.container.service.metadata.internal.J2EENameFactoryImpl,[Runtime],,null]"
  logger = class com.ibm.ws.logging.internal.WsLogger@b460e38
    tc = class com.ibm.websphere.ras.TraceComponent@3f7c9382
      strings[0] = "TraceComponent[com.ibm.ws.logging.internal.WsLogger,class com.ibm.ws.logging.internal.WsLogger,[logging],com.ibm.ws.logging.internal.resources.LoggingMessages,null]"
    ivCachedResourceBundleName = null
    ivCachedResourceBundle = null
    ivComponent = null
    ivOrganization = null
    ivProduct = null
    ivMinimumLocalizationLevelIntValue = 625
    ivTC = class com.ibm.websphere.ras.TraceComponent@4d7fb172
      strings[0] = "TraceComponent[com.ibm.ws.microprofile.health.services.impl.HealthExecutorImpl,class com.ibm.ws.microprofile.health.services.impl.HealthExecutorImpl,[com.ibm.ws.microprofile.health.services.impl.HealthExecutorImpl],null,null]"
    loggerRegistrationComponent = class java.lang.ThreadLocal@18250c58
      threadLocalHashCode = -978983473
      nextHashCode = class java.util.concurrent.atomic.AtomicInteger@139c71f9
      HASH_INCREMENT = 1640531527
    emptyHandlers = class java.util.logging.Handler[0]
    offValue = 2147483647
    SYSTEM_LOGGER_RB_NAME = "sun.util.logging.resources.logging"
    SYSTEM_BUNDLE = class java.util.logging.Logger$LoggerBundle@1d75bb0a
      resourceBundleName = "sun.util.logging.resources.logging"
      userBundle = null
    NO_RESOURCE_BUNDLE = class java.util.logging.Logger$LoggerBundle@71bea6c6
      resourceBundleName = null
      userBundle = null
    manager = class com.ibm.ws.kernel.boot.logging.WsLogManager@41c93365
      CLASS_NAME = "com.ibm.ws.kernel.boot.logging.WsLogManager"
      CONFIGURE_BY_SERVER_PROPERTY_NAME = "java.util.logging.configureByServer"
      CONFIGURE_BY_LOGGING_PROPERTIES_FILE = "java.util.logging.configureByLoggingPropertiesFile"
      configureByServer = true
      configureByLoggingProperties = false
      wsLogger = class java.lang.reflect.Constructor@51c14f49
      resetEnabled = true
      manager = class com.ibm.ws.kernel.boot.logging.WsLogManager@41c93365
      props = class java.util.Properties@422f5863
      defaultLevel = class java.util.logging.Level@6f0c722
      listenerMap = class java.util.HashMap@6cab5f7c
      systemContext = class java.util.logging.LogManager$SystemLoggerContext@374bfea7
      userContext = class java.util.logging.LogManager$LoggerContext@5733a9c0
      rootLogger = class java.util.logging.LogManager$RootLogger@6fe70f05
      readPrimordialConfiguration = true
      initializedGlobalHandlers = true
      deathImminent = false
      initializedCalled = true
      initializationDone = true
      contextsMap = null
      loggerRefQueue = class java.lang.ref.ReferenceQueue@5901ed3a
      MAX_ITERATIONS = 400
      controlPermission = class java.util.logging.LoggingPermission@31578e7b
      loggingMXBean = null
      LOGGING_MXBEAN_NAME = "java.util.logging:type=Logging"
      $assertionsDisabled = true
    name = "com.ibm.ws.microprofile.health.services.impl.HealthExecutorImpl"
    handlers = class java.util.concurrent.CopyOnWriteArrayList@1b3bd9fb
      serialVersionUID = 8673264195747942595
      lock = class java.util.concurrent.locks.ReentrantLock@6d053aee
      array = class java.lang.Object[0]
      UNSAFE = class sun.misc.Unsafe@cd63842
      lockOffset = 12
    loggerBundle = class java.util.logging.Logger$LoggerBundle@2ba68c7d
      resourceBundleName = "com.ibm.ws.microprofile.health.resources.Health"
      userBundle = null
    useParentHandlers = true
    filter = null
    anonymous = false
    catalog = class com.ibm.ws.microprofile.health.resources.Health@2f2a8759
      resources = class [Ljava.lang.Object;[4]
      serialVersionUID = 3302440755117670651
      $$$tc$$$ = class com.ibm.websphere.ras.TraceComponent@3cd23c31
      lookup = null
      INITIAL_CACHE_SIZE = 32
      NONEXISTENT_BUNDLE = class java.util.ResourceBundle$1@17c25e60
      cacheList = class java.util.concurrent.ConcurrentHashMap@467b64fb
      referenceQueue = class java.lang.ref.ReferenceQueue@524b0677
      parent = null
      locale = class java.util.Locale@32dbe06f
      name = "com.ibm.ws.microprofile.health.resources.Health"
      expired = false
      cacheKey = class java.util.ResourceBundle$CacheKey@11b3bc2
      keySet = null
      providers = null
      $assertionsDisabled = true
    catalogName = "com.ibm.ws.microprofile.health.resources.Health"
    catalogLocale = class java.util.Locale@27f0dbc2
      LOCALECACHE = class java.util.Locale$Cache@7be05c38
      ENGLISH = class java.util.Locale@2c28fb66
      FRENCH = class java.util.Locale@7a96bbe4
      GERMAN = class java.util.Locale@773fc69b
      ITALIAN = class java.util.Locale@ec745d8
      JAPANESE = class java.util.Locale@65df7cad
      KOREAN = class java.util.Locale@2a59b269
      CHINESE = class java.util.Locale@235ba2a7
      SIMPLIFIED_CHINESE = class java.util.Locale@1786ca91
      TRADITIONAL_CHINESE = class java.util.Locale@9a2e6d8
      FRANCE = class java.util.Locale@6e8fd77f
      GERMANY = class java.util.Locale@103f1e93
      ITALY = class java.util.Locale@31cc8c47
      JAPAN = class java.util.Locale@2f463880
      KOREA = class java.util.Locale@3fe22638
      CHINA = class java.util.Locale@1786ca91
      PRC = class java.util.Locale@1786ca91
      TAIWAN = class java.util.Locale@9a2e6d8
      UK = class java.util.Locale@57c17cd1
      US = class java.util.Locale@27f0dbc2
      CANADA = class java.util.Locale@23a6cda
      CANADA_FRENCH = class java.util.Locale@1ca6d625
      ROOT = class java.util.Locale@32dbe06f
      PRIVATE_USE_EXTENSION = x
      UNICODE_LOCALE_EXTENSION = u
      serialVersionUID = 9149081749638150636
      DISPLAY_LANGUAGE = 0
      DISPLAY_COUNTRY = 1
      DISPLAY_VARIANT = 2
      DISPLAY_SCRIPT = 3
      baseLocale = class sun.util.locale.BaseLocale@6ea02511
      localeExtensions = null
      hashCodeValue = 96636889
      defaultLocale = class java.util.Locale@27f0dbc2
      defaultDisplayLocale = null
      defaultFormatLocale = class java.util.Locale@27f0dbc2
      languageTag = "en-US"
      serialPersistentFields = class java.io.ObjectStreamField[6]
      isoLanguages = null
      isoCountries = null
      $assertionsDisabled = true
    treeLock = class java.lang.Object@62412ac6
    parent = class java.util.logging.Logger@7d1b8797
      emptyHandlers = class java.util.logging.Handler[0]
      offValue = 2147483647
      SYSTEM_LOGGER_RB_NAME = "sun.util.logging.resources.logging"
      SYSTEM_BUNDLE = class java.util.logging.Logger$LoggerBundle@1d75bb0a
      NO_RESOURCE_BUNDLE = class java.util.logging.Logger$LoggerBundle@71bea6c6
      manager = class com.ibm.ws.kernel.boot.logging.WsLogManager@41c93365
      name = ""
      handlers = class java.util.concurrent.CopyOnWriteArrayList@667206cf
      loggerBundle = class java.util.logging.Logger$LoggerBundle@71bea6c6
      useParentHandlers = true
      filter = null
      anonymous = false
      catalog = null
      catalogName = null
      catalogLocale = null
      treeLock = class java.lang.Object@62412ac6
      parent = null
      kids = class java.util.ArrayList@226482a5
      levelObject = null
      levelValue = 800
      callersClassLoaderRef = null
      isSystemLogger = false
      GLOBAL_LOGGER_NAME = "global"
      global = class java.util.logging.Logger@4c033bc6
      $assertionsDisabled = true
    kids = null
    levelObject = class java.util.logging.Level@6f0c722
      defaultBundle = "sun.util.logging.resources.logging"
      name = "INFO"
      value = 800
      resourceBundleName = "sun.util.logging.resources.logging"
      localizedLevelName = "INFO"
      cachedLocale = class java.util.Locale@27f0dbc2
      OFF = class java.util.logging.Level@4bc594bd
      SEVERE = class java.util.logging.Level@3df7b774
      WARNING = class java.util.logging.Level@3b807bc5
      INFO = class java.util.logging.Level@6f0c722
      CONFIG = class java.util.logging.Level@5a3dce78
      FINE = class java.util.logging.Level@3dbac9fe
      FINER = class java.util.logging.Level@3df6952a
      FINEST = class java.util.logging.Level@5109f02
      ALL = class java.util.logging.Level@316acfd6
      serialVersionUID = -8176160795706313070
    levelValue = 800
    callersClassLoaderRef = class java.lang.ref.WeakReference@277f22f5
      referent = class org.eclipse.osgi.internal.loader.EquinoxClassLoader@17b23207
      queue = class java.lang.ref.ReferenceQueue$Null@6b711556
      next = null
      discovered = null
      lock = class java.lang.ref.Reference$Lock@72ef0aae
      pending = null
    isSystemLogger = false
    GLOBAL_LOGGER_NAME = "global"
    global = class java.util.logging.Logger@4c033bc6
      emptyHandlers = class java.util.logging.Handler[0]
      offValue = 2147483647
      SYSTEM_LOGGER_RB_NAME = "sun.util.logging.resources.logging"
      SYSTEM_BUNDLE = class java.util.logging.Logger$LoggerBundle@1d75bb0a
      NO_RESOURCE_BUNDLE = class java.util.logging.Logger$LoggerBundle@71bea6c6
      manager = class com.ibm.ws.kernel.boot.logging.WsLogManager@41c93365
      name = "global"
      handlers = class java.util.concurrent.CopyOnWriteArrayList@6d4c39bb
      loggerBundle = class java.util.logging.Logger$LoggerBundle@71bea6c6
      useParentHandlers = true
      filter = null
      anonymous = false
      catalog = null
      catalogName = null
      catalogLocale = null
      treeLock = class java.lang.Object@62412ac6
      parent = class java.util.logging.Logger@7d1b8797
      kids = null
      levelObject = null
      levelValue = 800
      callersClassLoaderRef = null
      isSystemLogger = true
      GLOBAL_LOGGER_NAME = "global"
      global = class java.util.logging.Logger@4c033bc6
      $assertionsDisabled = true
    $assertionsDisabled = true
  MANAGEDTASK_IDENTITY_NAME = "javax.enterprise.concurrent.IDENTITY_NAME"
  HC_MANAGEDTASK_IDENTITY_NAME = "mp.healthcheck.proxy"
  HC_TASK_OWNER = "mp.healthcheck.runtime"
  ONLY_WAR_EJB_NOT_SUPPORTED = null
  serialVersionUID = 5321437450143732744

Dump of objectArray[0]
Object type = java.lang.String
  String value = "microprofile"

Dump of objectArray[1]
Object type = java.lang.String
  String value = "microprofile-1.0-SNAPSHOT.war"

