------Start of DE processing------ = [6/26/18 12:32:29:870 PDT]
Exception = com.ibm.ws.container.service.state.StateChangeException
Source = com.ibm.ws.app.manager.module.internal.DeployedAppInfoBase
probeid = 381
Stack Dump = com.ibm.ws.container.service.state.StateChangeException: org.jboss.weld.exceptions.DefinitionException: WELD-000075: Normal scoped managed bean implementation class has a public field:  [EnhancedAnnotatedFieldImpl] public application.microprofile.HealthEndpoint.config
	at com.ibm.ws.container.service.state.internal.ApplicationStateManager.fireStarting(ApplicationStateManager.java:32)
	at com.ibm.ws.container.service.state.internal.StateChangeServiceImpl.fireApplicationStarting(StateChangeServiceImpl.java:50)
	at com.ibm.ws.app.manager.module.internal.DeployedAppInfoBase.preDeployApp(DeployedAppInfoBase.java:380)
	at com.ibm.ws.app.manager.module.internal.DeployedAppInfoBase.deployApp(DeployedAppInfoBase.java:409)
	at com.ibm.ws.app.manager.war.internal.WARApplicationHandlerImpl.install(WARApplicationHandlerImpl.java:65)
	at com.ibm.ws.app.manager.internal.statemachine.StartAction.execute(StartAction.java:140)
	at com.ibm.ws.app.manager.internal.statemachine.ApplicationStateMachineImpl.enterState(ApplicationStateMachineImpl.java:1258)
	at com.ibm.ws.app.manager.internal.statemachine.ApplicationStateMachineImpl.performAction(ApplicationStateMachineImpl.java:1126)
	at com.ibm.ws.app.manager.internal.statemachine.ApplicationStateMachineImpl.run(ApplicationStateMachineImpl.java:881)
	at java.util.concurrent.ThreadPoolExecutor.runWorker(ThreadPoolExecutor.java:1149)
	at java.util.concurrent.ThreadPoolExecutor$Worker.run(ThreadPoolExecutor.java:624)
	at java.lang.Thread.run(Thread.java:748)
Caused by: org.jboss.weld.exceptions.DefinitionException: WELD-000075: Normal scoped managed bean implementation class has a public field:  [EnhancedAnnotatedFieldImpl] public application.microprofile.HealthEndpoint.config
	at org.jboss.weld.bean.ManagedBean.checkBeanImplementation(ManagedBean.java:230)
	at org.jboss.weld.bean.AbstractClassBean.internalInitialize(AbstractClassBean.java:74)
	at org.jboss.weld.bean.ManagedBean.internalInitialize(ManagedBean.java:105)
	at org.jboss.weld.bean.RIBean.initialize(RIBean.java:69)
	at org.jboss.weld.bootstrap.ConcurrentBeanDeployer$5.doWork(ConcurrentBeanDeployer.java:117)
	at org.jboss.weld.bootstrap.ConcurrentBeanDeployer$5.doWork(ConcurrentBeanDeployer.java:114)
	at org.jboss.weld.executor.IterativeWorkerTaskFactory$1.call(IterativeWorkerTaskFactory.java:62)
	at org.jboss.weld.executor.IterativeWorkerTaskFactory$1.call(IterativeWorkerTaskFactory.java:55)
	at java.util.concurrent.FutureTask.run(FutureTask.java:266)
	... 3 more

Dump of callerThis
Object type = com.ibm.ws.app.manager.war.internal.WARDeployedAppInfo
  CONTEXT_ROOT = "context-root"
  webModuleHandler = class com.ibm.ws.app.manager.web.internal.WebModuleHandlerImpl@70786d1c
    serialVersionUID = 4795602325763828210
    $$$tc$$$ = class com.ibm.websphere.ras.TraceComponent@6ee22eb8
      strings[0] = "TraceComponent[com.ibm.ws.app.manager.web.internal.WebModuleHandlerImpl,class com.ibm.ws.app.manager.web.internal.WebModuleHandlerImpl,[webcontainer, applications, app.manager],com.ibm.ws.app.manager.war.internal.resources.Messages,null]"
    futureMonitor = class com.ibm.ws.threading.internal.FutureMonitorImpl@1ee9d330
    metaDataService = class com.ibm.ws.container.service.metadata.internal.MetaDataServiceImpl@27a91f23
    stateChangeService = class com.ibm.ws.container.service.state.internal.StateChangeServiceImpl@5cfa810c
    moduleRuntimeContainer = class com.ibm.ws.webcontainer.osgi.WebContainer@478eb409
      tc = class com.ibm.websphere.ras.TraceComponent@648dbe43
      CLASS_NAME = "com.ibm.ws.webcontainer.osgi.WebContainer"
      initialized = true
      eventService = class com.ibm.ws.event.internal.EventEngineImpl@566657a6
      futureMonitor = class com.ibm.ws.threading.internal.FutureMonitorImpl@1ee9d330
      classLoadingSRRef = class com.ibm.wsspi.kernel.service.utils.AtomicServiceReference@34cc5f58
      sessionHelperSRRef = class com.ibm.wsspi.kernel.service.utils.AtomicServiceReference@57cd1e26
      cacheManagerSRRef = class com.ibm.wsspi.kernel.service.utils.AtomicServiceReference@1099dd64
      injectionEngineSRRef = class com.ibm.wsspi.kernel.service.utils.AtomicServiceReference@74a663b6
      managedObjectServiceSRRef = class com.ibm.wsspi.kernel.service.utils.AtomicServiceReference@22c6d4e5
      backgroundWebAppStartFutures = class com.ibm.ws.webcontainer.util.OneTimeUseArrayList@1dc5d2b5
      REFERENCE_WEB_MBEAN_RUNTIME = "webMBeanRuntime"
      webMBeanRuntimeServiceRef = class com.ibm.wsspi.kernel.service.utils.AtomicServiceReference@43694e94
      servletContainerInitializers = class com.ibm.wsspi.kernel.service.utils.ConcurrentServiceReferenceSet@4152e9c
      es = class com.ibm.ws.threading.internal.ExecutorServiceImpl@51fc693f
      locationServiceRef = class java.util.concurrent.atomic.AtomicReference@10e0a307
      transferContextServiceRef = class com.ibm.wsspi.kernel.service.utils.ConcurrentServiceReferenceSet@23038bd4
      encodingServiceRef = class java.util.concurrent.atomic.AtomicReference@2a176cce
      instance = class java.util.concurrent.atomic.AtomicReference@75bd6de
      vhostManager = class com.ibm.ws.webcontainer.osgi.DynamicVirtualHostManager@12b6a5a9
      metaDataService = class com.ibm.ws.container.service.metadata.internal.MetaDataServiceImpl@27a91f23
      j2eeNameFactory = class com.ibm.ws.container.service.metadata.internal.J2EENameFactoryImpl@13cacfa2
      context = class org.apache.felix.scr.impl.manager.ComponentContextImpl@2d54c100
      contextRoots = class java.util.Collections$SynchronizedSet@3c34a978
      pendingContextRoots = class java.util.HashMap@65806506
      deployedModuleMap = class java.util.concurrent.ConcurrentHashMap@423c1ff2
      connContextPool = class com.ibm.ws.webcontainer31.osgi.srt.factory.SRTConnectionContextPool31Impl@49eb8a74
      DEFAULT_PORT = "*"
      DEFAULT_VHOST_NAME = "default_host"
      cachedServerInfo = "IBM WebSphere Liberty/${liberty.service.version}"
      lock = class com.ibm.ws.webcontainer.osgi.WebContainer$1@500d8558
      webAppFactory = class com.ibm.ws.webcontainer31.osgi.webapp.factory.WebAppFactoryImpl31@36c3720a
      requestFactory = class com.ibm.ws.webcontainer31.osgi.response.factory.IRequestResponseFactory@14a238af
      responseFactory = class com.ibm.ws.webcontainer31.osgi.response.factory.IRequestResponseFactory@14a238af
      asyncContextFactory = class com.ibm.ws.webcontainer31.async.factory.AsyncContextFactory31Impl@18fb865
      DEFAULT_MAX_VERSION = 30
      versionRef = class org.eclipse.osgi.internal.serviceregistry.ServiceReferenceImpl@3d94da49
      serverStopping = class com.ibm.ws.staticvalue.StaticValue$FinalSingleton@10eaacd3
      modulesStarting = 0
      uriMatcherFactory = class com.ibm.wsspi.webcontainer31.util.factory.URIMatcherFactory31Impl@15088921
      SPEC_LEVEL_UNLOADED = -1
      SPEC_LEVEL_30 = 30
      SPEC_LEVEL_31 = 31
      SPEC_LEVEL_40 = 40
      DEFAULT_SPEC_LEVEL = 30
      loadedContainerSpecLevel = 31
      ISO = "ISO-8859-1"
      encoding = "UTF-8"
      decode = true
      wcconfig = class com.ibm.ws.webcontainer.osgi.WebContainerConfiguration@72e58e89
      applicationListeners = class java.util.ArrayList@372c3832
      servletListeners = class java.util.ArrayList@66bcfe77
      servletErrorListeners = class java.util.ArrayList@4d940e3a
      servletInvocationListeners = class java.util.ArrayList@135b40c7
      filterInvocationListeners = class java.util.ArrayList@45e01736
      filterErrorListeners = class java.util.ArrayList@44ae06bb
      filterListeners = class java.util.ArrayList@292625ca
      servletRequestListeners = class java.util.ArrayList@60321551
      servletRequestAttributeListeners = class java.util.ArrayList@25aef7c6
      servletContextListeners = class java.util.ArrayList@1181b616
      servletContextAttributeListeners = class java.util.ArrayList@911d999
      sessionListeners = class java.util.ArrayList@79f9dd77
      sessionIdListeners = class java.util.ArrayList@2bbb0549
      sessionAttributeListeners = class java.util.ArrayList@3716372e
      DEFAULT_HOST = "default_host"
      _initialized = true
      logger = class com.ibm.ws.logging.internal.WsLogger@6c6c37c9
      CLASS_NAME = "com.ibm.ws.webcontainer.internal.WebContainer"
      nls = class com.ibm.ejs.ras.TraceNLS@304ced44
      self = class java.util.concurrent.atomic.AtomicReference@7e99c5f
      _cipherToBit = class java.util.HashMap@748b50a6
      cacheKeyStringBuilder = class com.ibm.ws.util.WSThreadLocal@7222b65e
      listenersInitialized = true
      webConProperties = class java.util.Properties@25535393
      sessionRegistry = null
      isStopped = false
      readWriteLockForStopping = class java.util.concurrent.locks.ReentrantReadWriteLock@6e933802
      urlPrefix = ";jsessionid="
      extensionFactories = class java.util.ArrayList@54252c0b
      postInitExtensionFactories = null
      httpResponseListeners = class java.util.ArrayList@40b34b16
      servletContainerInitializers = class java.util.ServiceLoader@27448518
      auditManager = class com.ibm.websphere.security.audit.context.AuditManager@183495a8
      threadLocal = class java.lang.ThreadLocal@6f10ed84
      invocationCacheSize = 500
      decodePlusSign = true
      _cacheMap = class java.util.concurrent.ConcurrentHashMap@35a1f08b
      _cacheSize = class java.util.concurrent.atomic.AtomicInteger@364edf62
      vHostCompatFlag = false
      platformHelper = class com.ibm.ws.webcontainer.PlatformHelper@a6b85d6
      isDefaultTempDir = true
      tempDir = null
      servletCachingInitNeeded = true
      appInstallBegun = true
      cacheServletWrapperFactory = class com.ibm.ws.webcontainer31.servlet.factory.CacheServletWrapperFactory31Impl@62ff35d2
      commands = class java.util.ArrayList@58e0a4ae
      requestMapper = class com.ibm.ws.webcontainer.util.VirtualHostContextRootMapper@1895c51f
      parent = null
      name = "Was.webcontainer"
      isAlive = true
      subElements = class java.util.HashMap@4e86b6ee
      attributes = null
      config = null
      serialVersionUID = -8271459000149267764
      $$$tc$$$ = class com.ibm.websphere.ras.TraceComponent@720ccfc7
    firstFailure = null
    serialVersionUID = -4563697739413190872
    $$$tc$$$ = class com.ibm.websphere.ras.TraceComponent@41a8863d
      strings[0] = "TraceComponent[com.ibm.ws.app.manager.module.internal.ModuleHandlerBase,class com.ibm.ws.app.manager.module.internal.ModuleHandlerBase,[applications, app.manager],,null]"
  webContainerModuleInfo = class com.ibm.ws.app.manager.module.internal.SimpleDeployedAppInfoBase$WebModuleContainerInfo@5c343c7
    contextRoot = "/microprofile"
    defaultContextRoot = "microprofile"
    serialVersionUID = -8158961796913348204
    $$$tc$$$ = class com.ibm.websphere.ras.TraceComponent@6df01b79
      strings[0] = "TraceComponent[com.ibm.ws.app.manager.module.internal.SimpleDeployedAppInfoBase$WebModuleContainerInfo,class com.ibm.ws.app.manager.module.internal.SimpleDeployedAppInfoBase$WebModuleContainerInfo,[applications, app.manager],,null]"
    moduleHandler = class com.ibm.ws.app.manager.web.internal.WebModuleHandlerImpl@70786d1c
    moduleMetaDataExtenders = class java.util.concurrent.CopyOnWriteArrayList@3ea96b84
      serialVersionUID = 8673264195747942595
      lock = class java.util.concurrent.locks.ReentrantLock@7b8fcce9
      array = class java.lang.Object[2]
      UNSAFE = class sun.misc.Unsafe@cd63842
      lockOffset = 12
    nestedModuleMetaDataFactories = class java.util.concurrent.CopyOnWriteArrayList@c35aea4
      serialVersionUID = 8673264195747942595
      lock = class java.util.concurrent.locks.ReentrantLock@55cc4b49
      array = class java.lang.Object[1]
      UNSAFE = class sun.misc.Unsafe@cd63842
      lockOffset = 12
    nestedModules = null
    moduleName = "microprofile-1.0-SNAPSHOT"
    moduleDD = null
    moduleInfo = class com.ibm.ws.app.manager.module.internal.WebModuleInfoImpl@7ac27592
      contextRoot = "/microprofile"
      isDefaultContextRootUsed = false
      serialVersionUID = -1540279394520440503
      $$$tc$$$ = class com.ibm.websphere.ras.TraceComponent@38dc4fc0
      tc = class com.ibm.websphere.ras.TraceComponent@7871214c
      appInfo = class com.ibm.ws.container.service.app.deploy.internal.ApplicationInfoImpl@5235e63f
      moduleName = "microprofile-1.0-SNAPSHOT"
      path = "microprofile-1.0-SNAPSHOT.war"
      moduleContainer = class com.ibm.ws.adaptable.module.internal.AdaptableContainerImpl@3e8845ff
      altDDEntry = null
      moduleClassesContainers = class java.util.ArrayList@6efffe52
      classLoaderFactory = class com.ibm.ws.app.manager.war.internal.WARDeployedAppInfo@75011981
      containerInfoType = class com.ibm.ws.container.service.app.deploy.ContainerInfo$Type@1bff53e2
      classLoader = class com.ibm.ws.classloading.internal.AppClassLoader@5924e2a5
      moduleMetaData = class com.ibm.ws.webcontainer.osgi.metadata.WebModuleMetaDataImpl@5a38966f
      nestedModuleMetaDataTypes = null
      nestedModuleMetaDataValues = null
      serialVersionUID = 3986734351620206554
    serialVersionUID = 8693907776607441911
    $$$tc$$$ = class com.ibm.websphere.ras.TraceComponent@8a8a82
      strings[0] = "TraceComponent[com.ibm.ws.app.manager.module.internal.SimpleDeployedAppInfoBase$ModuleContainerInfoBase,class com.ibm.ws.app.manager.module.internal.SimpleDeployedAppInfoBase$ModuleContainerInfoBase,[applications, app.manager],,null]"
    type = class com.ibm.ws.container.service.app.deploy.ContainerInfo$Type@1bff53e2
      MANIFEST_CLASSPATH = class com.ibm.ws.container.service.app.deploy.ContainerInfo$Type@4dec0674
      WEB_INF_CLASSES = class com.ibm.ws.container.service.app.deploy.ContainerInfo$Type@6451848d
      WEB_INF_LIB = class com.ibm.ws.container.service.app.deploy.ContainerInfo$Type@2a183af3
      EAR_LIB = class com.ibm.ws.container.service.app.deploy.ContainerInfo$Type@42bde887
      WEB_MODULE = class com.ibm.ws.container.service.app.deploy.ContainerInfo$Type@1bff53e2
      EJB_MODULE = class com.ibm.ws.container.service.app.deploy.ContainerInfo$Type@6fcf9902
      CLIENT_MODULE = class com.ibm.ws.container.service.app.deploy.ContainerInfo$Type@7521d9a
      RAR_MODULE = class com.ibm.ws.container.service.app.deploy.ContainerInfo$Type@6c767021
      JAR_MODULE = class com.ibm.ws.container.service.app.deploy.ContainerInfo$Type@412244f8
      SHARED_LIB = class com.ibm.ws.container.service.app.deploy.ContainerInfo$Type@52b6c257
      $VALUES = class com.ibm.ws.container.service.app.deploy.ContainerInfo$Type[10]
      $$$tc$$$ = class com.ibm.websphere.ras.TraceComponent@f6f841e
      name = "WEB_MODULE"
      ordinal = 4
    name = "microprofile-1.0-SNAPSHOT.war"
    container = class com.ibm.ws.adaptable.module.internal.AdaptableContainerImpl@3e8845ff
      root = class com.ibm.ws.adaptable.module.internal.AdaptableContainerImpl@3e8845ff
      rootOverlay = class com.ibm.ws.artifact.overlay.internal.DirectoryBasedOverlayContainerImpl@271fd3df
      factoryHolder = class com.ibm.ws.adaptable.module.internal.AdaptableModuleFactoryImpl@a5d5d6
      delegate = class com.ibm.ws.artifact.overlay.internal.DirectoryBasedOverlayContainerImpl@271fd3df
      notifier = class com.ibm.ws.adaptable.module.internal.NotifierImpl@26a7b361
      serialVersionUID = -5621513278641113667
      $$$tc$$$ = class com.ibm.websphere.ras.TraceComponent@757b4a90
    altDDEntry = null
    classesContainerInfo = class java.util.ArrayList@6efffe52
      serialVersionUID = 8683452581122892189
      DEFAULT_CAPACITY = 10
      EMPTY_ELEMENTDATA = class java.lang.Object[0]
      DEFAULTCAPACITY_EMPTY_ELEMENTDATA = class java.lang.Object[0]
      elementData = class java.lang.Object[10]
      size = 2
      MAX_ARRAY_SIZE = 2147483639
      modCount = 3
      MAX_ARRAY_SIZE = 2147483639
    serialVersionUID = 7427332431485745589
    $$$tc$$$ = class com.ibm.websphere.ras.TraceComponent@604c6a7c
      strings[0] = "TraceComponent[com.ibm.ws.app.manager.module.internal.SimpleDeployedAppInfoBase$ExtendedContainerInfo,class com.ibm.ws.app.manager.module.internal.SimpleDeployedAppInfoBase$ExtendedContainerInfo,[applications, app.manager],,null]"
  DYNAMIC_IMPORT_PACKAGE_LIST = class java.util.Collections$UnmodifiableRandomAccessList@24457b4e
    serialVersionUID = -2542308836966382001
    serialVersionUID = -283967356065247728
    list = class java.util.Arrays$ArrayList@443bb7d4
      serialVersionUID = -2764017481108945198
      a = class java.lang.String[1]
      modCount = 0
      MAX_ARRAY_SIZE = 2147483639
    serialVersionUID = 1820017752578914078
    c = class java.util.Arrays$ArrayList@443bb7d4
  serialVersionUID = -6153587016903242961
  $$$tc$$$ = class com.ibm.websphere.ras.TraceComponent@6e414e18
    strings[0] = "TraceComponent[com.ibm.ws.app.manager.war.internal.WARDeployedAppInfo,class com.ibm.ws.app.manager.war.internal.WARDeployedAppInfo,[webcontainer, applications, app.manager],com.ibm.ws.app.manager.war.internal.resources.Messages,null]"
  _tc = class com.ibm.websphere.ras.TraceComponent@25e57ab4
    strings[0] = "TraceComponent[com.ibm.ws.app.manager.module.internal.DeployedAppInfoBase,class com.ibm.ws.app.manager.module.internal.DeployedAppInfoBase,[app.manager],com.ibm.ws.app.manager.module.internal.resources.Messages,null]"
  PERMISSION_XML = "permissions.xml"
  applicationInformation = class com.ibm.ws.app.manager.internal.ApplicationInstallInfo@32fd3383
    _config = class com.ibm.ws.app.manager.internal.ApplicationConfig@17eb9bc0
      _configPid = "com.ibm.ws.app.manager_20"
      _config = class com.ibm.ws.config.admin.ConfigurationDictionary@7e6a4787
      _location = "microprofile-1.0-SNAPSHOT.war"
      _type = "war"
      _name = "microprofile"
      _notificationBroadcasterSupport = class javax.management.NotificationBroadcasterSupport@2eca6b29
    _handlerInfo = class java.util.concurrent.atomic.AtomicReference@5e8d5393
      serialVersionUID = -1848883965231344442
      unsafe = class sun.misc.Unsafe@cd63842
      valueOffset = 12
      value = class com.ibm.ws.app.manager.war.internal.WARDeployedAppInfo@75011981
    _container = class java.util.concurrent.atomic.AtomicReference@4be32814
      serialVersionUID = -1848883965231344442
      unsafe = class sun.misc.Unsafe@cd63842
      valueOffset = 12
      value = class com.ibm.ws.adaptable.module.internal.AdaptableContainerImpl@3e8845ff
    _resolvedLocation = class java.util.concurrent.atomic.AtomicReference@79b6e107
      serialVersionUID = -1848883965231344442
      unsafe = class sun.misc.Unsafe@cd63842
      valueOffset = 12
      value = class com.ibm.ws.kernel.service.location.internal.LocalFileResource@67de1005
    _handler = class com.ibm.ws.app.manager.war.internal.WARApplicationHandlerImpl@3248506a
      futureMonitor = class com.ibm.ws.threading.internal.FutureMonitorImpl@1ee9d330
      deployedAppFactory = class com.ibm.ws.app.manager.war.internal.WARDeployedAppInfoFactoryImpl@514303c6
      serialVersionUID = 4622845147410944782
      $$$tc$$$ = class com.ibm.websphere.ras.TraceComponent@352ad9c4
    _ami = class java.util.concurrent.atomic.AtomicReference@66d8c7b
      serialVersionUID = -1848883965231344442
      unsafe = class sun.misc.Unsafe@cd63842
      valueOffset = 12
      value = class com.ibm.wsspi.application.handler.DefaultApplicationMonitoringInformation@6200e236
    _updateHandler = class com.ibm.ws.app.manager.internal.statemachine.ApplicationStateMachineImpl@549ca72a
      _tc = class com.ibm.websphere.ras.TraceComponent@5a76b11a
      EMPTY_FUTURE_ARRAY = interface java.util.concurrent.Future[0]
      asmSequenceNumber = class java.util.concurrent.atomic.AtomicLong@c3f71e4
      _qscaCounter = class java.util.concurrent.atomic.AtomicInteger@1dd8aa84
      _failedThrowable = null
      _interruptibleLock = class com.ibm.ws.app.manager.internal.statemachine.ApplicationStateMachineImpl$2@26987095
      _interruptible = false
      _performingQueuedActions = true
      _queuedActions = class java.util.concurrent.ConcurrentLinkedQueue@727dbd
      _callbackState = class java.util.concurrent.atomic.AtomicReference@77b58c06
      blockAppStartingFutures = class java.util.Collections$SetFromMap@2fe194fe
      waitingForAppHandlerFuture = class java.util.concurrent.atomic.AtomicReference@4a18554f
      waitingForExplicitStartFuture = class java.util.concurrent.atomic.AtomicReference@59944624
      completionListener = class java.util.concurrent.atomic.AtomicReference@21a34ac
      _notifyAppStopped = class java.util.concurrent.ConcurrentLinkedQueue@217f0675
      _notifyAppStarting = class java.util.concurrent.ConcurrentLinkedQueue@29c58d38
      _notifyAppInstallCalled = class java.util.concurrent.ConcurrentLinkedQueue@521b5b42
      _notifyAppStarted = class java.util.concurrent.ConcurrentLinkedQueue@1f7aaf9
      _notifyAppRemoved = class java.util.concurrent.ConcurrentLinkedQueue@58e2581c
      _stateLock = class com.ibm.ws.app.manager.internal.statemachine.ApplicationStateMachineImpl$3@5dcba275
      _internalState = class java.util.concurrent.atomic.AtomicReference@550223c5
      _currentAction = class java.util.concurrent.atomic.AtomicReference@699eebfe
      _rfa = class java.util.concurrent.atomic.AtomicReference@23767c69
      _appInstallInfo = class java.util.concurrent.atomic.AtomicReference@23aeba78
      _update = class java.util.concurrent.atomic.AtomicBoolean@67f6b9c3
      _appConfig = class java.util.concurrent.atomic.AtomicReference@79a97fd8
      _nextAppConfig = class java.util.concurrent.atomic.AtomicReference@692cd1b0
      _appContainer = class java.util.concurrent.atomic.AtomicReference@3f87db97
      _resolvedLocation = class java.util.concurrent.atomic.AtomicReference@6ded5505
      _handler = class java.util.concurrent.atomic.AtomicReference@5f88a0df
      _asmSeqNo = 2
      _ctx = class org.eclipse.osgi.internal.framework.BundleContextImpl@384ef59a
      _locAdmin = class com.ibm.ws.kernel.service.location.internal.WsLocationAdminImpl@50264bcf
      _futureMonitor = class com.ibm.ws.threading.internal.FutureMonitorImpl@1ee9d330
      _artifactFactory = class com.ibm.ws.artifact.internal.ArtifactContainerFactoryService@769a7f68
      _moduleFactory = class com.ibm.ws.adaptable.module.internal.AdaptableModuleFactoryImpl@a5d5d6
      _executorService = class com.ibm.ws.threading.internal.ExecutorServiceImpl@51fc693f
      _scheduledExecutorService = class com.ibm.ws.threading.internal.ScheduledExecutorImpl@563e5b78
      _asmHelper = class com.ibm.ws.app.manager.internal.ApplicationConfigurator$NamedApplication@7a6ba704
      _appMonitor = class com.ibm.ws.app.manager.internal.monitor.ApplicationMonitor@4c2a9738
      enterStateCalled = class java.util.concurrent.atomic.AtomicBoolean@2eb0d541
      serialVersionUID = -1399093980790866556
      serialVersionUID = 5501066335104962649
      $$$tc$$$ = class com.ibm.websphere.ras.TraceComponent@6afe8ea9
    serialVersionUID = 3995013949638210907
    $$$tc$$$ = class com.ibm.websphere.ras.TraceComponent@53ef0aac
      strings[0] = "TraceComponent[com.ibm.ws.app.manager.internal.ApplicationInstallInfo,class com.ibm.ws.app.manager.internal.ApplicationInstallInfo,[applications, app.manager],com.ibm.ws.app.manager.internal.resources.AppManagerMessages,null]"
  location = "/home/ibmdemo/Student/workspace/microprofile/target/liberty/wlp/usr/servers/defaultServer/apps/microprofile-1.0-SNAPSHOT.war.xml"
  classLoadingService = class com.ibm.ws.classloading.internal.ClassLoadingServiceImpl@3920d0b9
    tc = class com.ibm.websphere.ras.TraceComponent@66ba9812
      strings[0] = "TraceComponent[com.ibm.ws.classloading.internal.ClassLoadingServiceImpl,class com.ibm.ws.classloading.internal.ClassLoadingServiceImpl,[ClassLoadingService],com.ibm.ws.classloading.internal.resources.ClassLoadingServiceMessages,null]"
    leakDetectionMap = class java.util.HashMap@5a74153c
      serialVersionUID = 362498820763181265
      DEFAULT_INITIAL_CAPACITY = 16
      MAXIMUM_CAPACITY = 1073741824
      DEFAULT_LOAD_FACTOR = 0.75
      TREEIFY_THRESHOLD = 8
      UNTREEIFY_THRESHOLD = 6
      MIN_TREEIFY_CAPACITY = 64
      table = null
      entrySet = null
      size = 0
      modCount = 0
      threshold = 0
      loadFactor = 0.75
      keySet = null
      values = null
    TCCL_LOCK_WAIT = 15000
    REFERENCE_GENERATORS = "generators"
    bundleContext = class org.eclipse.osgi.internal.framework.BundleContextImpl@6ebd3eb3
      findHookName = "org.osgi.framework.hooks.bundle.FindHook"
      valid = true
      bundle = class org.eclipse.osgi.internal.framework.EquinoxBundle@5f4b862a
      container = class org.eclipse.osgi.internal.framework.EquinoxContainer@5594c818
      debug = class org.eclipse.osgi.internal.debug.Debug@6f9bff11
      servicesInUse = class java.util.HashMap@4eb1cb15
      activator = null
      contextLock = class java.lang.Object@64a2ad99
    aclStore = class com.ibm.ws.classloading.internal.util.CanonicalStore@53a2849d
      map = class java.util.concurrent.ConcurrentHashMap@d2d1347
      q = class com.ibm.ws.classloading.internal.util.RefQueue@5b3da139
      serialVersionUID = 6715157558227169968
      $$$tc$$$ = class com.ibm.websphere.ras.TraceComponent@58d53d62
    tcclStore = class com.ibm.ws.classloading.internal.util.CanonicalStore@524bf964
      map = class java.util.concurrent.ConcurrentHashMap@43197362
      q = class com.ibm.ws.classloading.internal.util.RefQueue@6c9aa4ab
      serialVersionUID = 6715157558227169968
      $$$tc$$$ = class com.ibm.websphere.ras.TraceComponent@58d53d62
    tcclStoreLock = class java.util.concurrent.locks.ReentrantLock@35b88884
      serialVersionUID = 7373984872572414699
      sync = class java.util.concurrent.locks.ReentrantLock$NonfairSync@7ec140c2
    digraph = class org.eclipse.equinox.internal.region.StandardRegionDigraph@4f9fa6fa
      EMPTY_EDGE_SET = class java.util.Collections$UnmodifiableSet@677fd65a
      monitor = class java.lang.Object@795175b8
      regions = class java.util.HashMap@36eae393
      bundleIdToRegionMapping = class org.eclipse.equinox.internal.region.StandardBundleIdToRegionMapping@5e34f2cb
      edges = class java.util.HashMap@47603251
      bundleContext = class org.eclipse.osgi.internal.framework.BundleContextImpl@59e2d8e3
      threadLocal = class java.lang.ThreadLocal@35ee63b0
      subgraphTraverser = class org.eclipse.equinox.internal.region.SubgraphTraverser@5479f8e5
      bundleCollisionHook = class org.eclipse.equinox.internal.region.hook.RegionBundleCollisionHook@2d22ea0b
      bundleEventHook = class org.eclipse.equinox.internal.region.hook.RegionBundleEventHook@6b16a744
      bundleFindHook = class org.eclipse.equinox.internal.region.hook.RegionBundleFindHook@2d23aa75
      serviceEventHook = class org.eclipse.equinox.internal.region.hook.RegionServiceEventHook@3686c1e4
      serviceFindHook = class org.eclipse.equinox.internal.region.hook.RegionServiceFindHook@cce078d
      resolverHookFactory = class org.eclipse.equinox.internal.region.hook.RegionResolverHookFactory@52bcadd7
      origin = null
      originUpdateCount = -1
      updateCount = class java.util.concurrent.atomic.AtomicLong@62fcd5f7
      defaultRegion = null
    redefiner = class com.ibm.ws.classloading.internal.util.ClassRedefiner@8de55f8
      tc = class com.ibm.websphere.ras.TraceComponent@a35eedf
      LS = "
"
      inst = class com.ibm.ws.kernel.launch.internal.TraceInstrumentation@6a3846a7
      serialVersionUID = 2420101865139508526
    listener = class com.ibm.ws.classloading.internal.ClassLoadingServiceImpl$1@5d30d5e
      this$0 = class com.ibm.ws.classloading.internal.ClassLoadingServiceImpl@3920d0b9
      serialVersionUID = -9159707349812113172
      $$$tc$$$ = class com.ibm.websphere.ras.TraceComponent@1a527bcf
    classloaders = class java.util.Collections$SynchronizedMap@74de49c8
      serialVersionUID = 1978198479659022715
      m = class java.util.HashMap@4277e808
      mutex = class java.util.Collections$SynchronizedMap@74de49c8
      keySet = null
      entrySet = null
      values = null
    resourceProviders = class com.ibm.ws.classloading.internal.CompositeResourceProvider@464499df
      lockFactory = class java.util.concurrent.locks.ReentrantReadWriteLock@7546619d
      providerMap = class com.ibm.ws.classloading.internal.util.MultiMap@321382b4
      serialVersionUID = -5576435894946156347
      $$$tc$$$ = class com.ibm.websphere.ras.TraceComponent@e6ab006
    rememberedBundles = class java.util.concurrent.ConcurrentHashMap@3ccf757a
      serialVersionUID = 7249069246763182397
      MAXIMUM_CAPACITY = 1073741824
      DEFAULT_CAPACITY = 16
      MAX_ARRAY_SIZE = 2147483639
      DEFAULT_CONCURRENCY_LEVEL = 16
      LOAD_FACTOR = 0.75
      TREEIFY_THRESHOLD = 8
      UNTREEIFY_THRESHOLD = 6
      MIN_TREEIFY_CAPACITY = 64
      MIN_TRANSFER_STRIDE = 16
      RESIZE_STAMP_BITS = 16
      MAX_RESIZERS = 65535
      RESIZE_STAMP_SHIFT = 16
      MOVED = -1
      TREEBIN = -2
      RESERVED = -3
      HASH_BITS = 2147483647
      NCPU = 4
      serialPersistentFields = class java.io.ObjectStreamField[3]
      table = class java.util.concurrent.ConcurrentHashMap$Node[16]
      nextTable = null
      baseCount = 4
      sizeCtl = 12
      transferIndex = 0
      cellsBusy = 0
      counterCells = null
      keySet = null
      values = null
      entrySet = null
      U = class sun.misc.Unsafe@cd63842
      SIZECTL = 20
      TRANSFERINDEX = 32
      BASECOUNT = 24
      CELLSBUSY = 36
      CELLVALUE = 144
      ABASE = 16
      ASHIFT = 2
      keySet = null
      values = null
    collectedBundles = class java.lang.ref.ReferenceQueue@216b2640
      NULL = class java.lang.ref.ReferenceQueue$Null@6b711556
      ENQUEUED = class java.lang.ref.ReferenceQueue$Null@3d68a166
      lock = class java.lang.ref.ReferenceQueue$Lock@52384b2
      head = null
      queueLength = 0
      $assertionsDisabled = true
    generatorRefs = class com.ibm.wsspi.kernel.service.utils.ConcurrentServiceReferenceSet@277dabac
      referenceName = "generators"
      contextRef = class java.util.concurrent.atomic.AtomicReference@61c52977
      elementMap = class java.util.LinkedHashMap@27fcda64
      elementSet = class java.util.concurrent.ConcurrentSkipListSet@423b321c
      elementSetUnsorted = false
      serialVersionUID = 756240983881166148
      $$$tc$$$ = class com.ibm.websphere.ras.TraceComponent@3ddbbf6e
    generatorManager = class com.ibm.ws.classloading.internal.ClassGeneratorManager@459544fd
      tc = class com.ibm.websphere.ras.TraceComponent@a61cdef
      generatorRefs = class com.ibm.wsspi.kernel.service.utils.ConcurrentServiceReferenceSet@277dabac
      serialVersionUID = 4152663586056483310
    appExtLibs = class java.util.concurrent.CopyOnWriteArrayList@2368d90
      serialVersionUID = 8673264195747942595
      lock = class java.util.concurrent.locks.ReentrantLock@7cd6e9e
      array = class java.lang.Object[0]
      UNSAFE = class sun.misc.Unsafe@cd63842
      lockOffset = 12
    metaInfServicesProviders = class java.util.concurrent.ConcurrentHashMap@7a97e2b0
      serialVersionUID = 7249069246763182397
      MAXIMUM_CAPACITY = 1073741824
      DEFAULT_CAPACITY = 16
      MAX_ARRAY_SIZE = 2147483639
      DEFAULT_CONCURRENCY_LEVEL = 16
      LOAD_FACTOR = 0.75
      TREEIFY_THRESHOLD = 8
      UNTREEIFY_THRESHOLD = 6
      MIN_TREEIFY_CAPACITY = 64
      MIN_TRANSFER_STRIDE = 16
      RESIZE_STAMP_BITS = 16
      MAX_RESIZERS = 65535
      RESIZE_STAMP_SHIFT = 16
      MOVED = -1
      TREEBIN = -2
      RESERVED = -3
      HASH_BITS = 2147483647
      NCPU = 4
      serialPersistentFields = class java.io.ObjectStreamField[3]
      table = null
      nextTable = null
      baseCount = 0
      sizeCtl = 0
      transferIndex = 0
      cellsBusy = 0
      counterCells = null
      keySet = null
      values = null
      entrySet = null
      U = class sun.misc.Unsafe@cd63842
      SIZECTL = 20
      TRANSFERINDEX = 32
      BASECOUNT = 24
      CELLSBUSY = 36
      CELLVALUE = 144
      ABASE = 16
      ASHIFT = 2
      keySet = null
      values = null
    metaInfServicesRefs = class com.ibm.wsspi.kernel.service.utils.ConcurrentServiceReferenceMap@307d0685
      referenceName = "MetaInfServicesProvider"
      context = class org.apache.felix.scr.impl.manager.ComponentContextImpl@4727d7d7
      elementMap = class java.util.concurrent.ConcurrentHashMap@22d9f917
      serialVersionUID = 6980924785166233786
      $$$tc$$$ = class com.ibm.websphere.ras.TraceComponent@577abe3d
    protectionDomainMap = class java.util.HashMap@5f200edb
      serialVersionUID = 362498820763181265
      DEFAULT_INITIAL_CAPACITY = 16
      MAXIMUM_CAPACITY = 1073741824
      DEFAULT_LOAD_FACTOR = 0.75
      TREEIFY_THRESHOLD = 8
      UNTREEIFY_THRESHOLD = 6
      MIN_TREEIFY_CAPACITY = 64
      table = null
      entrySet = null
      size = 0
      modCount = 0
      threshold = 0
      loadFactor = 0.75
      keySet = null
      values = null
    metadataIdentifierService = class com.ibm.ws.container.service.metadata.internal.MetaDataServiceImpl@27a91f23
    serialVersionUID = 3750725462702355330
  globalSharedLibrary = class com.ibm.ws.library.internal.SharedLibraryImpl@785cdc65
    tc = class com.ibm.websphere.ras.TraceComponent@74d402d1
      strings[0] = "TraceComponent[com.ibm.ws.library.internal.SharedLibraryImpl,class com.ibm.ws.library.internal.SharedLibraryImpl,[SharedLibrary],com.ibm.ws.classloading.internal.resources.ClassLoadingServiceMessages,null]"
    EMPTY_LIBRARY_LISTENERS = interface com.ibm.wsspi.library.LibraryChangeListener[0]
    deleted = false
    libraryListenersTracker = class org.osgi.util.tracker.ServiceTracker@2063c2b4
      DEBUG = false
      context = class org.eclipse.osgi.internal.framework.BundleContextImpl@6ebd3eb3
      filter = class org.eclipse.osgi.internal.framework.FilterImpl@57264585
      customizer = class org.osgi.util.tracker.ServiceTracker@2063c2b4
      listenerFilter = "(&(objectClass=com.ibm.wsspi.library.LibraryChangeListener)(|(library=global)(libraryRef=*com.ibm.ws.classloading.sharedlibrary_37*)))"
      trackClass = null
      trackReference = null
      tracked = class org.osgi.util.tracker.ServiceTracker$Tracked@3112be71
      cachedReference = null
      cachedService = null
    libraryReg = class org.eclipse.osgi.internal.serviceregistry.ServiceRegistrationImpl@93ad570
      registry = class org.eclipse.osgi.internal.serviceregistry.ServiceRegistry@2a8595d7
      context = class org.eclipse.osgi.internal.framework.BundleContextImpl@6ebd3eb3
      bundle = class org.eclipse.osgi.internal.framework.EquinoxBundle@5f4b862a
      clazzes = class java.lang.String[1]
      service = class com.ibm.ws.library.internal.SharedLibraryImpl@785cdc65
      reference = class org.eclipse.osgi.internal.serviceregistry.ServiceReferenceImpl@fb5522a
      contextsUsing = class java.util.ArrayList@adc36f9
      properties = class java.util.Collections$UnmodifiableMap@cf13158
      serviceid = 238
      serviceranking = 2
      registrationLock = class java.lang.Object@1147a0b1
      state = 0
      REGISTERED = 0
      UNREGISTERING = 1
      UNREGISTERED = 2
      FRAMEWORK_SET_SERVICE_PROPERTIES_COUNT = 4
      $assertionsDisabled = true
    ctx = class org.eclipse.osgi.internal.framework.BundleContextImpl@6ebd3eb3
    classLoadingService = class com.ibm.ws.classloading.internal.ClassLoadingServiceImpl@3920d0b9
    configAdmin = class com.ibm.ws.config.admin.internal.ConfigurationAdminImpl@185245e
      tc = class com.ibm.websphere.ras.TraceComponent@48e885ab
      bundle = class org.eclipse.osgi.internal.framework.EquinoxBundle@5f4b862a
      caFactory = class com.ibm.ws.config.admin.internal.ConfigAdminServiceFactory@253a80d2
      serialVersionUID = 3160799878770679122
    resolvedBasePath = "/home/ibmdemo/Student/workspace/microprofile/target/liberty/wlp/usr/servers/defaultServer/"
    generationLock = class com.ibm.ws.library.internal.SharedLibraryImpl$1@364e8c69
      this$0 = class com.ibm.ws.library.internal.SharedLibraryImpl@785cdc65
      serialVersionUID = 2483639803450672373
      $$$tc$$$ = class com.ibm.websphere.ras.TraceComponent@45ee497e
    currentGeneration = class com.ibm.ws.library.internal.LibraryGeneration@d9a290b
      tc = class com.ibm.websphere.ras.TraceComponent@453652a5
      nextInt = class java.util.concurrent.atomic.AtomicInteger@45953141
      libraryId = "global"
      genId = 2
      libraryProps = class java.util.Hashtable@7234acb9
      filesetRefs = class java.util.Collections$UnmodifiableRandomAccessList@584ef275
      apiTypeVisibility = class java.util.RegularEnumSet@185c7a9f
      files = class java.util.Collections$EmptyList@3cee2f1d
      folders = class java.util.ArrayList@74af4fec
      fileAndFolderContainers = class java.util.Collections$EmptyList@3cee2f1d
      filesets = class java.util.concurrent.ArrayBlockingQueue@232974a4
      filesetListenerRegs = class java.util.concurrent.ConcurrentLinkedQueue@cdbe7ee
      cancelled = false
      library = class com.ibm.ws.library.internal.SharedLibraryImpl@785cdc65
      serialVersionUID = 6965220007121905717
    nextGeneration = class com.ibm.ws.library.internal.LibraryGeneration@d9a290b
    artifactContainerFactory = class com.ibm.ws.library.internal.SharedLibraryFactory$1@33522c6e
      this$0 = class com.ibm.ws.library.internal.SharedLibraryFactory@651cff17
      serialVersionUID = 7730244564205089330
      $$$tc$$$ = class com.ibm.websphere.ras.TraceComponent@7e28a168
    packageExporter = class com.ibm.ws.library.internal.LibraryPackageExporter@1b5d598e
      EXPORTER_POSTFIX = "_library_exporter"
      REGION_EXPORT_TO_LIBERTY = "liberty.library.export.to.liberty"
      REGION_EXPORT_TO_OSGI_APPS = "liberty.library.export.to.osgi.app"
      REGION_KERNEL = "org.eclipse.equinox.region.kernel"
      counter = class java.util.concurrent.atomic.AtomicLong@725ed45b
      context = class org.eclipse.osgi.internal.framework.BundleContextImpl@6ebd3eb3
      digraph = class org.eclipse.equinox.internal.region.StandardRegionDigraph@4f9fa6fa
      bundleToLibrary = class java.util.concurrent.ConcurrentHashMap@3b0bbb33
      libraryToVisibility = class java.util.concurrent.ConcurrentHashMap@3cca3008
      serialVersionUID = 8074378969667956573
      $$$tc$$$ = class com.ibm.websphere.ras.TraceComponent@10e6bf17
    serialVersionUID = 6288237618632180389
  sharedLibDeploymentInfo = class com.ibm.ws.app.manager.module.internal.DeployedAppInfoBase$SharedLibDeploymentInfo@4bff4eff
    bundleContext = class org.eclipse.osgi.internal.framework.BundleContextImpl@5d8defe4
      findHookName = "org.osgi.framework.hooks.bundle.FindHook"
      valid = true
      bundle = class org.eclipse.osgi.internal.framework.EquinoxBundle@6434bb6d
      container = class org.eclipse.osgi.internal.framework.EquinoxContainer@5594c818
      debug = class org.eclipse.osgi.internal.debug.Debug@6f9bff11
      servicesInUse = class java.util.HashMap@2dd2b7be
      activator = null
      contextLock = class java.lang.Object@38cf7812
    locAdmin = class com.ibm.ws.kernel.service.location.internal.WsLocationAdminImpl@50264bcf
      tc = class com.ibm.websphere.ras.TraceComponent@72d864fc
      LOC_INTERNAL_LIB_DIR = "wlp.lib.dir"
      LOC_AREA_NAME_APPS = "shared/apps/"
      LOC_AREA_NAME_CONFIG = "shared/config/"
      LOC_AREA_NAME_RESC = "shared/resources/"
      LOC_AREA_NAME_STATE = "logs/state/"
      LOC_AREA_NAME_SERVERS = "servers/"
      LOC_AREA_NAME_CLIENTS = "clients/"
      LOC_AREA_NAME_WORKING = "workarea/"
      LOC_AREA_NAME_EXTENSION = "extension/"
      instance = class com.ibm.ws.staticvalue.StaticValue$FinalSingleton@7ba7d51b
      installRoot = class com.ibm.ws.kernel.service.location.internal.SymbolicRootResource@7104abc0
      installParentRoot = class com.ibm.ws.kernel.service.location.internal.SymbolicRootResource@7c1ba1b
      userRoot = class com.ibm.ws.kernel.service.location.internal.SymbolicRootResource@7dec632c
      usrExtensionRoot = class com.ibm.ws.kernel.service.location.internal.SymbolicRootResource@38267e87
      serverConfigDir = class com.ibm.ws.kernel.service.location.internal.SymbolicRootResource@6c2888e8
      serverOutputDir = class com.ibm.ws.kernel.service.location.internal.SymbolicRootResource@6c2888e8
      bootstrapLib = class com.ibm.ws.kernel.service.location.internal.LocalFileResource@66b3f614
      serverWorkarea = class com.ibm.ws.kernel.service.location.internal.LocalFileResource@78d81ced
      serverState = class com.ibm.ws.kernel.service.location.internal.LocalFileResource@73018737
      sharedAppsRoot = class com.ibm.ws.kernel.service.location.internal.SymbolicRootResource@5b462e77
      sharedConfigRoot = class com.ibm.ws.kernel.service.location.internal.SymbolicRootResource@223c705d
      sharedResourceRoot = class com.ibm.ws.kernel.service.location.internal.SymbolicRootResource@1abb3f83
      tmpRoot = class com.ibm.ws.kernel.service.location.internal.SymbolicRootResource@65fc2bdc
      serverName = "defaultServer"
      resourcePaths = class java.util.ArrayList@fa39482
      resourceGroups = class java.util.HashMap@4edca3b3
      commonRoot = class com.ibm.ws.kernel.service.location.internal.VirtualRootResource@dd8cacc
      serialVersionUID = 7766352982799267432
    artifactFactory = class com.ibm.ws.artifact.internal.ArtifactContainerFactoryService@769a7f68
      CATEGORY_PROP_NAME = "category"
      ENTRY_KEY = "com.ibm.wsspi.artifact.ArtifactEntry"
      helperMap = class com.ibm.wsspi.kernel.service.utils.ConcurrentServiceReferenceSetMap@553471a5
      contributorMap = class com.ibm.wsspi.kernel.service.utils.ConcurrentServiceReferenceSetMap@794e52fb
      helperCategoryMap = class com.ibm.wsspi.kernel.service.utils.ConcurrentServiceReferenceSetMap@420edd8
      contributorCategoryMap = class com.ibm.wsspi.kernel.service.utils.ConcurrentServiceReferenceSetMap@13699b61
      categories = class java.util.Collections$SynchronizedSet@652669f0
      baseProperties = class org.apache.felix.scr.impl.helper.ReadOnlyDictionary@6ef43625
      serialVersionUID = -3101641399269402013
      $$$tc$$$ = class com.ibm.websphere.ras.TraceComponent@63fbc675
    moduleFactory = class com.ibm.ws.adaptable.module.internal.AdaptableModuleFactoryImpl@a5d5d6
      adapterFactoryService = class com.ibm.ws.adaptable.module.internal.AdapterFactoryServiceImpl@6cf7abb1
      containerFactory = class com.ibm.ws.artifact.internal.ArtifactContainerFactoryService@769a7f68
      overlayContainerFactory = class com.ibm.ws.artifact.overlay.internal.OverlayContainerFactoryImpl@50446b39
      serialVersionUID = 4200251809856292987
      $$$tc$$$ = class com.ibm.websphere.ras.TraceComponent@53c017f8
    classesContainerInfo = class java.util.ArrayList@76b2ea54
      serialVersionUID = 8683452581122892189
      DEFAULT_CAPACITY = 10
      EMPTY_ELEMENTDATA = class java.lang.Object[0]
      DEFAULTCAPACITY_EMPTY_ELEMENTDATA = class java.lang.Object[0]
      elementData = class java.lang.Object[0]
      size = 0
      MAX_ARRAY_SIZE = 2147483639
      modCount = 0
      MAX_ARRAY_SIZE = 2147483639
    serialVersionUID = -9033256786848720484
    $$$tc$$$ = class com.ibm.websphere.ras.TraceComponent@4ce2b03c
      strings[0] = "TraceComponent[com.ibm.ws.app.manager.module.internal.DeployedAppInfoBase$SharedLibDeploymentInfo,class com.ibm.ws.app.manager.module.internal.DeployedAppInfoBase$SharedLibDeploymentInfo,[applications, app.manager],,null]"
  futureMonitor = class com.ibm.ws.threading.internal.FutureMonitorImpl@1ee9d330
    _monitor = class java.util.concurrent.ConcurrentLinkedQueue@59b2a348
      serialVersionUID = 196745693267521676
      head = class java.util.concurrent.ConcurrentLinkedQueue$Node@7a8c47a0
      tail = class java.util.concurrent.ConcurrentLinkedQueue$Node@7a8c47a0
      UNSAFE = class sun.misc.Unsafe@cd63842
      headOffset = 12
      tailOffset = 16
      MAX_ARRAY_SIZE = 2147483639
    _executor = class com.ibm.ws.threading.internal.ScheduledExecutorImpl@563e5b78
      threadGroupName = "Scheduled Executor Thread Group"
      executor = class com.ibm.ws.threading.internal.ExecutorServiceImpl@51fc693f
      serialVersionUID = -9110693807503469597
      $$$tc$$$ = class com.ibm.websphere.ras.TraceComponent@21b1d538
      continueExistingPeriodicTasksAfterShutdown = false
      executeExistingDelayedTasksAfterShutdown = true
      removeOnCancel = false
      sequencer = class java.util.concurrent.atomic.AtomicLong@8c6deae
      ctl = class java.util.concurrent.atomic.AtomicInteger@64206a6d
      COUNT_BITS = 29
      CAPACITY = 536870911
      RUNNING = -536870912
      SHUTDOWN = 0
      STOP = 536870912
      TIDYING = 1073741824
      TERMINATED = 1610612736
      workQueue = class java.util.concurrent.ScheduledThreadPoolExecutor$DelayedWorkQueue@6646d5b9
      mainLock = class java.util.concurrent.locks.ReentrantLock@7e4864a2
      workers = class java.util.HashSet@4045f66b
      termination = class java.util.concurrent.locks.AbstractQueuedSynchronizer$ConditionObject@27d18f0c
      largestPoolSize = 1
      completedTaskCount = 0
      threadFactory = class com.ibm.ws.threading.internal.ThreadFactoryImpl@776a6d52
      handler = class java.util.concurrent.ThreadPoolExecutor$AbortPolicy@4a3a6a69
      keepAliveTime = 0
      allowCoreThreadTimeOut = false
      corePoolSize = 1
      maximumPoolSize = 2147483647
      defaultHandler = class java.util.concurrent.ThreadPoolExecutor$AbortPolicy@4a3a6a69
      shutdownPerm = class java.lang.RuntimePermission@25a32beb
      acc = null
      ONLY_ONE = true
      $assertionsDisabled = true
    _threadRunning = class java.util.concurrent.atomic.AtomicBoolean@53c0b04
      serialVersionUID = 4654671469794556979
      unsafe = class sun.misc.Unsafe@cd63842
      valueOffset = 12
      value = 0
    _thread = class com.ibm.ws.threading.internal.FutureMonitorImpl$1@27af6691
      this$0 = class com.ibm.ws.threading.internal.FutureMonitorImpl@1ee9d330
      serialVersionUID = 2422512430832938099
      $$$tc$$$ = class com.ibm.websphere.ras.TraceComponent@2caa3fb9
    serialVersionUID = 2765238413969174390
    $$$tc$$$ = class com.ibm.websphere.ras.TraceComponent@4eacd8d6
      strings[0] = "TraceComponent[com.ibm.ws.threading.internal.FutureMonitorImpl,class com.ibm.ws.threading.internal.FutureMonitorImpl,[Threading],com.ibm.ws.threading.internal.resources.ThreadingMessages,null]"
  configAdmin = class com.ibm.ws.config.admin.internal.ConfigurationAdminImpl@446fc3c5
    tc = class com.ibm.websphere.ras.TraceComponent@48e885ab
      strings[0] = "TraceComponent[com.ibm.ws.config.admin.internal.ConfigurationAdminImpl,class com.ibm.ws.config.admin.internal.ConfigurationAdminImpl,[config],com.ibm.ws.config.internal.resources.ConfigMessages,null]"
    bundle = class org.eclipse.osgi.internal.framework.EquinoxBundle@6434bb6d
      equinoxContainer = class org.eclipse.osgi.internal.framework.EquinoxContainer@5594c818
      module = class org.eclipse.osgi.internal.framework.EquinoxBundle$EquinoxModule@730e67c
      monitor = class java.lang.Object@461a7244
      context = class org.eclipse.osgi.internal.framework.BundleContextImpl@5d8defe4
      signerInfos = null
      $SWITCH_TABLE$org$eclipse$osgi$container$Module$State = {1,2,3,4,5,6,7} /* array length = 7 */
    caFactory = class com.ibm.ws.config.admin.internal.ConfigAdminServiceFactory@253a80d2
      tc = class com.ibm.websphere.ras.TraceComponent@abe3e48
      configurationPermission = class org.osgi.service.cm.ConfigurationPermission@7ab05df3
      INDEX_DICTIONARY = 0
      INDEX_LOCATION = 1
      INDEX_METATYPE_PROCESSED = 2
      INDEX_IN_OVERRIDES_FILE = 3
      INDEX_REFERENCES = 4
      INDEX_UNIQUES = 5
      bundleContext = class org.eclipse.osgi.internal.framework.BundleContextImpl@4d926d38
      msTracker = class com.ibm.ws.config.admin.internal.ManagedServiceTracker@1fdf354d
      msfTracker = class com.ibm.ws.config.admin.internal.ManagedServiceFactoryTracker@3b1ae1f1
      pluginManager = class com.ibm.ws.config.admin.internal.PluginManager@4bce8873
      configurationStore = class com.ibm.ws.config.admin.internal.ConfigurationStore@33691b3c
      updateQueue = class com.ibm.ws.config.admin.internal.UpdateQueue@55fa2541
      ced = class com.ibm.ws.config.admin.internal.ConfigEventDispatcher@39035366
      idMap = class java.util.Collections$SynchronizedMap@6b1d925
      referenceMap = class java.util.Collections$SynchronizedMap@7dfa8234
      variableRegistryTracker = class org.osgi.util.tracker.ServiceTracker@79ae70e7
      variableRegistry = class com.ibm.ws.kernel.service.location.internal.VariableRegistryHelper@5a9594d7
      configurationAdminRef = class org.eclipse.osgi.internal.serviceregistry.ServiceRegistrationImpl@1cd32320
      serialVersionUID = 6695202270027014725
    serialVersionUID = 3160799878770679122
  libraryConfigHelper = class com.ibm.ws.classloading.ClassLoaderConfigHelper@626cffc2
    tc = class com.ibm.websphere.ras.TraceComponent@5e083311
      strings[0] = "TraceComponent[com.ibm.ws.classloading.ClassLoaderConfigHelper,class com.ibm.ws.classloading.ClassLoaderConfigHelper,[ClassLoadingService],com.ibm.ws.classloading.internal.resources.ClassLoadingServiceMessages,null]"
    DEFAULT_API_TYPES = class java.util.RegularEnumSet@3bb8051
      serialVersionUID = 3411599620347842686
      elements = 23
      elementType = class java.lang.Class@3175db33
      universe = class com.ibm.wsspi.classloading.ApiType[5]
      ZERO_LENGTH_ENUM_ARRAY = class java.lang.Enum[0]
      MAX_ARRAY_SIZE = 2147483639
    sharedLibraries = class java.util.Collections$EmptyList@3cee2f1d
      serialVersionUID = 8842843931221139166
      modCount = 0
      MAX_ARRAY_SIZE = 2147483639
    commonLibraries = class java.util.Collections$EmptyList@3cee2f1d
    classProviders = class java.util.Collections$EmptyList@3cee2f1d
    sharedLibrariesPids = null
    commonLibrariesPids = null
    isDelegateLast = false
    apiTypes = class java.util.RegularEnumSet@3bb8051
    classLoaderConfigProps = null
    serialVersionUID = -3051196824456962209
  isDelegateLast = false
  permissionManager = class com.ibm.ws.security.java2sec.PermissionManager@7c4da81e
    tc = class com.ibm.websphere.ras.TraceComponent@cbcc4fd
      strings[0] = "TraceComponent[com.ibm.ws.security.java2sec.PermissionManager,class com.ibm.ws.security.java2sec.PermissionManager,[Java2SecurityUtil],com.ibm.ws.security.java2sec.resources.Java2SecurityUtilMessages,null]"
    classLoadingService = class com.ibm.ws.classloading.internal.ClassLoadingServiceImpl@3920d0b9
    DEFAULT_SERVER_RESTRICTABLE_PERMISSIONS = class java.security.Permission[4]
      Permission[0] = class java.lang.RuntimePermission@1a372cbc
      Permission[1] = class java.lang.RuntimePermission@4961ae86
      Permission[2] = class java.security.SecurityPermission@2da17987
      Permission[3] = class javax.security.auth.AuthPermission@15dca27e
    DEFAULT_CLIENT_RESTRICTABLE_PERMISSIONS = class java.security.Permission[3]
      Permission[0] = class java.lang.RuntimePermission@727ca368
      Permission[1] = class java.security.SecurityPermission@543781e1
      Permission[2] = class javax.security.auth.AuthPermission@2488164b
    isServer = true
    wsjarUrlStreamHandlerAvailable = true
    restrictablePermissions = class java.util.ArrayList@6076cf01
      serialVersionUID = 8683452581122892189
      DEFAULT_CAPACITY = 10
      EMPTY_ELEMENTDATA = class java.lang.Object[0]
      DEFAULTCAPACITY_EMPTY_ELEMENTDATA = class java.lang.Object[0]
      elementData = class java.lang.Object[10]
      size = 4
      MAX_ARRAY_SIZE = 2147483639
      modCount = 4
      MAX_ARRAY_SIZE = 2147483639
    grantedPermissions = class java.util.ArrayList@dbf7b6d
      serialVersionUID = 8683452581122892189
      DEFAULT_CAPACITY = 10
      EMPTY_ELEMENTDATA = class java.lang.Object[0]
      DEFAULTCAPACITY_EMPTY_ELEMENTDATA = class java.lang.Object[0]
      elementData = class java.lang.Object[0]
      size = 0
      MAX_ARRAY_SIZE = 2147483639
      modCount = 0
      MAX_ARRAY_SIZE = 2147483639
    KEY_PERMISSION = "permission"
    INCORRECT_PERMISSION_CONFIGURATION = "INCORRECT_PERMISSION_CONFIGURATION"
    PERMISSION_CLASSNOTFOUND = "PERMISSION_CLASSNOTFOUND"
    SERVER_XML = "server.xml"
    CLIENT_XML = "client.xml"
    originationFile = "server.xml"
    permissions = class com.ibm.wsspi.kernel.service.utils.ConcurrentServiceReferenceSet@1a9622ed
      referenceName = "permission"
      contextRef = class java.util.concurrent.atomic.AtomicReference@3a9b1a68
      elementMap = class java.util.LinkedHashMap@2cc35c2
      elementSet = class java.util.concurrent.ConcurrentSkipListSet@4180d261
      elementSetUnsorted = false
      serialVersionUID = 756240983881166148
      $$$tc$$$ = class com.ibm.websphere.ras.TraceComponent@3ddbbf6e
    codeBasePermissionMap = class java.util.HashMap@67c9dae7
      serialVersionUID = 362498820763181265
      DEFAULT_INITIAL_CAPACITY = 16
      MAXIMUM_CAPACITY = 1073741824
      DEFAULT_LOAD_FACTOR = 0.75
      TREEIFY_THRESHOLD = 8
      UNTREEIFY_THRESHOLD = 6
      MIN_TREEIFY_CAPACITY = 64
      table = null
      entrySet = null
      size = 0
      modCount = 0
      threshold = 0
      loadFactor = 0.75
      keySet = class java.util.HashMap$KeySet@4afebf4
      values = null
    permissionXMLPermissionMap = class java.util.HashMap@31110fd8
      serialVersionUID = 362498820763181265
      DEFAULT_INITIAL_CAPACITY = 16
      MAXIMUM_CAPACITY = 1073741824
      DEFAULT_LOAD_FACTOR = 0.75
      TREEIFY_THRESHOLD = 8
      UNTREEIFY_THRESHOLD = 6
      MIN_TREEIFY_CAPACITY = 64
      table = null
      entrySet = null
      size = 0
      modCount = 0
      threshold = 0
      loadFactor = 0.75
      keySet = null
      values = null
    serialVersionUID = -1314772785255050069
  permissionsConfig = null
  serialVersionUID = -6908382869835671687
  appInfo = class com.ibm.ws.container.service.app.deploy.internal.ApplicationInfoImpl@5235e63f
    appName = "microprofile-1.0-SNAPSHOT"
    appMetaData = class com.ibm.ws.container.service.app.deploy.internal.ApplicationMetaDataImpl@69ff8112
      j2eeName = class com.ibm.ws.container.service.metadata.internal.J2EENameImpl@1bf6d1ef
      serialVersionUID = -7906531148367236579
      $$$tc$$$ = class com.ibm.websphere.ras.TraceComponent@4e313124
      tc = class com.ibm.websphere.ras.TraceComponent@7ff56396
      NUM_STATIC_SLOTS = 4
      ID_UNINITIALIZED = -1
      id = 2
      metaDataInterface = class java.lang.Class@5989e7ea
      staticSlots = class java.lang.Object[4]
      dynamicSlots = null
    appContainer = class com.ibm.ws.adaptable.module.internal.AdaptableContainerImpl@3e8845ff
    configHelper = class com.ibm.ws.app.manager.module.ApplicationNestedConfigHelper@2f55dd80
      appInfo = class com.ibm.ws.app.manager.internal.ApplicationInstallInfo@32fd3383
      serialVersionUID = -3174031738676705046
      $$$tc$$$ = class com.ibm.websphere.ras.TraceComponent@16b9c3d7
    serialVersionUID = 7091777744534637201
    $$$tc$$$ = class com.ibm.websphere.ras.TraceComponent@1291b10d
      strings[0] = "TraceComponent[com.ibm.ws.container.service.app.deploy.internal.ApplicationInfoImpl,class com.ibm.ws.container.service.app.deploy.internal.ApplicationInfoImpl,[container.service],com.ibm.ws.container.service.resources.Messages,null]"
  modulesDeployed = class java.util.ArrayList@773f0a4e
    serialVersionUID = 8683452581122892189
    DEFAULT_CAPACITY = 10
    EMPTY_ELEMENTDATA = class java.lang.Object[0]
    DEFAULTCAPACITY_EMPTY_ELEMENTDATA = class java.lang.Object[0]
    elementData = class java.lang.Object[10]
      Object[0] = class com.ibm.ws.app.manager.module.internal.DeployedModuleInfoImpl@97ea260
      Object[1] = null
      Object[2] = null
      Object[3] = null
      Object[4] = null
      Object[5] = null
      Object[6] = null
      Object[7] = null
      Object[8] = null
      Object[9] = null
    size = 1
    MAX_ARRAY_SIZE = 2147483639
    modCount = 1
    MAX_ARRAY_SIZE = 2147483639
  starting = true
  started = false
  appInfoFactory = class com.ibm.ws.container.service.app.deploy.internal.ApplicationInfoFactoryImpl@72286984
    j2eeNameFactory = class com.ibm.wsspi.kernel.service.utils.AtomicServiceReference@55a7cc6f
      referenceName = "j2eeNameFactory"
      tuple = class java.util.concurrent.atomic.AtomicReference@1192da80
      serialVersionUID = 2226592364007985000
      $$$tc$$$ = class com.ibm.websphere.ras.TraceComponent@4d7e54d9
    names = class java.util.HashSet@6b6a3079
      serialVersionUID = -5024744406713321676
      map = class java.util.HashMap@23edbd41
      PRESENT = class java.lang.Object@678fbac7
      MAX_ARRAY_SIZE = 2147483639
    serialVersionUID = 6232436640731165768
    $$$tc$$$ = class com.ibm.websphere.ras.TraceComponent@f18db31
      strings[0] = "TraceComponent[com.ibm.ws.container.service.app.deploy.internal.ApplicationInfoFactoryImpl,class com.ibm.ws.container.service.app.deploy.internal.ApplicationInfoFactoryImpl,[container.service],com.ibm.ws.container.service.resources.Messages,null]"
  metaDataService = class com.ibm.ws.container.service.metadata.internal.MetaDataServiceImpl@27a91f23
    applicationMetaDataManager = class com.ibm.ws.container.service.metadata.internal.ApplicationMetaDataManager@30a23e4d
      serialVersionUID = 1843747281024490904
      $$$tc$$$ = class com.ibm.websphere.ras.TraceComponent@5a8bda86
      listeners = class com.ibm.wsspi.kernel.service.utils.ConcurrentServiceReferenceSet@47444bb7
      metaDataIDs = class com.ibm.ws.container.service.metadata.internal.IndexList@6594653c
      metaDatas = class java.util.ArrayList@6824ba21
      slotIDs = class com.ibm.ws.container.service.metadata.internal.IndexList@4d81e8f4
      serialVersionUID = 5464421863354792977
      $$$tc$$$ = class com.ibm.websphere.ras.TraceComponent@6666553b
    moduleMetaDataManager = class com.ibm.ws.container.service.metadata.internal.ModuleMetaDataManager@221c6f08
      serialVersionUID = 2513574389899327209
      $$$tc$$$ = class com.ibm.websphere.ras.TraceComponent@774ec2bf
      listeners = class com.ibm.wsspi.kernel.service.utils.ConcurrentServiceReferenceSet@539cbe73
      metaDataIDs = class com.ibm.ws.container.service.metadata.internal.IndexList@71b79c84
      metaDatas = class java.util.ArrayList@625c8dde
      slotIDs = class com.ibm.ws.container.service.metadata.internal.IndexList@74aebfc8
      serialVersionUID = 5464421863354792977
      $$$tc$$$ = class com.ibm.websphere.ras.TraceComponent@6666553b
    componentMetaDataManager = class com.ibm.ws.container.service.metadata.internal.ComponentMetaDataManager@15db8d06
      serialVersionUID = 8629793739641703882
      $$$tc$$$ = class com.ibm.websphere.ras.TraceComponent@689d457f
      listeners = class com.ibm.wsspi.kernel.service.utils.ConcurrentServiceReferenceSet@d629f1
      metaDataIDs = class com.ibm.ws.container.service.metadata.internal.IndexList@784dbae7
      metaDatas = class java.util.ArrayList@552317a0
      slotIDs = class com.ibm.ws.container.service.metadata.internal.IndexList@7eefa912
      serialVersionUID = 5464421863354792977
      $$$tc$$$ = class com.ibm.websphere.ras.TraceComponent@6666553b
    methodMetaDataManager = class com.ibm.ws.container.service.metadata.internal.MethodMetaDataManager@7a0f663f
      serialVersionUID = -3308748211841563417
      $$$tc$$$ = class com.ibm.websphere.ras.TraceComponent@3eba2695
      listeners = class com.ibm.wsspi.kernel.service.utils.ConcurrentServiceReferenceSet@29849b04
      metaDataIDs = class com.ibm.ws.container.service.metadata.internal.IndexList@218e7f35
      metaDatas = class java.util.ArrayList@18082853
      slotIDs = class com.ibm.ws.container.service.metadata.internal.IndexList@2455b9ec
      serialVersionUID = 5464421863354792977
      $$$tc$$$ = class com.ibm.websphere.ras.TraceComponent@6666553b
    appModuleNameToModuleContainer = class java.util.concurrent.ConcurrentHashMap@5bfe7f65
      serialVersionUID = 7249069246763182397
      MAXIMUM_CAPACITY = 1073741824
      DEFAULT_CAPACITY = 16
      MAX_ARRAY_SIZE = 2147483639
      DEFAULT_CONCURRENCY_LEVEL = 16
      LOAD_FACTOR = 0.75
      TREEIFY_THRESHOLD = 8
      UNTREEIFY_THRESHOLD = 6
      MIN_TREEIFY_CAPACITY = 64
      MIN_TRANSFER_STRIDE = 16
      RESIZE_STAMP_BITS = 16
      MAX_RESIZERS = 65535
      RESIZE_STAMP_SHIFT = 16
      MOVED = -1
      TREEBIN = -2
      RESERVED = -3
      HASH_BITS = 2147483647
      NCPU = 4
      serialPersistentFields = class java.io.ObjectStreamField[3]
      table = class java.util.concurrent.ConcurrentHashMap$Node[16]
      nextTable = null
      baseCount = 6
      sizeCtl = 12
      transferIndex = 0
      cellsBusy = 0
      counterCells = null
      keySet = null
      values = null
      entrySet = null
      U = class sun.misc.Unsafe@cd63842
      SIZECTL = 20
      TRANSFERINDEX = 32
      BASECOUNT = 24
      CELLSBUSY = 36
      CELLVALUE = 144
      ABASE = 16
      ASHIFT = 2
      keySet = null
      values = null
    jeeNameToComponentMetaData = class java.util.concurrent.ConcurrentHashMap@1adb3f3d
      serialVersionUID = 7249069246763182397
      MAXIMUM_CAPACITY = 1073741824
      DEFAULT_CAPACITY = 16
      MAX_ARRAY_SIZE = 2147483639
      DEFAULT_CONCURRENCY_LEVEL = 16
      LOAD_FACTOR = 0.75
      TREEIFY_THRESHOLD = 8
      UNTREEIFY_THRESHOLD = 6
      MIN_TREEIFY_CAPACITY = 64
      MIN_TRANSFER_STRIDE = 16
      RESIZE_STAMP_BITS = 16
      MAX_RESIZERS = 65535
      RESIZE_STAMP_SHIFT = 16
      MOVED = -1
      TREEBIN = -2
      RESERVED = -3
      HASH_BITS = 2147483647
      NCPU = 4
      serialPersistentFields = class java.io.ObjectStreamField[3]
      table = class java.util.concurrent.ConcurrentHashMap$Node[32]
      nextTable = null
      baseCount = 11
      sizeCtl = 24
      transferIndex = 0
      cellsBusy = 0
      counterCells = null
      keySet = null
      values = null
      entrySet = null
      U = class sun.misc.Unsafe@cd63842
      SIZECTL = 20
      TRANSFERINDEX = 32
      BASECOUNT = 24
      CELLSBUSY = 36
      CELLVALUE = 144
      ABASE = 16
      ASHIFT = 2
      keySet = null
      values = null
    deferredMetaDataFactories = class com.ibm.wsspi.kernel.service.utils.ConcurrentServiceReferenceSet@532132dd
      referenceName = "deferredMetaDataFactory"
      contextRef = class java.util.concurrent.atomic.AtomicReference@787d7827
      elementMap = class java.util.LinkedHashMap@11d8190
      elementSet = class java.util.concurrent.ConcurrentSkipListSet@6ce1c1e5
      elementSetUnsorted = false
      serialVersionUID = 756240983881166148
      $$$tc$$$ = class com.ibm.websphere.ras.TraceComponent@3ddbbf6e
    deferredMetaDataInitializers = class com.ibm.wsspi.kernel.service.utils.ConcurrentServiceReferenceMap@529e9818
      referenceName = "deferredMetaDataFactory"
      context = class org.apache.felix.scr.impl.manager.ComponentContextImpl@5954350f
      elementMap = class java.util.concurrent.ConcurrentHashMap@29379465
      serialVersionUID = 6980924785166233786
      $$$tc$$$ = class com.ibm.websphere.ras.TraceComponent@577abe3d
    serialVersionUID = -2494605732980966097
    $$$tc$$$ = class com.ibm.websphere.ras.TraceComponent@63784680
      strings[0] = "TraceComponent[com.ibm.ws.container.service.metadata.internal.MetaDataServiceImpl,class com.ibm.ws.container.service.metadata.internal.MetaDataServiceImpl,[Runtime],,null]"
  stateChangeService = class com.ibm.ws.container.service.state.internal.StateChangeServiceImpl@5cfa810c
    applicationStateManager = class com.ibm.ws.container.service.state.internal.ApplicationStateManager@7b5a8ac3
      serialVersionUID = -6685368059484454124
      $$$tc$$$ = class com.ibm.websphere.ras.TraceComponent@533c0cca
      listeners = class com.ibm.wsspi.kernel.service.utils.ConcurrentServiceReferenceSet@18e90c8
      serialVersionUID = 2284273176985484160
      $$$tc$$$ = class com.ibm.websphere.ras.TraceComponent@3715719b
    moduleStateManager = class com.ibm.ws.container.service.state.internal.ModuleStateManager@451e5c43
      serialVersionUID = -5540260902341249963
      $$$tc$$$ = class com.ibm.websphere.ras.TraceComponent@6b67dc6f
      listeners = class com.ibm.wsspi.kernel.service.utils.ConcurrentServiceReferenceSet@2dd1a77e
      serialVersionUID = 2284273176985484160
      $$$tc$$$ = class com.ibm.websphere.ras.TraceComponent@3715719b
    serialVersionUID = -537917915330350560
    $$$tc$$$ = class com.ibm.websphere.ras.TraceComponent@6a7684f1
      strings[0] = "TraceComponent[com.ibm.ws.container.service.state.internal.StateChangeServiceImpl,class com.ibm.ws.container.service.state.internal.StateChangeServiceImpl,[Runtime],,null]"
  moduleClassesInfo = class com.ibm.ws.app.manager.module.internal.SimpleDeployedAppInfoBase$ModuleClassesInfoProvider@63343287
    entryContainerInfosMap = class java.util.HashMap@6ca9add3
      serialVersionUID = 362498820763181265
      DEFAULT_INITIAL_CAPACITY = 16
      MAXIMUM_CAPACITY = 1073741824
      DEFAULT_LOAD_FACTOR = 0.75
      TREEIFY_THRESHOLD = 8
      UNTREEIFY_THRESHOLD = 6
      MIN_TREEIFY_CAPACITY = 64
      table = null
      entrySet = null
      size = 0
      modCount = 0
      threshold = 0
      loadFactor = 0.75
      keySet = null
      values = null
    serialVersionUID = -70332790531324534
    $$$tc$$$ = class com.ibm.websphere.ras.TraceComponent@5e4592f4
      strings[0] = "TraceComponent[com.ibm.ws.app.manager.module.internal.SimpleDeployedAppInfoBase$ModuleClassesInfoProvider,class com.ibm.ws.app.manager.module.internal.SimpleDeployedAppInfoBase$ModuleClassesInfoProvider,[applications, app.manager],,null]"
  moduleContainerInfos = class java.util.ArrayList@ae76d56
    serialVersionUID = 8683452581122892189
    DEFAULT_CAPACITY = 10
    EMPTY_ELEMENTDATA = class java.lang.Object[0]
    DEFAULTCAPACITY_EMPTY_ELEMENTDATA = class java.lang.Object[0]
    elementData = class java.lang.Object[10]
      Object[0] = class com.ibm.ws.app.manager.module.internal.SimpleDeployedAppInfoBase$WebModuleContainerInfo@5c343c7
      Object[1] = null
      Object[2] = null
      Object[3] = null
      Object[4] = null
      Object[5] = null
      Object[6] = null
      Object[7] = null
      Object[8] = null
      Object[9] = null
    size = 1
    MAX_ARRAY_SIZE = 2147483639
    modCount = 1
    MAX_ARRAY_SIZE = 2147483639
  activeModuleHandlers = class java.util.IdentityHashMap@5856b3e
    DEFAULT_CAPACITY = 32
    MINIMUM_CAPACITY = 4
    MAXIMUM_CAPACITY = 536870912
    table = class java.lang.Object[16]
      Object[0] = null
      Object[1] = null
      Object[2] = null
      Object[3] = null
      Object[4] = null
      Object[5] = null
      Object[6] = null
      Object[7] = null
      Object[8] = null
      Object[9] = null
      Object[10] = null
      Object[11] = null
      Object[12] = null
      Object[13] = null
      Object[14] = null
      Object[15] = null
    size = 0
    modCount = 2
    NULL_KEY = class java.lang.Object@7faad7cb
    entrySet = null
    serialVersionUID = 8188218128353913216
    keySet = null
    values = null
  serialVersionUID = 7078125893012250887
  $$$tc$$$ = class com.ibm.websphere.ras.TraceComponent@4a547f56
    strings[0] = "TraceComponent[com.ibm.ws.app.manager.module.internal.SimpleDeployedAppInfoBase,class com.ibm.ws.app.manager.module.internal.SimpleDeployedAppInfoBase,[applications, app.manager],,null]"

Dump of objectArray[0]
Object type = com.ibm.ws.threading.internal.NonCancelableResultFuture
  _done = false
  _result = null
  _failure = null
  _listeners = class java.util.concurrent.ConcurrentLinkedQueue@4444bb80
    serialVersionUID = 196745693267521676
    head = class java.util.concurrent.ConcurrentLinkedQueue$Node@55daae55
      item = null
      next = null
      UNSAFE = class sun.misc.Unsafe@cd63842
      itemOffset = 12
      nextOffset = 16
    tail = class java.util.concurrent.ConcurrentLinkedQueue$Node@55daae55
    UNSAFE = class sun.misc.Unsafe@cd63842
      theUnsafe = class sun.misc.Unsafe@cd63842
      INVALID_FIELD_OFFSET = -1
      ARRAY_BOOLEAN_BASE_OFFSET = 16
      ARRAY_BYTE_BASE_OFFSET = 16
      ARRAY_SHORT_BASE_OFFSET = 16
      ARRAY_CHAR_BASE_OFFSET = 16
      ARRAY_INT_BASE_OFFSET = 16
      ARRAY_LONG_BASE_OFFSET = 16
      ARRAY_FLOAT_BASE_OFFSET = 16
      ARRAY_DOUBLE_BASE_OFFSET = 16
      ARRAY_OBJECT_BASE_OFFSET = 16
      ARRAY_BOOLEAN_INDEX_SCALE = 1
      ARRAY_BYTE_INDEX_SCALE = 1
      ARRAY_SHORT_INDEX_SCALE = 2
      ARRAY_CHAR_INDEX_SCALE = 2
      ARRAY_INT_INDEX_SCALE = 4
      ARRAY_LONG_INDEX_SCALE = 8
      ARRAY_FLOAT_INDEX_SCALE = 4
      ARRAY_DOUBLE_INDEX_SCALE = 8
      ARRAY_OBJECT_INDEX_SCALE = 4
      ADDRESS_SIZE = 8
    headOffset = 12
    tailOffset = 16
    MAX_ARRAY_SIZE = 2147483639
  _notifiedListeners = class java.util.concurrent.atomic.AtomicBoolean@64bdcfab
    serialVersionUID = 4654671469794556979
    unsafe = class sun.misc.Unsafe@cd63842
    valueOffset = 12
    value = 0
  serialVersionUID = -296387658814354272
  $$$tc$$$ = class com.ibm.websphere.ras.TraceComponent@52d2c1f6
    strings[0] = "TraceComponent[com.ibm.ws.threading.internal.NonCancelableResultFuture,class com.ibm.ws.threading.internal.NonCancelableResultFuture,[Threading],com.ibm.ws.threading.internal.resources.ThreadingMessages,null]"

