------Start of DE processing------ = [6/26/18 12:32:49:586 PDT]
Exception = com.ibm.ws.container.service.state.StateChangeException
Source = com.ibm.ws.app.manager.module.internal.DeployedAppInfoBase
probeid = 381
Stack Dump = com.ibm.ws.container.service.state.StateChangeException: org.jboss.weld.exceptions.DefinitionException: WELD-000075: Normal scoped managed bean implementation class has a public field:  [EnhancedAnnotatedFieldImpl] public application.microprofile.HealthEndpoint.config
	at com.ibm.ws.container.service.state.internal.ApplicationStateManager.fireStarting(ApplicationStateManager.java:32)
	at com.ibm.ws.container.service.state.internal.StateChangeServiceImpl.fireApplicationStarting(StateChangeServiceImpl.java:50)
	at com.ibm.ws.app.manager.module.internal.DeployedAppInfoBase.preDeployApp(DeployedAppInfoBase.java:380)
	at com.ibm.ws.app.manager.module.internal.DeployedAppInfoBase.deployApp(DeployedAppInfoBase.java:409)
	at com.ibm.ws.app.manager.war.internal.WARApplicationHandlerImpl.install(WARApplicationHandlerImpl.java:65)
	at com.ibm.ws.app.manager.internal.statemachine.StartAction.execute(StartAction.java:140)
	at com.ibm.ws.app.manager.internal.statemachine.ApplicationStateMachineImpl.enterState(ApplicationStateMachineImpl.java:1258)
	at com.ibm.ws.app.manager.internal.statemachine.ApplicationStateMachineImpl.run(ApplicationStateMachineImpl.java:873)
	at java.util.concurrent.ThreadPoolExecutor.runWorker(ThreadPoolExecutor.java:1149)
	at java.util.concurrent.ThreadPoolExecutor$Worker.run(ThreadPoolExecutor.java:624)
	at java.lang.Thread.run(Thread.java:748)
Caused by: org.jboss.weld.exceptions.DefinitionException: WELD-000075: Normal scoped managed bean implementation class has a public field:  [EnhancedAnnotatedFieldImpl] public application.microprofile.HealthEndpoint.config
	at org.jboss.weld.bean.ManagedBean.checkBeanImplementation(ManagedBean.java:230)
	at org.jboss.weld.bean.AbstractClassBean.internalInitialize(AbstractClassBean.java:74)
	at org.jboss.weld.bean.ManagedBean.internalInitialize(ManagedBean.java:105)
	at org.jboss.weld.bean.RIBean.initialize(RIBean.java:69)
	at org.jboss.weld.bootstrap.ConcurrentBeanDeployer$5.doWork(ConcurrentBeanDeployer.java:117)
	at org.jboss.weld.bootstrap.ConcurrentBeanDeployer$5.doWork(ConcurrentBeanDeployer.java:114)
	at org.jboss.weld.executor.IterativeWorkerTaskFactory$1.call(IterativeWorkerTaskFactory.java:62)
	at org.jboss.weld.executor.IterativeWorkerTaskFactory$1.call(IterativeWorkerTaskFactory.java:55)
	at java.util.concurrent.FutureTask.run(FutureTask.java:266)
	... 3 more

Dump of callerThis
Object type = com.ibm.ws.app.manager.war.internal.WARDeployedAppInfo
  CONTEXT_ROOT = "context-root"
  webModuleHandler = class com.ibm.ws.app.manager.web.internal.WebModuleHandlerImpl@367fd7a9
    serialVersionUID = 4795602325763828210
    $$$tc$$$ = class com.ibm.websphere.ras.TraceComponent@4a853140
      strings[0] = "TraceComponent[com.ibm.ws.app.manager.web.internal.WebModuleHandlerImpl,class com.ibm.ws.app.manager.web.internal.WebModuleHandlerImpl,[webcontainer, applications, app.manager],com.ibm.ws.app.manager.war.internal.resources.Messages,null]"
    futureMonitor = class com.ibm.ws.threading.internal.FutureMonitorImpl@f84454f
    metaDataService = class com.ibm.ws.container.service.metadata.internal.MetaDataServiceImpl@1a1eab97
    stateChangeService = class com.ibm.ws.container.service.state.internal.StateChangeServiceImpl@74f6ebf1
    moduleRuntimeContainer = class com.ibm.ws.webcontainer.osgi.WebContainer@5868df0c
      tc = class com.ibm.websphere.ras.TraceComponent@6a99fca
      CLASS_NAME = "com.ibm.ws.webcontainer.osgi.WebContainer"
      initialized = true
      eventService = class com.ibm.ws.event.internal.EventEngineImpl@52e42843
      futureMonitor = class com.ibm.ws.threading.internal.FutureMonitorImpl@f84454f
      classLoadingSRRef = class com.ibm.wsspi.kernel.service.utils.AtomicServiceReference@4a4ae4
      sessionHelperSRRef = class com.ibm.wsspi.kernel.service.utils.AtomicServiceReference@3df93dd5
      cacheManagerSRRef = class com.ibm.wsspi.kernel.service.utils.AtomicServiceReference@5a472fd9
      injectionEngineSRRef = class com.ibm.wsspi.kernel.service.utils.AtomicServiceReference@2992a2e2
      managedObjectServiceSRRef = class com.ibm.wsspi.kernel.service.utils.AtomicServiceReference@7b5dc05e
      backgroundWebAppStartFutures = class com.ibm.ws.webcontainer.util.OneTimeUseArrayList@fbe4d75
      REFERENCE_WEB_MBEAN_RUNTIME = "webMBeanRuntime"
      webMBeanRuntimeServiceRef = class com.ibm.wsspi.kernel.service.utils.AtomicServiceReference@6c6482bc
      servletContainerInitializers = class com.ibm.wsspi.kernel.service.utils.ConcurrentServiceReferenceSet@50ddb860
      es = class com.ibm.ws.threading.internal.ExecutorServiceImpl@45bffb73
      locationServiceRef = class java.util.concurrent.atomic.AtomicReference@4517dd15
      transferContextServiceRef = class com.ibm.wsspi.kernel.service.utils.ConcurrentServiceReferenceSet@38bff527
      encodingServiceRef = class java.util.concurrent.atomic.AtomicReference@7086f1ee
      instance = class java.util.concurrent.atomic.AtomicReference@4d254926
      vhostManager = class com.ibm.ws.webcontainer.osgi.DynamicVirtualHostManager@36a1cae2
      metaDataService = class com.ibm.ws.container.service.metadata.internal.MetaDataServiceImpl@1a1eab97
      j2eeNameFactory = class com.ibm.ws.container.service.metadata.internal.J2EENameFactoryImpl@71f017dc
      context = class org.apache.felix.scr.impl.manager.ComponentContextImpl@363e918d
      contextRoots = class java.util.Collections$SynchronizedSet@51359215
      pendingContextRoots = class java.util.HashMap@69fba40b
      deployedModuleMap = class java.util.concurrent.ConcurrentHashMap@1844001f
      connContextPool = class com.ibm.ws.webcontainer31.osgi.srt.factory.SRTConnectionContextPool31Impl@5ab44863
      DEFAULT_PORT = "*"
      DEFAULT_VHOST_NAME = "default_host"
      cachedServerInfo = "IBM WebSphere Liberty/${liberty.service.version}"
      lock = class com.ibm.ws.webcontainer.osgi.WebContainer$1@276cdc1a
      webAppFactory = class com.ibm.ws.webcontainer31.osgi.webapp.factory.WebAppFactoryImpl31@1383ff00
      requestFactory = class com.ibm.ws.webcontainer31.osgi.response.factory.IRequestResponseFactory@2bff4197
      responseFactory = class com.ibm.ws.webcontainer31.osgi.response.factory.IRequestResponseFactory@2bff4197
      asyncContextFactory = class com.ibm.ws.webcontainer31.async.factory.AsyncContextFactory31Impl@53f0e3db
      DEFAULT_MAX_VERSION = 30
      versionRef = class org.eclipse.osgi.internal.serviceregistry.ServiceReferenceImpl@123d79b3
      serverStopping = class com.ibm.ws.staticvalue.StaticValue$FinalSingleton@1e4aef0b
      modulesStarting = 0
      uriMatcherFactory = class com.ibm.wsspi.webcontainer31.util.factory.URIMatcherFactory31Impl@4f68f6ac
      SPEC_LEVEL_UNLOADED = -1
      SPEC_LEVEL_30 = 30
      SPEC_LEVEL_31 = 31
      SPEC_LEVEL_40 = 40
      DEFAULT_SPEC_LEVEL = 30
      loadedContainerSpecLevel = 31
      ISO = "ISO-8859-1"
      encoding = "UTF-8"
      decode = true
      wcconfig = class com.ibm.ws.webcontainer.osgi.WebContainerConfiguration@625b3889
      applicationListeners = class java.util.ArrayList@2ba0b17e
      servletListeners = class java.util.ArrayList@2375ef30
      servletErrorListeners = class java.util.ArrayList@29785edd
      servletInvocationListeners = class java.util.ArrayList@125cb40b
      filterInvocationListeners = class java.util.ArrayList@3cd9cc7f
      filterErrorListeners = class java.util.ArrayList@30d9a8bb
      filterListeners = class java.util.ArrayList@5bbc96cb
      servletRequestListeners = class java.util.ArrayList@2c379d5b
      servletRequestAttributeListeners = class java.util.ArrayList@5e7f0696
      servletContextListeners = class java.util.ArrayList@231ee192
      servletContextAttributeListeners = class java.util.ArrayList@1c2b31f4
      sessionListeners = class java.util.ArrayList@ce6ba6f
      sessionIdListeners = class java.util.ArrayList@2a0b56d3
      sessionAttributeListeners = class java.util.ArrayList@7e4d3071
      DEFAULT_HOST = "default_host"
      _initialized = true
      logger = class com.ibm.ws.logging.internal.WsLogger@3b2c0add
      CLASS_NAME = "com.ibm.ws.webcontainer.internal.WebContainer"
      nls = class com.ibm.ejs.ras.TraceNLS@2a0ea15
      self = class java.util.concurrent.atomic.AtomicReference@726d995c
      _cipherToBit = class java.util.HashMap@65b4e1d8
      cacheKeyStringBuilder = class com.ibm.ws.util.WSThreadLocal@3e157551
      listenersInitialized = true
      webConProperties = class java.util.Properties@3be0d0c4
      sessionRegistry = null
      isStopped = false
      readWriteLockForStopping = class java.util.concurrent.locks.ReentrantReadWriteLock@2559199d
      urlPrefix = ";jsessionid="
      extensionFactories = class java.util.ArrayList@672196cf
      postInitExtensionFactories = null
      httpResponseListeners = class java.util.ArrayList@728bd887
      servletContainerInitializers = class java.util.ServiceLoader@4f5040e2
      auditManager = class com.ibm.websphere.security.audit.context.AuditManager@22a83d64
      threadLocal = class java.lang.ThreadLocal@49545010
      invocationCacheSize = 500
      decodePlusSign = true
      _cacheMap = class java.util.concurrent.ConcurrentHashMap@6537e65d
      _cacheSize = class java.util.concurrent.atomic.AtomicInteger@282dfd49
      vHostCompatFlag = false
      platformHelper = class com.ibm.ws.webcontainer.PlatformHelper@4b8db635
      isDefaultTempDir = true
      tempDir = null
      servletCachingInitNeeded = true
      appInstallBegun = true
      cacheServletWrapperFactory = class com.ibm.ws.webcontainer31.servlet.factory.CacheServletWrapperFactory31Impl@2032bb84
      commands = class java.util.ArrayList@3d6dc960
      requestMapper = class com.ibm.ws.webcontainer.util.VirtualHostContextRootMapper@1b77fce6
      parent = null
      name = "Was.webcontainer"
      isAlive = true
      subElements = class java.util.HashMap@39f068bf
      attributes = null
      config = null
      serialVersionUID = -8271459000149267764
      $$$tc$$$ = class com.ibm.websphere.ras.TraceComponent@25bb7094
    firstFailure = null
    serialVersionUID = -4563697739413190872
    $$$tc$$$ = class com.ibm.websphere.ras.TraceComponent@50d460fc
      strings[0] = "TraceComponent[com.ibm.ws.app.manager.module.internal.ModuleHandlerBase,class com.ibm.ws.app.manager.module.internal.ModuleHandlerBase,[applications, app.manager],,null]"
  webContainerModuleInfo = class com.ibm.ws.app.manager.module.internal.SimpleDeployedAppInfoBase$WebModuleContainerInfo@54316549
    contextRoot = "/microprofile"
    defaultContextRoot = "microprofile"
    serialVersionUID = -8158961796913348204
    $$$tc$$$ = class com.ibm.websphere.ras.TraceComponent@56c42c38
      strings[0] = "TraceComponent[com.ibm.ws.app.manager.module.internal.SimpleDeployedAppInfoBase$WebModuleContainerInfo,class com.ibm.ws.app.manager.module.internal.SimpleDeployedAppInfoBase$WebModuleContainerInfo,[applications, app.manager],,null]"
    moduleHandler = class com.ibm.ws.app.manager.web.internal.WebModuleHandlerImpl@367fd7a9
    moduleMetaDataExtenders = class java.util.concurrent.CopyOnWriteArrayList@4bf80e4c
      serialVersionUID = 8673264195747942595
      lock = class java.util.concurrent.locks.ReentrantLock@2a4859fd
      array = class java.lang.Object[2]
      UNSAFE = class sun.misc.Unsafe@51275ebd
      lockOffset = 12
    nestedModuleMetaDataFactories = class java.util.concurrent.CopyOnWriteArrayList@55f63880
      serialVersionUID = 8673264195747942595
      lock = class java.util.concurrent.locks.ReentrantLock@78cef4a7
      array = class java.lang.Object[1]
      UNSAFE = class sun.misc.Unsafe@51275ebd
      lockOffset = 12
    nestedModules = null
    moduleName = "microprofile-1.0-SNAPSHOT"
    moduleDD = null
    moduleInfo = class com.ibm.ws.app.manager.module.internal.WebModuleInfoImpl@566c6e08
      contextRoot = "/microprofile"
      isDefaultContextRootUsed = false
      serialVersionUID = -1540279394520440503
      $$$tc$$$ = class com.ibm.websphere.ras.TraceComponent@474ef712
      tc = class com.ibm.websphere.ras.TraceComponent@361bff79
      appInfo = class com.ibm.ws.container.service.app.deploy.internal.ApplicationInfoImpl@41aa78d6
      moduleName = "microprofile-1.0-SNAPSHOT"
      path = "microprofile-1.0-SNAPSHOT.war"
      moduleContainer = class com.ibm.ws.adaptable.module.internal.AdaptableContainerImpl@b2270d
      altDDEntry = null
      moduleClassesContainers = class java.util.ArrayList@73cedf04
      classLoaderFactory = class com.ibm.ws.app.manager.war.internal.WARDeployedAppInfo@7fe09162
      containerInfoType = class com.ibm.ws.container.service.app.deploy.ContainerInfo$Type@784f242f
      classLoader = class com.ibm.ws.classloading.internal.AppClassLoader@42c196e0
      moduleMetaData = class com.ibm.ws.webcontainer.osgi.metadata.WebModuleMetaDataImpl@4030221
      nestedModuleMetaDataTypes = null
      nestedModuleMetaDataValues = null
      serialVersionUID = 3986734351620206554
    serialVersionUID = 8693907776607441911
    $$$tc$$$ = class com.ibm.websphere.ras.TraceComponent@77ec9673
      strings[0] = "TraceComponent[com.ibm.ws.app.manager.module.internal.SimpleDeployedAppInfoBase$ModuleContainerInfoBase,class com.ibm.ws.app.manager.module.internal.SimpleDeployedAppInfoBase$ModuleContainerInfoBase,[applications, app.manager],,null]"
    type = class com.ibm.ws.container.service.app.deploy.ContainerInfo$Type@784f242f
      MANIFEST_CLASSPATH = class com.ibm.ws.container.service.app.deploy.ContainerInfo$Type@27fa753a
      WEB_INF_CLASSES = class com.ibm.ws.container.service.app.deploy.ContainerInfo$Type@3aa485a3
      WEB_INF_LIB = class com.ibm.ws.container.service.app.deploy.ContainerInfo$Type@32d4f276
      EAR_LIB = class com.ibm.ws.container.service.app.deploy.ContainerInfo$Type@2b2a09af
      WEB_MODULE = class com.ibm.ws.container.service.app.deploy.ContainerInfo$Type@784f242f
      EJB_MODULE = class com.ibm.ws.container.service.app.deploy.ContainerInfo$Type@5f0dea55
      CLIENT_MODULE = class com.ibm.ws.container.service.app.deploy.ContainerInfo$Type@411ae58a
      RAR_MODULE = class com.ibm.ws.container.service.app.deploy.ContainerInfo$Type@54c8e89d
      JAR_MODULE = class com.ibm.ws.container.service.app.deploy.ContainerInfo$Type@2f54e4da
      SHARED_LIB = class com.ibm.ws.container.service.app.deploy.ContainerInfo$Type@1fbbfc27
      $VALUES = class com.ibm.ws.container.service.app.deploy.ContainerInfo$Type[10]
      $$$tc$$$ = class com.ibm.websphere.ras.TraceComponent@7c882b4a
      name = "WEB_MODULE"
      ordinal = 4
    name = "microprofile-1.0-SNAPSHOT.war"
    container = class com.ibm.ws.adaptable.module.internal.AdaptableContainerImpl@b2270d
      root = class com.ibm.ws.adaptable.module.internal.AdaptableContainerImpl@b2270d
      rootOverlay = class com.ibm.ws.artifact.overlay.internal.DirectoryBasedOverlayContainerImpl@42e4cb84
      factoryHolder = class com.ibm.ws.adaptable.module.internal.AdaptableModuleFactoryImpl@3d57854f
      delegate = class com.ibm.ws.artifact.overlay.internal.DirectoryBasedOverlayContainerImpl@42e4cb84
      notifier = class com.ibm.ws.adaptable.module.internal.NotifierImpl@26eaef89
      serialVersionUID = -5621513278641113667
      $$$tc$$$ = class com.ibm.websphere.ras.TraceComponent@564e5a26
    altDDEntry = null
    classesContainerInfo = class java.util.ArrayList@73cedf04
      serialVersionUID = 8683452581122892189
      DEFAULT_CAPACITY = 10
      EMPTY_ELEMENTDATA = class java.lang.Object[0]
      DEFAULTCAPACITY_EMPTY_ELEMENTDATA = class java.lang.Object[0]
      elementData = class java.lang.Object[10]
      size = 2
      MAX_ARRAY_SIZE = 2147483639
      modCount = 3
      MAX_ARRAY_SIZE = 2147483639
    serialVersionUID = 7427332431485745589
    $$$tc$$$ = class com.ibm.websphere.ras.TraceComponent@26ff3037
      strings[0] = "TraceComponent[com.ibm.ws.app.manager.module.internal.SimpleDeployedAppInfoBase$ExtendedContainerInfo,class com.ibm.ws.app.manager.module.internal.SimpleDeployedAppInfoBase$ExtendedContainerInfo,[applications, app.manager],,null]"
  DYNAMIC_IMPORT_PACKAGE_LIST = class java.util.Collections$UnmodifiableRandomAccessList@e6f93f
    serialVersionUID = -2542308836966382001
    serialVersionUID = -283967356065247728
    list = class java.util.Arrays$ArrayList@19999d01
      serialVersionUID = -2764017481108945198
      a = class java.lang.String[1]
      modCount = 0
      MAX_ARRAY_SIZE = 2147483639
    serialVersionUID = 1820017752578914078
    c = class java.util.Arrays$ArrayList@19999d01
  serialVersionUID = -6153587016903242961
  $$$tc$$$ = class com.ibm.websphere.ras.TraceComponent@4f371d23
    strings[0] = "TraceComponent[com.ibm.ws.app.manager.war.internal.WARDeployedAppInfo,class com.ibm.ws.app.manager.war.internal.WARDeployedAppInfo,[webcontainer, applications, app.manager],com.ibm.ws.app.manager.war.internal.resources.Messages,null]"
  _tc = class com.ibm.websphere.ras.TraceComponent@6c225941
    strings[0] = "TraceComponent[com.ibm.ws.app.manager.module.internal.DeployedAppInfoBase,class com.ibm.ws.app.manager.module.internal.DeployedAppInfoBase,[app.manager],com.ibm.ws.app.manager.module.internal.resources.Messages,null]"
  PERMISSION_XML = "permissions.xml"
  applicationInformation = class com.ibm.ws.app.manager.internal.ApplicationInstallInfo@643fe337
    _config = class com.ibm.ws.app.manager.internal.ApplicationConfig@7a8196de
      _configPid = "com.ibm.ws.app.manager_20"
      _config = class com.ibm.ws.config.admin.ConfigurationDictionary@24826bf4
      _location = "microprofile-1.0-SNAPSHOT.war"
      _type = "war"
      _name = "microprofile"
      _notificationBroadcasterSupport = class javax.management.NotificationBroadcasterSupport@54b450a3
    _handlerInfo = class java.util.concurrent.atomic.AtomicReference@2b13d24e
      serialVersionUID = -1848883965231344442
      unsafe = class sun.misc.Unsafe@51275ebd
      valueOffset = 12
      value = class com.ibm.ws.app.manager.war.internal.WARDeployedAppInfo@7fe09162
    _container = class java.util.concurrent.atomic.AtomicReference@53c9efda
      serialVersionUID = -1848883965231344442
      unsafe = class sun.misc.Unsafe@51275ebd
      valueOffset = 12
      value = class com.ibm.ws.adaptable.module.internal.AdaptableContainerImpl@b2270d
    _resolvedLocation = class java.util.concurrent.atomic.AtomicReference@12916442
      serialVersionUID = -1848883965231344442
      unsafe = class sun.misc.Unsafe@51275ebd
      valueOffset = 12
      value = class com.ibm.ws.kernel.service.location.internal.LocalFileResource@22875c96
    _handler = class com.ibm.ws.app.manager.war.internal.WARApplicationHandlerImpl@645037a8
      futureMonitor = class com.ibm.ws.threading.internal.FutureMonitorImpl@f84454f
      deployedAppFactory = class com.ibm.ws.app.manager.war.internal.WARDeployedAppInfoFactoryImpl@3816c9d0
      serialVersionUID = 4622845147410944782
      $$$tc$$$ = class com.ibm.websphere.ras.TraceComponent@6847ba8c
    _ami = class java.util.concurrent.atomic.AtomicReference@516408ce
      serialVersionUID = -1848883965231344442
      unsafe = class sun.misc.Unsafe@51275ebd
      valueOffset = 12
      value = class com.ibm.wsspi.application.handler.DefaultApplicationMonitoringInformation@140d0f67
    _updateHandler = class com.ibm.ws.app.manager.internal.statemachine.ApplicationStateMachineImpl@4d4f8a07
      _tc = class com.ibm.websphere.ras.TraceComponent@5a76b11a
      EMPTY_FUTURE_ARRAY = interface java.util.concurrent.Future[0]
      asmSequenceNumber = class java.util.concurrent.atomic.AtomicLong@f47182b
      _qscaCounter = class java.util.concurrent.atomic.AtomicInteger@614554fb
      _failedThrowable = null
      _interruptibleLock = class com.ibm.ws.app.manager.internal.statemachine.ApplicationStateMachineImpl$2@13c9d27d
      _interruptible = false
      _performingQueuedActions = true
      _queuedActions = class java.util.concurrent.ConcurrentLinkedQueue@6a8d3800
      _callbackState = class java.util.concurrent.atomic.AtomicReference@5dbce33a
      blockAppStartingFutures = class java.util.Collections$SetFromMap@161586fa
      waitingForAppHandlerFuture = class java.util.concurrent.atomic.AtomicReference@4b92e47f
      waitingForExplicitStartFuture = class java.util.concurrent.atomic.AtomicReference@485c8835
      completionListener = class java.util.concurrent.atomic.AtomicReference@72431737
      _notifyAppStopped = class java.util.concurrent.ConcurrentLinkedQueue@48db7dd3
      _notifyAppStarting = class java.util.concurrent.ConcurrentLinkedQueue@1436d9ab
      _notifyAppInstallCalled = class java.util.concurrent.ConcurrentLinkedQueue@3887e638
      _notifyAppStarted = class java.util.concurrent.ConcurrentLinkedQueue@5297a4b0
      _notifyAppRemoved = class java.util.concurrent.ConcurrentLinkedQueue@41317ed4
      _stateLock = class com.ibm.ws.app.manager.internal.statemachine.ApplicationStateMachineImpl$3@63681cd8
      _internalState = class java.util.concurrent.atomic.AtomicReference@645980ab
      _currentAction = class java.util.concurrent.atomic.AtomicReference@b040ab4
      _rfa = class java.util.concurrent.atomic.AtomicReference@418912de
      _appInstallInfo = class java.util.concurrent.atomic.AtomicReference@622448eb
      _update = class java.util.concurrent.atomic.AtomicBoolean@4a50c0dc
      _appConfig = class java.util.concurrent.atomic.AtomicReference@612a3288
      _nextAppConfig = class java.util.concurrent.atomic.AtomicReference@683cc391
      _appContainer = class java.util.concurrent.atomic.AtomicReference@281fbd6d
      _resolvedLocation = class java.util.concurrent.atomic.AtomicReference@6485ce92
      _handler = class java.util.concurrent.atomic.AtomicReference@540b1ef8
      _asmSeqNo = 2
      _ctx = class org.eclipse.osgi.internal.framework.BundleContextImpl@2528da5e
      _locAdmin = class com.ibm.ws.kernel.service.location.internal.WsLocationAdminImpl@5aa56fa3
      _futureMonitor = class com.ibm.ws.threading.internal.FutureMonitorImpl@f84454f
      _artifactFactory = class com.ibm.ws.artifact.internal.ArtifactContainerFactoryService@31edc4cb
      _moduleFactory = class com.ibm.ws.adaptable.module.internal.AdaptableModuleFactoryImpl@3d57854f
      _executorService = class com.ibm.ws.threading.internal.ExecutorServiceImpl@45bffb73
      _scheduledExecutorService = class com.ibm.ws.threading.internal.ScheduledExecutorImpl@49cfd1e2
      _asmHelper = class com.ibm.ws.app.manager.internal.ApplicationConfigurator$NamedApplication@7a6ba704
      _appMonitor = class com.ibm.ws.app.manager.internal.monitor.ApplicationMonitor@3866670f
      enterStateCalled = class java.util.concurrent.atomic.AtomicBoolean@1565e371
      serialVersionUID = -1399093980790866556
      serialVersionUID = 5501066335104962649
      $$$tc$$$ = class com.ibm.websphere.ras.TraceComponent@6afe8ea9
    serialVersionUID = 3995013949638210907
    $$$tc$$$ = class com.ibm.websphere.ras.TraceComponent@3c0eb436
      strings[0] = "TraceComponent[com.ibm.ws.app.manager.internal.ApplicationInstallInfo,class com.ibm.ws.app.manager.internal.ApplicationInstallInfo,[applications, app.manager],com.ibm.ws.app.manager.internal.resources.AppManagerMessages,null]"
  location = "/home/ibmdemo/Student/workspace/microprofile/target/liberty/wlp/usr/servers/defaultServer/apps/microprofile-1.0-SNAPSHOT.war.xml"
  classLoadingService = class com.ibm.ws.classloading.internal.ClassLoadingServiceImpl@255923de
    tc = class com.ibm.websphere.ras.TraceComponent@66ba9812
      strings[0] = "TraceComponent[com.ibm.ws.classloading.internal.ClassLoadingServiceImpl,class com.ibm.ws.classloading.internal.ClassLoadingServiceImpl,[ClassLoadingService],com.ibm.ws.classloading.internal.resources.ClassLoadingServiceMessages,null]"
    leakDetectionMap = class java.util.HashMap@7a3a33b4
      serialVersionUID = 362498820763181265
      DEFAULT_INITIAL_CAPACITY = 16
      MAXIMUM_CAPACITY = 1073741824
      DEFAULT_LOAD_FACTOR = 0.75
      TREEIFY_THRESHOLD = 8
      UNTREEIFY_THRESHOLD = 6
      MIN_TREEIFY_CAPACITY = 64
      table = null
      entrySet = null
      size = 0
      modCount = 0
      threshold = 0
      loadFactor = 0.75
      keySet = null
      values = null
    TCCL_LOCK_WAIT = 15000
    REFERENCE_GENERATORS = "generators"
    bundleContext = class org.eclipse.osgi.internal.framework.BundleContextImpl@6ebd3eb3
      findHookName = "org.osgi.framework.hooks.bundle.FindHook"
      valid = true
      bundle = class org.eclipse.osgi.internal.framework.EquinoxBundle@5f4b862a
      container = class org.eclipse.osgi.internal.framework.EquinoxContainer@7faf72e9
      debug = class org.eclipse.osgi.internal.debug.Debug@502782a1
      servicesInUse = class java.util.HashMap@50602a2f
      activator = null
      contextLock = class java.lang.Object@644982a2
    aclStore = class com.ibm.ws.classloading.internal.util.CanonicalStore@7ced888f
      map = class java.util.concurrent.ConcurrentHashMap@1a04e151
      q = class com.ibm.ws.classloading.internal.util.RefQueue@12feb4ff
      serialVersionUID = 6715157558227169968
      $$$tc$$$ = class com.ibm.websphere.ras.TraceComponent@58d53d62
    tcclStore = class com.ibm.ws.classloading.internal.util.CanonicalStore@240c3b3c
      map = class java.util.concurrent.ConcurrentHashMap@625ca9a5
      q = class com.ibm.ws.classloading.internal.util.RefQueue@3fc274b9
      serialVersionUID = 6715157558227169968
      $$$tc$$$ = class com.ibm.websphere.ras.TraceComponent@58d53d62
    tcclStoreLock = class java.util.concurrent.locks.ReentrantLock@4bee4164
      serialVersionUID = 7373984872572414699
      sync = class java.util.concurrent.locks.ReentrantLock$NonfairSync@60981e0d
    digraph = class org.eclipse.equinox.internal.region.StandardRegionDigraph@60627c3e
      EMPTY_EDGE_SET = class java.util.Collections$UnmodifiableSet@1a3d7289
      monitor = class java.lang.Object@19dd8cce
      regions = class java.util.HashMap@343ff529
      bundleIdToRegionMapping = class org.eclipse.equinox.internal.region.StandardBundleIdToRegionMapping@6e174727
      edges = class java.util.HashMap@1fcfc956
      bundleContext = class org.eclipse.osgi.internal.framework.BundleContextImpl@59e2d8e3
      threadLocal = class java.lang.ThreadLocal@6a819d9d
      subgraphTraverser = class org.eclipse.equinox.internal.region.SubgraphTraverser@215cbb59
      bundleCollisionHook = class org.eclipse.equinox.internal.region.hook.RegionBundleCollisionHook@7526ee2a
      bundleEventHook = class org.eclipse.equinox.internal.region.hook.RegionBundleEventHook@14421ca1
      bundleFindHook = class org.eclipse.equinox.internal.region.hook.RegionBundleFindHook@724916c1
      serviceEventHook = class org.eclipse.equinox.internal.region.hook.RegionServiceEventHook@360bfda2
      serviceFindHook = class org.eclipse.equinox.internal.region.hook.RegionServiceFindHook@741e12f7
      resolverHookFactory = class org.eclipse.equinox.internal.region.hook.RegionResolverHookFactory@703dafc1
      origin = null
      originUpdateCount = -1
      updateCount = class java.util.concurrent.atomic.AtomicLong@4a785019
      defaultRegion = null
    redefiner = class com.ibm.ws.classloading.internal.util.ClassRedefiner@705b294d
      tc = class com.ibm.websphere.ras.TraceComponent@a35eedf
      LS = "
"
      inst = class com.ibm.ws.kernel.launch.internal.TraceInstrumentation@75bf9fbc
      serialVersionUID = 2420101865139508526
    listener = class com.ibm.ws.classloading.internal.ClassLoadingServiceImpl$1@35cb39a1
      this$0 = class com.ibm.ws.classloading.internal.ClassLoadingServiceImpl@255923de
      serialVersionUID = -9159707349812113172
      $$$tc$$$ = class com.ibm.websphere.ras.TraceComponent@1a527bcf
    classloaders = class java.util.Collections$SynchronizedMap@c17ab1d
      serialVersionUID = 1978198479659022715
      m = class java.util.HashMap@602c0d7f
      mutex = class java.util.Collections$SynchronizedMap@c17ab1d
      keySet = null
      entrySet = null
      values = null
    resourceProviders = class com.ibm.ws.classloading.internal.CompositeResourceProvider@7fe7b52d
      lockFactory = class java.util.concurrent.locks.ReentrantReadWriteLock@69175e42
      providerMap = class com.ibm.ws.classloading.internal.util.MultiMap@4a334dcd
      serialVersionUID = -5576435894946156347
      $$$tc$$$ = class com.ibm.websphere.ras.TraceComponent@e6ab006
    rememberedBundles = class java.util.concurrent.ConcurrentHashMap@56dffadd
      serialVersionUID = 7249069246763182397
      MAXIMUM_CAPACITY = 1073741824
      DEFAULT_CAPACITY = 16
      MAX_ARRAY_SIZE = 2147483639
      DEFAULT_CONCURRENCY_LEVEL = 16
      LOAD_FACTOR = 0.75
      TREEIFY_THRESHOLD = 8
      UNTREEIFY_THRESHOLD = 6
      MIN_TREEIFY_CAPACITY = 64
      MIN_TRANSFER_STRIDE = 16
      RESIZE_STAMP_BITS = 16
      MAX_RESIZERS = 65535
      RESIZE_STAMP_SHIFT = 16
      MOVED = -1
      TREEBIN = -2
      RESERVED = -3
      HASH_BITS = 2147483647
      NCPU = 4
      serialPersistentFields = class java.io.ObjectStreamField[3]
      table = class java.util.concurrent.ConcurrentHashMap$Node[16]
      nextTable = null
      baseCount = 4
      sizeCtl = 12
      transferIndex = 0
      cellsBusy = 0
      counterCells = null
      keySet = null
      values = null
      entrySet = null
      U = class sun.misc.Unsafe@51275ebd
      SIZECTL = 20
      TRANSFERINDEX = 32
      BASECOUNT = 24
      CELLSBUSY = 36
      CELLVALUE = 144
      ABASE = 16
      ASHIFT = 2
      keySet = null
      values = null
    collectedBundles = class java.lang.ref.ReferenceQueue@3a35d796
      NULL = class java.lang.ref.ReferenceQueue$Null@1b8dd2ce
      ENQUEUED = class java.lang.ref.ReferenceQueue$Null@b35ab75
      lock = class java.lang.ref.ReferenceQueue$Lock@554b4255
      head = null
      queueLength = 0
      $assertionsDisabled = true
    generatorRefs = class com.ibm.wsspi.kernel.service.utils.ConcurrentServiceReferenceSet@b4bdc8e
      referenceName = "generators"
      contextRef = class java.util.concurrent.atomic.AtomicReference@530b222
      elementMap = class java.util.LinkedHashMap@524e3934
      elementSet = class java.util.concurrent.ConcurrentSkipListSet@5d18ccae
      elementSetUnsorted = false
      serialVersionUID = 756240983881166148
      $$$tc$$$ = class com.ibm.websphere.ras.TraceComponent@3ddbbf6e
    generatorManager = class com.ibm.ws.classloading.internal.ClassGeneratorManager@49c74e17
      tc = class com.ibm.websphere.ras.TraceComponent@a61cdef
      generatorRefs = class com.ibm.wsspi.kernel.service.utils.ConcurrentServiceReferenceSet@b4bdc8e
      serialVersionUID = 4152663586056483310
    appExtLibs = class java.util.concurrent.CopyOnWriteArrayList@60e74ce0
      serialVersionUID = 8673264195747942595
      lock = class java.util.concurrent.locks.ReentrantLock@28a0e0f5
      array = class java.lang.Object[0]
      UNSAFE = class sun.misc.Unsafe@51275ebd
      lockOffset = 12
    metaInfServicesProviders = class java.util.concurrent.ConcurrentHashMap@74fabe0d
      serialVersionUID = 7249069246763182397
      MAXIMUM_CAPACITY = 1073741824
      DEFAULT_CAPACITY = 16
      MAX_ARRAY_SIZE = 2147483639
      DEFAULT_CONCURRENCY_LEVEL = 16
      LOAD_FACTOR = 0.75
      TREEIFY_THRESHOLD = 8
      UNTREEIFY_THRESHOLD = 6
      MIN_TREEIFY_CAPACITY = 64
      MIN_TRANSFER_STRIDE = 16
      RESIZE_STAMP_BITS = 16
      MAX_RESIZERS = 65535
      RESIZE_STAMP_SHIFT = 16
      MOVED = -1
      TREEBIN = -2
      RESERVED = -3
      HASH_BITS = 2147483647
      NCPU = 4
      serialPersistentFields = class java.io.ObjectStreamField[3]
      table = null
      nextTable = null
      baseCount = 0
      sizeCtl = 0
      transferIndex = 0
      cellsBusy = 0
      counterCells = null
      keySet = null
      values = null
      entrySet = null
      U = class sun.misc.Unsafe@51275ebd
      SIZECTL = 20
      TRANSFERINDEX = 32
      BASECOUNT = 24
      CELLSBUSY = 36
      CELLVALUE = 144
      ABASE = 16
      ASHIFT = 2
      keySet = null
      values = null
    metaInfServicesRefs = class com.ibm.wsspi.kernel.service.utils.ConcurrentServiceReferenceMap@2100b3b0
      referenceName = "MetaInfServicesProvider"
      context = class org.apache.felix.scr.impl.manager.ComponentContextImpl@7f053838
      elementMap = class java.util.concurrent.ConcurrentHashMap@139f24f4
      serialVersionUID = 6980924785166233786
      $$$tc$$$ = class com.ibm.websphere.ras.TraceComponent@577abe3d
    protectionDomainMap = class java.util.HashMap@5244f671
      serialVersionUID = 362498820763181265
      DEFAULT_INITIAL_CAPACITY = 16
      MAXIMUM_CAPACITY = 1073741824
      DEFAULT_LOAD_FACTOR = 0.75
      TREEIFY_THRESHOLD = 8
      UNTREEIFY_THRESHOLD = 6
      MIN_TREEIFY_CAPACITY = 64
      table = null
      entrySet = null
      size = 0
      modCount = 0
      threshold = 0
      loadFactor = 0.75
      keySet = null
      values = null
    metadataIdentifierService = class com.ibm.ws.container.service.metadata.internal.MetaDataServiceImpl@1a1eab97
    serialVersionUID = 3750725462702355330
  globalSharedLibrary = class com.ibm.ws.library.internal.SharedLibraryImpl@6d537a43
    tc = class com.ibm.websphere.ras.TraceComponent@74d402d1
      strings[0] = "TraceComponent[com.ibm.ws.library.internal.SharedLibraryImpl,class com.ibm.ws.library.internal.SharedLibraryImpl,[SharedLibrary],com.ibm.ws.classloading.internal.resources.ClassLoadingServiceMessages,null]"
    EMPTY_LIBRARY_LISTENERS = interface com.ibm.wsspi.library.LibraryChangeListener[0]
    deleted = false
    libraryListenersTracker = class org.osgi.util.tracker.ServiceTracker@43a7883a
      DEBUG = false
      context = class org.eclipse.osgi.internal.framework.BundleContextImpl@6ebd3eb3
      filter = class org.eclipse.osgi.internal.framework.FilterImpl@7be4b88e
      customizer = class org.osgi.util.tracker.ServiceTracker@43a7883a
      listenerFilter = "(&(objectClass=com.ibm.wsspi.library.LibraryChangeListener)(|(library=global)(libraryRef=*com.ibm.ws.classloading.sharedlibrary_37*)))"
      trackClass = null
      trackReference = null
      tracked = class org.osgi.util.tracker.ServiceTracker$Tracked@6318637f
      cachedReference = null
      cachedService = null
    libraryReg = class org.eclipse.osgi.internal.serviceregistry.ServiceRegistrationImpl@93ad570
      registry = class org.eclipse.osgi.internal.serviceregistry.ServiceRegistry@16cdde0
      context = class org.eclipse.osgi.internal.framework.BundleContextImpl@6ebd3eb3
      bundle = class org.eclipse.osgi.internal.framework.EquinoxBundle@5f4b862a
      clazzes = class java.lang.String[1]
      service = class com.ibm.ws.library.internal.SharedLibraryImpl@6d537a43
      reference = class org.eclipse.osgi.internal.serviceregistry.ServiceReferenceImpl@3056eb9e
      contextsUsing = class java.util.ArrayList@42494c7a
      properties = class java.util.Collections$UnmodifiableMap@252d0a0e
      serviceid = 238
      serviceranking = 2
      registrationLock = class java.lang.Object@2e93196a
      state = 0
      REGISTERED = 0
      UNREGISTERING = 1
      UNREGISTERED = 2
      FRAMEWORK_SET_SERVICE_PROPERTIES_COUNT = 4
      $assertionsDisabled = true
    ctx = class org.eclipse.osgi.internal.framework.BundleContextImpl@6ebd3eb3
    classLoadingService = class com.ibm.ws.classloading.internal.ClassLoadingServiceImpl@255923de
    configAdmin = class com.ibm.ws.config.admin.internal.ConfigurationAdminImpl@6468da7a
      tc = class com.ibm.websphere.ras.TraceComponent@48e885ab
      bundle = class org.eclipse.osgi.internal.framework.EquinoxBundle@5f4b862a
      caFactory = class com.ibm.ws.config.admin.internal.ConfigAdminServiceFactory@586fcf5d
      serialVersionUID = 3160799878770679122
    resolvedBasePath = "/home/ibmdemo/Student/workspace/microprofile/target/liberty/wlp/usr/servers/defaultServer/"
    generationLock = class com.ibm.ws.library.internal.SharedLibraryImpl$1@7fac2295
      this$0 = class com.ibm.ws.library.internal.SharedLibraryImpl@6d537a43
      serialVersionUID = 2483639803450672373
      $$$tc$$$ = class com.ibm.websphere.ras.TraceComponent@45ee497e
    currentGeneration = class com.ibm.ws.library.internal.LibraryGeneration@732e871e
      tc = class com.ibm.websphere.ras.TraceComponent@453652a5
      nextInt = class java.util.concurrent.atomic.AtomicInteger@21a53231
      libraryId = "global"
      genId = 2
      libraryProps = class java.util.Hashtable@2633b621
      filesetRefs = class java.util.Collections$UnmodifiableRandomAccessList@a7869e2
      apiTypeVisibility = class java.util.RegularEnumSet@2adcba7e
      files = class java.util.Collections$EmptyList@4f393d09
      folders = class java.util.ArrayList@226031ae
      fileAndFolderContainers = class java.util.Collections$EmptyList@4f393d09
      filesets = class java.util.concurrent.ArrayBlockingQueue@1959197d
      filesetListenerRegs = class java.util.concurrent.ConcurrentLinkedQueue@50a754cd
      cancelled = false
      library = class com.ibm.ws.library.internal.SharedLibraryImpl@6d537a43
      serialVersionUID = 6965220007121905717
    nextGeneration = class com.ibm.ws.library.internal.LibraryGeneration@732e871e
    artifactContainerFactory = class com.ibm.ws.library.internal.SharedLibraryFactory$1@c373719
      this$0 = class com.ibm.ws.library.internal.SharedLibraryFactory@54113a45
      serialVersionUID = 7730244564205089330
      $$$tc$$$ = class com.ibm.websphere.ras.TraceComponent@7e28a168
    packageExporter = class com.ibm.ws.library.internal.LibraryPackageExporter@2e2e97ef
      EXPORTER_POSTFIX = "_library_exporter"
      REGION_EXPORT_TO_LIBERTY = "liberty.library.export.to.liberty"
      REGION_EXPORT_TO_OSGI_APPS = "liberty.library.export.to.osgi.app"
      REGION_KERNEL = "org.eclipse.equinox.region.kernel"
      counter = class java.util.concurrent.atomic.AtomicLong@1a39a202
      context = class org.eclipse.osgi.internal.framework.BundleContextImpl@6ebd3eb3
      digraph = class org.eclipse.equinox.internal.region.StandardRegionDigraph@60627c3e
      bundleToLibrary = class java.util.concurrent.ConcurrentHashMap@5baa9e65
      libraryToVisibility = class java.util.concurrent.ConcurrentHashMap@39f1bd64
      serialVersionUID = 8074378969667956573
      $$$tc$$$ = class com.ibm.websphere.ras.TraceComponent@10e6bf17
    serialVersionUID = 6288237618632180389
  sharedLibDeploymentInfo = class com.ibm.ws.app.manager.module.internal.DeployedAppInfoBase$SharedLibDeploymentInfo@5acb49d7
    bundleContext = class org.eclipse.osgi.internal.framework.BundleContextImpl@2a4e9985
      findHookName = "org.osgi.framework.hooks.bundle.FindHook"
      valid = true
      bundle = class org.eclipse.osgi.internal.framework.EquinoxBundle@6434bb6d
      container = class org.eclipse.osgi.internal.framework.EquinoxContainer@7faf72e9
      debug = class org.eclipse.osgi.internal.debug.Debug@502782a1
      servicesInUse = class java.util.HashMap@abf4eb7
      activator = null
      contextLock = class java.lang.Object@5989e4ec
    locAdmin = class com.ibm.ws.kernel.service.location.internal.WsLocationAdminImpl@5aa56fa3
      tc = class com.ibm.websphere.ras.TraceComponent@72d864fc
      LOC_INTERNAL_LIB_DIR = "wlp.lib.dir"
      LOC_AREA_NAME_APPS = "shared/apps/"
      LOC_AREA_NAME_CONFIG = "shared/config/"
      LOC_AREA_NAME_RESC = "shared/resources/"
      LOC_AREA_NAME_STATE = "logs/state/"
      LOC_AREA_NAME_SERVERS = "servers/"
      LOC_AREA_NAME_CLIENTS = "clients/"
      LOC_AREA_NAME_WORKING = "workarea/"
      LOC_AREA_NAME_EXTENSION = "extension/"
      instance = class com.ibm.ws.staticvalue.StaticValue$FinalSingleton@38a8db54
      installRoot = class com.ibm.ws.kernel.service.location.internal.SymbolicRootResource@4c5fbf1
      installParentRoot = class com.ibm.ws.kernel.service.location.internal.SymbolicRootResource@782d12d3
      userRoot = class com.ibm.ws.kernel.service.location.internal.SymbolicRootResource@97b8325
      usrExtensionRoot = class com.ibm.ws.kernel.service.location.internal.SymbolicRootResource@77778b25
      serverConfigDir = class com.ibm.ws.kernel.service.location.internal.SymbolicRootResource@5c46ec49
      serverOutputDir = class com.ibm.ws.kernel.service.location.internal.SymbolicRootResource@5c46ec49
      bootstrapLib = class com.ibm.ws.kernel.service.location.internal.LocalFileResource@4cedd698
      serverWorkarea = class com.ibm.ws.kernel.service.location.internal.LocalFileResource@195a168b
      serverState = class com.ibm.ws.kernel.service.location.internal.LocalFileResource@52bf8826
      sharedAppsRoot = class com.ibm.ws.kernel.service.location.internal.SymbolicRootResource@39f0029c
      sharedConfigRoot = class com.ibm.ws.kernel.service.location.internal.SymbolicRootResource@1b8b4a2c
      sharedResourceRoot = class com.ibm.ws.kernel.service.location.internal.SymbolicRootResource@522ce998
      tmpRoot = class com.ibm.ws.kernel.service.location.internal.SymbolicRootResource@7c7ca543
      serverName = "defaultServer"
      resourcePaths = class java.util.ArrayList@4521bcb2
      resourceGroups = class java.util.HashMap@4ba4410
      commonRoot = class com.ibm.ws.kernel.service.location.internal.VirtualRootResource@31ef0d36
      serialVersionUID = 7766352982799267432
    artifactFactory = class com.ibm.ws.artifact.internal.ArtifactContainerFactoryService@31edc4cb
      CATEGORY_PROP_NAME = "category"
      ENTRY_KEY = "com.ibm.wsspi.artifact.ArtifactEntry"
      helperMap = class com.ibm.wsspi.kernel.service.utils.ConcurrentServiceReferenceSetMap@51cea97
      contributorMap = class com.ibm.wsspi.kernel.service.utils.ConcurrentServiceReferenceSetMap@123e338e
      helperCategoryMap = class com.ibm.wsspi.kernel.service.utils.ConcurrentServiceReferenceSetMap@48d009c2
      contributorCategoryMap = class com.ibm.wsspi.kernel.service.utils.ConcurrentServiceReferenceSetMap@5d30746a
      categories = class java.util.Collections$SynchronizedSet@3f9a6509
      baseProperties = class org.apache.felix.scr.impl.helper.ReadOnlyDictionary@5c5b9337
      serialVersionUID = -3101641399269402013
      $$$tc$$$ = class com.ibm.websphere.ras.TraceComponent@63fbc675
    moduleFactory = class com.ibm.ws.adaptable.module.internal.AdaptableModuleFactoryImpl@3d57854f
      adapterFactoryService = class com.ibm.ws.adaptable.module.internal.AdapterFactoryServiceImpl@54655498
      containerFactory = class com.ibm.ws.artifact.internal.ArtifactContainerFactoryService@31edc4cb
      overlayContainerFactory = class com.ibm.ws.artifact.overlay.internal.OverlayContainerFactoryImpl@4551b256
      serialVersionUID = 4200251809856292987
      $$$tc$$$ = class com.ibm.websphere.ras.TraceComponent@53c017f8
    classesContainerInfo = class java.util.ArrayList@29937041
      serialVersionUID = 8683452581122892189
      DEFAULT_CAPACITY = 10
      EMPTY_ELEMENTDATA = class java.lang.Object[0]
      DEFAULTCAPACITY_EMPTY_ELEMENTDATA = class java.lang.Object[0]
      elementData = class java.lang.Object[0]
      size = 0
      MAX_ARRAY_SIZE = 2147483639
      modCount = 0
      MAX_ARRAY_SIZE = 2147483639
    serialVersionUID = -9033256786848720484
    $$$tc$$$ = class com.ibm.websphere.ras.TraceComponent@66e269d1
      strings[0] = "TraceComponent[com.ibm.ws.app.manager.module.internal.DeployedAppInfoBase$SharedLibDeploymentInfo,class com.ibm.ws.app.manager.module.internal.DeployedAppInfoBase$SharedLibDeploymentInfo,[applications, app.manager],,null]"
  futureMonitor = class com.ibm.ws.threading.internal.FutureMonitorImpl@f84454f
    _monitor = class java.util.concurrent.ConcurrentLinkedQueue@2ed4ca67
      serialVersionUID = 196745693267521676
      head = class java.util.concurrent.ConcurrentLinkedQueue$Node@135bb2a5
      tail = class java.util.concurrent.ConcurrentLinkedQueue$Node@135bb2a5
      UNSAFE = class sun.misc.Unsafe@51275ebd
      headOffset = 12
      tailOffset = 16
      MAX_ARRAY_SIZE = 2147483639
    _executor = class com.ibm.ws.threading.internal.ScheduledExecutorImpl@49cfd1e2
      threadGroupName = "Scheduled Executor Thread Group"
      executor = class com.ibm.ws.threading.internal.ExecutorServiceImpl@45bffb73
      serialVersionUID = -9110693807503469597
      $$$tc$$$ = class com.ibm.websphere.ras.TraceComponent@21b1d538
      continueExistingPeriodicTasksAfterShutdown = false
      executeExistingDelayedTasksAfterShutdown = true
      removeOnCancel = false
      sequencer = class java.util.concurrent.atomic.AtomicLong@3d7bb183
      ctl = class java.util.concurrent.atomic.AtomicInteger@26e856bd
      COUNT_BITS = 29
      CAPACITY = 536870911
      RUNNING = -536870912
      SHUTDOWN = 0
      STOP = 536870912
      TIDYING = 1073741824
      TERMINATED = 1610612736
      workQueue = class java.util.concurrent.ScheduledThreadPoolExecutor$DelayedWorkQueue@7724d857
      mainLock = class java.util.concurrent.locks.ReentrantLock@36db69ad
      workers = class java.util.HashSet@564c315c
      termination = class java.util.concurrent.locks.AbstractQueuedSynchronizer$ConditionObject@32f5d896
      largestPoolSize = 1
      completedTaskCount = 0
      threadFactory = class com.ibm.ws.threading.internal.ThreadFactoryImpl@634248ff
      handler = class java.util.concurrent.ThreadPoolExecutor$AbortPolicy@e39c33b
      keepAliveTime = 0
      allowCoreThreadTimeOut = false
      corePoolSize = 1
      maximumPoolSize = 2147483647
      defaultHandler = class java.util.concurrent.ThreadPoolExecutor$AbortPolicy@e39c33b
      shutdownPerm = class java.lang.RuntimePermission@39c8d571
      acc = null
      ONLY_ONE = true
      $assertionsDisabled = true
    _threadRunning = class java.util.concurrent.atomic.AtomicBoolean@477c1296
      serialVersionUID = 4654671469794556979
      unsafe = class sun.misc.Unsafe@51275ebd
      valueOffset = 12
      value = 0
    _thread = class com.ibm.ws.threading.internal.FutureMonitorImpl$1@3445f359
      this$0 = class com.ibm.ws.threading.internal.FutureMonitorImpl@f84454f
      serialVersionUID = 2422512430832938099
      $$$tc$$$ = class com.ibm.websphere.ras.TraceComponent@2caa3fb9
    serialVersionUID = 2765238413969174390
    $$$tc$$$ = class com.ibm.websphere.ras.TraceComponent@4eacd8d6
      strings[0] = "TraceComponent[com.ibm.ws.threading.internal.FutureMonitorImpl,class com.ibm.ws.threading.internal.FutureMonitorImpl,[Threading],com.ibm.ws.threading.internal.resources.ThreadingMessages,null]"
  configAdmin = class com.ibm.ws.config.admin.internal.ConfigurationAdminImpl@22f938a0
    tc = class com.ibm.websphere.ras.TraceComponent@48e885ab
      strings[0] = "TraceComponent[com.ibm.ws.config.admin.internal.ConfigurationAdminImpl,class com.ibm.ws.config.admin.internal.ConfigurationAdminImpl,[config],com.ibm.ws.config.internal.resources.ConfigMessages,null]"
    bundle = class org.eclipse.osgi.internal.framework.EquinoxBundle@6434bb6d
      equinoxContainer = class org.eclipse.osgi.internal.framework.EquinoxContainer@7faf72e9
      module = class org.eclipse.osgi.internal.framework.EquinoxBundle$EquinoxModule@3c97fe8e
      monitor = class java.lang.Object@2ea07de9
      context = class org.eclipse.osgi.internal.framework.BundleContextImpl@2a4e9985
      signerInfos = null
      $SWITCH_TABLE$org$eclipse$osgi$container$Module$State = {1,2,3,4,5,6,7} /* array length = 7 */
    caFactory = class com.ibm.ws.config.admin.internal.ConfigAdminServiceFactory@586fcf5d
      tc = class com.ibm.websphere.ras.TraceComponent@abe3e48
      configurationPermission = class org.osgi.service.cm.ConfigurationPermission@3c29a4ee
      INDEX_DICTIONARY = 0
      INDEX_LOCATION = 1
      INDEX_METATYPE_PROCESSED = 2
      INDEX_IN_OVERRIDES_FILE = 3
      INDEX_REFERENCES = 4
      INDEX_UNIQUES = 5
      bundleContext = class org.eclipse.osgi.internal.framework.BundleContextImpl@4d926d38
      msTracker = class com.ibm.ws.config.admin.internal.ManagedServiceTracker@6d6ad0e7
      msfTracker = class com.ibm.ws.config.admin.internal.ManagedServiceFactoryTracker@781e0bb
      pluginManager = class com.ibm.ws.config.admin.internal.PluginManager@209eabc5
      configurationStore = class com.ibm.ws.config.admin.internal.ConfigurationStore@516165ec
      updateQueue = class com.ibm.ws.config.admin.internal.UpdateQueue@6ab76acf
      ced = class com.ibm.ws.config.admin.internal.ConfigEventDispatcher@62bbdb1a
      idMap = class java.util.Collections$SynchronizedMap@372e840b
      referenceMap = class java.util.Collections$SynchronizedMap@6d3ad907
      variableRegistryTracker = class org.osgi.util.tracker.ServiceTracker@3c0a377d
      variableRegistry = class com.ibm.ws.kernel.service.location.internal.VariableRegistryHelper@5558ed
      configurationAdminRef = class org.eclipse.osgi.internal.serviceregistry.ServiceRegistrationImpl@1cd32320
      serialVersionUID = 6695202270027014725
    serialVersionUID = 3160799878770679122
  libraryConfigHelper = class com.ibm.ws.classloading.ClassLoaderConfigHelper@4e52a8f2
    tc = class com.ibm.websphere.ras.TraceComponent@2f57d6cd
      strings[0] = "TraceComponent[com.ibm.ws.classloading.ClassLoaderConfigHelper,class com.ibm.ws.classloading.ClassLoaderConfigHelper,[ClassLoadingService],com.ibm.ws.classloading.internal.resources.ClassLoadingServiceMessages,null]"
    DEFAULT_API_TYPES = class java.util.RegularEnumSet@36e0cfdb
      serialVersionUID = 3411599620347842686
      elements = 23
      elementType = class java.lang.Class@3175db33
      universe = class com.ibm.wsspi.classloading.ApiType[5]
      ZERO_LENGTH_ENUM_ARRAY = class java.lang.Enum[0]
      MAX_ARRAY_SIZE = 2147483639
    sharedLibraries = class java.util.Collections$EmptyList@4f393d09
      serialVersionUID = 8842843931221139166
      modCount = 0
      MAX_ARRAY_SIZE = 2147483639
    commonLibraries = class java.util.Collections$EmptyList@4f393d09
    classProviders = class java.util.Collections$EmptyList@4f393d09
    sharedLibrariesPids = null
    commonLibrariesPids = null
    isDelegateLast = false
    apiTypes = class java.util.RegularEnumSet@36e0cfdb
    classLoaderConfigProps = null
    serialVersionUID = -3051196824456962209
  isDelegateLast = false
  permissionManager = class com.ibm.ws.security.java2sec.PermissionManager@38a55219
    tc = class com.ibm.websphere.ras.TraceComponent@cbcc4fd
      strings[0] = "TraceComponent[com.ibm.ws.security.java2sec.PermissionManager,class com.ibm.ws.security.java2sec.PermissionManager,[Java2SecurityUtil],com.ibm.ws.security.java2sec.resources.Java2SecurityUtilMessages,null]"
    classLoadingService = class com.ibm.ws.classloading.internal.ClassLoadingServiceImpl@255923de
    DEFAULT_SERVER_RESTRICTABLE_PERMISSIONS = class java.security.Permission[4]
      Permission[0] = class java.lang.RuntimePermission@387b84ad
      Permission[1] = class java.lang.RuntimePermission@4c5376ae
      Permission[2] = class java.security.SecurityPermission@36a4eab1
      Permission[3] = class javax.security.auth.AuthPermission@2387024c
    DEFAULT_CLIENT_RESTRICTABLE_PERMISSIONS = class java.security.Permission[3]
      Permission[0] = class java.lang.RuntimePermission@5a5a8f02
      Permission[1] = class java.security.SecurityPermission@5f8955d
      Permission[2] = class javax.security.auth.AuthPermission@73f23965
    isServer = true
    wsjarUrlStreamHandlerAvailable = true
    restrictablePermissions = class java.util.ArrayList@37c41e61
      serialVersionUID = 8683452581122892189
      DEFAULT_CAPACITY = 10
      EMPTY_ELEMENTDATA = class java.lang.Object[0]
      DEFAULTCAPACITY_EMPTY_ELEMENTDATA = class java.lang.Object[0]
      elementData = class java.lang.Object[10]
      size = 4
      MAX_ARRAY_SIZE = 2147483639
      modCount = 4
      MAX_ARRAY_SIZE = 2147483639
    grantedPermissions = class java.util.ArrayList@5e761a0
      serialVersionUID = 8683452581122892189
      DEFAULT_CAPACITY = 10
      EMPTY_ELEMENTDATA = class java.lang.Object[0]
      DEFAULTCAPACITY_EMPTY_ELEMENTDATA = class java.lang.Object[0]
      elementData = class java.lang.Object[0]
      size = 0
      MAX_ARRAY_SIZE = 2147483639
      modCount = 0
      MAX_ARRAY_SIZE = 2147483639
    KEY_PERMISSION = "permission"
    INCORRECT_PERMISSION_CONFIGURATION = "INCORRECT_PERMISSION_CONFIGURATION"
    PERMISSION_CLASSNOTFOUND = "PERMISSION_CLASSNOTFOUND"
    SERVER_XML = "server.xml"
    CLIENT_XML = "client.xml"
    originationFile = "server.xml"
    permissions = class com.ibm.wsspi.kernel.service.utils.ConcurrentServiceReferenceSet@2d00aebb
      referenceName = "permission"
      contextRef = class java.util.concurrent.atomic.AtomicReference@e9a2cf8
      elementMap = class java.util.LinkedHashMap@21bae8d7
      elementSet = class java.util.concurrent.ConcurrentSkipListSet@4955daac
      elementSetUnsorted = false
      serialVersionUID = 756240983881166148
      $$$tc$$$ = class com.ibm.websphere.ras.TraceComponent@3ddbbf6e
    codeBasePermissionMap = class java.util.HashMap@2f93fe84
      serialVersionUID = 362498820763181265
      DEFAULT_INITIAL_CAPACITY = 16
      MAXIMUM_CAPACITY = 1073741824
      DEFAULT_LOAD_FACTOR = 0.75
      TREEIFY_THRESHOLD = 8
      UNTREEIFY_THRESHOLD = 6
      MIN_TREEIFY_CAPACITY = 64
      table = null
      entrySet = null
      size = 0
      modCount = 0
      threshold = 0
      loadFactor = 0.75
      keySet = class java.util.HashMap$KeySet@620f30e9
      values = null
    permissionXMLPermissionMap = class java.util.HashMap@3833da01
      serialVersionUID = 362498820763181265
      DEFAULT_INITIAL_CAPACITY = 16
      MAXIMUM_CAPACITY = 1073741824
      DEFAULT_LOAD_FACTOR = 0.75
      TREEIFY_THRESHOLD = 8
      UNTREEIFY_THRESHOLD = 6
      MIN_TREEIFY_CAPACITY = 64
      table = null
      entrySet = null
      size = 0
      modCount = 0
      threshold = 0
      loadFactor = 0.75
      keySet = null
      values = null
    serialVersionUID = -1314772785255050069
  permissionsConfig = null
  serialVersionUID = -6908382869835671687
  appInfo = class com.ibm.ws.container.service.app.deploy.internal.ApplicationInfoImpl@41aa78d6
    appName = "microprofile-1.0-SNAPSHOT"
    appMetaData = class com.ibm.ws.container.service.app.deploy.internal.ApplicationMetaDataImpl@7e43d3ab
      j2eeName = class com.ibm.ws.container.service.metadata.internal.J2EENameImpl@bcca9f5
      serialVersionUID = -7906531148367236579
      $$$tc$$$ = class com.ibm.websphere.ras.TraceComponent@4d119bbc
      tc = class com.ibm.websphere.ras.TraceComponent@4dfc8d7f
      NUM_STATIC_SLOTS = 4
      ID_UNINITIALIZED = -1
      id = 2
      metaDataInterface = class java.lang.Class@1ef8a8be
      staticSlots = class java.lang.Object[4]
      dynamicSlots = null
    appContainer = class com.ibm.ws.adaptable.module.internal.AdaptableContainerImpl@b2270d
    configHelper = class com.ibm.ws.app.manager.module.ApplicationNestedConfigHelper@7e017fdb
      appInfo = class com.ibm.ws.app.manager.internal.ApplicationInstallInfo@643fe337
      serialVersionUID = -3174031738676705046
      $$$tc$$$ = class com.ibm.websphere.ras.TraceComponent@4f20bc86
    serialVersionUID = 7091777744534637201
    $$$tc$$$ = class com.ibm.websphere.ras.TraceComponent@19e1941d
      strings[0] = "TraceComponent[com.ibm.ws.container.service.app.deploy.internal.ApplicationInfoImpl,class com.ibm.ws.container.service.app.deploy.internal.ApplicationInfoImpl,[container.service],com.ibm.ws.container.service.resources.Messages,null]"
  modulesDeployed = class java.util.ArrayList@53f722b7
    serialVersionUID = 8683452581122892189
    DEFAULT_CAPACITY = 10
    EMPTY_ELEMENTDATA = class java.lang.Object[0]
    DEFAULTCAPACITY_EMPTY_ELEMENTDATA = class java.lang.Object[0]
    elementData = class java.lang.Object[10]
      Object[0] = class com.ibm.ws.app.manager.module.internal.DeployedModuleInfoImpl@43a1000
      Object[1] = null
      Object[2] = null
      Object[3] = null
      Object[4] = null
      Object[5] = null
      Object[6] = null
      Object[7] = null
      Object[8] = null
      Object[9] = null
    size = 1
    MAX_ARRAY_SIZE = 2147483639
    modCount = 1
    MAX_ARRAY_SIZE = 2147483639
  starting = true
  started = false
  appInfoFactory = class com.ibm.ws.container.service.app.deploy.internal.ApplicationInfoFactoryImpl@8b90503
    j2eeNameFactory = class com.ibm.wsspi.kernel.service.utils.AtomicServiceReference@dcb20c4
      referenceName = "j2eeNameFactory"
      tuple = class java.util.concurrent.atomic.AtomicReference@c2b28cd
      serialVersionUID = 2226592364007985000
      $$$tc$$$ = class com.ibm.websphere.ras.TraceComponent@4d7e54d9
    names = class java.util.HashSet@6034f1dc
      serialVersionUID = -5024744406713321676
      map = class java.util.HashMap@740032c1
      PRESENT = class java.lang.Object@38e267f8
      MAX_ARRAY_SIZE = 2147483639
    serialVersionUID = 6232436640731165768
    $$$tc$$$ = class com.ibm.websphere.ras.TraceComponent@41229f15
      strings[0] = "TraceComponent[com.ibm.ws.container.service.app.deploy.internal.ApplicationInfoFactoryImpl,class com.ibm.ws.container.service.app.deploy.internal.ApplicationInfoFactoryImpl,[container.service],com.ibm.ws.container.service.resources.Messages,null]"
  metaDataService = class com.ibm.ws.container.service.metadata.internal.MetaDataServiceImpl@1a1eab97
    applicationMetaDataManager = class com.ibm.ws.container.service.metadata.internal.ApplicationMetaDataManager@29b5fd4d
      serialVersionUID = 1843747281024490904
      $$$tc$$$ = class com.ibm.websphere.ras.TraceComponent@5a8bda86
      listeners = class com.ibm.wsspi.kernel.service.utils.ConcurrentServiceReferenceSet@759a7bab
      metaDataIDs = class com.ibm.ws.container.service.metadata.internal.IndexList@16714fd8
      metaDatas = class java.util.ArrayList@4258765c
      slotIDs = class com.ibm.ws.container.service.metadata.internal.IndexList@52e8bee5
      serialVersionUID = 5464421863354792977
      $$$tc$$$ = class com.ibm.websphere.ras.TraceComponent@6666553b
    moduleMetaDataManager = class com.ibm.ws.container.service.metadata.internal.ModuleMetaDataManager@d0c46f8
      serialVersionUID = 2513574389899327209
      $$$tc$$$ = class com.ibm.websphere.ras.TraceComponent@774ec2bf
      listeners = class com.ibm.wsspi.kernel.service.utils.ConcurrentServiceReferenceSet@3f12bab5
      metaDataIDs = class com.ibm.ws.container.service.metadata.internal.IndexList@4a7111ac
      metaDatas = class java.util.ArrayList@1e1fa2f2
      slotIDs = class com.ibm.ws.container.service.metadata.internal.IndexList@1d49369c
      serialVersionUID = 5464421863354792977
      $$$tc$$$ = class com.ibm.websphere.ras.TraceComponent@6666553b
    componentMetaDataManager = class com.ibm.ws.container.service.metadata.internal.ComponentMetaDataManager@780ede56
      serialVersionUID = 8629793739641703882
      $$$tc$$$ = class com.ibm.websphere.ras.TraceComponent@689d457f
      listeners = class com.ibm.wsspi.kernel.service.utils.ConcurrentServiceReferenceSet@6c0cbdbb
      metaDataIDs = class com.ibm.ws.container.service.metadata.internal.IndexList@5a62a119
      metaDatas = class java.util.ArrayList@34c289d
      slotIDs = class com.ibm.ws.container.service.metadata.internal.IndexList@47431de2
      serialVersionUID = 5464421863354792977
      $$$tc$$$ = class com.ibm.websphere.ras.TraceComponent@6666553b
    methodMetaDataManager = class com.ibm.ws.container.service.metadata.internal.MethodMetaDataManager@1ed434a
      serialVersionUID = -3308748211841563417
      $$$tc$$$ = class com.ibm.websphere.ras.TraceComponent@3eba2695
      listeners = class com.ibm.wsspi.kernel.service.utils.ConcurrentServiceReferenceSet@26ce0aaf
      metaDataIDs = class com.ibm.ws.container.service.metadata.internal.IndexList@2998adc9
      metaDatas = class java.util.ArrayList@1a4340f2
      slotIDs = class com.ibm.ws.container.service.metadata.internal.IndexList@2948c4cc
      serialVersionUID = 5464421863354792977
      $$$tc$$$ = class com.ibm.websphere.ras.TraceComponent@6666553b
    appModuleNameToModuleContainer = class java.util.concurrent.ConcurrentHashMap@7b499af
      serialVersionUID = 7249069246763182397
      MAXIMUM_CAPACITY = 1073741824
      DEFAULT_CAPACITY = 16
      MAX_ARRAY_SIZE = 2147483639
      DEFAULT_CONCURRENCY_LEVEL = 16
      LOAD_FACTOR = 0.75
      TREEIFY_THRESHOLD = 8
      UNTREEIFY_THRESHOLD = 6
      MIN_TREEIFY_CAPACITY = 64
      MIN_TRANSFER_STRIDE = 16
      RESIZE_STAMP_BITS = 16
      MAX_RESIZERS = 65535
      RESIZE_STAMP_SHIFT = 16
      MOVED = -1
      TREEBIN = -2
      RESERVED = -3
      HASH_BITS = 2147483647
      NCPU = 4
      serialPersistentFields = class java.io.ObjectStreamField[3]
      table = class java.util.concurrent.ConcurrentHashMap$Node[16]
      nextTable = null
      baseCount = 6
      sizeCtl = 12
      transferIndex = 0
      cellsBusy = 0
      counterCells = null
      keySet = null
      values = null
      entrySet = null
      U = class sun.misc.Unsafe@51275ebd
      SIZECTL = 20
      TRANSFERINDEX = 32
      BASECOUNT = 24
      CELLSBUSY = 36
      CELLVALUE = 144
      ABASE = 16
      ASHIFT = 2
      keySet = null
      values = null
    jeeNameToComponentMetaData = class java.util.concurrent.ConcurrentHashMap@68603427
      serialVersionUID = 7249069246763182397
      MAXIMUM_CAPACITY = 1073741824
      DEFAULT_CAPACITY = 16
      MAX_ARRAY_SIZE = 2147483639
      DEFAULT_CONCURRENCY_LEVEL = 16
      LOAD_FACTOR = 0.75
      TREEIFY_THRESHOLD = 8
      UNTREEIFY_THRESHOLD = 6
      MIN_TREEIFY_CAPACITY = 64
      MIN_TRANSFER_STRIDE = 16
      RESIZE_STAMP_BITS = 16
      MAX_RESIZERS = 65535
      RESIZE_STAMP_SHIFT = 16
      MOVED = -1
      TREEBIN = -2
      RESERVED = -3
      HASH_BITS = 2147483647
      NCPU = 4
      serialPersistentFields = class java.io.ObjectStreamField[3]
      table = class java.util.concurrent.ConcurrentHashMap$Node[16]
      nextTable = null
      baseCount = 11
      sizeCtl = 12
      transferIndex = 0
      cellsBusy = 0
      counterCells = null
      keySet = null
      values = null
      entrySet = null
      U = class sun.misc.Unsafe@51275ebd
      SIZECTL = 20
      TRANSFERINDEX = 32
      BASECOUNT = 24
      CELLSBUSY = 36
      CELLVALUE = 144
      ABASE = 16
      ASHIFT = 2
      keySet = null
      values = null
    deferredMetaDataFactories = class com.ibm.wsspi.kernel.service.utils.ConcurrentServiceReferenceSet@6692ab13
      referenceName = "deferredMetaDataFactory"
      contextRef = class java.util.concurrent.atomic.AtomicReference@24bb8e00
      elementMap = class java.util.LinkedHashMap@7b547d5e
      elementSet = class java.util.concurrent.ConcurrentSkipListSet@74b0d55f
      elementSetUnsorted = false
      serialVersionUID = 756240983881166148
      $$$tc$$$ = class com.ibm.websphere.ras.TraceComponent@3ddbbf6e
    deferredMetaDataInitializers = class com.ibm.wsspi.kernel.service.utils.ConcurrentServiceReferenceMap@d8e4398
      referenceName = "deferredMetaDataFactory"
      context = class org.apache.felix.scr.impl.manager.ComponentContextImpl@6c59651e
      elementMap = class java.util.concurrent.ConcurrentHashMap@6b440042
      serialVersionUID = 6980924785166233786
      $$$tc$$$ = class com.ibm.websphere.ras.TraceComponent@577abe3d
    serialVersionUID = -2494605732980966097
    $$$tc$$$ = class com.ibm.websphere.ras.TraceComponent@63784680
      strings[0] = "TraceComponent[com.ibm.ws.container.service.metadata.internal.MetaDataServiceImpl,class com.ibm.ws.container.service.metadata.internal.MetaDataServiceImpl,[Runtime],,null]"
  stateChangeService = class com.ibm.ws.container.service.state.internal.StateChangeServiceImpl@74f6ebf1
    applicationStateManager = class com.ibm.ws.container.service.state.internal.ApplicationStateManager@5f03bb24
      serialVersionUID = -6685368059484454124
      $$$tc$$$ = class com.ibm.websphere.ras.TraceComponent@450b058b
      listeners = class com.ibm.wsspi.kernel.service.utils.ConcurrentServiceReferenceSet@46e930a9
      serialVersionUID = 2284273176985484160
      $$$tc$$$ = class com.ibm.websphere.ras.TraceComponent@533c0cca
    moduleStateManager = class com.ibm.ws.container.service.state.internal.ModuleStateManager@81e2095
      serialVersionUID = -5540260902341249963
      $$$tc$$$ = class com.ibm.websphere.ras.TraceComponent@580ec795
      listeners = class com.ibm.wsspi.kernel.service.utils.ConcurrentServiceReferenceSet@40cd7756
      serialVersionUID = 2284273176985484160
      $$$tc$$$ = class com.ibm.websphere.ras.TraceComponent@533c0cca
    serialVersionUID = -537917915330350560
    $$$tc$$$ = class com.ibm.websphere.ras.TraceComponent@63320d5e
      strings[0] = "TraceComponent[com.ibm.ws.container.service.state.internal.StateChangeServiceImpl,class com.ibm.ws.container.service.state.internal.StateChangeServiceImpl,[Runtime],,null]"
  moduleClassesInfo = class com.ibm.ws.app.manager.module.internal.SimpleDeployedAppInfoBase$ModuleClassesInfoProvider@230e7896
    entryContainerInfosMap = class java.util.HashMap@4c52ca93
      serialVersionUID = 362498820763181265
      DEFAULT_INITIAL_CAPACITY = 16
      MAXIMUM_CAPACITY = 1073741824
      DEFAULT_LOAD_FACTOR = 0.75
      TREEIFY_THRESHOLD = 8
      UNTREEIFY_THRESHOLD = 6
      MIN_TREEIFY_CAPACITY = 64
      table = null
      entrySet = null
      size = 0
      modCount = 0
      threshold = 0
      loadFactor = 0.75
      keySet = null
      values = null
    serialVersionUID = -70332790531324534
    $$$tc$$$ = class com.ibm.websphere.ras.TraceComponent@788a902
      strings[0] = "TraceComponent[com.ibm.ws.app.manager.module.internal.SimpleDeployedAppInfoBase$ModuleClassesInfoProvider,class com.ibm.ws.app.manager.module.internal.SimpleDeployedAppInfoBase$ModuleClassesInfoProvider,[applications, app.manager],,null]"
  moduleContainerInfos = class java.util.ArrayList@490604da
    serialVersionUID = 8683452581122892189
    DEFAULT_CAPACITY = 10
    EMPTY_ELEMENTDATA = class java.lang.Object[0]
    DEFAULTCAPACITY_EMPTY_ELEMENTDATA = class java.lang.Object[0]
    elementData = class java.lang.Object[10]
      Object[0] = class com.ibm.ws.app.manager.module.internal.SimpleDeployedAppInfoBase$WebModuleContainerInfo@54316549
      Object[1] = null
      Object[2] = null
      Object[3] = null
      Object[4] = null
      Object[5] = null
      Object[6] = null
      Object[7] = null
      Object[8] = null
      Object[9] = null
    size = 1
    MAX_ARRAY_SIZE = 2147483639
    modCount = 1
    MAX_ARRAY_SIZE = 2147483639
  activeModuleHandlers = class java.util.IdentityHashMap@95791e4
    DEFAULT_CAPACITY = 32
    MINIMUM_CAPACITY = 4
    MAXIMUM_CAPACITY = 536870912
    table = class java.lang.Object[16]
      Object[0] = null
      Object[1] = null
      Object[2] = null
      Object[3] = null
      Object[4] = null
      Object[5] = null
      Object[6] = null
      Object[7] = null
      Object[8] = null
      Object[9] = null
      Object[10] = null
      Object[11] = null
      Object[12] = null
      Object[13] = null
      Object[14] = null
      Object[15] = null
    size = 0
    modCount = 2
    NULL_KEY = class java.lang.Object@2a3b158
    entrySet = null
    serialVersionUID = 8188218128353913216
    keySet = null
    values = null
  serialVersionUID = 7078125893012250887
  $$$tc$$$ = class com.ibm.websphere.ras.TraceComponent@7e988b49
    strings[0] = "TraceComponent[com.ibm.ws.app.manager.module.internal.SimpleDeployedAppInfoBase,class com.ibm.ws.app.manager.module.internal.SimpleDeployedAppInfoBase,[applications, app.manager],,null]"

Dump of objectArray[0]
Object type = com.ibm.ws.threading.internal.NonCancelableResultFuture
  _done = false
  _result = null
  _failure = null
  _listeners = class java.util.concurrent.ConcurrentLinkedQueue@51bbddef
    serialVersionUID = 196745693267521676
    head = class java.util.concurrent.ConcurrentLinkedQueue$Node@6dacb781
      item = null
      next = null
      UNSAFE = class sun.misc.Unsafe@51275ebd
      itemOffset = 12
      nextOffset = 16
    tail = class java.util.concurrent.ConcurrentLinkedQueue$Node@6dacb781
    UNSAFE = class sun.misc.Unsafe@51275ebd
    headOffset = 12
    tailOffset = 16
    MAX_ARRAY_SIZE = 2147483639
  _notifiedListeners = class java.util.concurrent.atomic.AtomicBoolean@6ea7a526
    serialVersionUID = 4654671469794556979
    unsafe = class sun.misc.Unsafe@51275ebd
      theUnsafe = class sun.misc.Unsafe@51275ebd
      INVALID_FIELD_OFFSET = -1
      ARRAY_BOOLEAN_BASE_OFFSET = 16
      ARRAY_BYTE_BASE_OFFSET = 16
      ARRAY_SHORT_BASE_OFFSET = 16
      ARRAY_CHAR_BASE_OFFSET = 16
      ARRAY_INT_BASE_OFFSET = 16
      ARRAY_LONG_BASE_OFFSET = 16
      ARRAY_FLOAT_BASE_OFFSET = 16
      ARRAY_DOUBLE_BASE_OFFSET = 16
      ARRAY_OBJECT_BASE_OFFSET = 16
      ARRAY_BOOLEAN_INDEX_SCALE = 1
      ARRAY_BYTE_INDEX_SCALE = 1
      ARRAY_SHORT_INDEX_SCALE = 2
      ARRAY_CHAR_INDEX_SCALE = 2
      ARRAY_INT_INDEX_SCALE = 4
      ARRAY_LONG_INDEX_SCALE = 8
      ARRAY_FLOAT_INDEX_SCALE = 4
      ARRAY_DOUBLE_INDEX_SCALE = 8
      ARRAY_OBJECT_INDEX_SCALE = 4
      ADDRESS_SIZE = 8
    valueOffset = 12
    value = 0
  serialVersionUID = -296387658814354272
  $$$tc$$$ = class com.ibm.websphere.ras.TraceComponent@416a2333
    strings[0] = "TraceComponent[com.ibm.ws.threading.internal.NonCancelableResultFuture,class com.ibm.ws.threading.internal.NonCancelableResultFuture,[Threading],com.ibm.ws.threading.internal.resources.ThreadingMessages,null]"

