------Start of DE processing------ = [6/26/18 12:25:50:923 PDT]
Exception = com.ibm.ws.container.service.state.StateChangeException
Source = com.ibm.ws.app.manager.module.internal.DeployedAppInfoBase
probeid = 381
Stack Dump = com.ibm.ws.container.service.state.StateChangeException: org.jboss.weld.exceptions.DeploymentException: WELD-001408: Unsatisfied dependencies for type BookEndpoint with qualifiers @Default
  at injection point [BackedAnnotatedField] @Inject private application.microprofile.HealthEndpoint.be
  at application.microprofile.HealthEndpoint.be(HealthEndpoint.java:0)
WELD-001475: The following beans match by type, but none have matching qualifiers:
  - Managed Bean [class application.microprofile.web.BookEndpoint] with qualifiers [@Health @Any]

	at com.ibm.ws.container.service.state.internal.ApplicationStateManager.fireStarting(ApplicationStateManager.java:32)
	at com.ibm.ws.container.service.state.internal.StateChangeServiceImpl.fireApplicationStarting(StateChangeServiceImpl.java:50)
	at com.ibm.ws.app.manager.module.internal.DeployedAppInfoBase.preDeployApp(DeployedAppInfoBase.java:380)
	at com.ibm.ws.app.manager.module.internal.DeployedAppInfoBase.deployApp(DeployedAppInfoBase.java:409)
	at com.ibm.ws.app.manager.war.internal.WARApplicationHandlerImpl.install(WARApplicationHandlerImpl.java:65)
	at com.ibm.ws.app.manager.internal.statemachine.StartAction.execute(StartAction.java:140)
	at com.ibm.ws.app.manager.internal.statemachine.ApplicationStateMachineImpl.enterState(ApplicationStateMachineImpl.java:1258)
	at com.ibm.ws.app.manager.internal.statemachine.ApplicationStateMachineImpl.run(ApplicationStateMachineImpl.java:873)
	at java.util.concurrent.ThreadPoolExecutor.runWorker(ThreadPoolExecutor.java:1149)
	at java.util.concurrent.ThreadPoolExecutor$Worker.run(ThreadPoolExecutor.java:624)
	at java.lang.Thread.run(Thread.java:748)
Caused by: org.jboss.weld.exceptions.DeploymentException: WELD-001408: Unsatisfied dependencies for type BookEndpoint with qualifiers @Default
  at injection point [BackedAnnotatedField] @Inject private application.microprofile.HealthEndpoint.be
  at application.microprofile.HealthEndpoint.be(HealthEndpoint.java:0)
WELD-001475: The following beans match by type, but none have matching qualifiers:
  - Managed Bean [class application.microprofile.web.BookEndpoint] with qualifiers [@Health @Any]

	at org.jboss.weld.bootstrap.Validator.validateInjectionPointForDeploymentProblems(Validator.java:362)
	at org.jboss.weld.bootstrap.Validator.validateInjectionPoint(Validator.java:284)
	at org.jboss.weld.bootstrap.Validator.validateGeneralBean(Validator.java:137)
	at org.jboss.weld.bootstrap.Validator.validateRIBean(Validator.java:158)
	at org.jboss.weld.bootstrap.Validator.validateBean(Validator.java:501)
	at org.jboss.weld.bootstrap.ConcurrentValidator$1.doWork(ConcurrentValidator.java:61)
	at org.jboss.weld.bootstrap.ConcurrentValidator$1.doWork(ConcurrentValidator.java:59)
	at org.jboss.weld.executor.IterativeWorkerTaskFactory$1.call(IterativeWorkerTaskFactory.java:62)
	at org.jboss.weld.executor.IterativeWorkerTaskFactory$1.call(IterativeWorkerTaskFactory.java:55)
	at java.util.concurrent.FutureTask.run(FutureTask.java:266)
	... 3 more

Dump of callerThis
Object type = com.ibm.ws.app.manager.war.internal.WARDeployedAppInfo
  CONTEXT_ROOT = "context-root"
  webModuleHandler = class com.ibm.ws.app.manager.web.internal.WebModuleHandlerImpl@16faba09
    serialVersionUID = 4795602325763828210
    $$$tc$$$ = class com.ibm.websphere.ras.TraceComponent@4fe89421
      strings[0] = "TraceComponent[com.ibm.ws.app.manager.web.internal.WebModuleHandlerImpl,class com.ibm.ws.app.manager.web.internal.WebModuleHandlerImpl,[webcontainer, applications, app.manager],com.ibm.ws.app.manager.war.internal.resources.Messages,null]"
    futureMonitor = class com.ibm.ws.threading.internal.FutureMonitorImpl@6d1f64c
    metaDataService = class com.ibm.ws.container.service.metadata.internal.MetaDataServiceImpl@4618ac56
    stateChangeService = class com.ibm.ws.container.service.state.internal.StateChangeServiceImpl@7a3ee31e
    moduleRuntimeContainer = class com.ibm.ws.webcontainer.osgi.WebContainer@ce86875
      tc = class com.ibm.websphere.ras.TraceComponent@32c68d19
      CLASS_NAME = "com.ibm.ws.webcontainer.osgi.WebContainer"
      initialized = true
      eventService = class com.ibm.ws.event.internal.EventEngineImpl@1e5fb79d
      futureMonitor = class com.ibm.ws.threading.internal.FutureMonitorImpl@6d1f64c
      classLoadingSRRef = class com.ibm.wsspi.kernel.service.utils.AtomicServiceReference@440612ec
      sessionHelperSRRef = class com.ibm.wsspi.kernel.service.utils.AtomicServiceReference@50911fb8
      cacheManagerSRRef = class com.ibm.wsspi.kernel.service.utils.AtomicServiceReference@5cbefce4
      injectionEngineSRRef = class com.ibm.wsspi.kernel.service.utils.AtomicServiceReference@3f3e5bb1
      managedObjectServiceSRRef = class com.ibm.wsspi.kernel.service.utils.AtomicServiceReference@4bdbafc8
      backgroundWebAppStartFutures = class com.ibm.ws.webcontainer.util.OneTimeUseArrayList@13ef05d4
      REFERENCE_WEB_MBEAN_RUNTIME = "webMBeanRuntime"
      webMBeanRuntimeServiceRef = class com.ibm.wsspi.kernel.service.utils.AtomicServiceReference@389d9291
      servletContainerInitializers = class com.ibm.wsspi.kernel.service.utils.ConcurrentServiceReferenceSet@7533b5e0
      es = class com.ibm.ws.threading.internal.ExecutorServiceImpl@1a41fd9d
      locationServiceRef = class java.util.concurrent.atomic.AtomicReference@6380e161
      transferContextServiceRef = class com.ibm.wsspi.kernel.service.utils.ConcurrentServiceReferenceSet@8aa9960
      encodingServiceRef = class java.util.concurrent.atomic.AtomicReference@5cf78bfe
      instance = class java.util.concurrent.atomic.AtomicReference@3403a935
      vhostManager = class com.ibm.ws.webcontainer.osgi.DynamicVirtualHostManager@506ccd3d
      metaDataService = class com.ibm.ws.container.service.metadata.internal.MetaDataServiceImpl@4618ac56
      j2eeNameFactory = class com.ibm.ws.container.service.metadata.internal.J2EENameFactoryImpl@c512fc9
      context = class org.apache.felix.scr.impl.manager.ComponentContextImpl@6c19edc6
      contextRoots = class java.util.Collections$SynchronizedSet@457aab71
      pendingContextRoots = class java.util.HashMap@73c983c6
      deployedModuleMap = class java.util.concurrent.ConcurrentHashMap@76e3d511
      connContextPool = class com.ibm.ws.webcontainer31.osgi.srt.factory.SRTConnectionContextPool31Impl@553761d6
      DEFAULT_PORT = "*"
      DEFAULT_VHOST_NAME = "default_host"
      cachedServerInfo = "IBM WebSphere Liberty/${liberty.service.version}"
      lock = class com.ibm.ws.webcontainer.osgi.WebContainer$1@45866922
      webAppFactory = class com.ibm.ws.webcontainer31.osgi.webapp.factory.WebAppFactoryImpl31@7aee15e7
      requestFactory = class com.ibm.ws.webcontainer31.osgi.response.factory.IRequestResponseFactory@124d0cf6
      responseFactory = class com.ibm.ws.webcontainer31.osgi.response.factory.IRequestResponseFactory@124d0cf6
      asyncContextFactory = class com.ibm.ws.webcontainer31.async.factory.AsyncContextFactory31Impl@7c9af6b8
      DEFAULT_MAX_VERSION = 30
      versionRef = class org.eclipse.osgi.internal.serviceregistry.ServiceReferenceImpl@aa34f70
      serverStopping = class com.ibm.ws.staticvalue.StaticValue$FinalSingleton@e832ee
      modulesStarting = 0
      uriMatcherFactory = class com.ibm.wsspi.webcontainer31.util.factory.URIMatcherFactory31Impl@7a38b4b9
      SPEC_LEVEL_UNLOADED = -1
      SPEC_LEVEL_30 = 30
      SPEC_LEVEL_31 = 31
      SPEC_LEVEL_40 = 40
      DEFAULT_SPEC_LEVEL = 30
      loadedContainerSpecLevel = 31
      ISO = "ISO-8859-1"
      encoding = "UTF-8"
      decode = true
      wcconfig = class com.ibm.ws.webcontainer.osgi.WebContainerConfiguration@41f4aff8
      applicationListeners = class java.util.ArrayList@4a9a6a
      servletListeners = class java.util.ArrayList@3f686ba6
      servletErrorListeners = class java.util.ArrayList@bf3e119
      servletInvocationListeners = class java.util.ArrayList@6f9c04f0
      filterInvocationListeners = class java.util.ArrayList@3bd14aa3
      filterErrorListeners = class java.util.ArrayList@47982324
      filterListeners = class java.util.ArrayList@53f7f9e7
      servletRequestListeners = class java.util.ArrayList@5c43dced
      servletRequestAttributeListeners = class java.util.ArrayList@6d761194
      servletContextListeners = class java.util.ArrayList@6b719e1d
      servletContextAttributeListeners = class java.util.ArrayList@7257a55
      sessionListeners = class java.util.ArrayList@45437ae8
      sessionIdListeners = class java.util.ArrayList@18643965
      sessionAttributeListeners = class java.util.ArrayList@7f82dd02
      DEFAULT_HOST = "default_host"
      _initialized = true
      logger = class com.ibm.ws.logging.internal.WsLogger@53d9e775
      CLASS_NAME = "com.ibm.ws.webcontainer.internal.WebContainer"
      nls = class com.ibm.ejs.ras.TraceNLS@d1343dc
      self = class java.util.concurrent.atomic.AtomicReference@3405fc0a
      _cipherToBit = class java.util.HashMap@5d864d45
      cacheKeyStringBuilder = class com.ibm.ws.util.WSThreadLocal@41f8ebcf
      listenersInitialized = true
      webConProperties = class java.util.Properties@56625d8f
      sessionRegistry = null
      isStopped = false
      readWriteLockForStopping = class java.util.concurrent.locks.ReentrantReadWriteLock@4d1c1ee5
      urlPrefix = ";jsessionid="
      extensionFactories = class java.util.ArrayList@229f8e66
      postInitExtensionFactories = null
      httpResponseListeners = class java.util.ArrayList@243faf69
      servletContainerInitializers = class java.util.ServiceLoader@60f51044
      auditManager = class com.ibm.websphere.security.audit.context.AuditManager@4d33d189
      threadLocal = class java.lang.ThreadLocal@13819af7
      invocationCacheSize = 500
      decodePlusSign = true
      _cacheMap = class java.util.concurrent.ConcurrentHashMap@4a9c2b09
      _cacheSize = class java.util.concurrent.atomic.AtomicInteger@2a3752e
      vHostCompatFlag = false
      platformHelper = class com.ibm.ws.webcontainer.PlatformHelper@514f436a
      isDefaultTempDir = true
      tempDir = null
      servletCachingInitNeeded = true
      appInstallBegun = true
      cacheServletWrapperFactory = class com.ibm.ws.webcontainer31.servlet.factory.CacheServletWrapperFactory31Impl@4e862d96
      commands = class java.util.ArrayList@7cfa80aa
      requestMapper = class com.ibm.ws.webcontainer.util.VirtualHostContextRootMapper@5705d84c
      parent = null
      name = "Was.webcontainer"
      isAlive = true
      subElements = class java.util.HashMap@1c9337a
      attributes = null
      config = null
      serialVersionUID = -8271459000149267764
      $$$tc$$$ = class com.ibm.websphere.ras.TraceComponent@7866092d
    firstFailure = null
    serialVersionUID = -4563697739413190872
    $$$tc$$$ = class com.ibm.websphere.ras.TraceComponent@727906e7
      strings[0] = "TraceComponent[com.ibm.ws.app.manager.module.internal.ModuleHandlerBase,class com.ibm.ws.app.manager.module.internal.ModuleHandlerBase,[applications, app.manager],,null]"
  webContainerModuleInfo = class com.ibm.ws.app.manager.module.internal.SimpleDeployedAppInfoBase$WebModuleContainerInfo@19a51bfa
    contextRoot = "/microprofile"
    defaultContextRoot = "microprofile"
    serialVersionUID = -8158961796913348204
    $$$tc$$$ = class com.ibm.websphere.ras.TraceComponent@1b6f0a41
      strings[0] = "TraceComponent[com.ibm.ws.app.manager.module.internal.SimpleDeployedAppInfoBase$WebModuleContainerInfo,class com.ibm.ws.app.manager.module.internal.SimpleDeployedAppInfoBase$WebModuleContainerInfo,[applications, app.manager],,null]"
    moduleHandler = class com.ibm.ws.app.manager.web.internal.WebModuleHandlerImpl@16faba09
    moduleMetaDataExtenders = class java.util.concurrent.CopyOnWriteArrayList@4ae782d1
      serialVersionUID = 8673264195747942595
      lock = class java.util.concurrent.locks.ReentrantLock@7722821c
      array = class java.lang.Object[2]
      UNSAFE = class sun.misc.Unsafe@7b3822f
      lockOffset = 12
    nestedModuleMetaDataFactories = class java.util.concurrent.CopyOnWriteArrayList@1122e882
      serialVersionUID = 8673264195747942595
      lock = class java.util.concurrent.locks.ReentrantLock@291e1c39
      array = class java.lang.Object[1]
      UNSAFE = class sun.misc.Unsafe@7b3822f
      lockOffset = 12
    nestedModules = null
    moduleName = "microprofile-1.0-SNAPSHOT"
    moduleDD = null
    moduleInfo = class com.ibm.ws.app.manager.module.internal.WebModuleInfoImpl@6175d97f
      contextRoot = "/microprofile"
      isDefaultContextRootUsed = false
      serialVersionUID = -1540279394520440503
      $$$tc$$$ = class com.ibm.websphere.ras.TraceComponent@41e907b0
      tc = class com.ibm.websphere.ras.TraceComponent@6a261454
      appInfo = class com.ibm.ws.container.service.app.deploy.internal.ApplicationInfoImpl@4ec91741
      moduleName = "microprofile-1.0-SNAPSHOT"
      path = "microprofile-1.0-SNAPSHOT.war"
      moduleContainer = class com.ibm.ws.adaptable.module.internal.AdaptableContainerImpl@5cb2edcf
      altDDEntry = null
      moduleClassesContainers = class java.util.ArrayList@434c9778
      classLoaderFactory = class com.ibm.ws.app.manager.war.internal.WARDeployedAppInfo@5eea50eb
      containerInfoType = class com.ibm.ws.container.service.app.deploy.ContainerInfo$Type@35cb6a1a
      classLoader = class com.ibm.ws.classloading.internal.AppClassLoader@2499cf2e
      moduleMetaData = class com.ibm.ws.webcontainer.osgi.metadata.WebModuleMetaDataImpl@5662b557
      nestedModuleMetaDataTypes = null
      nestedModuleMetaDataValues = null
      serialVersionUID = 3986734351620206554
    serialVersionUID = 8693907776607441911
    $$$tc$$$ = class com.ibm.websphere.ras.TraceComponent@3dbb47d5
      strings[0] = "TraceComponent[com.ibm.ws.app.manager.module.internal.SimpleDeployedAppInfoBase$ModuleContainerInfoBase,class com.ibm.ws.app.manager.module.internal.SimpleDeployedAppInfoBase$ModuleContainerInfoBase,[applications, app.manager],,null]"
    type = class com.ibm.ws.container.service.app.deploy.ContainerInfo$Type@35cb6a1a
      MANIFEST_CLASSPATH = class com.ibm.ws.container.service.app.deploy.ContainerInfo$Type@4f6b9f81
      WEB_INF_CLASSES = class com.ibm.ws.container.service.app.deploy.ContainerInfo$Type@514b4c52
      WEB_INF_LIB = class com.ibm.ws.container.service.app.deploy.ContainerInfo$Type@464fc35f
      EAR_LIB = class com.ibm.ws.container.service.app.deploy.ContainerInfo$Type@4f2c184d
      WEB_MODULE = class com.ibm.ws.container.service.app.deploy.ContainerInfo$Type@35cb6a1a
      EJB_MODULE = class com.ibm.ws.container.service.app.deploy.ContainerInfo$Type@5ca801be
      CLIENT_MODULE = class com.ibm.ws.container.service.app.deploy.ContainerInfo$Type@578aefa5
      RAR_MODULE = class com.ibm.ws.container.service.app.deploy.ContainerInfo$Type@6fe79b30
      JAR_MODULE = class com.ibm.ws.container.service.app.deploy.ContainerInfo$Type@40a618f1
      SHARED_LIB = class com.ibm.ws.container.service.app.deploy.ContainerInfo$Type@5c9f44aa
      $VALUES = class com.ibm.ws.container.service.app.deploy.ContainerInfo$Type[10]
      $$$tc$$$ = class com.ibm.websphere.ras.TraceComponent@2c663765
      name = "WEB_MODULE"
      ordinal = 4
    name = "microprofile-1.0-SNAPSHOT.war"
    container = class com.ibm.ws.adaptable.module.internal.AdaptableContainerImpl@5cb2edcf
    altDDEntry = null
    classesContainerInfo = class java.util.ArrayList@434c9778
      serialVersionUID = 8683452581122892189
      DEFAULT_CAPACITY = 10
      EMPTY_ELEMENTDATA = class java.lang.Object[0]
      DEFAULTCAPACITY_EMPTY_ELEMENTDATA = class java.lang.Object[0]
      elementData = class java.lang.Object[10]
      size = 2
      MAX_ARRAY_SIZE = 2147483639
      modCount = 3
      MAX_ARRAY_SIZE = 2147483639
    serialVersionUID = 7427332431485745589
    $$$tc$$$ = class com.ibm.websphere.ras.TraceComponent@50686a62
      strings[0] = "TraceComponent[com.ibm.ws.app.manager.module.internal.SimpleDeployedAppInfoBase$ExtendedContainerInfo,class com.ibm.ws.app.manager.module.internal.SimpleDeployedAppInfoBase$ExtendedContainerInfo,[applications, app.manager],,null]"
  DYNAMIC_IMPORT_PACKAGE_LIST = class java.util.Collections$UnmodifiableRandomAccessList@48d1c6c9
    serialVersionUID = -2542308836966382001
    serialVersionUID = -283967356065247728
    list = class java.util.Arrays$ArrayList@25cd44cb
      serialVersionUID = -2764017481108945198
      a = class java.lang.String[1]
      modCount = 0
      MAX_ARRAY_SIZE = 2147483639
    serialVersionUID = 1820017752578914078
    c = class java.util.Arrays$ArrayList@25cd44cb
  serialVersionUID = -6153587016903242961
  $$$tc$$$ = class com.ibm.websphere.ras.TraceComponent@7953de40
    strings[0] = "TraceComponent[com.ibm.ws.app.manager.war.internal.WARDeployedAppInfo,class com.ibm.ws.app.manager.war.internal.WARDeployedAppInfo,[webcontainer, applications, app.manager],com.ibm.ws.app.manager.war.internal.resources.Messages,null]"
  _tc = class com.ibm.websphere.ras.TraceComponent@1a186996
    strings[0] = "TraceComponent[com.ibm.ws.app.manager.module.internal.DeployedAppInfoBase,class com.ibm.ws.app.manager.module.internal.DeployedAppInfoBase,[app.manager],com.ibm.ws.app.manager.module.internal.resources.Messages,null]"
  PERMISSION_XML = "permissions.xml"
  applicationInformation = class com.ibm.ws.app.manager.internal.ApplicationInstallInfo@4870e059
    _config = class com.ibm.ws.app.manager.internal.ApplicationConfig@1e5c4bfa
      _configPid = "com.ibm.ws.app.manager_20"
      _config = class com.ibm.ws.config.admin.ConfigurationDictionary@6bc65edc
      _location = "microprofile-1.0-SNAPSHOT.war"
      _type = "war"
      _name = "microprofile"
      _notificationBroadcasterSupport = class javax.management.NotificationBroadcasterSupport@7e940f87
    _handlerInfo = class java.util.concurrent.atomic.AtomicReference@4506cee6
      serialVersionUID = -1848883965231344442
      unsafe = class sun.misc.Unsafe@7b3822f
      valueOffset = 12
      value = class com.ibm.ws.app.manager.war.internal.WARDeployedAppInfo@5eea50eb
    _container = class java.util.concurrent.atomic.AtomicReference@6181e469
      serialVersionUID = -1848883965231344442
      unsafe = class sun.misc.Unsafe@7b3822f
      valueOffset = 12
      value = class com.ibm.ws.adaptable.module.internal.AdaptableContainerImpl@5cb2edcf
    _resolvedLocation = class java.util.concurrent.atomic.AtomicReference@6f924a93
      serialVersionUID = -1848883965231344442
      unsafe = class sun.misc.Unsafe@7b3822f
      valueOffset = 12
      value = class com.ibm.ws.kernel.service.location.internal.LocalFileResource@31243e7b
    _handler = class com.ibm.ws.app.manager.war.internal.WARApplicationHandlerImpl@13edcf00
      futureMonitor = class com.ibm.ws.threading.internal.FutureMonitorImpl@6d1f64c
      deployedAppFactory = class com.ibm.ws.app.manager.war.internal.WARDeployedAppInfoFactoryImpl@52a41b5c
      serialVersionUID = 4622845147410944782
      $$$tc$$$ = class com.ibm.websphere.ras.TraceComponent@6c1bc16c
    _ami = class java.util.concurrent.atomic.AtomicReference@606f5265
      serialVersionUID = -1848883965231344442
      unsafe = class sun.misc.Unsafe@7b3822f
      valueOffset = 12
      value = class com.ibm.wsspi.application.handler.DefaultApplicationMonitoringInformation@1fd278eb
    _updateHandler = class com.ibm.ws.app.manager.internal.statemachine.ApplicationStateMachineImpl@e2350ad
      _tc = class com.ibm.websphere.ras.TraceComponent@2fde7e56
      EMPTY_FUTURE_ARRAY = interface java.util.concurrent.Future[0]
      asmSequenceNumber = class java.util.concurrent.atomic.AtomicLong@12b0c250
      _qscaCounter = class java.util.concurrent.atomic.AtomicInteger@47272f95
      _failedThrowable = null
      _interruptibleLock = class com.ibm.ws.app.manager.internal.statemachine.ApplicationStateMachineImpl$2@62626ed
      _interruptible = false
      _performingQueuedActions = true
      _queuedActions = class java.util.concurrent.ConcurrentLinkedQueue@13e6cfec
      _callbackState = class java.util.concurrent.atomic.AtomicReference@7d02d82
      blockAppStartingFutures = class java.util.Collections$SetFromMap@79f5e16a
      waitingForAppHandlerFuture = class java.util.concurrent.atomic.AtomicReference@4ed3a1f7
      waitingForExplicitStartFuture = class java.util.concurrent.atomic.AtomicReference@6b6f8e6e
      completionListener = class java.util.concurrent.atomic.AtomicReference@6dd512bc
      _notifyAppStopped = class java.util.concurrent.ConcurrentLinkedQueue@3b7d40dd
      _notifyAppStarting = class java.util.concurrent.ConcurrentLinkedQueue@68f2925c
      _notifyAppInstallCalled = class java.util.concurrent.ConcurrentLinkedQueue@7f796dd2
      _notifyAppStarted = class java.util.concurrent.ConcurrentLinkedQueue@3a7cd073
      _notifyAppRemoved = class java.util.concurrent.ConcurrentLinkedQueue@6b560449
      _stateLock = class com.ibm.ws.app.manager.internal.statemachine.ApplicationStateMachineImpl$3@174a1b0d
      _internalState = class java.util.concurrent.atomic.AtomicReference@23e9f3cb
      _currentAction = class java.util.concurrent.atomic.AtomicReference@7fca508d
      _rfa = class java.util.concurrent.atomic.AtomicReference@24656771
      _appInstallInfo = class java.util.concurrent.atomic.AtomicReference@63b09283
      _update = class java.util.concurrent.atomic.AtomicBoolean@f2b5295
      _appConfig = class java.util.concurrent.atomic.AtomicReference@224825c5
      _nextAppConfig = class java.util.concurrent.atomic.AtomicReference@2d999012
      _appContainer = class java.util.concurrent.atomic.AtomicReference@4ada2ba8
      _resolvedLocation = class java.util.concurrent.atomic.AtomicReference@1f30779c
      _handler = class java.util.concurrent.atomic.AtomicReference@7c350fb2
      _asmSeqNo = 2
      _ctx = class org.eclipse.osgi.internal.framework.BundleContextImpl@4b910ad4
      _locAdmin = class com.ibm.ws.kernel.service.location.internal.WsLocationAdminImpl@1d4d0926
      _futureMonitor = class com.ibm.ws.threading.internal.FutureMonitorImpl@6d1f64c
      _artifactFactory = class com.ibm.ws.artifact.internal.ArtifactContainerFactoryService@7a930bab
      _moduleFactory = class com.ibm.ws.adaptable.module.internal.AdaptableModuleFactoryImpl@2312cef3
      _executorService = class com.ibm.ws.threading.internal.ExecutorServiceImpl@1a41fd9d
      _scheduledExecutorService = class com.ibm.ws.threading.internal.ScheduledExecutorImpl@4e5d39f8
      _asmHelper = class com.ibm.ws.app.manager.internal.ApplicationConfigurator$NamedApplication@42f17e31
      _appMonitor = class com.ibm.ws.app.manager.internal.monitor.ApplicationMonitor@3bac1d2c
      enterStateCalled = class java.util.concurrent.atomic.AtomicBoolean@32c6ef83
      serialVersionUID = -1399093980790866556
      serialVersionUID = 5501066335104962649
      $$$tc$$$ = class com.ibm.websphere.ras.TraceComponent@6afe8ea9
    serialVersionUID = 3995013949638210907
    $$$tc$$$ = class com.ibm.websphere.ras.TraceComponent@63404a11
      strings[0] = "TraceComponent[com.ibm.ws.app.manager.internal.ApplicationInstallInfo,class com.ibm.ws.app.manager.internal.ApplicationInstallInfo,[applications, app.manager],com.ibm.ws.app.manager.internal.resources.AppManagerMessages,null]"
  location = "/home/ibmdemo/Student/workspace/microprofile/target/liberty/wlp/usr/servers/defaultServer/apps/microprofile-1.0-SNAPSHOT.war.xml"
  classLoadingService = class com.ibm.ws.classloading.internal.ClassLoadingServiceImpl@7d98754f
    tc = class com.ibm.websphere.ras.TraceComponent@40c038ee
      strings[0] = "TraceComponent[com.ibm.ws.classloading.internal.ClassLoadingServiceImpl,class com.ibm.ws.classloading.internal.ClassLoadingServiceImpl,[ClassLoadingService],com.ibm.ws.classloading.internal.resources.ClassLoadingServiceMessages,null]"
    leakDetectionMap = class java.util.HashMap@10680b48
      serialVersionUID = 362498820763181265
      DEFAULT_INITIAL_CAPACITY = 16
      MAXIMUM_CAPACITY = 1073741824
      DEFAULT_LOAD_FACTOR = 0.75
      TREEIFY_THRESHOLD = 8
      UNTREEIFY_THRESHOLD = 6
      MIN_TREEIFY_CAPACITY = 64
      table = null
      entrySet = null
      size = 0
      modCount = 0
      threshold = 0
      loadFactor = 0.75
      keySet = null
      values = null
    TCCL_LOCK_WAIT = 15000
    REFERENCE_GENERATORS = "generators"
    bundleContext = class org.eclipse.osgi.internal.framework.BundleContextImpl@53d7bb52
    aclStore = class com.ibm.ws.classloading.internal.util.CanonicalStore@6609da06
      map = class java.util.concurrent.ConcurrentHashMap@30647ee9
      q = class com.ibm.ws.classloading.internal.util.RefQueue@3077fefc
      serialVersionUID = 6715157558227169968
      $$$tc$$$ = class com.ibm.websphere.ras.TraceComponent@78ac5154
    tcclStore = class com.ibm.ws.classloading.internal.util.CanonicalStore@540b1ffe
      map = class java.util.concurrent.ConcurrentHashMap@3f1a706e
      q = class com.ibm.ws.classloading.internal.util.RefQueue@278b8738
      serialVersionUID = 6715157558227169968
      $$$tc$$$ = class com.ibm.websphere.ras.TraceComponent@78ac5154
    tcclStoreLock = class java.util.concurrent.locks.ReentrantLock@584516a1
      serialVersionUID = 7373984872572414699
      sync = class java.util.concurrent.locks.ReentrantLock$NonfairSync@7e017dc3
    digraph = class org.eclipse.equinox.internal.region.StandardRegionDigraph@8a774aa
      EMPTY_EDGE_SET = class java.util.Collections$UnmodifiableSet@4781ca6d
      monitor = class java.lang.Object@2c8bec08
      regions = class java.util.HashMap@6f802cc3
      bundleIdToRegionMapping = class org.eclipse.equinox.internal.region.StandardBundleIdToRegionMapping@8f9f15c
      edges = class java.util.HashMap@41e2908c
      bundleContext = class org.eclipse.osgi.internal.framework.BundleContextImpl@59e2d8e3
      threadLocal = class java.lang.ThreadLocal@327adf14
      subgraphTraverser = class org.eclipse.equinox.internal.region.SubgraphTraverser@5c720bac
      bundleCollisionHook = class org.eclipse.equinox.internal.region.hook.RegionBundleCollisionHook@1b46726f
      bundleEventHook = class org.eclipse.equinox.internal.region.hook.RegionBundleEventHook@4e75f77b
      bundleFindHook = class org.eclipse.equinox.internal.region.hook.RegionBundleFindHook@2a1313de
      serviceEventHook = class org.eclipse.equinox.internal.region.hook.RegionServiceEventHook@6670525b
      serviceFindHook = class org.eclipse.equinox.internal.region.hook.RegionServiceFindHook@4e0d81f0
      resolverHookFactory = class org.eclipse.equinox.internal.region.hook.RegionResolverHookFactory@2fa27965
      origin = null
      originUpdateCount = -1
      updateCount = class java.util.concurrent.atomic.AtomicLong@1d9d02ac
      defaultRegion = null
    redefiner = class com.ibm.ws.classloading.internal.util.ClassRedefiner@20d64652
      tc = class com.ibm.websphere.ras.TraceComponent@127194df
      LS = "
"
      inst = class com.ibm.ws.kernel.launch.internal.TraceInstrumentation@2dfb7a08
      serialVersionUID = 2420101865139508526
    listener = class com.ibm.ws.classloading.internal.ClassLoadingServiceImpl$1@2c2e4959
      this$0 = class com.ibm.ws.classloading.internal.ClassLoadingServiceImpl@7d98754f
      serialVersionUID = -9159707349812113172
      $$$tc$$$ = class com.ibm.websphere.ras.TraceComponent@1815604e
    classloaders = class java.util.Collections$SynchronizedMap@5c2eb263
      serialVersionUID = 1978198479659022715
      m = class java.util.HashMap@35592e7f
      mutex = class java.util.Collections$SynchronizedMap@5c2eb263
      keySet = null
      entrySet = null
      values = null
    resourceProviders = class com.ibm.ws.classloading.internal.CompositeResourceProvider@6f1f9f68
      lockFactory = class java.util.concurrent.locks.ReentrantReadWriteLock@51e0fa89
      providerMap = class com.ibm.ws.classloading.internal.util.MultiMap@75ff9026
      serialVersionUID = -5576435894946156347
      $$$tc$$$ = class com.ibm.websphere.ras.TraceComponent@5fdab29f
    rememberedBundles = class java.util.concurrent.ConcurrentHashMap@7de9a00f
      serialVersionUID = 7249069246763182397
      MAXIMUM_CAPACITY = 1073741824
      DEFAULT_CAPACITY = 16
      MAX_ARRAY_SIZE = 2147483639
      DEFAULT_CONCURRENCY_LEVEL = 16
      LOAD_FACTOR = 0.75
      TREEIFY_THRESHOLD = 8
      UNTREEIFY_THRESHOLD = 6
      MIN_TREEIFY_CAPACITY = 64
      MIN_TRANSFER_STRIDE = 16
      RESIZE_STAMP_BITS = 16
      MAX_RESIZERS = 65535
      RESIZE_STAMP_SHIFT = 16
      MOVED = -1
      TREEBIN = -2
      RESERVED = -3
      HASH_BITS = 2147483647
      NCPU = 4
      serialPersistentFields = class java.io.ObjectStreamField[3]
      table = class java.util.concurrent.ConcurrentHashMap$Node[16]
      nextTable = null
      baseCount = 4
      sizeCtl = 12
      transferIndex = 0
      cellsBusy = 0
      counterCells = null
      keySet = null
      values = null
      entrySet = null
      U = class sun.misc.Unsafe@7b3822f
      SIZECTL = 20
      TRANSFERINDEX = 32
      BASECOUNT = 24
      CELLSBUSY = 36
      CELLVALUE = 144
      ABASE = 16
      ASHIFT = 2
      keySet = null
      values = null
    collectedBundles = class java.lang.ref.ReferenceQueue@23534a6a
      NULL = class java.lang.ref.ReferenceQueue$Null@625c2680
      ENQUEUED = class java.lang.ref.ReferenceQueue$Null@18d6ab5
      lock = class java.lang.ref.ReferenceQueue$Lock@7fd3f173
      head = null
      queueLength = 0
      $assertionsDisabled = true
    generatorRefs = class com.ibm.wsspi.kernel.service.utils.ConcurrentServiceReferenceSet@ac749c9
      referenceName = "generators"
      contextRef = class java.util.concurrent.atomic.AtomicReference@799b69ce
      elementMap = class java.util.LinkedHashMap@5b3b750c
      elementSet = class java.util.concurrent.ConcurrentSkipListSet@67ee465f
      elementSetUnsorted = false
      serialVersionUID = 756240983881166148
      $$$tc$$$ = class com.ibm.websphere.ras.TraceComponent@62009439
    generatorManager = class com.ibm.ws.classloading.internal.ClassGeneratorManager@19b06326
      tc = class com.ibm.websphere.ras.TraceComponent@125e30a5
      generatorRefs = class com.ibm.wsspi.kernel.service.utils.ConcurrentServiceReferenceSet@ac749c9
      serialVersionUID = 4152663586056483310
    appExtLibs = class java.util.concurrent.CopyOnWriteArrayList@296951c7
      serialVersionUID = 8673264195747942595
      lock = class java.util.concurrent.locks.ReentrantLock@68df3923
      array = class java.lang.Object[0]
      UNSAFE = class sun.misc.Unsafe@7b3822f
      lockOffset = 12
    metaInfServicesProviders = class java.util.concurrent.ConcurrentHashMap@10504e9a
      serialVersionUID = 7249069246763182397
      MAXIMUM_CAPACITY = 1073741824
      DEFAULT_CAPACITY = 16
      MAX_ARRAY_SIZE = 2147483639
      DEFAULT_CONCURRENCY_LEVEL = 16
      LOAD_FACTOR = 0.75
      TREEIFY_THRESHOLD = 8
      UNTREEIFY_THRESHOLD = 6
      MIN_TREEIFY_CAPACITY = 64
      MIN_TRANSFER_STRIDE = 16
      RESIZE_STAMP_BITS = 16
      MAX_RESIZERS = 65535
      RESIZE_STAMP_SHIFT = 16
      MOVED = -1
      TREEBIN = -2
      RESERVED = -3
      HASH_BITS = 2147483647
      NCPU = 4
      serialPersistentFields = class java.io.ObjectStreamField[3]
      table = null
      nextTable = null
      baseCount = 0
      sizeCtl = 0
      transferIndex = 0
      cellsBusy = 0
      counterCells = null
      keySet = null
      values = null
      entrySet = null
      U = class sun.misc.Unsafe@7b3822f
      SIZECTL = 20
      TRANSFERINDEX = 32
      BASECOUNT = 24
      CELLSBUSY = 36
      CELLVALUE = 144
      ABASE = 16
      ASHIFT = 2
      keySet = null
      values = null
    metaInfServicesRefs = class com.ibm.wsspi.kernel.service.utils.ConcurrentServiceReferenceMap@2069c458
      referenceName = "MetaInfServicesProvider"
      context = class org.apache.felix.scr.impl.manager.ComponentContextImpl@55a5c054
      elementMap = class java.util.concurrent.ConcurrentHashMap@8caf6a6
      serialVersionUID = 6980924785166233786
      $$$tc$$$ = class com.ibm.websphere.ras.TraceComponent@7da5c238
    protectionDomainMap = class java.util.HashMap@3a5a2a20
      serialVersionUID = 362498820763181265
      DEFAULT_INITIAL_CAPACITY = 16
      MAXIMUM_CAPACITY = 1073741824
      DEFAULT_LOAD_FACTOR = 0.75
      TREEIFY_THRESHOLD = 8
      UNTREEIFY_THRESHOLD = 6
      MIN_TREEIFY_CAPACITY = 64
      table = null
      entrySet = null
      size = 0
      modCount = 0
      threshold = 0
      loadFactor = 0.75
      keySet = null
      values = null
    metadataIdentifierService = class com.ibm.ws.container.service.metadata.internal.MetaDataServiceImpl@4618ac56
    serialVersionUID = 3750725462702355330
  globalSharedLibrary = class com.ibm.ws.library.internal.SharedLibraryImpl@3e71a207
    tc = class com.ibm.websphere.ras.TraceComponent@74d402d1
      strings[0] = "TraceComponent[com.ibm.ws.library.internal.SharedLibraryImpl,class com.ibm.ws.library.internal.SharedLibraryImpl,[SharedLibrary],com.ibm.ws.classloading.internal.resources.ClassLoadingServiceMessages,null]"
    EMPTY_LIBRARY_LISTENERS = interface com.ibm.wsspi.library.LibraryChangeListener[0]
    deleted = false
    libraryListenersTracker = class org.osgi.util.tracker.ServiceTracker@77137198
      DEBUG = false
      context = class org.eclipse.osgi.internal.framework.BundleContextImpl@53d7bb52
      filter = class org.eclipse.osgi.internal.framework.FilterImpl@7c61509b
      customizer = class org.osgi.util.tracker.ServiceTracker@77137198
      listenerFilter = "(&(objectClass=com.ibm.wsspi.library.LibraryChangeListener)(|(library=global)(libraryRef=*com.ibm.ws.classloading.sharedlibrary_37*)))"
      trackClass = null
      trackReference = null
      tracked = class org.osgi.util.tracker.ServiceTracker$Tracked@6460b225
      cachedReference = null
      cachedService = null
    libraryReg = class org.eclipse.osgi.internal.serviceregistry.ServiceRegistrationImpl@93ad570
      registry = class org.eclipse.osgi.internal.serviceregistry.ServiceRegistry@52d1a1aa
      context = class org.eclipse.osgi.internal.framework.BundleContextImpl@53d7bb52
      bundle = class org.eclipse.osgi.internal.framework.EquinoxBundle@62e2c83a
      clazzes = class java.lang.String[1]
      service = class com.ibm.ws.library.internal.SharedLibraryImpl@3e71a207
      reference = class org.eclipse.osgi.internal.serviceregistry.ServiceReferenceImpl@b4d3a80
      contextsUsing = class java.util.ArrayList@756d1bea
      properties = class java.util.Collections$UnmodifiableMap@2aee381c
      serviceid = 241
      serviceranking = 2
      registrationLock = class java.lang.Object@57229721
      state = 0
      REGISTERED = 0
      UNREGISTERING = 1
      UNREGISTERED = 2
      FRAMEWORK_SET_SERVICE_PROPERTIES_COUNT = 4
      $assertionsDisabled = true
    ctx = class org.eclipse.osgi.internal.framework.BundleContextImpl@53d7bb52
      findHookName = "org.osgi.framework.hooks.bundle.FindHook"
      valid = true
      bundle = class org.eclipse.osgi.internal.framework.EquinoxBundle@62e2c83a
      container = class org.eclipse.osgi.internal.framework.EquinoxContainer@3586dcba
      debug = class org.eclipse.osgi.internal.debug.Debug@14624768
      servicesInUse = class java.util.HashMap@62bf54d6
      activator = null
      contextLock = class java.lang.Object@79de713e
    classLoadingService = class com.ibm.ws.classloading.internal.ClassLoadingServiceImpl@7d98754f
    configAdmin = class com.ibm.ws.config.admin.internal.ConfigurationAdminImpl@37aa74b0
      tc = class com.ibm.websphere.ras.TraceComponent@29c6436e
      bundle = class org.eclipse.osgi.internal.framework.EquinoxBundle@62e2c83a
      caFactory = class com.ibm.ws.config.admin.internal.ConfigAdminServiceFactory@68a70e43
      serialVersionUID = 3160799878770679122
    resolvedBasePath = "/home/ibmdemo/Student/workspace/microprofile/target/liberty/wlp/usr/servers/defaultServer/"
    generationLock = class com.ibm.ws.library.internal.SharedLibraryImpl$1@78ce19f0
      this$0 = class com.ibm.ws.library.internal.SharedLibraryImpl@3e71a207
      serialVersionUID = 2483639803450672373
      $$$tc$$$ = class com.ibm.websphere.ras.TraceComponent@45ee497e
    currentGeneration = class com.ibm.ws.library.internal.LibraryGeneration@65ebb464
      tc = class com.ibm.websphere.ras.TraceComponent@453652a5
      nextInt = class java.util.concurrent.atomic.AtomicInteger@64044ffb
      libraryId = "global"
      genId = 2
      libraryProps = class java.util.Hashtable@12172e68
      filesetRefs = class java.util.Collections$UnmodifiableRandomAccessList@73075795
      apiTypeVisibility = class java.util.RegularEnumSet@76ffec2b
      files = class java.util.Collections$EmptyList@ff188be
      folders = class java.util.ArrayList@30c21e98
      fileAndFolderContainers = class java.util.Collections$EmptyList@ff188be
      filesets = class java.util.concurrent.ArrayBlockingQueue@1b8d0286
      filesetListenerRegs = class java.util.concurrent.ConcurrentLinkedQueue@527f559d
      cancelled = false
      library = class com.ibm.ws.library.internal.SharedLibraryImpl@3e71a207
      serialVersionUID = 6965220007121905717
    nextGeneration = class com.ibm.ws.library.internal.LibraryGeneration@65ebb464
    artifactContainerFactory = class com.ibm.ws.library.internal.SharedLibraryFactory$1@91886f0
      this$0 = class com.ibm.ws.library.internal.SharedLibraryFactory@2d127745
      serialVersionUID = 7730244564205089330
      $$$tc$$$ = class com.ibm.websphere.ras.TraceComponent@7e28a168
    packageExporter = class com.ibm.ws.library.internal.LibraryPackageExporter@6d736c97
      EXPORTER_POSTFIX = "_library_exporter"
      REGION_EXPORT_TO_LIBERTY = "liberty.library.export.to.liberty"
      REGION_EXPORT_TO_OSGI_APPS = "liberty.library.export.to.osgi.app"
      REGION_KERNEL = "org.eclipse.equinox.region.kernel"
      counter = class java.util.concurrent.atomic.AtomicLong@3ddb2d5d
      context = class org.eclipse.osgi.internal.framework.BundleContextImpl@53d7bb52
      digraph = class org.eclipse.equinox.internal.region.StandardRegionDigraph@8a774aa
      bundleToLibrary = class java.util.concurrent.ConcurrentHashMap@6090948e
      libraryToVisibility = class java.util.concurrent.ConcurrentHashMap@7636a6a6
      serialVersionUID = 8074378969667956573
      $$$tc$$$ = class com.ibm.websphere.ras.TraceComponent@4f521bdd
    serialVersionUID = 6288237618632180389
  sharedLibDeploymentInfo = class com.ibm.ws.app.manager.module.internal.DeployedAppInfoBase$SharedLibDeploymentInfo@78d0dc8e
    bundleContext = class org.eclipse.osgi.internal.framework.BundleContextImpl@21fe015b
      findHookName = "org.osgi.framework.hooks.bundle.FindHook"
      valid = true
      bundle = class org.eclipse.osgi.internal.framework.EquinoxBundle@33951427
      container = class org.eclipse.osgi.internal.framework.EquinoxContainer@3586dcba
      debug = class org.eclipse.osgi.internal.debug.Debug@14624768
      servicesInUse = class java.util.HashMap@4e51c9e5
      activator = null
      contextLock = class java.lang.Object@49094431
    locAdmin = class com.ibm.ws.kernel.service.location.internal.WsLocationAdminImpl@1d4d0926
      tc = class com.ibm.websphere.ras.TraceComponent@1076ca7
      LOC_INTERNAL_LIB_DIR = "wlp.lib.dir"
      LOC_AREA_NAME_APPS = "shared/apps/"
      LOC_AREA_NAME_CONFIG = "shared/config/"
      LOC_AREA_NAME_RESC = "shared/resources/"
      LOC_AREA_NAME_STATE = "logs/state/"
      LOC_AREA_NAME_SERVERS = "servers/"
      LOC_AREA_NAME_CLIENTS = "clients/"
      LOC_AREA_NAME_WORKING = "workarea/"
      LOC_AREA_NAME_EXTENSION = "extension/"
      instance = class com.ibm.ws.staticvalue.StaticValue$FinalSingleton@1713286d
      installRoot = class com.ibm.ws.kernel.service.location.internal.SymbolicRootResource@123c981d
      installParentRoot = class com.ibm.ws.kernel.service.location.internal.SymbolicRootResource@14904604
      userRoot = class com.ibm.ws.kernel.service.location.internal.SymbolicRootResource@c822f87
      usrExtensionRoot = class com.ibm.ws.kernel.service.location.internal.SymbolicRootResource@2dc2e3a
      serverConfigDir = class com.ibm.ws.kernel.service.location.internal.SymbolicRootResource@7456b20c
      serverOutputDir = class com.ibm.ws.kernel.service.location.internal.SymbolicRootResource@7456b20c
      bootstrapLib = class com.ibm.ws.kernel.service.location.internal.LocalFileResource@62606ae4
      serverWorkarea = class com.ibm.ws.kernel.service.location.internal.LocalFileResource@7f038f38
      serverState = class com.ibm.ws.kernel.service.location.internal.LocalFileResource@1ccdc31c
      sharedAppsRoot = class com.ibm.ws.kernel.service.location.internal.SymbolicRootResource@5d4ac45b
      sharedConfigRoot = class com.ibm.ws.kernel.service.location.internal.SymbolicRootResource@3c1ca25c
      sharedResourceRoot = class com.ibm.ws.kernel.service.location.internal.SymbolicRootResource@5f8580a8
      tmpRoot = class com.ibm.ws.kernel.service.location.internal.SymbolicRootResource@2da27d67
      serverName = "defaultServer"
      resourcePaths = class java.util.ArrayList@26411c94
      resourceGroups = class java.util.HashMap@7f165442
      commonRoot = class com.ibm.ws.kernel.service.location.internal.VirtualRootResource@ce51bc8
      serialVersionUID = 7766352982799267432
    artifactFactory = class com.ibm.ws.artifact.internal.ArtifactContainerFactoryService@7a930bab
      CATEGORY_PROP_NAME = "category"
      ENTRY_KEY = "com.ibm.wsspi.artifact.ArtifactEntry"
      helperMap = class com.ibm.wsspi.kernel.service.utils.ConcurrentServiceReferenceSetMap@42670848
      contributorMap = class com.ibm.wsspi.kernel.service.utils.ConcurrentServiceReferenceSetMap@5635489f
      helperCategoryMap = class com.ibm.wsspi.kernel.service.utils.ConcurrentServiceReferenceSetMap@589ccf30
      contributorCategoryMap = class com.ibm.wsspi.kernel.service.utils.ConcurrentServiceReferenceSetMap@4baf9f22
      categories = class java.util.Collections$SynchronizedSet@3170fb57
      baseProperties = class org.apache.felix.scr.impl.helper.ReadOnlyDictionary@4d7d2c56
      serialVersionUID = -3101641399269402013
      $$$tc$$$ = class com.ibm.websphere.ras.TraceComponent@c0ff660
    moduleFactory = class com.ibm.ws.adaptable.module.internal.AdaptableModuleFactoryImpl@2312cef3
      adapterFactoryService = class com.ibm.ws.adaptable.module.internal.AdapterFactoryServiceImpl@7f818b30
      containerFactory = class com.ibm.ws.artifact.internal.ArtifactContainerFactoryService@7a930bab
      overlayContainerFactory = class com.ibm.ws.artifact.overlay.internal.OverlayContainerFactoryImpl@4fc3275c
      serialVersionUID = 4200251809856292987
      $$$tc$$$ = class com.ibm.websphere.ras.TraceComponent@3cbb25d0
    classesContainerInfo = class java.util.ArrayList@50f16df2
      serialVersionUID = 8683452581122892189
      DEFAULT_CAPACITY = 10
      EMPTY_ELEMENTDATA = class java.lang.Object[0]
      DEFAULTCAPACITY_EMPTY_ELEMENTDATA = class java.lang.Object[0]
      elementData = class java.lang.Object[0]
      size = 0
      MAX_ARRAY_SIZE = 2147483639
      modCount = 0
      MAX_ARRAY_SIZE = 2147483639
    serialVersionUID = -9033256786848720484
    $$$tc$$$ = class com.ibm.websphere.ras.TraceComponent@b1c1c15
      strings[0] = "TraceComponent[com.ibm.ws.app.manager.module.internal.DeployedAppInfoBase$SharedLibDeploymentInfo,class com.ibm.ws.app.manager.module.internal.DeployedAppInfoBase$SharedLibDeploymentInfo,[applications, app.manager],,null]"
  futureMonitor = class com.ibm.ws.threading.internal.FutureMonitorImpl@6d1f64c
    _monitor = class java.util.concurrent.ConcurrentLinkedQueue@29c738ce
      serialVersionUID = 196745693267521676
      head = class java.util.concurrent.ConcurrentLinkedQueue$Node@12be74ca
      tail = class java.util.concurrent.ConcurrentLinkedQueue$Node@12be74ca
      UNSAFE = class sun.misc.Unsafe@7b3822f
      headOffset = 12
      tailOffset = 16
      MAX_ARRAY_SIZE = 2147483639
    _executor = class com.ibm.ws.threading.internal.ScheduledExecutorImpl@4e5d39f8
      threadGroupName = "Scheduled Executor Thread Group"
      executor = class com.ibm.ws.threading.internal.ExecutorServiceImpl@1a41fd9d
      serialVersionUID = -9110693807503469597
      $$$tc$$$ = class com.ibm.websphere.ras.TraceComponent@15f96688
      continueExistingPeriodicTasksAfterShutdown = false
      executeExistingDelayedTasksAfterShutdown = true
      removeOnCancel = false
      sequencer = class java.util.concurrent.atomic.AtomicLong@7db04cc0
      ctl = class java.util.concurrent.atomic.AtomicInteger@35aae2ef
      COUNT_BITS = 29
      CAPACITY = 536870911
      RUNNING = -536870912
      SHUTDOWN = 0
      STOP = 536870912
      TIDYING = 1073741824
      TERMINATED = 1610612736
      workQueue = class java.util.concurrent.ScheduledThreadPoolExecutor$DelayedWorkQueue@6c8cdfb7
      mainLock = class java.util.concurrent.locks.ReentrantLock@3f4853de
      workers = class java.util.HashSet@40e1cebb
      termination = class java.util.concurrent.locks.AbstractQueuedSynchronizer$ConditionObject@22bee1d2
      largestPoolSize = 1
      completedTaskCount = 0
      threadFactory = class com.ibm.ws.threading.internal.ThreadFactoryImpl@28c5e355
      handler = class java.util.concurrent.ThreadPoolExecutor$AbortPolicy@556e8330
      keepAliveTime = 0
      allowCoreThreadTimeOut = false
      corePoolSize = 1
      maximumPoolSize = 2147483647
      defaultHandler = class java.util.concurrent.ThreadPoolExecutor$AbortPolicy@556e8330
      shutdownPerm = class java.lang.RuntimePermission@1bb41b30
      acc = null
      ONLY_ONE = true
      $assertionsDisabled = true
    _threadRunning = class java.util.concurrent.atomic.AtomicBoolean@3c97fc
      serialVersionUID = 4654671469794556979
      unsafe = class sun.misc.Unsafe@7b3822f
      valueOffset = 12
      value = 0
    _thread = class com.ibm.ws.threading.internal.FutureMonitorImpl$1@1065ed31
      this$0 = class com.ibm.ws.threading.internal.FutureMonitorImpl@6d1f64c
      serialVersionUID = 2422512430832938099
      $$$tc$$$ = class com.ibm.websphere.ras.TraceComponent@6cd391c9
    serialVersionUID = 2765238413969174390
    $$$tc$$$ = class com.ibm.websphere.ras.TraceComponent@43519f62
      strings[0] = "TraceComponent[com.ibm.ws.threading.internal.FutureMonitorImpl,class com.ibm.ws.threading.internal.FutureMonitorImpl,[Threading],com.ibm.ws.threading.internal.resources.ThreadingMessages,null]"
  configAdmin = class com.ibm.ws.config.admin.internal.ConfigurationAdminImpl@26f2312e
    tc = class com.ibm.websphere.ras.TraceComponent@29c6436e
      strings[0] = "TraceComponent[com.ibm.ws.config.admin.internal.ConfigurationAdminImpl,class com.ibm.ws.config.admin.internal.ConfigurationAdminImpl,[config],com.ibm.ws.config.internal.resources.ConfigMessages,null]"
    bundle = class org.eclipse.osgi.internal.framework.EquinoxBundle@33951427
      equinoxContainer = class org.eclipse.osgi.internal.framework.EquinoxContainer@3586dcba
      module = class org.eclipse.osgi.internal.framework.EquinoxBundle$EquinoxModule@1fbe47c
      monitor = class java.lang.Object@1c7ba39a
      context = class org.eclipse.osgi.internal.framework.BundleContextImpl@21fe015b
      signerInfos = null
      $SWITCH_TABLE$org$eclipse$osgi$container$Module$State = {1,2,3,4,5,6,7} /* array length = 7 */
    caFactory = class com.ibm.ws.config.admin.internal.ConfigAdminServiceFactory@68a70e43
      tc = class com.ibm.websphere.ras.TraceComponent@6f0107bf
      configurationPermission = class org.osgi.service.cm.ConfigurationPermission@7e04c5bb
      INDEX_DICTIONARY = 0
      INDEX_LOCATION = 1
      INDEX_METATYPE_PROCESSED = 2
      INDEX_IN_OVERRIDES_FILE = 3
      INDEX_REFERENCES = 4
      INDEX_UNIQUES = 5
      bundleContext = class org.eclipse.osgi.internal.framework.BundleContextImpl@43a0a6d3
      msTracker = class com.ibm.ws.config.admin.internal.ManagedServiceTracker@3d445f4b
      msfTracker = class com.ibm.ws.config.admin.internal.ManagedServiceFactoryTracker@485ed245
      pluginManager = class com.ibm.ws.config.admin.internal.PluginManager@7204e51b
      configurationStore = class com.ibm.ws.config.admin.internal.ConfigurationStore@2a75dffd
      updateQueue = class com.ibm.ws.config.admin.internal.UpdateQueue@35d463ff
      ced = class com.ibm.ws.config.admin.internal.ConfigEventDispatcher@b2653fa
      idMap = class java.util.Collections$SynchronizedMap@5e5f43b8
      referenceMap = class java.util.Collections$SynchronizedMap@5a51f5b9
      variableRegistryTracker = class org.osgi.util.tracker.ServiceTracker@4c0cbe97
      variableRegistry = class com.ibm.ws.kernel.service.location.internal.VariableRegistryHelper@758c8d6f
      configurationAdminRef = class org.eclipse.osgi.internal.serviceregistry.ServiceRegistrationImpl@1ff94cf9
      serialVersionUID = 6695202270027014725
    serialVersionUID = 3160799878770679122
  libraryConfigHelper = class com.ibm.ws.classloading.ClassLoaderConfigHelper@187e1ab2
    tc = class com.ibm.websphere.ras.TraceComponent@19398d12
      strings[0] = "TraceComponent[com.ibm.ws.classloading.ClassLoaderConfigHelper,class com.ibm.ws.classloading.ClassLoaderConfigHelper,[ClassLoadingService],com.ibm.ws.classloading.internal.resources.ClassLoadingServiceMessages,null]"
    DEFAULT_API_TYPES = class java.util.RegularEnumSet@13996591
      serialVersionUID = 3411599620347842686
      elements = 23
      elementType = class java.lang.Class@3175db33
      universe = class com.ibm.wsspi.classloading.ApiType[5]
      ZERO_LENGTH_ENUM_ARRAY = class java.lang.Enum[0]
      MAX_ARRAY_SIZE = 2147483639
    sharedLibraries = class java.util.Collections$EmptyList@ff188be
      serialVersionUID = 8842843931221139166
      modCount = 0
      MAX_ARRAY_SIZE = 2147483639
    commonLibraries = class java.util.Collections$EmptyList@ff188be
    classProviders = class java.util.Collections$EmptyList@ff188be
    sharedLibrariesPids = null
    commonLibrariesPids = null
    isDelegateLast = false
    apiTypes = class java.util.RegularEnumSet@13996591
    classLoaderConfigProps = null
    serialVersionUID = -3051196824456962209
  isDelegateLast = false
  permissionManager = class com.ibm.ws.security.java2sec.PermissionManager@2b2ce220
    tc = class com.ibm.websphere.ras.TraceComponent@4b6764a
      strings[0] = "TraceComponent[com.ibm.ws.security.java2sec.PermissionManager,class com.ibm.ws.security.java2sec.PermissionManager,[Java2SecurityUtil],com.ibm.ws.security.java2sec.resources.Java2SecurityUtilMessages,null]"
    classLoadingService = class com.ibm.ws.classloading.internal.ClassLoadingServiceImpl@7d98754f
    DEFAULT_SERVER_RESTRICTABLE_PERMISSIONS = class java.security.Permission[4]
      Permission[0] = class java.lang.RuntimePermission@40b8f79b
      Permission[1] = class java.lang.RuntimePermission@1e3e23f4
      Permission[2] = class java.security.SecurityPermission@5f9834da
      Permission[3] = class javax.security.auth.AuthPermission@272606b2
    DEFAULT_CLIENT_RESTRICTABLE_PERMISSIONS = class java.security.Permission[3]
      Permission[0] = class java.lang.RuntimePermission@253e8a13
      Permission[1] = class java.security.SecurityPermission@2aa14e08
      Permission[2] = class javax.security.auth.AuthPermission@3921fe83
    isServer = true
    wsjarUrlStreamHandlerAvailable = true
    restrictablePermissions = class java.util.ArrayList@6e155a46
      serialVersionUID = 8683452581122892189
      DEFAULT_CAPACITY = 10
      EMPTY_ELEMENTDATA = class java.lang.Object[0]
      DEFAULTCAPACITY_EMPTY_ELEMENTDATA = class java.lang.Object[0]
      elementData = class java.lang.Object[10]
      size = 4
      MAX_ARRAY_SIZE = 2147483639
      modCount = 4
      MAX_ARRAY_SIZE = 2147483639
    grantedPermissions = class java.util.ArrayList@6d229b42
      serialVersionUID = 8683452581122892189
      DEFAULT_CAPACITY = 10
      EMPTY_ELEMENTDATA = class java.lang.Object[0]
      DEFAULTCAPACITY_EMPTY_ELEMENTDATA = class java.lang.Object[0]
      elementData = class java.lang.Object[0]
      size = 0
      MAX_ARRAY_SIZE = 2147483639
      modCount = 0
      MAX_ARRAY_SIZE = 2147483639
    KEY_PERMISSION = "permission"
    INCORRECT_PERMISSION_CONFIGURATION = "INCORRECT_PERMISSION_CONFIGURATION"
    PERMISSION_CLASSNOTFOUND = "PERMISSION_CLASSNOTFOUND"
    SERVER_XML = "server.xml"
    CLIENT_XML = "client.xml"
    originationFile = "server.xml"
    permissions = class com.ibm.wsspi.kernel.service.utils.ConcurrentServiceReferenceSet@67d154fc
      referenceName = "permission"
      contextRef = class java.util.concurrent.atomic.AtomicReference@4760ce75
      elementMap = class java.util.LinkedHashMap@7103e5fc
      elementSet = class java.util.concurrent.ConcurrentSkipListSet@34d2a0c6
      elementSetUnsorted = false
      serialVersionUID = 756240983881166148
      $$$tc$$$ = class com.ibm.websphere.ras.TraceComponent@62009439
    codeBasePermissionMap = class java.util.HashMap@11f8bbcf
      serialVersionUID = 362498820763181265
      DEFAULT_INITIAL_CAPACITY = 16
      MAXIMUM_CAPACITY = 1073741824
      DEFAULT_LOAD_FACTOR = 0.75
      TREEIFY_THRESHOLD = 8
      UNTREEIFY_THRESHOLD = 6
      MIN_TREEIFY_CAPACITY = 64
      table = null
      entrySet = null
      size = 0
      modCount = 0
      threshold = 0
      loadFactor = 0.75
      keySet = class java.util.HashMap$KeySet@53dee323
      values = null
    permissionXMLPermissionMap = class java.util.HashMap@55fb14dc
      serialVersionUID = 362498820763181265
      DEFAULT_INITIAL_CAPACITY = 16
      MAXIMUM_CAPACITY = 1073741824
      DEFAULT_LOAD_FACTOR = 0.75
      TREEIFY_THRESHOLD = 8
      UNTREEIFY_THRESHOLD = 6
      MIN_TREEIFY_CAPACITY = 64
      table = null
      entrySet = null
      size = 0
      modCount = 0
      threshold = 0
      loadFactor = 0.75
      keySet = null
      values = null
    serialVersionUID = -1314772785255050069
  permissionsConfig = null
  serialVersionUID = -6908382869835671687
  appInfo = class com.ibm.ws.container.service.app.deploy.internal.ApplicationInfoImpl@4ec91741
    appName = "microprofile-1.0-SNAPSHOT"
    appMetaData = class com.ibm.ws.container.service.app.deploy.internal.ApplicationMetaDataImpl@72bfb516
      j2eeName = class com.ibm.ws.container.service.metadata.internal.J2EENameImpl@d828a7f
      serialVersionUID = -7906531148367236579
      $$$tc$$$ = class com.ibm.websphere.ras.TraceComponent@3376ee27
      tc = class com.ibm.websphere.ras.TraceComponent@332730a4
      NUM_STATIC_SLOTS = 4
      ID_UNINITIALIZED = -1
      id = 2
      metaDataInterface = class java.lang.Class@1f73aefc
      staticSlots = class java.lang.Object[4]
      dynamicSlots = null
    appContainer = class com.ibm.ws.adaptable.module.internal.AdaptableContainerImpl@5cb2edcf
      root = class com.ibm.ws.adaptable.module.internal.AdaptableContainerImpl@5cb2edcf
      rootOverlay = class com.ibm.ws.artifact.overlay.internal.DirectoryBasedOverlayContainerImpl@21948073
      factoryHolder = class com.ibm.ws.adaptable.module.internal.AdaptableModuleFactoryImpl@2312cef3
      delegate = class com.ibm.ws.artifact.overlay.internal.DirectoryBasedOverlayContainerImpl@21948073
      notifier = class com.ibm.ws.adaptable.module.internal.NotifierImpl@32e693b0
      serialVersionUID = -5621513278641113667
      $$$tc$$$ = class com.ibm.websphere.ras.TraceComponent@54ee9023
    configHelper = class com.ibm.ws.app.manager.module.ApplicationNestedConfigHelper@2b2c218f
      appInfo = class com.ibm.ws.app.manager.internal.ApplicationInstallInfo@4870e059
      serialVersionUID = -3174031738676705046
      $$$tc$$$ = class com.ibm.websphere.ras.TraceComponent@3700f643
    serialVersionUID = 7091777744534637201
    $$$tc$$$ = class com.ibm.websphere.ras.TraceComponent@531a697e
      strings[0] = "TraceComponent[com.ibm.ws.container.service.app.deploy.internal.ApplicationInfoImpl,class com.ibm.ws.container.service.app.deploy.internal.ApplicationInfoImpl,[container.service],com.ibm.ws.container.service.resources.Messages,null]"
  modulesDeployed = class java.util.ArrayList@622a4fa4
    serialVersionUID = 8683452581122892189
    DEFAULT_CAPACITY = 10
    EMPTY_ELEMENTDATA = class java.lang.Object[0]
    DEFAULTCAPACITY_EMPTY_ELEMENTDATA = class java.lang.Object[0]
    elementData = class java.lang.Object[10]
      Object[0] = class com.ibm.ws.app.manager.module.internal.DeployedModuleInfoImpl@738322af
      Object[1] = null
      Object[2] = null
      Object[3] = null
      Object[4] = null
      Object[5] = null
      Object[6] = null
      Object[7] = null
      Object[8] = null
      Object[9] = null
    size = 1
    MAX_ARRAY_SIZE = 2147483639
    modCount = 1
    MAX_ARRAY_SIZE = 2147483639
  starting = true
  started = false
  appInfoFactory = class com.ibm.ws.container.service.app.deploy.internal.ApplicationInfoFactoryImpl@a6962d9
    j2eeNameFactory = class com.ibm.wsspi.kernel.service.utils.AtomicServiceReference@1c766c56
      referenceName = "j2eeNameFactory"
      tuple = class java.util.concurrent.atomic.AtomicReference@67111d91
      serialVersionUID = 2226592364007985000
      $$$tc$$$ = class com.ibm.websphere.ras.TraceComponent@20b78e24
    names = class java.util.HashSet@216c22a8
      serialVersionUID = -5024744406713321676
      map = class java.util.HashMap@3639cff4
      PRESENT = class java.lang.Object@589430c6
      MAX_ARRAY_SIZE = 2147483639
    serialVersionUID = 6232436640731165768
    $$$tc$$$ = class com.ibm.websphere.ras.TraceComponent@8dfdd20
      strings[0] = "TraceComponent[com.ibm.ws.container.service.app.deploy.internal.ApplicationInfoFactoryImpl,class com.ibm.ws.container.service.app.deploy.internal.ApplicationInfoFactoryImpl,[container.service],com.ibm.ws.container.service.resources.Messages,null]"
  metaDataService = class com.ibm.ws.container.service.metadata.internal.MetaDataServiceImpl@4618ac56
    applicationMetaDataManager = class com.ibm.ws.container.service.metadata.internal.ApplicationMetaDataManager@41e1ba7d
      serialVersionUID = 1843747281024490904
      $$$tc$$$ = class com.ibm.websphere.ras.TraceComponent@4bb0141c
      listeners = class com.ibm.wsspi.kernel.service.utils.ConcurrentServiceReferenceSet@81432ad
      metaDataIDs = class com.ibm.ws.container.service.metadata.internal.IndexList@20ef4d8f
      metaDatas = class java.util.ArrayList@38b596d2
      slotIDs = class com.ibm.ws.container.service.metadata.internal.IndexList@37f77a94
      serialVersionUID = 5464421863354792977
      $$$tc$$$ = class com.ibm.websphere.ras.TraceComponent@15f7ee0b
    moduleMetaDataManager = class com.ibm.ws.container.service.metadata.internal.ModuleMetaDataManager@1513574d
      serialVersionUID = 2513574389899327209
      $$$tc$$$ = class com.ibm.websphere.ras.TraceComponent@6da7522c
      listeners = class com.ibm.wsspi.kernel.service.utils.ConcurrentServiceReferenceSet@51e3b6b5
      metaDataIDs = class com.ibm.ws.container.service.metadata.internal.IndexList@73daed00
      metaDatas = class java.util.ArrayList@57ea581a
      slotIDs = class com.ibm.ws.container.service.metadata.internal.IndexList@7f1f26b8
      serialVersionUID = 5464421863354792977
      $$$tc$$$ = class com.ibm.websphere.ras.TraceComponent@15f7ee0b
    componentMetaDataManager = class com.ibm.ws.container.service.metadata.internal.ComponentMetaDataManager@1843ecc7
      serialVersionUID = 8629793739641703882
      $$$tc$$$ = class com.ibm.websphere.ras.TraceComponent@32f0c49
      listeners = class com.ibm.wsspi.kernel.service.utils.ConcurrentServiceReferenceSet@3793b43
      metaDataIDs = class com.ibm.ws.container.service.metadata.internal.IndexList@551bbd17
      metaDatas = class java.util.ArrayList@5cec6932
      slotIDs = class com.ibm.ws.container.service.metadata.internal.IndexList@6fe91537
      serialVersionUID = 5464421863354792977
      $$$tc$$$ = class com.ibm.websphere.ras.TraceComponent@15f7ee0b
    methodMetaDataManager = class com.ibm.ws.container.service.metadata.internal.MethodMetaDataManager@67abc548
      serialVersionUID = -3308748211841563417
      $$$tc$$$ = class com.ibm.websphere.ras.TraceComponent@36faee2
      listeners = class com.ibm.wsspi.kernel.service.utils.ConcurrentServiceReferenceSet@207f59ac
      metaDataIDs = class com.ibm.ws.container.service.metadata.internal.IndexList@4fe27908
      metaDatas = class java.util.ArrayList@7cd42840
      slotIDs = class com.ibm.ws.container.service.metadata.internal.IndexList@3b45bea4
      serialVersionUID = 5464421863354792977
      $$$tc$$$ = class com.ibm.websphere.ras.TraceComponent@15f7ee0b
    appModuleNameToModuleContainer = class java.util.concurrent.ConcurrentHashMap@2bd5a992
      serialVersionUID = 7249069246763182397
      MAXIMUM_CAPACITY = 1073741824
      DEFAULT_CAPACITY = 16
      MAX_ARRAY_SIZE = 2147483639
      DEFAULT_CONCURRENCY_LEVEL = 16
      LOAD_FACTOR = 0.75
      TREEIFY_THRESHOLD = 8
      UNTREEIFY_THRESHOLD = 6
      MIN_TREEIFY_CAPACITY = 64
      MIN_TRANSFER_STRIDE = 16
      RESIZE_STAMP_BITS = 16
      MAX_RESIZERS = 65535
      RESIZE_STAMP_SHIFT = 16
      MOVED = -1
      TREEBIN = -2
      RESERVED = -3
      HASH_BITS = 2147483647
      NCPU = 4
      serialPersistentFields = class java.io.ObjectStreamField[3]
      table = class java.util.concurrent.ConcurrentHashMap$Node[16]
      nextTable = null
      baseCount = 6
      sizeCtl = 12
      transferIndex = 0
      cellsBusy = 0
      counterCells = null
      keySet = null
      values = null
      entrySet = null
      U = class sun.misc.Unsafe@7b3822f
      SIZECTL = 20
      TRANSFERINDEX = 32
      BASECOUNT = 24
      CELLSBUSY = 36
      CELLVALUE = 144
      ABASE = 16
      ASHIFT = 2
      keySet = null
      values = null
    jeeNameToComponentMetaData = class java.util.concurrent.ConcurrentHashMap@24733a9a
      serialVersionUID = 7249069246763182397
      MAXIMUM_CAPACITY = 1073741824
      DEFAULT_CAPACITY = 16
      MAX_ARRAY_SIZE = 2147483639
      DEFAULT_CONCURRENCY_LEVEL = 16
      LOAD_FACTOR = 0.75
      TREEIFY_THRESHOLD = 8
      UNTREEIFY_THRESHOLD = 6
      MIN_TREEIFY_CAPACITY = 64
      MIN_TRANSFER_STRIDE = 16
      RESIZE_STAMP_BITS = 16
      MAX_RESIZERS = 65535
      RESIZE_STAMP_SHIFT = 16
      MOVED = -1
      TREEBIN = -2
      RESERVED = -3
      HASH_BITS = 2147483647
      NCPU = 4
      serialPersistentFields = class java.io.ObjectStreamField[3]
      table = class java.util.concurrent.ConcurrentHashMap$Node[16]
      nextTable = null
      baseCount = 11
      sizeCtl = 12
      transferIndex = 0
      cellsBusy = 0
      counterCells = null
      keySet = null
      values = null
      entrySet = null
      U = class sun.misc.Unsafe@7b3822f
      SIZECTL = 20
      TRANSFERINDEX = 32
      BASECOUNT = 24
      CELLSBUSY = 36
      CELLVALUE = 144
      ABASE = 16
      ASHIFT = 2
      keySet = null
      values = null
    deferredMetaDataFactories = class com.ibm.wsspi.kernel.service.utils.ConcurrentServiceReferenceSet@23d1cf07
      referenceName = "deferredMetaDataFactory"
      contextRef = class java.util.concurrent.atomic.AtomicReference@f0541ed
      elementMap = class java.util.LinkedHashMap@7f14a16c
      elementSet = class java.util.concurrent.ConcurrentSkipListSet@59881030
      elementSetUnsorted = false
      serialVersionUID = 756240983881166148
      $$$tc$$$ = class com.ibm.websphere.ras.TraceComponent@62009439
    deferredMetaDataInitializers = class com.ibm.wsspi.kernel.service.utils.ConcurrentServiceReferenceMap@1a69dfb0
      referenceName = "deferredMetaDataFactory"
      context = class org.apache.felix.scr.impl.manager.ComponentContextImpl@46052eed
      elementMap = class java.util.concurrent.ConcurrentHashMap@63aa15e9
      serialVersionUID = 6980924785166233786
      $$$tc$$$ = class com.ibm.websphere.ras.TraceComponent@7da5c238
    serialVersionUID = -2494605732980966097
    $$$tc$$$ = class com.ibm.websphere.ras.TraceComponent@721b85b4
      strings[0] = "TraceComponent[com.ibm.ws.container.service.metadata.internal.MetaDataServiceImpl,class com.ibm.ws.container.service.metadata.internal.MetaDataServiceImpl,[Runtime],,null]"
  stateChangeService = class com.ibm.ws.container.service.state.internal.StateChangeServiceImpl@7a3ee31e
    applicationStateManager = class com.ibm.ws.container.service.state.internal.ApplicationStateManager@10735832
      serialVersionUID = -6685368059484454124
      $$$tc$$$ = class com.ibm.websphere.ras.TraceComponent@5dcf8750
      listeners = class com.ibm.wsspi.kernel.service.utils.ConcurrentServiceReferenceSet@691de11f
      serialVersionUID = 2284273176985484160
      $$$tc$$$ = class com.ibm.websphere.ras.TraceComponent@457f0783
    moduleStateManager = class com.ibm.ws.container.service.state.internal.ModuleStateManager@5243e96c
      serialVersionUID = -5540260902341249963
      $$$tc$$$ = class com.ibm.websphere.ras.TraceComponent@7b38fd9b
      listeners = class com.ibm.wsspi.kernel.service.utils.ConcurrentServiceReferenceSet@1a12a033
      serialVersionUID = 2284273176985484160
      $$$tc$$$ = class com.ibm.websphere.ras.TraceComponent@457f0783
    serialVersionUID = -537917915330350560
    $$$tc$$$ = class com.ibm.websphere.ras.TraceComponent@35118d95
      strings[0] = "TraceComponent[com.ibm.ws.container.service.state.internal.StateChangeServiceImpl,class com.ibm.ws.container.service.state.internal.StateChangeServiceImpl,[Runtime],,null]"
  moduleClassesInfo = class com.ibm.ws.app.manager.module.internal.SimpleDeployedAppInfoBase$ModuleClassesInfoProvider@20e36eb5
    entryContainerInfosMap = class java.util.HashMap@5d0a391f
      serialVersionUID = 362498820763181265
      DEFAULT_INITIAL_CAPACITY = 16
      MAXIMUM_CAPACITY = 1073741824
      DEFAULT_LOAD_FACTOR = 0.75
      TREEIFY_THRESHOLD = 8
      UNTREEIFY_THRESHOLD = 6
      MIN_TREEIFY_CAPACITY = 64
      table = null
      entrySet = null
      size = 0
      modCount = 0
      threshold = 0
      loadFactor = 0.75
      keySet = null
      values = null
    serialVersionUID = -70332790531324534
    $$$tc$$$ = class com.ibm.websphere.ras.TraceComponent@7b0c8e2b
      strings[0] = "TraceComponent[com.ibm.ws.app.manager.module.internal.SimpleDeployedAppInfoBase$ModuleClassesInfoProvider,class com.ibm.ws.app.manager.module.internal.SimpleDeployedAppInfoBase$ModuleClassesInfoProvider,[applications, app.manager],,null]"
  moduleContainerInfos = class java.util.ArrayList@10844262
    serialVersionUID = 8683452581122892189
    DEFAULT_CAPACITY = 10
    EMPTY_ELEMENTDATA = class java.lang.Object[0]
    DEFAULTCAPACITY_EMPTY_ELEMENTDATA = class java.lang.Object[0]
    elementData = class java.lang.Object[10]
      Object[0] = class com.ibm.ws.app.manager.module.internal.SimpleDeployedAppInfoBase$WebModuleContainerInfo@19a51bfa
      Object[1] = null
      Object[2] = null
      Object[3] = null
      Object[4] = null
      Object[5] = null
      Object[6] = null
      Object[7] = null
      Object[8] = null
      Object[9] = null
    size = 1
    MAX_ARRAY_SIZE = 2147483639
    modCount = 1
    MAX_ARRAY_SIZE = 2147483639
  activeModuleHandlers = class java.util.IdentityHashMap@513a8501
    DEFAULT_CAPACITY = 32
    MINIMUM_CAPACITY = 4
    MAXIMUM_CAPACITY = 536870912
    table = class java.lang.Object[16]
      Object[0] = null
      Object[1] = null
      Object[2] = null
      Object[3] = null
      Object[4] = null
      Object[5] = null
      Object[6] = null
      Object[7] = null
      Object[8] = null
      Object[9] = null
      Object[10] = null
      Object[11] = null
      Object[12] = null
      Object[13] = null
      Object[14] = null
      Object[15] = null
    size = 0
    modCount = 2
    NULL_KEY = class java.lang.Object@2691e872
    entrySet = null
    serialVersionUID = 8188218128353913216
    keySet = null
    values = null
  serialVersionUID = 7078125893012250887
  $$$tc$$$ = class com.ibm.websphere.ras.TraceComponent@7460d657
    strings[0] = "TraceComponent[com.ibm.ws.app.manager.module.internal.SimpleDeployedAppInfoBase,class com.ibm.ws.app.manager.module.internal.SimpleDeployedAppInfoBase,[applications, app.manager],,null]"

Dump of objectArray[0]
Object type = com.ibm.ws.threading.internal.NonCancelableResultFuture
  _done = false
  _result = null
  _failure = null
  _listeners = class java.util.concurrent.ConcurrentLinkedQueue@50d817f1
    serialVersionUID = 196745693267521676
    head = class java.util.concurrent.ConcurrentLinkedQueue$Node@69582996
      item = null
      next = null
      UNSAFE = class sun.misc.Unsafe@7b3822f
      itemOffset = 12
      nextOffset = 16
    tail = class java.util.concurrent.ConcurrentLinkedQueue$Node@69582996
    UNSAFE = class sun.misc.Unsafe@7b3822f
      theUnsafe = class sun.misc.Unsafe@7b3822f
      INVALID_FIELD_OFFSET = -1
      ARRAY_BOOLEAN_BASE_OFFSET = 16
      ARRAY_BYTE_BASE_OFFSET = 16
      ARRAY_SHORT_BASE_OFFSET = 16
      ARRAY_CHAR_BASE_OFFSET = 16
      ARRAY_INT_BASE_OFFSET = 16
      ARRAY_LONG_BASE_OFFSET = 16
      ARRAY_FLOAT_BASE_OFFSET = 16
      ARRAY_DOUBLE_BASE_OFFSET = 16
      ARRAY_OBJECT_BASE_OFFSET = 16
      ARRAY_BOOLEAN_INDEX_SCALE = 1
      ARRAY_BYTE_INDEX_SCALE = 1
      ARRAY_SHORT_INDEX_SCALE = 2
      ARRAY_CHAR_INDEX_SCALE = 2
      ARRAY_INT_INDEX_SCALE = 4
      ARRAY_LONG_INDEX_SCALE = 8
      ARRAY_FLOAT_INDEX_SCALE = 4
      ARRAY_DOUBLE_INDEX_SCALE = 8
      ARRAY_OBJECT_INDEX_SCALE = 4
      ADDRESS_SIZE = 8
    headOffset = 12
    tailOffset = 16
    MAX_ARRAY_SIZE = 2147483639
  _notifiedListeners = class java.util.concurrent.atomic.AtomicBoolean@79b1f64c
    serialVersionUID = 4654671469794556979
    unsafe = class sun.misc.Unsafe@7b3822f
    valueOffset = 12
    value = 0
  serialVersionUID = -296387658814354272
  $$$tc$$$ = class com.ibm.websphere.ras.TraceComponent@1c0ed4c3
    strings[0] = "TraceComponent[com.ibm.ws.threading.internal.NonCancelableResultFuture,class com.ibm.ws.threading.internal.NonCancelableResultFuture,[Threading],com.ibm.ws.threading.internal.resources.ThreadingMessages,null]"

