------Start of DE processing------ = [6/26/18 12:43:57:073 PDT]
Exception = java.util.NoSuchElementException
Source = com.ibm.ws.microprofile.config.cdi.ConfigCDIExtension
probeid = 129
Stack Dump = java.util.NoSuchElementException: CWMCG0015E: The property io_openliberty_guides_inventory_inMaintenance was not found in the configuration.
	at com.ibm.ws.microprofile.config.impl.AbstractConfig.getValue(AbstractConfig.java:129)
	at com.ibm.ws.microprofile.config.cdi.ConfigProducer.newValue(ConfigProducer.java:44)
	at com.ibm.ws.microprofile.config.cdi.ConfigCDIExtension.processConversionType(ConfigCDIExtension.java:127)
	at com.ibm.ws.microprofile.config.cdi.ConfigCDIExtension.processParameterizedType(ConfigCDIExtension.java:107)
	at com.ibm.ws.microprofile.config.cdi.ConfigCDIExtension.processInjectionTarget(ConfigCDIExtension.java:65)
	at sun.reflect.GeneratedMethodAccessor11.invoke(Unknown Source)
	at sun.reflect.DelegatingMethodAccessorImpl.invoke(DelegatingMethodAccessorImpl.java:43)
	at java.lang.reflect.Method.invoke(Method.java:498)
	at org.jboss.weld.injection.StaticMethodInjectionPoint.invoke(StaticMethodInjectionPoint.java:88)
	at org.jboss.weld.injection.StaticMethodInjectionPoint.invoke(StaticMethodInjectionPoint.java:78)
	at org.jboss.weld.injection.MethodInvocationStrategy$SimpleMethodInvocationStrategy.invoke(MethodInvocationStrategy.java:129)
	at org.jboss.weld.event.ObserverMethodImpl.sendEvent(ObserverMethodImpl.java:299)
	at org.jboss.weld.event.ExtensionObserverMethodImpl.sendEvent(ExtensionObserverMethodImpl.java:124)
	at org.jboss.weld.event.ObserverMethodImpl.sendEvent(ObserverMethodImpl.java:277)
	at org.jboss.weld.event.ObserverMethodImpl.notify(ObserverMethodImpl.java:255)
	at org.jboss.weld.event.ObserverNotifier.notifySyncObservers(ObserverNotifier.java:269)
	at org.jboss.weld.event.ObserverNotifier.notify(ObserverNotifier.java:258)
	at org.jboss.weld.event.ObserverNotifier.fireEvent(ObserverNotifier.java:154)
	at org.jboss.weld.event.ObserverNotifier.fireEvent(ObserverNotifier.java:148)
	at org.jboss.weld.bootstrap.events.AbstractContainerEvent.fire(AbstractContainerEvent.java:53)
	at org.jboss.weld.bootstrap.events.AbstractDefinitionContainerEvent.fire(AbstractDefinitionContainerEvent.java:44)
	at org.jboss.weld.bootstrap.events.AbstractProcessInjectionTarget.fire(AbstractProcessInjectionTarget.java:40)
	at org.jboss.weld.bootstrap.events.ContainerLifecycleEvents.fireProcessInjectionTarget(ContainerLifecycleEvents.java:255)
	at org.jboss.weld.manager.BeanManagerImpl.fireProcessInjectionTarget(BeanManagerImpl.java:1365)
	at org.jboss.weld.manager.BeanManagerImpl.fireProcessInjectionTarget(BeanManagerImpl.java:1360)
	at com.ibm.ws.cdi.impl.weld.BeanDeploymentArchiveImpl.createJEEComponentInjectionTarget(BeanDeploymentArchiveImpl.java:918)
	at com.ibm.ws.cdi.impl.weld.BeanDeploymentArchiveImpl.createInjectionTargetsForJEEComponentClass(BeanDeploymentArchiveImpl.java:856)
	at com.ibm.ws.cdi.impl.weld.BeanDeploymentArchiveImpl.createInjectionTargetsForJEEComponentClasses(BeanDeploymentArchiveImpl.java:842)
	at com.ibm.ws.cdi.impl.weld.WebSphereCDIDeploymentImpl.validateJEEComponentClasses(WebSphereCDIDeploymentImpl.java:665)
	at com.ibm.ws.cdi.impl.CDIContainerImpl.applicationStarting(CDIContainerImpl.java:148)
	at com.ibm.ws.cdi.liberty.CDIRuntimeImpl.applicationStarting(CDIRuntimeImpl.java:383)
	at com.ibm.ws.container.service.state.internal.ApplicationStateManager.fireStarting(ApplicationStateManager.java:28)
	at com.ibm.ws.container.service.state.internal.StateChangeServiceImpl.fireApplicationStarting(StateChangeServiceImpl.java:50)
	at com.ibm.ws.app.manager.module.internal.DeployedAppInfoBase.preDeployApp(DeployedAppInfoBase.java:380)
	at com.ibm.ws.app.manager.module.internal.DeployedAppInfoBase.deployApp(DeployedAppInfoBase.java:409)
	at com.ibm.ws.app.manager.war.internal.WARApplicationHandlerImpl.install(WARApplicationHandlerImpl.java:65)
	at com.ibm.ws.app.manager.internal.statemachine.StartAction.execute(StartAction.java:140)
	at com.ibm.ws.app.manager.internal.statemachine.ApplicationStateMachineImpl.enterState(ApplicationStateMachineImpl.java:1258)
	at com.ibm.ws.app.manager.internal.statemachine.ApplicationStateMachineImpl.performAction(ApplicationStateMachineImpl.java:1126)
	at com.ibm.ws.app.manager.internal.statemachine.ApplicationStateMachineImpl.run(ApplicationStateMachineImpl.java:881)
	at java.util.concurrent.ThreadPoolExecutor.runWorker(ThreadPoolExecutor.java:1149)
	at java.util.concurrent.ThreadPoolExecutor$Worker.run(ThreadPoolExecutor.java:624)
	at java.lang.Thread.run(Thread.java:748)

Dump of callerThis
Object type = com.ibm.ws.microprofile.config.cdi.ConfigCDIExtension
  tc = class com.ibm.websphere.ras.TraceComponent@1c5730a3
    strings[0] = "TraceComponent[com.ibm.ws.microprofile.config.cdi.ConfigCDIExtension,class com.ibm.ws.microprofile.config.cdi.ConfigCDIExtension,[APPCONFIG],com.ibm.ws.microprofile.config.cdi.resources.ConfigCDI,null]"
  validInjectionTypes = class java.util.HashSet@f9dbc6
    serialVersionUID = -5024744406713321676
    map = class java.util.HashMap@7b33b76d
      serialVersionUID = 362498820763181265
      DEFAULT_INITIAL_CAPACITY = 16
      MAXIMUM_CAPACITY = 1073741824
      DEFAULT_LOAD_FACTOR = 0.75
      TREEIFY_THRESHOLD = 8
      UNTREEIFY_THRESHOLD = 6
      MIN_TREEIFY_CAPACITY = 64
      table = class java.util.HashMap$Node[64]
      entrySet = null
      size = 33
      modCount = 33
      threshold = 48
      loadFactor = 0.75
      keySet = null
      values = null
    PRESENT = class java.lang.Object@35bc8a52
    MAX_ARRAY_SIZE = 2147483639
  badInjectionTypes = class java.util.HashSet@7d967ae2
    serialVersionUID = -5024744406713321676
    map = class java.util.HashMap@7bd55905
      serialVersionUID = 362498820763181265
      DEFAULT_INITIAL_CAPACITY = 16
      MAXIMUM_CAPACITY = 1073741824
      DEFAULT_LOAD_FACTOR = 0.75
      TREEIFY_THRESHOLD = 8
      UNTREEIFY_THRESHOLD = 6
      MIN_TREEIFY_CAPACITY = 64
      table = null
      entrySet = null
      size = 0
      modCount = 0
      threshold = 0
      loadFactor = 0.75
      keySet = null
      values = null
    PRESENT = class java.lang.Object@35bc8a52
    MAX_ARRAY_SIZE = 2147483639
  configs = class java.util.HashMap@1ef0a9b8
    serialVersionUID = 362498820763181265
    DEFAULT_INITIAL_CAPACITY = 16
    MAXIMUM_CAPACITY = 1073741824
    DEFAULT_LOAD_FACTOR = 0.75
    TREEIFY_THRESHOLD = 8
    UNTREEIFY_THRESHOLD = 6
    MIN_TREEIFY_CAPACITY = 64
    table = null
    entrySet = null
    size = 0
    modCount = 0
    threshold = 0
    loadFactor = 0.75
    keySet = null
    values = null
  serialVersionUID = 2379904533039465371

Dump of objectArray[0]
Object type = org.jboss.weld.injection.FieldInjectionPoint
  serialVersionUID = 6645272914499045953
  cacheable = true
  cachedBean = null
  accessibleField = class java.lang.reflect.Field@32a2cb11
    clazz = class java.lang.Class@d104ab1
      ANNOTATION = 8192
      ENUM = 16384
      SYNTHETIC = 4096
      cachedConstructor = null
      newInstanceCallerCache = null
      name = "application.microprofile.HealthEndpoint"
      allPermDomain = class java.security.ProtectionDomain@731f1bf4
      useCaches = true
      reflectionData = class java.lang.ref.SoftReference@5a5dab44
      classRedefinedCount = 0
      genericInfo = class sun.reflect.generics.repository.ClassRepository@37cc9dba
      serialVersionUID = 3206093459760846163
      serialPersistentFields = class java.io.ObjectStreamField[0]
      reflectionFactory = class sun.reflect.ReflectionFactory@432145d8
      initted = true
      enumConstants = null
      enumConstantDirectory = null
      annotationData = class java.lang.Class$AnnotationData@12f9c235
      annotationType = null
      classValueMap = null
    slot = 2
    name = "inMaintenance"
    type = class java.lang.Class@3019dbf9
      ANNOTATION = 8192
      ENUM = 16384
      SYNTHETIC = 4096
      cachedConstructor = null
      newInstanceCallerCache = null
      name = "javax.inject.Provider"
      allPermDomain = class java.security.ProtectionDomain@731f1bf4
      useCaches = true
      reflectionData = class java.lang.ref.SoftReference@2d2271d3
      classRedefinedCount = 0
      genericInfo = class sun.reflect.generics.repository.ClassRepository@57670cb1
      serialVersionUID = 3206093459760846163
      serialPersistentFields = class java.io.ObjectStreamField[0]
      reflectionFactory = class sun.reflect.ReflectionFactory@432145d8
      initted = true
      enumConstants = null
      enumConstantDirectory = null
      annotationData = null
      annotationType = null
      classValueMap = null
    modifiers = 2
    signature = "Ljavax/inject/Provider<Ljava/lang/Boolean;>;"
    genericInfo = null
    annotations = {0,2,0,10,0,0,0,17,0,1,0,18,115,0,19} /* array length = 15 */
    fieldAccessor = null
    overrideFieldAccessor = null
    root = class java.lang.reflect.Field@7a80593a
      clazz = class java.lang.Class@d104ab1
      slot = 2
      name = "inMaintenance"
      type = class java.lang.Class@3019dbf9
      modifiers = 2
      signature = "Ljavax/inject/Provider<Ljava/lang/Boolean;>;"
      genericInfo = null
      annotations = {0,2,0,10,0,0,0,17,0,1,0,18,115,0,19} /* array length = 15 */
      fieldAccessor = null
      overrideFieldAccessor = null
      root = null
      declaredAnnotations = class java.util.LinkedHashMap@caada4c
      ACCESS_PERMISSION = class java.lang.reflect.ReflectPermission@d77c52b
      override = false
      reflectionFactory = class sun.reflect.ReflectionFactory@432145d8
      securityCheckCache = null
    declaredAnnotations = null
    ACCESS_PERMISSION = class java.lang.reflect.ReflectPermission@d77c52b
      serialVersionUID = 7412737110241507485
      serialVersionUID = 6279438298436773498
      wildcard = false
      path = "suppressAccessChecks"
      exitVM = false
      serialVersionUID = -5636570222231596674
      name = "suppressAccessChecks"
    override = true
    reflectionFactory = class sun.reflect.ReflectionFactory@432145d8
      initted = true
      reflectionFactoryAccessPerm = class java.lang.RuntimePermission@76cc0829
      soleInstance = class sun.reflect.ReflectionFactory@432145d8
      langReflectAccess = class java.lang.reflect.ReflectAccess@3e31b9fd
      hasStaticInitializerMethod = null
      noInflation = false
      inflationThreshold = 15
    securityCheckCache = null
  attributes = class org.jboss.weld.injection.attributes.InferringFieldInjectionPointAttributes@3d3871b5
    serialVersionUID = -3099189770772787108
    field = class org.jboss.weld.annotated.slim.backed.BackedAnnotatedField@654e3c17
      field = class java.lang.reflect.Field@2b7123f3
      declaringType = class org.jboss.weld.annotated.slim.backed.BackedAnnotatedType@53db2df2
      typeClosure = class org.jboss.weld.annotated.enhanced.TypeClosureLazyValueHolder@371c3a37
      baseType = class sun.reflect.generics.reflectiveObjects.ParameterizedTypeImpl@7fb64572
    serialVersionUID = 7820718127728549436
    bean = class org.jboss.weld.serialization.BeanHolder@40475f11
      serialVersionUID = 6039992808930111222
      contextId = "microprofile"
      beanId = null
      serialVersionUID = -5217996922004189423
      value = null
    qualifiers = class java.util.Collections$UnmodifiableSet@35a70203
      serialVersionUID = -9215047833775013803
      serialVersionUID = 1820017752578914078
      c = class java.util.Collections$UnmodifiableSet@438616f8
    typeAttribute = class org.jboss.weld.injection.attributes.AbstractInferringInjectionPointAttributes$NonContextualInjectionPointTypeAttribute@219d3e24
      serialVersionUID = 1870361474843082321
      componentClass = class java.lang.Class@d104ab1
      this$0 = class org.jboss.weld.injection.attributes.InferringFieldInjectionPointAttributes@3d3871b5
      serialVersionUID = -4558590047874880757
      type = class sun.reflect.generics.reflectiveObjects.ParameterizedTypeImpl@7fb64572
      this$0 = class org.jboss.weld.injection.attributes.InferringFieldInjectionPointAttributes@3d3871b5
    delegate = false

Dump of objectArray[1]
Object type = java.lang.Class
  ANNOTATION = 8192
  ENUM = 16384
  SYNTHETIC = 4096
  cachedConstructor = null
  newInstanceCallerCache = null
  name = "java.lang.Boolean"
  allPermDomain = class java.security.ProtectionDomain@731f1bf4
    codesource = null
    classloader = null
    principals = interface java.security.Principal[0]
    permissions = class java.security.Permissions@78b8ecdc
      permsMap = class java.util.HashMap@40df30ac
      hasUnresolved = false
      allPermission = class java.security.AllPermissionCollection@7361c4eb
      serialVersionUID = 4858622370623524688
      serialPersistentFields = class java.io.ObjectStreamField[2]
      serialVersionUID = -6727011328946861783
      readOnly = true
    hasAllPerm = true
    staticPermissions = true
    key = class java.security.ProtectionDomain$Key@b6fd970
    debug = null
  useCaches = true
  reflectionData = class java.lang.ref.SoftReference@58828713
    clock = 2494348
    timestamp = 2494348
    referent = class java.lang.Class$ReflectionData@55d1bf98
      declaredFields = class java.lang.reflect.Field[5]
      publicFields = null
      declaredMethods = class java.lang.reflect.Method[16]
      publicMethods = null
      declaredConstructors = class java.lang.reflect.Constructor[2]
      publicConstructors = null
      declaredPublicFields = class java.lang.reflect.Field[3]
      declaredPublicMethods = null
      interfaces = class java.lang.Class[2]
      redefinedCount = 0
    queue = class java.lang.ref.ReferenceQueue$Null@16972874
      NULL = class java.lang.ref.ReferenceQueue$Null@16972874
      ENQUEUED = class java.lang.ref.ReferenceQueue$Null@64ae1132
      lock = class java.lang.ref.ReferenceQueue$Lock@5a952635
      head = null
      queueLength = 0
      $assertionsDisabled = true
    next = null
    discovered = null
    lock = class java.lang.ref.Reference$Lock@98b5e98
    pending = null
  classRedefinedCount = 0
  genericInfo = class sun.reflect.generics.repository.ClassRepository@4b43917
    NONE = class sun.reflect.generics.repository.ClassRepository@37cc9dba
      NONE = class sun.reflect.generics.repository.ClassRepository@37cc9dba
      superclass = null
      superInterfaces = null
      typeParams = null
      factory = null
      tree = class sun.reflect.generics.tree.ClassSignature@7c56d8a7
    superclass = class java.lang.Class@5d6f64b1
      ANNOTATION = 8192
      ENUM = 16384
      SYNTHETIC = 4096
      cachedConstructor = null
      newInstanceCallerCache = null
      name = "java.lang.Object"
      allPermDomain = class java.security.ProtectionDomain@731f1bf4
      useCaches = true
      reflectionData = class java.lang.ref.SoftReference@633a3a9a
      classRedefinedCount = 0
      genericInfo = class sun.reflect.generics.repository.ClassRepository@37cc9dba
      serialVersionUID = 3206093459760846163
      serialPersistentFields = class java.io.ObjectStreamField[0]
      reflectionFactory = class sun.reflect.ReflectionFactory@432145d8
      initted = true
      enumConstants = null
      enumConstantDirectory = null
      annotationData = class java.lang.Class$AnnotationData@479de5c3
      annotationType = null
      classValueMap = null
    superInterfaces = interface java.lang.reflect.Type[2]
      Type[0] = class java.lang.Class@1400e026
      Type[1] = class sun.reflect.generics.reflectiveObjects.ParameterizedTypeImpl@3763968f
    typeParams = interface java.lang.reflect.TypeVariable[0]
    factory = class sun.reflect.generics.factory.CoreReflectionFactory@258672e5
      decl = class java.lang.Class@4e9b5caf
      scope = class sun.reflect.generics.scope.ClassScope@58aac92f
      $assertionsDisabled = true
    tree = class sun.reflect.generics.tree.ClassSignature@5f9bc3
      formalTypeParams = class sun.reflect.generics.tree.FormalTypeParameter[0]
      superclass = class sun.reflect.generics.tree.ClassTypeSignature@6cd29fef
      superInterfaces = class sun.reflect.generics.tree.ClassTypeSignature[2]
  serialVersionUID = 3206093459760846163
  serialPersistentFields = class java.io.ObjectStreamField[0]
  reflectionFactory = class sun.reflect.ReflectionFactory@432145d8
    initted = true
    reflectionFactoryAccessPerm = class java.lang.RuntimePermission@76cc0829
      serialVersionUID = 7399184964622342223
      serialVersionUID = 6279438298436773498
      wildcard = false
      path = "reflectionFactoryAccess"
      exitVM = false
      serialVersionUID = -5636570222231596674
      name = "reflectionFactoryAccess"
    soleInstance = class sun.reflect.ReflectionFactory@432145d8
    langReflectAccess = class java.lang.reflect.ReflectAccess@3e31b9fd
    hasStaticInitializerMethod = null
    noInflation = false
    inflationThreshold = 15
  initted = true
  enumConstants = null
  enumConstantDirectory = null
  annotationData = null
  annotationType = null
  classValueMap = null

Dump of objectArray[2]
Object type = java.lang.Class
  ANNOTATION = 8192
  ENUM = 16384
  SYNTHETIC = 4096
  cachedConstructor = null
  newInstanceCallerCache = null
  name = "java.lang.Boolean"
  allPermDomain = class java.security.ProtectionDomain@731f1bf4
    codesource = null
    classloader = null
    principals = interface java.security.Principal[0]
    permissions = class java.security.Permissions@78b8ecdc
      permsMap = class java.util.HashMap@40df30ac
      hasUnresolved = false
      allPermission = class java.security.AllPermissionCollection@7361c4eb
      serialVersionUID = 4858622370623524688
      serialPersistentFields = class java.io.ObjectStreamField[2]
      serialVersionUID = -6727011328946861783
      readOnly = true
    hasAllPerm = true
    staticPermissions = true
    key = class java.security.ProtectionDomain$Key@b6fd970
    debug = null
  useCaches = true
  reflectionData = class java.lang.ref.SoftReference@58828713
    clock = 2494348
    timestamp = 2494348
    referent = class java.lang.Class$ReflectionData@55d1bf98
      declaredFields = class java.lang.reflect.Field[5]
      publicFields = null
      declaredMethods = class java.lang.reflect.Method[16]
      publicMethods = null
      declaredConstructors = class java.lang.reflect.Constructor[2]
      publicConstructors = null
      declaredPublicFields = class java.lang.reflect.Field[3]
      declaredPublicMethods = null
      interfaces = class java.lang.Class[2]
      redefinedCount = 0
    queue = class java.lang.ref.ReferenceQueue$Null@16972874
      NULL = class java.lang.ref.ReferenceQueue$Null@16972874
      ENQUEUED = class java.lang.ref.ReferenceQueue$Null@64ae1132
      lock = class java.lang.ref.ReferenceQueue$Lock@5a952635
      head = null
      queueLength = 0
      $assertionsDisabled = true
    next = null
    discovered = null
    lock = class java.lang.ref.Reference$Lock@98b5e98
    pending = null
  classRedefinedCount = 0
  genericInfo = class sun.reflect.generics.repository.ClassRepository@4b43917
    NONE = class sun.reflect.generics.repository.ClassRepository@37cc9dba
      NONE = class sun.reflect.generics.repository.ClassRepository@37cc9dba
      superclass = null
      superInterfaces = null
      typeParams = null
      factory = null
      tree = class sun.reflect.generics.tree.ClassSignature@7c56d8a7
    superclass = class java.lang.Class@5d6f64b1
      ANNOTATION = 8192
      ENUM = 16384
      SYNTHETIC = 4096
      cachedConstructor = null
      newInstanceCallerCache = null
      name = "java.lang.Object"
      allPermDomain = class java.security.ProtectionDomain@731f1bf4
      useCaches = true
      reflectionData = class java.lang.ref.SoftReference@633a3a9a
      classRedefinedCount = 0
      genericInfo = class sun.reflect.generics.repository.ClassRepository@37cc9dba
      serialVersionUID = 3206093459760846163
      serialPersistentFields = class java.io.ObjectStreamField[0]
      reflectionFactory = class sun.reflect.ReflectionFactory@432145d8
      initted = true
      enumConstants = null
      enumConstantDirectory = null
      annotationData = class java.lang.Class$AnnotationData@479de5c3
      annotationType = null
      classValueMap = null
    superInterfaces = interface java.lang.reflect.Type[2]
      Type[0] = class java.lang.Class@1400e026
      Type[1] = class sun.reflect.generics.reflectiveObjects.ParameterizedTypeImpl@3763968f
    typeParams = interface java.lang.reflect.TypeVariable[0]
    factory = class sun.reflect.generics.factory.CoreReflectionFactory@258672e5
      decl = class java.lang.Class@4e9b5caf
      scope = class sun.reflect.generics.scope.ClassScope@58aac92f
      $assertionsDisabled = true
    tree = class sun.reflect.generics.tree.ClassSignature@5f9bc3
      formalTypeParams = class sun.reflect.generics.tree.FormalTypeParameter[0]
      superclass = class sun.reflect.generics.tree.ClassTypeSignature@6cd29fef
      superInterfaces = class sun.reflect.generics.tree.ClassTypeSignature[2]
  serialVersionUID = 3206093459760846163
  serialPersistentFields = class java.io.ObjectStreamField[0]
  reflectionFactory = class sun.reflect.ReflectionFactory@432145d8
    initted = true
    reflectionFactoryAccessPerm = class java.lang.RuntimePermission@76cc0829
      serialVersionUID = 7399184964622342223
      serialVersionUID = 6279438298436773498
      wildcard = false
      path = "reflectionFactoryAccess"
      exitVM = false
      serialVersionUID = -5636570222231596674
      name = "reflectionFactoryAccess"
    soleInstance = class sun.reflect.ReflectionFactory@432145d8
    langReflectAccess = class java.lang.reflect.ReflectAccess@3e31b9fd
    hasStaticInitializerMethod = null
    noInflation = false
    inflationThreshold = 15
  initted = true
  enumConstants = null
  enumConstantDirectory = null
  annotationData = null
  annotationType = null
  classValueMap = null

Dump of objectArray[3]
Object type = com.ibm.ws.classloading.internal.AppClassLoader
  tc = class com.ibm.websphere.ras.TraceComponent@6b91c71
    strings[0] = "TraceComponent[com.ibm.ws.classloading.internal.AppClassLoader,class com.ibm.ws.classloading.internal.AppClassLoader,[ClassLoadingService],com.ibm.ws.classloading.internal.resources.ClassLoadingServiceMessages,null]"
  PARENT_FIRST_SEARCH_ORDER = class java.util.Collections$UnmodifiableRandomAccessList@86a217c
    serialVersionUID = -2542308836966382001
    serialVersionUID = -283967356065247728
    list = class java.util.Arrays$ArrayList@75ec8b81
      serialVersionUID = -2764017481108945198
      a = class com.ibm.ws.classloading.internal.AppClassLoader$SearchLocation[3]
      modCount = 0
      MAX_ARRAY_SIZE = 2147483639
    serialVersionUID = 1820017752578914078
    c = class java.util.Arrays$ArrayList@75ec8b81
  CLASS_LOADING_TRACE_PREFIX = "com.ibm.ws.class.load."
  DEFAULT_PACKAGE = "default.package"
  perPackageClassLoadingTraceComponents = class java.util.concurrent.ConcurrentHashMap@27414aa0
    serialVersionUID = 7249069246763182397
    MAXIMUM_CAPACITY = 1073741824
    DEFAULT_CAPACITY = 16
    MAX_ARRAY_SIZE = 2147483639
    DEFAULT_CONCURRENCY_LEVEL = 16
    LOAD_FACTOR = 0.75
    TREEIFY_THRESHOLD = 8
    UNTREEIFY_THRESHOLD = 6
    MIN_TREEIFY_CAPACITY = 64
    MIN_TRANSFER_STRIDE = 16
    RESIZE_STAMP_BITS = 16
    MAX_RESIZERS = 65535
    RESIZE_STAMP_SHIFT = 16
    MOVED = -1
    TREEBIN = -2
    RESERVED = -3
    HASH_BITS = 2147483647
    NCPU = 4
    serialPersistentFields = class java.io.ObjectStreamField[3]
      ObjectStreamField[0] = class java.io.ObjectStreamField@1a151f76
      ObjectStreamField[1] = class java.io.ObjectStreamField@1bd1e487
      ObjectStreamField[2] = class java.io.ObjectStreamField@7394afdd
    table = class java.util.concurrent.ConcurrentHashMap$Node[16]
      Node[0] = null
      Node[1] = class java.util.concurrent.ConcurrentHashMap$Node@73f77a5f
      Node[2] = null
      Node[3] = null
      Node[4] = null
      Node[5] = class java.util.concurrent.ConcurrentHashMap$Node@4c63d3b3
      Node[6] = null
      Node[7] = class java.util.concurrent.ConcurrentHashMap$Node@661f86c7
      Node[8] = null
      Node[9] = null
      Node[10] = null
      Node[11] = class java.util.concurrent.ConcurrentHashMap$Node@2f5a9d67
      Node[12] = class java.util.concurrent.ConcurrentHashMap$Node@67b73f51
      Node[13] = null
      Node[14] = null
      Node[15] = null
    nextTable = null
    baseCount = 6
    sizeCtl = 12
    transferIndex = 0
    cellsBusy = 0
    counterCells = null
    keySet = null
    values = null
    entrySet = null
    U = class sun.misc.Unsafe@4a2de6fa
      theUnsafe = class sun.misc.Unsafe@4a2de6fa
      INVALID_FIELD_OFFSET = -1
      ARRAY_BOOLEAN_BASE_OFFSET = 16
      ARRAY_BYTE_BASE_OFFSET = 16
      ARRAY_SHORT_BASE_OFFSET = 16
      ARRAY_CHAR_BASE_OFFSET = 16
      ARRAY_INT_BASE_OFFSET = 16
      ARRAY_LONG_BASE_OFFSET = 16
      ARRAY_FLOAT_BASE_OFFSET = 16
      ARRAY_DOUBLE_BASE_OFFSET = 16
      ARRAY_OBJECT_BASE_OFFSET = 16
      ARRAY_BOOLEAN_INDEX_SCALE = 1
      ARRAY_BYTE_INDEX_SCALE = 1
      ARRAY_SHORT_INDEX_SCALE = 2
      ARRAY_CHAR_INDEX_SCALE = 2
      ARRAY_INT_INDEX_SCALE = 4
      ARRAY_LONG_INDEX_SCALE = 8
      ARRAY_FLOAT_INDEX_SCALE = 4
      ARRAY_DOUBLE_INDEX_SCALE = 8
      ARRAY_OBJECT_INDEX_SCALE = 4
      ADDRESS_SIZE = 8
    SIZECTL = 20
    TRANSFERINDEX = 32
    BASECOUNT = 24
    CELLSBUSY = 36
    CELLVALUE = 144
    ABASE = 16
    ASHIFT = 2
    keySet = null
    values = null
  config = class com.ibm.ws.classloading.internal.ClassLoaderConfigurationImpl@68e0cbf4
    DEFAULT_PROTECTION_DOMAIN = class java.security.ProtectionDomain@2e0096e5
      codesource = class java.security.CodeSource@6e625536
      classloader = null
      principals = interface java.security.Principal[0]
      permissions = null
      hasAllPerm = false
      staticPermissions = true
      key = class java.security.ProtectionDomain$Key@39e991de
      debug = null
    delegateLast = false
    includeAppExtensions = true
    id = class com.ibm.ws.classloading.serializable.ClassLoaderIdentityImpl@438b4223
      serialVersionUID = 1
      DOMAIN = "D"
      ID = "I"
      serialPersistentFields = class java.io.ObjectStreamField[2]
      SEPARATOR = ":"
      domain = "WebModule"
      id = "microprofile#microprofile-1.0-SNAPSHOT.war"
      $$$tc$$$ = class com.ibm.websphere.ras.TraceComponent@7fd889e6
    parentId = null
    sharedLibraries = class java.util.ArrayList@1cf0bd69
      serialVersionUID = 8683452581122892189
      DEFAULT_CAPACITY = 10
      EMPTY_ELEMENTDATA = class java.lang.Object[0]
      DEFAULTCAPACITY_EMPTY_ELEMENTDATA = class java.lang.Object[0]
      elementData = class java.lang.Object[0]
      size = 0
      MAX_ARRAY_SIZE = 2147483639
      modCount = 0
      MAX_ARRAY_SIZE = 2147483639
    commonLibraries = class java.util.Collections$EmptyList@1e434b
      serialVersionUID = 8842843931221139166
      modCount = 0
      MAX_ARRAY_SIZE = 2147483639
    providers = class java.util.Collections$EmptyList@1e434b
    nativeLibraryContainers = class java.util.Collections$EmptyList@1e434b
    protectionDomain = class java.security.ProtectionDomain@467247f0
      codesource = class java.security.CodeSource@2b2ef713
      classloader = null
      principals = interface java.security.Principal[0]
      permissions = class java.security.Permissions@367a0b12
      hasAllPerm = true
      staticPermissions = true
      key = class java.security.ProtectionDomain$Key@4b5523a7
      debug = null
    serialVersionUID = 9091690180200375339
    $$$tc$$$ = class com.ibm.websphere.ras.TraceComponent@657977a4
      strings[0] = "TraceComponent[com.ibm.ws.classloading.internal.ClassLoaderConfigurationImpl,class com.ibm.ws.classloading.internal.ClassLoaderConfigurationImpl,[ClassLoadingService],com.ibm.ws.classloading.internal.resources.ClassLoadingServiceMessages,null]"
  privateLibraries = null
  delegateLoaders = class com.ibm.ws.classloading.internal.util.CompositeIterable@603f5425
    iterables = class java.util.Arrays$ArrayList@3877fc1a
      serialVersionUID = -2764017481108945198
      a = interface java.lang.Iterable[2]
      modCount = 0
      MAX_ARRAY_SIZE = 2147483639
    serialVersionUID = -1227195994638150837
    $$$tc$$$ = class com.ibm.websphere.ras.TraceComponent@2c80b2c0
      strings[0] = "TraceComponent[com.ibm.ws.classloading.internal.util.CompositeIterable,class com.ibm.ws.classloading.internal.util.CompositeIterable,[],null,null]"
  nativeLibraryFiles = class java.util.ArrayList@3907e89f
    serialVersionUID = 8683452581122892189
    DEFAULT_CAPACITY = 10
    EMPTY_ELEMENTDATA = class java.lang.Object[0]
    DEFAULTCAPACITY_EMPTY_ELEMENTDATA = class java.lang.Object[0]
    elementData = class java.lang.Object[0]
    size = 0
    MAX_ARRAY_SIZE = 2147483639
    modCount = 0
    MAX_ARRAY_SIZE = 2147483639
  transformers = class java.util.ArrayList@14bea155
    serialVersionUID = 8683452581122892189
    DEFAULT_CAPACITY = 10
    EMPTY_ELEMENTDATA = class java.lang.Object[0]
    DEFAULTCAPACITY_EMPTY_ELEMENTDATA = class java.lang.Object[0]
    elementData = class java.lang.Object[0]
    size = 0
    MAX_ARRAY_SIZE = 2147483639
    modCount = 0
    MAX_ARRAY_SIZE = 2147483639
  apiAccess = class com.ibm.ws.classloading.internal.GatewayClassLoader@54cccd00
    config = class com.ibm.ws.classloading.internal.GatewayConfigurationImpl@6cae27c5
      bundleRequirements = null
      packageImports = null
      dynamicPackageImports = class java.util.Collections$UnmodifiableRandomAccessList@6c3e524a
      delegateToSystem = true
      apiTypeVisibility = class java.util.RegularEnumSet@1009711e
      appName = "microprofile"
      appVersion = null
    wiringMonitor = class com.ibm.ws.classloading.internal.GatewayClassLoader$1@7485cf87
      this$0 = class com.ibm.ws.classloading.internal.GatewayClassLoader@54cccd00
      serialVersionUID = -6591900154872362572
      $$$tc$$$ = class com.ibm.websphere.ras.TraceComponent@4018e3b9
    bundle = class org.eclipse.osgi.internal.framework.EquinoxBundle@5ea2bd18
      equinoxContainer = class org.eclipse.osgi.internal.framework.EquinoxContainer@27b9474b
      module = class org.eclipse.osgi.internal.framework.EquinoxBundle$EquinoxModule@4859c7d6
      monitor = class java.lang.Object@4d1baf33
      context = class org.eclipse.osgi.internal.framework.BundleContextImpl@220a70e1
      signerInfos = null
      $SWITCH_TABLE$org$eclipse$osgi$container$Module$State = {1,2,3,4,5,6,7} /* array length = 7 */
    wiring = class org.eclipse.osgi.container.ModuleWiring@39e0def8
      GET_CLASSLOADER_PERM = class java.lang.RuntimePermission@1d9b66a0
      DYNAMICALLY_ADDED_IMPORT_DIRECTIVE = "x.dynamically.added"
      revision = class org.eclipse.osgi.container.ModuleRevision@1a9bcecc
      capabilities = class java.util.ArrayList@774c8222
      requirements = class java.util.ArrayList@1f79d17f
      substitutedPkgNames = class java.util.Collections$EmptyList@1e434b
      loader = class org.eclipse.osgi.internal.container.AtomicLazyInitializer@7a805d62
      loaderInitializer = class org.eclipse.osgi.container.ModuleWiring$LoaderInitializer@3ce88af4
      providedWires = class java.util.ArrayList@2fa642d9
      requiredWires = class java.util.ArrayList@7e859c7b
      isValid = true
      dynamicMissRef = class java.util.concurrent.atomic.AtomicReference@616a584
    bundleLoader = class org.eclipse.osgi.internal.loader.EquinoxClassLoader@3a28ae33
      EQUINOX_REGISTERED_AS_PARALLEL = true
      configuration = class org.eclipse.osgi.internal.framework.EquinoxConfiguration@15fa4412
      debug = class org.eclipse.osgi.internal.debug.Debug@656ae0cf
      delegate = class org.eclipse.osgi.internal.loader.BundleLoader@637c0511
      generation = class org.eclipse.osgi.storage.BundleInfo$Generation@31c82b41
      manager = class org.eclipse.osgi.internal.loader.classpath.ClasspathManager@2418279
      isRegisteredAsParallel = true
      ALLPERMISSIONS = class java.security.AllPermissionCollection@22a6008
      REGISTERED_AS_PARALLEL = true
      classNameLocks = class java.util.HashMap@75e32759
      pkgLock = class java.lang.Object@7634e079
      parent = class com.ibm.ws.kernel.internal.classloader.BootstrapChildFirstJarClassloader@4bf558aa
      parallelLockMap = class java.util.concurrent.ConcurrentHashMap@6565fdd
      package2certs = class java.util.concurrent.ConcurrentHashMap@80a5724
      nocerts = class java.security.cert.Certificate[0]
      classes = class java.util.Vector@643f7093
      defaultDomain = class java.security.ProtectionDomain@35d96345
      domains = class java.util.Collections$SynchronizedSet@1456a94
      packages = class java.util.HashMap@5b2cbeef
      scl = class sun.misc.Launcher$AppClassLoader@18b4aac2
      sclSet = true
      loadedLibraryNames = class java.util.Vector@e680dfc
      systemNativeLibraries = class java.util.Vector@379d8b34
      nativeLibraries = class java.util.Vector@4408e6f1
      nativeLibraryContext = class java.util.Stack@42ad6522
      usr_paths = class java.lang.String[7]
      sys_paths = class java.lang.String[1]
      assertionLock = class java.lang.Object@3ab5767e
      defaultAssertionStatus = false
      packageAssertionStatus = null
      classAssertionStatus = null
    resourceProviders = class com.ibm.ws.classloading.internal.CompositeResourceProvider@6105d21d
      lockFactory = class java.util.concurrent.locks.ReentrantReadWriteLock@16215326
      providerMap = class com.ibm.ws.classloading.internal.util.MultiMap@3b77a06d
      serialVersionUID = -5576435894946156347
      $$$tc$$$ = class com.ibm.websphere.ras.TraceComponent@674bcabe
    serialVersionUID = -4256474098847905153
    $$$tc$$$ = class com.ibm.websphere.ras.TraceComponent@4f4b1e6e
      strings[0] = "TraceComponent[com.ibm.ws.classloading.internal.GatewayClassLoader,class com.ibm.ws.classloading.internal.GatewayClassLoader,[ClassLoadingService],com.ibm.ws.classloading.internal.resources.ClassLoadingServiceMessages,null]"
    parent = class sun.misc.Launcher$AppClassLoader@18b4aac2
    parallelLockMap = null
    package2certs = class java.util.Hashtable@272526bc
      table = class java.util.Hashtable$Entry[11]
      count = 0
      threshold = 8
      loadFactor = 0.75
      modCount = 0
      serialVersionUID = 1421746759512286392
      MAX_ARRAY_SIZE = 2147483639
      keySet = null
      entrySet = null
      values = null
      KEYS = 0
      VALUES = 1
      ENTRIES = 2
    nocerts = class java.security.cert.Certificate[0]
    classes = class java.util.Vector@7d862c28
      elementData = class java.lang.Object[10]
      elementCount = 0
      capacityIncrement = 0
      serialVersionUID = -2767605614048989439
      MAX_ARRAY_SIZE = 2147483639
      modCount = 0
      MAX_ARRAY_SIZE = 2147483639
    defaultDomain = class java.security.ProtectionDomain@42ae2a7e
      codesource = class java.security.CodeSource@64091b6
      classloader = class com.ibm.ws.classloading.internal.GatewayClassLoader@54cccd00
      principals = interface java.security.Principal[0]
      permissions = null
      hasAllPerm = false
      staticPermissions = false
      key = class java.security.ProtectionDomain$Key@52a88856
      debug = null
    domains = class java.util.HashSet@3d084d2e
      serialVersionUID = -5024744406713321676
      map = class java.util.HashMap@25fc7e03
      PRESENT = class java.lang.Object@35bc8a52
      MAX_ARRAY_SIZE = 2147483639
    packages = class java.util.HashMap@33168cf5
      serialVersionUID = 362498820763181265
      DEFAULT_INITIAL_CAPACITY = 16
      MAXIMUM_CAPACITY = 1073741824
      DEFAULT_LOAD_FACTOR = 0.75
      TREEIFY_THRESHOLD = 8
      UNTREEIFY_THRESHOLD = 6
      MIN_TREEIFY_CAPACITY = 64
      table = null
      entrySet = null
      size = 0
      modCount = 0
      threshold = 0
      loadFactor = 0.75
      keySet = null
      values = null
    scl = class sun.misc.Launcher$AppClassLoader@18b4aac2
    sclSet = true
    loadedLibraryNames = class java.util.Vector@e680dfc
    systemNativeLibraries = class java.util.Vector@379d8b34
    nativeLibraries = class java.util.Vector@7fbd11d3
      elementData = class java.lang.Object[10]
      elementCount = 0
      capacityIncrement = 0
      serialVersionUID = -2767605614048989439
      MAX_ARRAY_SIZE = 2147483639
      modCount = 0
      MAX_ARRAY_SIZE = 2147483639
    nativeLibraryContext = class java.util.Stack@42ad6522
    usr_paths = class java.lang.String[7]
    sys_paths = class java.lang.String[1]
    assertionLock = class com.ibm.ws.classloading.internal.GatewayClassLoader@54cccd00
    defaultAssertionStatus = false
    packageAssertionStatus = null
    classAssertionStatus = null
  generator = class com.ibm.ws.classloading.internal.ClassGeneratorManager@2ffb28c3
    tc = class com.ibm.websphere.ras.TraceComponent@1ed430d
      strings[0] = "TraceComponent[com.ibm.ws.classloading.internal.ClassGeneratorManager,class com.ibm.ws.classloading.internal.ClassGeneratorManager,[ClassLoadingService],com.ibm.ws.classloading.internal.resources.ClassLoadingServiceMessages,null]"
    generatorRefs = class com.ibm.wsspi.kernel.service.utils.ConcurrentServiceReferenceSet@60219be0
      referenceName = "generators"
      contextRef = class java.util.concurrent.atomic.AtomicReference@14fa9916
      elementMap = class java.util.LinkedHashMap@26caae56
      elementSet = class java.util.concurrent.ConcurrentSkipListSet@e36d49c
      elementSetUnsorted = false
      serialVersionUID = 756240983881166148
      $$$tc$$$ = class com.ibm.websphere.ras.TraceComponent@5a2637af
    serialVersionUID = 4152663586056483310
  protectionDomains = class java.util.concurrent.ConcurrentHashMap@7aef775d
    serialVersionUID = 7249069246763182397
    MAXIMUM_CAPACITY = 1073741824
    DEFAULT_CAPACITY = 16
    MAX_ARRAY_SIZE = 2147483639
    DEFAULT_CONCURRENCY_LEVEL = 16
    LOAD_FACTOR = 0.75
    TREEIFY_THRESHOLD = 8
    UNTREEIFY_THRESHOLD = 6
    MIN_TREEIFY_CAPACITY = 64
    MIN_TRANSFER_STRIDE = 16
    RESIZE_STAMP_BITS = 16
    MAX_RESIZERS = 65535
    RESIZE_STAMP_SHIFT = 16
    MOVED = -1
    TREEBIN = -2
    RESERVED = -3
    HASH_BITS = 2147483647
    NCPU = 4
    serialPersistentFields = class java.io.ObjectStreamField[3]
    table = class java.util.concurrent.ConcurrentHashMap$Node[16]
      Node[0] = null
      Node[1] = null
      Node[2] = null
      Node[3] = null
      Node[4] = null
      Node[5] = null
      Node[6] = null
      Node[7] = class java.util.concurrent.ConcurrentHashMap$Node@2d57f11c
      Node[8] = null
      Node[9] = null
      Node[10] = null
      Node[11] = null
      Node[12] = null
      Node[13] = null
      Node[14] = null
      Node[15] = null
    nextTable = null
    baseCount = 1
    sizeCtl = 12
    transferIndex = 0
    cellsBusy = 0
    counterCells = null
    keySet = null
    values = null
    entrySet = null
    U = class sun.misc.Unsafe@4a2de6fa
    SIZECTL = 20
    TRANSFERINDEX = 32
    BASECOUNT = 24
    CELLSBUSY = 36
    CELLVALUE = 144
    ABASE = 16
    ASHIFT = 2
    keySet = null
    values = null
  parent = class com.ibm.ws.classloading.internal.GatewayClassLoader@54cccd00
  serialVersionUID = 952643806680066297
  tc = class com.ibm.websphere.ras.TraceComponent@640c08c5
    strings[0] = "TraceComponent[com.ibm.ws.classloading.internal.ContainerClassLoader,class com.ibm.ws.classloading.internal.ContainerClassLoader,[ClassLoadingService],com.ibm.ws.classloading.internal.resources.ClassLoadingServiceMessages,null]"
  EMPTY_URL_ARRAY = class java.net.URL[0]
  smartClassPath = class com.ibm.ws.classloading.internal.ContainerClassLoader$SmartClassPathImpl@66aec5db
    rwLock = class java.util.concurrent.locks.ReentrantReadWriteLock@1abd0eb8
      serialVersionUID = -6992448646407690164
      readerLock = class java.util.concurrent.locks.ReentrantReadWriteLock$ReadLock@7e0856d7
      writerLock = class java.util.concurrent.locks.ReentrantReadWriteLock$WriteLock@22c2b06a
      sync = class java.util.concurrent.locks.ReentrantReadWriteLock$FairSync@44061dbb
      UNSAFE = class sun.misc.Unsafe@4a2de6fa
      TID_OFFSET = 40
    outstandingContainers = class java.util.concurrent.atomic.AtomicInteger@3d44dca2
      serialVersionUID = 6214790243416807050
      unsafe = class sun.misc.Unsafe@4a2de6fa
      valueOffset = 12
      value = 0
      serialVersionUID = -8742448824652078965
    usePackageMap = true
    maxLastNotFound = 250
    maxLastFound = 900
    maxLastReallyNotFound = 900
    propsInUse = false
    classPath = class java.util.concurrent.CopyOnWriteArrayList@70602d9d
      serialVersionUID = 8673264195747942595
      lock = class java.util.concurrent.locks.ReentrantLock@6829f1c1
      array = class java.lang.Object[2]
      UNSAFE = class sun.misc.Unsafe@4a2de6fa
      lockOffset = 12
    MAX_LASTNOTFOUND = 250
    lastNotFound = class java.util.concurrent.CopyOnWriteArrayList@33788e68
      serialVersionUID = 8673264195747942595
      lock = class java.util.concurrent.locks.ReentrantLock@26ac4687
      array = class java.lang.Object[2]
      UNSAFE = class sun.misc.Unsafe@4a2de6fa
      lockOffset = 12
    MAX_LASTFOUND = 900
    lastFoundURL = class java.util.Collections$SynchronizedMap@41c28e71
      serialVersionUID = 1978198479659022715
      m = class com.ibm.ws.util.CacheHashMap@359b965f
      mutex = class java.util.Collections$SynchronizedMap@41c28e71
      keySet = null
      entrySet = null
      values = null
    MAX_LASTREALLYNOTFOUND = 900
    lastReallyNotFoundURL = class java.util.Collections$SynchronizedMap@5a78eb27
      serialVersionUID = 1978198479659022715
      m = class com.ibm.ws.util.CacheHashMap@4466d191
      mutex = class java.util.Collections$SynchronizedMap@5a78eb27
      keySet = null
      entrySet = null
      values = null
    packageMap = class java.util.HashMap@2b852930
      serialVersionUID = 362498820763181265
      DEFAULT_INITIAL_CAPACITY = 16
      MAXIMUM_CAPACITY = 1073741824
      DEFAULT_LOAD_FACTOR = 0.75
      TREEIFY_THRESHOLD = 8
      UNTREEIFY_THRESHOLD = 6
      MIN_TREEIFY_CAPACITY = 64
      table = class java.util.HashMap$Node[32]
      entrySet = null
      size = 23
      modCount = 23
      threshold = 24
      loadFactor = 0.75
      keySet = null
      values = null
    containers = class java.util.Collections$SetFromMap@5c79f9e6
      m = class java.util.WeakHashMap@3c40644e
      s = class java.util.WeakHashMap$KeySet@59f8a4ba
      serialVersionUID = 2454657854757543876
      MAX_ARRAY_SIZE = 2147483639
    serialVersionUID = -1017399707774944722
    $$$tc$$$ = class com.ibm.websphere.ras.TraceComponent@3caf6661
      strings[0] = "TraceComponent[com.ibm.ws.classloading.internal.ContainerClassLoader$SmartClassPathImpl,class com.ibm.ws.classloading.internal.ContainerClassLoader$SmartClassPathImpl,[ClassLoadingService],com.ibm.ws.classloading.internal.resources.ClassLoadingServiceMessages,null]"
  nativeLibraryContainers = class java.util.ArrayList@7fb7452
    serialVersionUID = 8683452581122892189
    DEFAULT_CAPACITY = 10
    EMPTY_ELEMENTDATA = class java.lang.Object[0]
    DEFAULTCAPACITY_EMPTY_ELEMENTDATA = class java.lang.Object[0]
    elementData = class java.lang.Object[0]
    size = 0
    MAX_ARRAY_SIZE = 2147483639
    modCount = 0
    MAX_ARRAY_SIZE = 2147483639
  redefiner = class com.ibm.ws.classloading.internal.util.ClassRedefiner@11c7d101
    tc = class com.ibm.websphere.ras.TraceComponent@314c9404
      strings[0] = "TraceComponent[com.ibm.ws.classloading.internal.util.ClassRedefiner,class com.ibm.ws.classloading.internal.util.ClassRedefiner,[],null,null]"
    LS = "
"
    inst = class com.ibm.ws.kernel.launch.internal.TraceInstrumentation@26e463a
      tc = class com.ibm.websphere.ras.TraceComponent@71329995
      instrumentation = class sun.instrument.InstrumentationImpl@5b318da1
      traceTransformers = class java.util.Collections$SynchronizedMap@4dcd54a9
      serialVersionUID = -4890921657066748572
    serialVersionUID = 2420101865139508526
  mapCreationQueue = class java.util.concurrent.Executors$FinalizableDelegatedExecutorService@62fae6f
    e = class java.util.concurrent.ThreadPoolExecutor@686d64cb
      ctl = class java.util.concurrent.atomic.AtomicInteger@2a4a2b8e
      COUNT_BITS = 29
      CAPACITY = 536870911
      RUNNING = -536870912
      SHUTDOWN = 0
      STOP = 536870912
      TIDYING = 1073741824
      TERMINATED = 1610612736
      workQueue = class java.util.concurrent.LinkedBlockingQueue@3887f0ca
      mainLock = class java.util.concurrent.locks.ReentrantLock@75a9180
      workers = class java.util.HashSet@1b9b38a5
      termination = class java.util.concurrent.locks.AbstractQueuedSynchronizer$ConditionObject@60767603
      largestPoolSize = 1
      completedTaskCount = 0
      threadFactory = class com.ibm.ws.classloading.internal.ContainerClassLoader$1@67f0cb67
      handler = class java.util.concurrent.ThreadPoolExecutor$AbortPolicy@34f58088
      keepAliveTime = 0
      allowCoreThreadTimeOut = false
      corePoolSize = 1
      maximumPoolSize = 1
      defaultHandler = class java.util.concurrent.ThreadPoolExecutor$AbortPolicy@34f58088
      shutdownPerm = class java.lang.RuntimePermission@7669d8a3
      acc = null
      ONLY_ONE = true
      $assertionsDisabled = true
    $assertionsDisabled = true
  serialVersionUID = 7249739282446266343
  serialVersionUID = -7411549862368381758
  $$$tc$$$ = class com.ibm.websphere.ras.TraceComponent@16580d82
    strings[0] = "TraceComponent[com.ibm.ws.classloading.internal.IdentifiedLoader,class com.ibm.ws.classloading.internal.IdentifiedLoader,[ClassLoadingService],com.ibm.ws.classloading.internal.resources.ClassLoadingServiceMessages,null]"
  serialVersionUID = -4868702105808481416
  $$$tc$$$ = class com.ibm.websphere.ras.TraceComponent@7adde42e
    strings[0] = "TraceComponent[com.ibm.ws.classloading.internal.LibertyLoader,class com.ibm.ws.classloading.internal.LibertyLoader,[ClassLoadingService],com.ibm.ws.classloading.internal.resources.ClassLoadingServiceMessages,null]"
  serialVersionUID = 2596921220292114344
  $$$tc$$$ = class com.ibm.websphere.ras.TraceComponent@619850
    strings[0] = "TraceComponent[com.ibm.ws.classloading.LibertyClassLoader,class com.ibm.ws.classloading.LibertyClassLoader,[ClassLoadingService],com.ibm.ws.classloading.internal.resources.ClassLoadingServiceMessages,null]"
  initialized = true
  pdcache = class java.util.HashMap@2a3a5f22
    serialVersionUID = 362498820763181265
    DEFAULT_INITIAL_CAPACITY = 16
    MAXIMUM_CAPACITY = 1073741824
    DEFAULT_LOAD_FACTOR = 0.75
    TREEIFY_THRESHOLD = 8
    UNTREEIFY_THRESHOLD = 6
    MIN_TREEIFY_CAPACITY = 64
    table = null
    entrySet = null
    size = 0
    modCount = 0
    threshold = 16
    loadFactor = 0.75
    keySet = null
    values = null
  debug = null
  parent = class com.ibm.ws.classloading.internal.GatewayClassLoader@54cccd00
  parallelLockMap = null
  package2certs = class java.util.Hashtable@763ff7d3
    table = class java.util.Hashtable$Entry[11]
      Entry[0] = class java.util.Hashtable$Entry@3aa662b1
      Entry[1] = null
      Entry[2] = class java.util.Hashtable$Entry@4140cf8b
      Entry[3] = null
      Entry[4] = class java.util.Hashtable$Entry@11a3aad6
      Entry[5] = null
      Entry[6] = null
      Entry[7] = null
      Entry[8] = class java.util.Hashtable$Entry@32300448
      Entry[9] = null
      Entry[10] = null
    count = 6
    threshold = 8
    loadFactor = 0.75
    modCount = 6
    serialVersionUID = 1421746759512286392
    MAX_ARRAY_SIZE = 2147483639
    keySet = null
    entrySet = null
    values = null
    KEYS = 0
    VALUES = 1
    ENTRIES = 2
  nocerts = class java.security.cert.Certificate[0]
  classes = class java.util.Vector@d1863ad
    elementData = class java.lang.Object[20]
      Object[0] = class java.lang.Class@67ddf86
      Object[1] = class java.lang.Class@3951ba03
      Object[2] = class java.lang.Class@170dad42
      Object[3] = class java.lang.Class@434b9191
      Object[4] = class java.lang.Class@4c1317f5
      Object[5] = class java.lang.Class@3ba2ba19
      Object[6] = class java.lang.Class@1ad31f54
      Object[7] = class java.lang.Class@7a9e2520
      Object[8] = class java.lang.Class@34e83bf7
      Object[9] = class java.lang.Class@53cbd304
      Object[10] = class java.lang.Class@4e2b0f44
      Object[11] = class java.lang.Class@d104ab1
      Object[12] = null
      Object[13] = null
      Object[14] = null
      Object[15] = null
      Object[16] = null
      Object[17] = null
      Object[18] = null
      Object[19] = null
    elementCount = 12
    capacityIncrement = 0
    serialVersionUID = -2767605614048989439
    MAX_ARRAY_SIZE = 2147483639
    modCount = 12
    MAX_ARRAY_SIZE = 2147483639
  defaultDomain = class java.security.ProtectionDomain@61f328e2
    codesource = class java.security.CodeSource@33ed6c1d
      serialVersionUID = 4977541819976013951
      location = null
      signers = null
      certs = null
      sp = null
      factory = null
    classloader = class com.ibm.ws.classloading.internal.AppClassLoader@1e10c4f5
    principals = interface java.security.Principal[0]
    permissions = null
    hasAllPerm = false
    staticPermissions = false
    key = class java.security.ProtectionDomain$Key@349b3fb1
    debug = null
  domains = class java.util.HashSet@1948a8b1
    serialVersionUID = -5024744406713321676
    map = class java.util.HashMap@65cf10d4
      serialVersionUID = 362498820763181265
      DEFAULT_INITIAL_CAPACITY = 16
      MAXIMUM_CAPACITY = 1073741824
      DEFAULT_LOAD_FACTOR = 0.75
      TREEIFY_THRESHOLD = 8
      UNTREEIFY_THRESHOLD = 6
      MIN_TREEIFY_CAPACITY = 64
      table = class java.util.HashMap$Node[16]
      entrySet = null
      size = 1
      modCount = 1
      threshold = 12
      loadFactor = 0.75
      keySet = null
      values = null
    PRESENT = class java.lang.Object@35bc8a52
    MAX_ARRAY_SIZE = 2147483639
  packages = class java.util.HashMap@10c04524
    serialVersionUID = 362498820763181265
    DEFAULT_INITIAL_CAPACITY = 16
    MAXIMUM_CAPACITY = 1073741824
    DEFAULT_LOAD_FACTOR = 0.75
    TREEIFY_THRESHOLD = 8
    UNTREEIFY_THRESHOLD = 6
    MIN_TREEIFY_CAPACITY = 64
    table = class java.util.HashMap$Node[16]
      Node[0] = null
      Node[1] = class java.util.HashMap$Node@662e5725
      Node[2] = null
      Node[3] = null
      Node[4] = null
      Node[5] = class java.util.HashMap$Node@4898cb59
      Node[6] = null
      Node[7] = class java.util.HashMap$Node@52d0cd8d
      Node[8] = null
      Node[9] = null
      Node[10] = null
      Node[11] = class java.util.HashMap$Node@1c8fba26
      Node[12] = class java.util.HashMap$Node@80c41ed
      Node[13] = null
      Node[14] = null
      Node[15] = null
    entrySet = null
    size = 6
    modCount = 6
    threshold = 12
    loadFactor = 0.75
    keySet = null
    values = null
  scl = class sun.misc.Launcher$AppClassLoader@18b4aac2
    ucp = class sun.misc.URLClassPath@1421b6d9
      USER_AGENT_JAVA_VERSION = "UA-Java-Version"
      JAVA_VERSION = "1.8.0_171"
      DEBUG = false
      DEBUG_LOOKUP_CACHE = false
      DISABLE_JAR_CHECKING = false
      DISABLE_ACC_CHECKING = false
      path = class java.util.ArrayList@7cf1f738
      urls = class java.util.Stack@7088076a
      loaders = class java.util.ArrayList@42a85f77
      lmap = class java.util.HashMap@2b916494
      jarHandler = class sun.net.www.protocol.jar.Handler@58aa0ee9
      closed = false
      acc = class java.security.AccessControlContext@166fc1c4
      lookupCacheEnabled = false
      lookupCacheURLs = null
      lookupCacheLoader = null
    $assertionsDisabled = true
    ucp = class sun.misc.URLClassPath@1421b6d9
    acc = class java.security.AccessControlContext@166fc1c4
      context = null
      isPrivileged = true
      isAuthorized = true
      privilegedContext = null
      combiner = null
      permissions = null
      parent = null
      isWrapped = false
      isLimited = false
      limitedContext = null
      debugInit = false
      debug = null
    closeables = class java.util.WeakHashMap@54abc26
      DEFAULT_INITIAL_CAPACITY = 16
      MAXIMUM_CAPACITY = 1073741824
      DEFAULT_LOAD_FACTOR = 0.75
      table = class java.util.WeakHashMap$Entry[16]
      size = 0
      threshold = 12
      loadFactor = 0.75
      queue = class java.lang.ref.ReferenceQueue@9ee2216
      modCount = 0
      NULL_KEY = class java.lang.Object@37e660ee
      entrySet = null
      keySet = null
      values = null
    initialized = true
    pdcache = class java.util.HashMap@661cac24
      serialVersionUID = 362498820763181265
      DEFAULT_INITIAL_CAPACITY = 16
      MAXIMUM_CAPACITY = 1073741824
      DEFAULT_LOAD_FACTOR = 0.75
      TREEIFY_THRESHOLD = 8
      UNTREEIFY_THRESHOLD = 6
      MIN_TREEIFY_CAPACITY = 64
      table = class java.util.HashMap$Node[16]
      entrySet = null
      size = 3
      modCount = 3
      threshold = 12
      loadFactor = 0.75
      keySet = null
      values = null
    debug = null
    parent = class sun.misc.Launcher$ExtClassLoader@1b07dbc4
      instance = class sun.misc.Launcher$ExtClassLoader@1b07dbc4
      ucp = class sun.misc.URLClassPath@4c517d91
      acc = class java.security.AccessControlContext@5a30b220
      closeables = class java.util.WeakHashMap@1845c0d0
      initialized = true
      pdcache = class java.util.HashMap@6f8874aa
      debug = null
      parent = null
      parallelLockMap = class java.util.concurrent.ConcurrentHashMap@28f2313f
      package2certs = class java.util.concurrent.ConcurrentHashMap@770c37b3
      nocerts = class java.security.cert.Certificate[0]
      classes = class java.util.Vector@41f92ac2
      defaultDomain = class java.security.ProtectionDomain@6df82b73
      domains = class java.util.Collections$SynchronizedSet@54ba943a
      packages = class java.util.HashMap@429d80b1
      scl = class sun.misc.Launcher$AppClassLoader@18b4aac2
      sclSet = true
      loadedLibraryNames = class java.util.Vector@e680dfc
      systemNativeLibraries = class java.util.Vector@379d8b34
      nativeLibraries = class java.util.Vector@4aba0d1a
      nativeLibraryContext = class java.util.Stack@42ad6522
      usr_paths = class java.lang.String[7]
      sys_paths = class java.lang.String[1]
      assertionLock = class java.lang.Object@66b5148d
      defaultAssertionStatus = false
      packageAssertionStatus = null
      classAssertionStatus = null
    parallelLockMap = class java.util.concurrent.ConcurrentHashMap@7f124940
      serialVersionUID = 7249069246763182397
      MAXIMUM_CAPACITY = 1073741824
      DEFAULT_CAPACITY = 16
      MAX_ARRAY_SIZE = 2147483639
      DEFAULT_CONCURRENCY_LEVEL = 16
      LOAD_FACTOR = 0.75
      TREEIFY_THRESHOLD = 8
      UNTREEIFY_THRESHOLD = 6
      MIN_TREEIFY_CAPACITY = 64
      MIN_TRANSFER_STRIDE = 16
      RESIZE_STAMP_BITS = 16
      MAX_RESIZERS = 65535
      RESIZE_STAMP_SHIFT = 16
      MOVED = -1
      TREEBIN = -2
      RESERVED = -3
      HASH_BITS = 2147483647
      NCPU = 4
      serialPersistentFields = class java.io.ObjectStreamField[3]
      table = class java.util.concurrent.ConcurrentHashMap$Node[2048]
      nextTable = null
      baseCount = 873
      sizeCtl = 1536
      transferIndex = 0
      cellsBusy = 0
      counterCells = null
      keySet = null
      values = null
      entrySet = null
      U = class sun.misc.Unsafe@4a2de6fa
      SIZECTL = 20
      TRANSFERINDEX = 32
      BASECOUNT = 24
      CELLSBUSY = 36
      CELLVALUE = 144
      ABASE = 16
      ASHIFT = 2
      keySet = null
      values = null
    package2certs = class java.util.concurrent.ConcurrentHashMap@171bd687
      serialVersionUID = 7249069246763182397
      MAXIMUM_CAPACITY = 1073741824
      DEFAULT_CAPACITY = 16
      MAX_ARRAY_SIZE = 2147483639
      DEFAULT_CONCURRENCY_LEVEL = 16
      LOAD_FACTOR = 0.75
      TREEIFY_THRESHOLD = 8
      UNTREEIFY_THRESHOLD = 6
      MIN_TREEIFY_CAPACITY = 64
      MIN_TRANSFER_STRIDE = 16
      RESIZE_STAMP_BITS = 16
      MAX_RESIZERS = 65535
      RESIZE_STAMP_SHIFT = 16
      MOVED = -1
      TREEBIN = -2
      RESERVED = -3
      HASH_BITS = 2147483647
      NCPU = 4
      serialPersistentFields = class java.io.ObjectStreamField[3]
      table = class java.util.concurrent.ConcurrentHashMap$Node[32]
      nextTable = null
      baseCount = 21
      sizeCtl = 24
      transferIndex = 0
      cellsBusy = 0
      counterCells = null
      keySet = null
      values = null
      entrySet = null
      U = class sun.misc.Unsafe@4a2de6fa
      SIZECTL = 20
      TRANSFERINDEX = 32
      BASECOUNT = 24
      CELLSBUSY = 36
      CELLVALUE = 144
      ABASE = 16
      ASHIFT = 2
      keySet = null
      values = null
    nocerts = class java.security.cert.Certificate[0]
    classes = class java.util.Vector@4760e3ce
      elementData = class java.lang.Object[160]
      elementCount = 125
      capacityIncrement = 0
      serialVersionUID = -2767605614048989439
      MAX_ARRAY_SIZE = 2147483639
      modCount = 125
      MAX_ARRAY_SIZE = 2147483639
    defaultDomain = class java.security.ProtectionDomain@449e1a8a
      codesource = class java.security.CodeSource@2d58a0b4
      classloader = class sun.misc.Launcher$AppClassLoader@18b4aac2
      principals = interface java.security.Principal[0]
      permissions = null
      hasAllPerm = false
      staticPermissions = false
      key = class java.security.ProtectionDomain$Key@59c79b61
      debug = null
    domains = class java.util.Collections$SynchronizedSet@29ab1310
      serialVersionUID = 487447009682186044
      serialVersionUID = 3053995032091335093
      c = class java.util.HashSet@23c19a3f
      mutex = class java.util.Collections$SynchronizedSet@29ab1310
    packages = class java.util.HashMap@604d474c
      serialVersionUID = 362498820763181265
      DEFAULT_INITIAL_CAPACITY = 16
      MAXIMUM_CAPACITY = 1073741824
      DEFAULT_LOAD_FACTOR = 0.75
      TREEIFY_THRESHOLD = 8
      UNTREEIFY_THRESHOLD = 6
      MIN_TREEIFY_CAPACITY = 64
      table = class java.util.HashMap$Node[32]
      entrySet = null
      size = 21
      modCount = 21
      threshold = 24
      loadFactor = 0.75
      keySet = null
      values = null
    scl = class sun.misc.Launcher$AppClassLoader@18b4aac2
    sclSet = true
    loadedLibraryNames = class java.util.Vector@e680dfc
    systemNativeLibraries = class java.util.Vector@379d8b34
    nativeLibraries = class java.util.Vector@2073b618
      elementData = class java.lang.Object[10]
      elementCount = 0
      capacityIncrement = 0
      serialVersionUID = -2767605614048989439
      MAX_ARRAY_SIZE = 2147483639
      modCount = 0
      MAX_ARRAY_SIZE = 2147483639
    nativeLibraryContext = class java.util.Stack@42ad6522
    usr_paths = class java.lang.String[7]
    sys_paths = class java.lang.String[1]
    assertionLock = class java.lang.Object@140da2d6
    defaultAssertionStatus = false
    packageAssertionStatus = null
    classAssertionStatus = null
  sclSet = true
  loadedLibraryNames = class java.util.Vector@e680dfc
    elementData = class java.lang.Object[10]
      Object[0] = "/usr/lib/jvm/java-8-openjdk-amd64/jre/lib/amd64/libzip.so"
      Object[1] = "/usr/lib/jvm/java-8-openjdk-amd64/jre/lib/amd64/libinstrument.so"
      Object[2] = "/usr/lib/jvm/java-8-openjdk-amd64/jre/lib/amd64/libnet.so"
      Object[3] = "/usr/lib/jvm/java-8-openjdk-amd64/jre/lib/amd64/libnio.so"
      Object[4] = "/usr/lib/jvm/java-8-openjdk-amd64/jre/lib/amd64/libmanagement.so"
      Object[5] = "/usr/lib/jvm/java-8-openjdk-amd64/jre/lib/amd64/libsunec.so"
      Object[6] = null
      Object[7] = null
      Object[8] = null
      Object[9] = null
    elementCount = 6
    capacityIncrement = 0
    serialVersionUID = -2767605614048989439
    MAX_ARRAY_SIZE = 2147483639
    modCount = 6
    MAX_ARRAY_SIZE = 2147483639
  systemNativeLibraries = class java.util.Vector@379d8b34
    elementData = class java.lang.Object[10]
      Object[0] = class java.lang.ClassLoader$NativeLibrary@7bec2463
      Object[1] = class java.lang.ClassLoader$NativeLibrary@7d8d3bbf
      Object[2] = class java.lang.ClassLoader$NativeLibrary@6dff610a
      Object[3] = class java.lang.ClassLoader$NativeLibrary@42c01ee8
      Object[4] = class java.lang.ClassLoader$NativeLibrary@5815e5ef
      Object[5] = null
      Object[6] = null
      Object[7] = null
      Object[8] = null
      Object[9] = null
    elementCount = 5
    capacityIncrement = 0
    serialVersionUID = -2767605614048989439
    MAX_ARRAY_SIZE = 2147483639
    modCount = 5
    MAX_ARRAY_SIZE = 2147483639
  nativeLibraries = class java.util.Vector@5e8b499a
    elementData = class java.lang.Object[10]
      Object[0] = null
      Object[1] = null
      Object[2] = null
      Object[3] = null
      Object[4] = null
      Object[5] = null
      Object[6] = null
      Object[7] = null
      Object[8] = null
      Object[9] = null
    elementCount = 0
    capacityIncrement = 0
    serialVersionUID = -2767605614048989439
    MAX_ARRAY_SIZE = 2147483639
    modCount = 0
    MAX_ARRAY_SIZE = 2147483639
  nativeLibraryContext = class java.util.Stack@42ad6522
    serialVersionUID = 1224463164541339165
    elementData = class java.lang.Object[10]
      Object[0] = null
      Object[1] = null
      Object[2] = null
      Object[3] = null
      Object[4] = null
      Object[5] = null
      Object[6] = null
      Object[7] = null
      Object[8] = null
      Object[9] = null
    elementCount = 0
    capacityIncrement = 0
    serialVersionUID = -2767605614048989439
    MAX_ARRAY_SIZE = 2147483639
    modCount = 12
    MAX_ARRAY_SIZE = 2147483639
  usr_paths = class java.lang.String[7]
    String[0] = "/usr/java/packages/lib/amd64"
    String[1] = "/usr/lib/x86_64-linux-gnu/jni"
    String[2] = "/lib/x86_64-linux-gnu"
    String[3] = "/usr/lib/x86_64-linux-gnu"
    String[4] = "/usr/lib/jni"
    String[5] = "/lib"
    String[6] = "/usr/lib"
  sys_paths = class java.lang.String[1]
    String[0] = "/usr/lib/jvm/java-8-openjdk-amd64/jre/lib/amd64"
  assertionLock = class com.ibm.ws.classloading.internal.AppClassLoader@1e10c4f5
  defaultAssertionStatus = false
  packageAssertionStatus = null
  classAssertionStatus = null

Dump of objectArray[4]
Object type = java.lang.Boolean
  TRUE = true
  FALSE = false
  TYPE = class java.lang.Class@51521cc1
    ANNOTATION = 8192
    ENUM = 16384
    SYNTHETIC = 4096
    cachedConstructor = null
    newInstanceCallerCache = null
    name = "boolean"
    allPermDomain = class java.security.ProtectionDomain@731f1bf4
      codesource = null
      classloader = null
      principals = interface java.security.Principal[0]
      permissions = class java.security.Permissions@78b8ecdc
      hasAllPerm = true
      staticPermissions = true
      key = class java.security.ProtectionDomain$Key@b6fd970
      debug = null
    useCaches = true
    reflectionData = class java.lang.ref.SoftReference@1273b338
      clock = 2494348
      timestamp = 2494348
      referent = class java.lang.Class$ReflectionData@529b2f75
      queue = class java.lang.ref.ReferenceQueue$Null@16972874
      next = null
      discovered = null
      lock = class java.lang.ref.Reference$Lock@98b5e98
      pending = null
    classRedefinedCount = 0
    genericInfo = class sun.reflect.generics.repository.ClassRepository@37cc9dba
      NONE = class sun.reflect.generics.repository.ClassRepository@37cc9dba
      superclass = null
      superInterfaces = null
      typeParams = null
      factory = null
      tree = class sun.reflect.generics.tree.ClassSignature@7c56d8a7
    serialVersionUID = 3206093459760846163
    serialPersistentFields = class java.io.ObjectStreamField[0]
    reflectionFactory = class sun.reflect.ReflectionFactory@432145d8
      initted = true
      reflectionFactoryAccessPerm = class java.lang.RuntimePermission@76cc0829
      soleInstance = class sun.reflect.ReflectionFactory@432145d8
      langReflectAccess = class java.lang.reflect.ReflectAccess@3e31b9fd
      hasStaticInitializerMethod = null
      noInflation = false
      inflationThreshold = 15
    initted = true
    enumConstants = null
    enumConstantDirectory = null
    annotationData = null
    annotationType = null
    classValueMap = null
  value = false
  serialVersionUID = -3665804199014368530

