------Start of DE processing------ = [6/26/18 12:12:19:335 PDT]
Exception = org.jboss.weld.exceptions.DefinitionException
Source = com.ibm.ws.container.service.state.internal.ApplicationStateManager
probeid = 31
Stack Dump = org.jboss.weld.exceptions.DefinitionException: WELD-000075: Normal scoped managed bean implementation class has a public field:  [EnhancedAnnotatedFieldImpl] public application.microprofile.web.BookEndpoint.isCircuitBreakerTest
	at org.jboss.weld.bean.ManagedBean.checkBeanImplementation(ManagedBean.java:230)
	at org.jboss.weld.bean.AbstractClassBean.internalInitialize(AbstractClassBean.java:74)
	at org.jboss.weld.bean.ManagedBean.internalInitialize(ManagedBean.java:105)
	at org.jboss.weld.bean.RIBean.initialize(RIBean.java:69)
	at org.jboss.weld.bootstrap.ConcurrentBeanDeployer$5.doWork(ConcurrentBeanDeployer.java:117)
	at org.jboss.weld.bootstrap.ConcurrentBeanDeployer$5.doWork(ConcurrentBeanDeployer.java:114)
	at org.jboss.weld.executor.IterativeWorkerTaskFactory$1.call(IterativeWorkerTaskFactory.java:62)
	at org.jboss.weld.executor.IterativeWorkerTaskFactory$1.call(IterativeWorkerTaskFactory.java:55)
	at java.util.concurrent.FutureTask.run(FutureTask.java:266)
	at java.util.concurrent.ThreadPoolExecutor.runWorker(ThreadPoolExecutor.java:1149)
	at java.util.concurrent.ThreadPoolExecutor$Worker.run(ThreadPoolExecutor.java:624)
	at java.lang.Thread.run(Thread.java:748)

Dump of callerThis
Object type = com.ibm.ws.container.service.state.internal.ApplicationStateManager
  serialVersionUID = -6685368059484454124
  $$$tc$$$ = class com.ibm.websphere.ras.TraceComponent@7c16e109
    strings[0] = "TraceComponent[com.ibm.ws.container.service.state.internal.ApplicationStateManager,class com.ibm.ws.container.service.state.internal.ApplicationStateManager,[Runtime],,null]"
  listeners = class com.ibm.wsspi.kernel.service.utils.ConcurrentServiceReferenceSet@67898e8c
    referenceName = "applicationStateListeners"
    contextRef = class java.util.concurrent.atomic.AtomicReference@1b5517d2
      serialVersionUID = -1848883965231344442
      unsafe = class sun.misc.Unsafe@25719a03
      valueOffset = 12
      value = class org.apache.felix.scr.impl.manager.ComponentContextImpl@27f156db
    elementMap = class java.util.LinkedHashMap@1fd3aa3c
      serialVersionUID = 3801124242820219131
      head = class java.util.LinkedHashMap$Entry@676c7ea3
      tail = class java.util.LinkedHashMap$Entry@4e6441cf
      accessOrder = false
      serialVersionUID = 362498820763181265
      DEFAULT_INITIAL_CAPACITY = 16
      MAXIMUM_CAPACITY = 1073741824
      DEFAULT_LOAD_FACTOR = 0.75
      TREEIFY_THRESHOLD = 8
      UNTREEIFY_THRESHOLD = 6
      MIN_TREEIFY_CAPACITY = 64
      table = class java.util.HashMap$Node[16]
      entrySet = null
      size = 7
      modCount = 7
      threshold = 12
      loadFactor = 0.75
      keySet = null
      values = null
    elementSet = class java.util.concurrent.ConcurrentSkipListSet@3405aaa4
      serialVersionUID = -2479143111061671589
      m = class java.util.concurrent.ConcurrentSkipListMap@16a9f483
      UNSAFE = class sun.misc.Unsafe@25719a03
      mapOffset = 12
      MAX_ARRAY_SIZE = 2147483639
    elementSetUnsorted = false
    serialVersionUID = 756240983881166148
    $$$tc$$$ = class com.ibm.websphere.ras.TraceComponent@11e90b62
      strings[0] = "TraceComponent[com.ibm.wsspi.kernel.service.utils.ConcurrentServiceReferenceSet,class com.ibm.wsspi.kernel.service.utils.ConcurrentServiceReferenceSet,[kernelUtils],com.ibm.ws.kernel.service.utils.resources.ServiceMessages,null]"
  serialVersionUID = 2284273176985484160
  $$$tc$$$ = class com.ibm.websphere.ras.TraceComponent@5ed672f4
    strings[0] = "TraceComponent[com.ibm.ws.container.service.state.internal.StateChangeManager,class com.ibm.ws.container.service.state.internal.StateChangeManager,[Runtime],,null]"

Dump of objectArray[0]
Object type = com.ibm.ws.container.service.app.deploy.internal.ApplicationInfoImpl
  appName = "microprofile-1.0-SNAPSHOT"
  appMetaData = class com.ibm.ws.container.service.app.deploy.internal.ApplicationMetaDataImpl@25159950
    j2eeName = class com.ibm.ws.container.service.metadata.internal.J2EENameImpl@61d1547e
      serialVersionUID = 7488184044073147667
      application = "microprofile"
      module = null
      component = null
      string = "microprofile"
      j2eeNameBytes = null
      $$$tc$$$ = class com.ibm.websphere.ras.TraceComponent@774b7f72
    serialVersionUID = -7906531148367236579
    $$$tc$$$ = class com.ibm.websphere.ras.TraceComponent@346ad838
      strings[0] = "TraceComponent[com.ibm.ws.container.service.app.deploy.internal.ApplicationMetaDataImpl,class com.ibm.ws.container.service.app.deploy.internal.ApplicationMetaDataImpl,[container.service],com.ibm.ws.container.service.resources.Messages,null]"
    tc = class com.ibm.websphere.ras.TraceComponent@704291ac
      strings[0] = "TraceComponent[com.ibm.ws.runtime.metadata.MetaDataImpl,class com.ibm.ws.runtime.metadata.MetaDataImpl,[Runtime],null,null]"
    NUM_STATIC_SLOTS = 4
    ID_UNINITIALIZED = -1
    id = 2
    metaDataInterface = class java.lang.Class@52391f54
      ANNOTATION = 8192
      ENUM = 16384
      SYNTHETIC = 4096
      cachedConstructor = null
      newInstanceCallerCache = null
      name = null
      allPermDomain = class java.security.ProtectionDomain@45aa6d20
      useCaches = true
      reflectionData = null
      classRedefinedCount = 0
      genericInfo = null
      serialVersionUID = 3206093459760846163
      serialPersistentFields = class java.io.ObjectStreamField[0]
      reflectionFactory = class sun.reflect.ReflectionFactory@49c4b037
      initted = true
      enumConstants = null
      enumConstantDirectory = null
      annotationData = null
      annotationType = null
      classValueMap = null
    staticSlots = class java.lang.Object[4]
      Object[0] = null
      Object[1] = class com.ibm.ws.cdi.impl.weld.WebSphereCDIDeploymentImpl@5c190064
      Object[2] = class com.ibm.ws.injectionengine.osgi.internal.OSGiInjectionScopeData@5d93821d
      Object[3] = "microprofile-1.0-SNAPSHOT"
    dynamicSlots = null
  appContainer = class com.ibm.ws.adaptable.module.internal.AdaptableContainerImpl@1a9d13d2
    root = class com.ibm.ws.adaptable.module.internal.AdaptableContainerImpl@1a9d13d2
    rootOverlay = class com.ibm.ws.artifact.overlay.internal.DirectoryBasedOverlayContainerImpl@661de30f
      base = class com.ibm.ws.artifact.loose.internal.LooseArchive@50edd76b
      maskSet = class java.util.HashSet@8e83bea
      cfHolder = class com.ibm.ws.artifact.overlay.internal.OverlayContainerFactoryImpl@1a3e72f
      fileOverlayContainer = class com.ibm.ws.artifact.file.internal.FileContainer@52075a82
      overlayDirectory = class java.io.File@6c6f9926
      cacheDirForOverlay = class java.io.File@2511d82a
      overlayNotifier = class com.ibm.ws.artifact.overlay.internal.DirectoryBasedOverlayNotifier@3b15c938
      enclosingContainer = null
      entryInEnclosingContainer = null
      nestedOverlays = class java.util.concurrent.ConcurrentHashMap@532e5792
      cacheStore = class com.ibm.ws.artifact.overlay.internal.OverlayCache@43184278
      parentOverlay = null
      isPassThroughMode = true
      serialVersionUID = -1690795617118238166
      $$$tc$$$ = class com.ibm.websphere.ras.TraceComponent@170968f1
    factoryHolder = class com.ibm.ws.adaptable.module.internal.AdaptableModuleFactoryImpl@7c448327
      adapterFactoryService = class com.ibm.ws.adaptable.module.internal.AdapterFactoryServiceImpl@68e312b9
      containerFactory = class com.ibm.ws.artifact.internal.ArtifactContainerFactoryService@7d2a4a94
      overlayContainerFactory = class com.ibm.ws.artifact.overlay.internal.OverlayContainerFactoryImpl@1a3e72f
      serialVersionUID = 4200251809856292987
      $$$tc$$$ = class com.ibm.websphere.ras.TraceComponent@17db41be
    delegate = class com.ibm.ws.artifact.overlay.internal.DirectoryBasedOverlayContainerImpl@661de30f
    notifier = class com.ibm.ws.adaptable.module.internal.NotifierImpl@68fc27c7
      root = class com.ibm.ws.adaptable.module.internal.AdaptableContainerImpl@1a9d13d2
      delegateNotifier = class com.ibm.ws.artifact.overlay.internal.DirectoryBasedOverlayNotifier@3b15c938
      delegateRoot = class com.ibm.ws.artifact.overlay.internal.DirectoryBasedOverlayContainerImpl@661de30f
      listenerDelegates = class java.util.HashMap@244b400
      serialVersionUID = 6839382523957017880
      $$$tc$$$ = class com.ibm.websphere.ras.TraceComponent@5e0fc38a
    serialVersionUID = -5621513278641113667
    $$$tc$$$ = class com.ibm.websphere.ras.TraceComponent@2574c208
      strings[0] = "TraceComponent[com.ibm.ws.adaptable.module.internal.AdaptableContainerImpl,class com.ibm.ws.adaptable.module.internal.AdaptableContainerImpl,[archive.adaptable],,null]"
  configHelper = class com.ibm.ws.app.manager.module.ApplicationNestedConfigHelper@6fa1a1b1
    appInfo = class com.ibm.ws.app.manager.internal.ApplicationInstallInfo@a490685
      _config = class com.ibm.ws.app.manager.internal.ApplicationConfig@570875a2
      _handlerInfo = class java.util.concurrent.atomic.AtomicReference@533701da
      _container = class java.util.concurrent.atomic.AtomicReference@74f44b08
      _resolvedLocation = class java.util.concurrent.atomic.AtomicReference@368c0174
      _handler = class com.ibm.ws.app.manager.war.internal.WARApplicationHandlerImpl@22bdc762
      _ami = class java.util.concurrent.atomic.AtomicReference@49ef3b3e
      _updateHandler = class com.ibm.ws.app.manager.internal.statemachine.ApplicationStateMachineImpl@1f158500
      serialVersionUID = 3995013949638210907
      $$$tc$$$ = class com.ibm.websphere.ras.TraceComponent@51f46cc
    serialVersionUID = -3174031738676705046
    $$$tc$$$ = class com.ibm.websphere.ras.TraceComponent@6b46be09
      strings[0] = "TraceComponent[com.ibm.ws.app.manager.module.ApplicationNestedConfigHelper,class com.ibm.ws.app.manager.module.ApplicationNestedConfigHelper,[applications, app.manager],,null]"
  serialVersionUID = 7091777744534637201
  $$$tc$$$ = class com.ibm.websphere.ras.TraceComponent@6c751337
    strings[0] = "TraceComponent[com.ibm.ws.container.service.app.deploy.internal.ApplicationInfoImpl,class com.ibm.ws.container.service.app.deploy.internal.ApplicationInfoImpl,[container.service],com.ibm.ws.container.service.resources.Messages,null]"

