------Start of DE processing------ = [6/26/18 12:32:34:802 PDT]
Exception = java.lang.IllegalStateException
Source = com.ibm.ws.artifact.loose.internal.LooseArtifactNotifier
probeid = 371
Stack Dump = java.lang.IllegalStateException: BundleContext is no longer valid
	at org.eclipse.osgi.internal.framework.BundleContextImpl.checkValid(BundleContextImpl.java:989)
	at org.eclipse.osgi.internal.framework.BundleContextImpl.registerService(BundleContextImpl.java:468)
	at org.eclipse.osgi.internal.framework.BundleContextImpl.registerService(BundleContextImpl.java:487)
	at org.eclipse.osgi.internal.framework.BundleContextImpl.registerService(BundleContextImpl.java:1004)
	at com.ibm.ws.artifact.loose.internal.LooseArtifactNotifier.updateNonRecurseFileMonitorService(LooseArtifactNotifier.java:370)
	at com.ibm.ws.artifact.loose.internal.LooseArtifactNotifier.updateFileMonitorService(LooseArtifactNotifier.java:290)
	at com.ibm.ws.artifact.loose.internal.LooseArtifactNotifier.processMonitoredPathList(LooseArtifactNotifier.java:238)
	at com.ibm.ws.artifact.loose.internal.LooseArtifactNotifier.registerForNotifications(LooseArtifactNotifier.java:131)
	at com.ibm.ws.artifact.overlay.internal.DirectoryBasedOverlayNotifier.removeListener(DirectoryBasedOverlayNotifier.java:181)
	at com.ibm.ws.adaptable.module.internal.NotifierImpl.removeListener(NotifierImpl.java:87)
	at com.ibm.ws.app.manager.internal.monitor.ApplicationMonitor$BaseApplicationListener.stop(ApplicationMonitor.java:364)
	at com.ibm.ws.app.manager.internal.monitor.ApplicationMonitor$BaseApplicationListener.access$300(ApplicationMonitor.java:321)
	at com.ibm.ws.app.manager.internal.monitor.ApplicationMonitor$ApplicationListeners.stopListeners(ApplicationMonitor.java:239)
	at com.ibm.ws.app.manager.internal.monitor.ApplicationMonitor$ApplicationListeners.access$000(ApplicationMonitor.java:201)
	at com.ibm.ws.app.manager.internal.monitor.ApplicationMonitor.deactivate(ApplicationMonitor.java:80)
	at sun.reflect.NativeMethodAccessorImpl.invoke0(Native Method)
	at sun.reflect.NativeMethodAccessorImpl.invoke(NativeMethodAccessorImpl.java:62)
	at sun.reflect.DelegatingMethodAccessorImpl.invoke(DelegatingMethodAccessorImpl.java:43)
	at java.lang.reflect.Method.invoke(Method.java:498)
	at org.apache.felix.scr.impl.inject.BaseMethod.invokeMethod(BaseMethod.java:224)
	at org.apache.felix.scr.impl.inject.BaseMethod.access$500(BaseMethod.java:39)
	at org.apache.felix.scr.impl.inject.BaseMethod$Resolved.invoke(BaseMethod.java:617)
	at org.apache.felix.scr.impl.inject.BaseMethod.invoke(BaseMethod.java:501)
	at org.apache.felix.scr.impl.inject.ActivateMethod.invoke(ActivateMethod.java:302)
	at org.apache.felix.scr.impl.inject.ActivateMethod.invoke(ActivateMethod.java:294)
	at org.apache.felix.scr.impl.manager.SingleComponentManager.disposeImplementationObject(SingleComponentManager.java:344)
	at org.apache.felix.scr.impl.manager.SingleComponentManager.deleteComponent(SingleComponentManager.java:153)
	at org.apache.felix.scr.impl.manager.AbstractComponentManager.doDeactivate(AbstractComponentManager.java:814)
	at org.apache.felix.scr.impl.manager.AbstractComponentManager.deactivateInternal(AbstractComponentManager.java:788)
	at org.apache.felix.scr.impl.manager.AbstractComponentManager.dispose(AbstractComponentManager.java:580)
	at org.apache.felix.scr.impl.manager.ConfigurableComponentHolder.disposeComponents(ConfigurableComponentHolder.java:706)
	at org.apache.felix.scr.impl.BundleComponentActivator.dispose(BundleComponentActivator.java:523)
	at org.apache.felix.scr.impl.Activator.disposeComponents(Activator.java:439)
	at org.apache.felix.scr.impl.Activator.access$300(Activator.java:54)
	at org.apache.felix.scr.impl.Activator$ScrExtension.destroy(Activator.java:293)
	at org.apache.felix.utils.extender.AbstractExtender$2.run(AbstractExtender.java:285)
	at java.util.concurrent.Executors$RunnableAdapter.call(Executors.java:511)
	at java.util.concurrent.FutureTask.run(FutureTask.java:266)
	at org.apache.felix.utils.extender.AbstractExtender.destroyExtension(AbstractExtender.java:307)
	at org.apache.felix.utils.extender.AbstractExtender.bundleChanged(AbstractExtender.java:181)
	at org.eclipse.osgi.internal.framework.BundleContextImpl.dispatchEvent(BundleContextImpl.java:908)
	at org.eclipse.osgi.framework.eventmgr.EventManager.dispatchEvent(EventManager.java:230)
	at org.eclipse.osgi.framework.eventmgr.ListenerQueue.dispatchEventSynchronous(ListenerQueue.java:148)
	at org.eclipse.osgi.internal.framework.EquinoxEventPublisher.publishBundleEventPrivileged(EquinoxEventPublisher.java:213)
	at org.eclipse.osgi.internal.framework.EquinoxEventPublisher.publishBundleEvent(EquinoxEventPublisher.java:120)
	at org.eclipse.osgi.internal.framework.EquinoxEventPublisher.publishBundleEvent(EquinoxEventPublisher.java:112)
	at org.eclipse.osgi.internal.framework.EquinoxContainerAdaptor.publishModuleEvent(EquinoxContainerAdaptor.java:168)
	at org.eclipse.osgi.container.Module.publishEvent(Module.java:476)
	at org.eclipse.osgi.container.Module.doStop(Module.java:634)
	at org.eclipse.osgi.container.Module.stop(Module.java:498)
	at org.eclipse.osgi.container.ModuleContainer$ContainerStartLevel.decStartLevel(ModuleContainer.java:1675)
	at org.eclipse.osgi.container.ModuleContainer$ContainerStartLevel.doContainerStartLevel(ModuleContainer.java:1594)
	at org.eclipse.osgi.container.SystemModule.stopWorker(SystemModule.java:270)
	at org.eclipse.osgi.internal.framework.EquinoxBundle$SystemBundle$EquinoxSystemModule.stopWorker(EquinoxBundle.java:147)
	at org.eclipse.osgi.container.Module.doStop(Module.java:636)
	at org.eclipse.osgi.container.Module.stop(Module.java:498)
	at org.eclipse.osgi.container.SystemModule.stop(SystemModule.java:202)
	at org.eclipse.osgi.internal.framework.EquinoxBundle$SystemBundle$EquinoxSystemModule$1.run(EquinoxBundle.java:165)
	at java.lang.Thread.run(Thread.java:748)

Dump of callerThis
Object type = com.ibm.ws.artifact.loose.internal.LooseArtifactNotifier
  root = class com.ibm.ws.artifact.loose.internal.LooseArchive@6173a1af
    cacheDir = class java.io.File@16a2f929
      fs = class java.io.UnixFileSystem@1ff302a1
      path = "/home/ibmdemo/Student/workspace/microprofile/target/liberty/wlp/usr/servers/defaultServer/workarea/org.eclipse.osgi/59/data/cache/com.ibm.ws.app.manager_20"
      status = class java.io.File$PathStatus@573e697
      prefixLength = 1
      separatorChar = /
      separator = "/"
      pathSeparatorChar = :
      pathSeparator = ":"
      PATH_OFFSET = 16
      PREFIX_LENGTH_OFFSET = 12
      UNSAFE = class sun.misc.Unsafe@cd63842
      serialVersionUID = 301077366599181567
      filePath = null
      $assertionsDisabled = true
    xmlFile = class java.io.File@66ba53d5
      fs = class java.io.UnixFileSystem@1ff302a1
      path = "/home/ibmdemo/Student/workspace/microprofile/target/liberty/wlp/usr/servers/defaultServer/apps/microprofile-1.0-SNAPSHOT.war.xml"
      status = class java.io.File$PathStatus@573e697
      prefixLength = 1
      separatorChar = /
      separator = "/"
      pathSeparatorChar = :
      pathSeparator = ":"
      PATH_OFFSET = 16
      PREFIX_LENGTH_OFFSET = 12
      UNSAFE = class sun.misc.Unsafe@cd63842
      serialVersionUID = 301077366599181567
      filePath = null
      $assertionsDisabled = true
    parent = null
    cfh = class com.ibm.ws.artifact.loose.internal.LooseContainerFactoryHelper@77808311
      locationService = class com.ibm.ws.kernel.service.location.internal.WsLocationAdminImpl@50264bcf
      containerFactoryReference = class com.ibm.wsspi.kernel.service.utils.AtomicServiceReference@2f2c76eb
      ctx = class org.eclipse.osgi.internal.framework.BundleContextImpl@147de710
      tc = class com.ibm.websphere.ras.TraceComponent@2615dfe4
      serialVersionUID = -6436244972857197695
    pathInParent = null
    _entries = class java.util.ArrayList@407b1c1a
    tc = class com.ibm.websphere.ras.TraceComponent@2f87e6ba
      strings[0] = "TraceComponent[com.ibm.ws.artifact.loose.internal.LooseArchive,class com.ibm.ws.artifact.loose.internal.LooseArchive,[archive.artifact.xml],com.ibm.ws.artifact.loose.internal.resources.LooseApiMessages,null]"
    artifactNotifier = class com.ibm.ws.artifact.loose.internal.LooseArtifactNotifier@4111ce8d
    serialVersionUID = 345486831272892625
  entries = class java.util.ArrayList@407b1c1a
    serialVersionUID = 8683452581122892189
    DEFAULT_CAPACITY = 10
    EMPTY_ELEMENTDATA = class java.lang.Object[0]
    DEFAULTCAPACITY_EMPTY_ELEMENTDATA = class java.lang.Object[0]
    elementData = class java.lang.Object[10]
      Object[0] = class com.ibm.ws.artifact.loose.internal.LooseArchive$DirEntryInfo@3a986140
      Object[1] = class com.ibm.ws.artifact.loose.internal.LooseArchive$DirEntryInfo@764fc3d6
      Object[2] = class com.ibm.ws.artifact.loose.internal.LooseArchive$DirEntryInfo@3485f34f
      Object[3] = null
      Object[4] = null
      Object[5] = null
      Object[6] = null
      Object[7] = null
      Object[8] = null
      Object[9] = null
    size = 3
    MAX_ARRAY_SIZE = 2147483639
    modCount = 3
    MAX_ARRAY_SIZE = 2147483639
  serviceProperties = class java.util.Hashtable@3674b46a
    table = class java.util.Hashtable$Entry[11]
      Entry[0] = class java.util.Hashtable$Entry@184dabf4
      Entry[1] = null
      Entry[2] = null
      Entry[3] = null
      Entry[4] = null
      Entry[5] = class java.util.Hashtable$Entry@61a65bdc
      Entry[6] = class java.util.Hashtable$Entry@697f754d
      Entry[7] = class java.util.Hashtable$Entry@727bfca6
      Entry[8] = class java.util.Hashtable$Entry@71cfb16
      Entry[9] = class java.util.Hashtable$Entry@54372892
      Entry[10] = class java.util.Hashtable$Entry@46f0fa44
    count = 8
    threshold = 8
    loadFactor = 0.75
    modCount = 8
    serialVersionUID = 1421746759512286392
    MAX_ARRAY_SIZE = 2147483639
    keySet = null
    entrySet = null
    values = null
    KEYS = 0
    VALUES = 1
    ENTRIES = 2
  nonRecurseServiceProperties = class java.util.Hashtable@715c84dc
    table = class java.util.Hashtable$Entry[11]
      Entry[0] = class java.util.Hashtable$Entry@2bad093f
      Entry[1] = null
      Entry[2] = null
      Entry[3] = null
      Entry[4] = null
      Entry[5] = class java.util.Hashtable$Entry@10954a84
      Entry[6] = class java.util.Hashtable$Entry@203e37e7
      Entry[7] = class java.util.Hashtable$Entry@38feee71
      Entry[8] = class java.util.Hashtable$Entry@7bd9fca0
      Entry[9] = class java.util.Hashtable$Entry@41a24835
      Entry[10] = class java.util.Hashtable$Entry@10f2cee9
    count = 8
    threshold = 8
    loadFactor = 0.75
    modCount = 8
    serialVersionUID = 1421746759512286392
    MAX_ARRAY_SIZE = 2147483639
    keySet = null
    entrySet = null
    values = null
    KEYS = 0
    VALUES = 1
    ENTRIES = 2
  interval = 500
  notificationType = "external"
  ctx = class org.eclipse.osgi.internal.framework.BundleContextImpl@147de710
    findHookName = "org.osgi.framework.hooks.bundle.FindHook"
    valid = false
    bundle = class org.eclipse.osgi.internal.framework.EquinoxBundle@55f5fc79
      equinoxContainer = class org.eclipse.osgi.internal.framework.EquinoxContainer@5594c818
      module = class org.eclipse.osgi.internal.framework.EquinoxBundle$EquinoxModule@55eaa423
      monitor = class java.lang.Object@e47a7ef
      context = null
      signerInfos = null
      $SWITCH_TABLE$org$eclipse$osgi$container$Module$State = {1,2,3,4,5,6,7} /* array length = 7 */
    container = class org.eclipse.osgi.internal.framework.EquinoxContainer@5594c818
      NAME = "org.eclipse.osgi"
      secureAction = class org.eclipse.osgi.framework.util.SecureAction@54f11ec
      equinoxConfig = class org.eclipse.osgi.internal.framework.EquinoxConfiguration@20f808d0
      logServices = class org.eclipse.osgi.internal.log.EquinoxLogServices@5a169003
      storage = class org.eclipse.osgi.storage.Storage@71ea5671
      packageAdmin = class org.eclipse.osgi.internal.framework.legacy.PackageAdminImpl@fbfd0e7
      startLevel = class org.eclipse.osgi.internal.framework.legacy.StartLevelImpl@7282608d
      bootDelegation = class java.util.HashSet@1cfa6056
      bootDelegationStems = class java.lang.String[12]
      bootDelegateAll = false
      isProcessClassRecursionSupportedByAll = false
      eventPublisher = class org.eclipse.osgi.internal.framework.EquinoxEventPublisher@24c22fe
      monitor = class java.lang.Object@4e493399
      serviceRegistry = class org.eclipse.osgi.internal.serviceregistry.ServiceRegistry@2a8595d7
      contextFinder = class org.eclipse.osgi.internal.framework.ContextFinder@42fec322
      signedContentFactory = class org.osgi.util.tracker.ServiceTracker@2f2ea4d5
      executor = class java.util.concurrent.ScheduledThreadPoolExecutor@601989b6
      storageSaver = class org.eclipse.osgi.internal.framework.StorageSaver@5882e207
    debug = class org.eclipse.osgi.internal.debug.Debug@6f9bff11
      ECLIPSE_OSGI = "org.eclipse.osgi"
      OPTION_DEBUG_GENERAL = "org.eclipse.osgi/debug"
      OPTION_DEBUG_BUNDLE_TIME = "org.eclipse.osgi/debug/bundleTime"
      OPTION_DEBUG_LOADER = "org.eclipse.osgi/debug/loader"
      OPTION_DEBUG_STORAGE = "org.eclipse.osgi/debug/storage"
      OPTION_DEBUG_EVENTS = "org.eclipse.osgi/debug/events"
      OPTION_DEBUG_SERVICES = "org.eclipse.osgi/debug/services"
      OPTION_DEBUG_HOOKS = "org.eclipse.osgi/debug/hooks"
      OPTION_DEBUG_MANIFEST = "org.eclipse.osgi/debug/manifest"
      OPTION_DEBUG_FILTER = "org.eclipse.osgi/debug/filter"
      OPTION_DEBUG_SECURITY = "org.eclipse.osgi/debug/security"
      OPTION_DEBUG_STARTLEVEL = "org.eclipse.osgi/debug/startlevel"
      OPTION_DEBUG_PACKAGEADMIN = "org.eclipse.osgi/debug/packageadmin"
      OPTION_DEBUG_PACKAGEADMIN_TIMING = "org.eclipse.osgi/debug/packageadmin/timing"
      OPTION_MONITOR_ACTIVATION = "org.eclipse.osgi/monitor/activation"
      OPTION_MONITOR_LAZY = "org.eclipse.osgi/monitor/lazy"
      OPTION_DEBUG_MESSAGE_BUNDLES = "org.eclipse.osgi/debug/messageBundles"
      OPTION_DEBUG_LOCATION = "org.eclipse.osgi/debug/location"
      OPTION_CACHED_MANIFEST = "org.eclipse.osgi/debug/cachedmanifest"
      OPTION_DEBUG_SYSTEM_BUNDLE = "org.eclipse.osgi/debug/systemBundle"
      DEBUG_GENERAL = false
      DEBUG_BUNDLE_TIME = false
      DEBUG_LOADER = false
      DEBUG_STORAGE = false
      DEBUG_EVENTS = false
      DEBUG_SERVICES = false
      DEBUG_HOOKS = false
      DEBUG_MANIFEST = false
      DEBUG_FILTER = false
      DEBUG_SECURITY = false
      DEBUG_STARTLEVEL = false
      DEBUG_PACKAGEADMIN = false
      DEBUG_PACKAGEADMIN_TIMING = false
      DEBUG_MESSAGE_BUNDLES = false
      MONITOR_ACTIVATION = false
      DEBUG_LOCATION = false
      DEBUG_CACHED_MANIFEST = false
      DEBUG_SYSTEM_BUNDLE = false
      out = class com.ibm.ws.logging.internal.impl.BaseTraceService$TeePrintStream@2d3f6ad6
    servicesInUse = null
    activator = null
    contextLock = class java.lang.Object@428499d7
  service = null
  nonRecurseService = null
  filesToMonitor = class java.util.TreeMap@7b501e8
    comparator = class com.ibm.wsspi.kernel.service.utils.PathUtils$PathComparator@10ca7625
      serialVersionUID = 8845848986582493462
      PATH_SEPARATOR = /
      CMP_LT = -1
      CMP_GT = 1
    root = class java.util.TreeMap$Entry@442343d
      key = "/"
      value = class java.util.HashSet@6bb8fc4a
      left = null
      right = class java.util.TreeMap$Entry@3808f2e8
      parent = null
      color = true
    size = 2
    modCount = 2
    entrySet = null
    navigableKeySet = null
    descendingMap = null
    UNBOUNDED = class java.lang.Object@333277bc
    RED = false
    BLACK = true
    serialVersionUID = 919286545866124006
    keySet = null
    values = null
  filesBeingMonitored = class java.util.HashSet@29651187
    serialVersionUID = -5024744406713321676
    map = class java.util.HashMap@5d83721c
      serialVersionUID = 362498820763181265
      DEFAULT_INITIAL_CAPACITY = 16
      MAXIMUM_CAPACITY = 1073741824
      DEFAULT_LOAD_FACTOR = 0.75
      TREEIFY_THRESHOLD = 8
      UNTREEIFY_THRESHOLD = 6
      MIN_TREEIFY_CAPACITY = 64
      table = class java.util.HashMap$Node[16]
      entrySet = null
      size = 7
      modCount = 31
      threshold = 12
      loadFactor = 0.75
      keySet = class java.util.HashMap$KeySet@be722c5
      values = null
    PRESENT = class java.lang.Object@678fbac7
    MAX_ARRAY_SIZE = 2147483639
  dirsToMonitor = class java.util.TreeMap@3a213725
    comparator = class com.ibm.wsspi.kernel.service.utils.PathUtils$PathComparator@d028aeb
      serialVersionUID = 8845848986582493462
      PATH_SEPARATOR = /
      CMP_LT = -1
      CMP_GT = 1
    root = class java.util.TreeMap$Entry@4d118c3
      key = "/"
      value = class java.util.HashSet@1ebb9676
      left = null
      right = class java.util.TreeMap$Entry@2d703291
      parent = null
      color = true
    size = 2
    modCount = 2
    entrySet = null
    navigableKeySet = null
    descendingMap = null
    UNBOUNDED = class java.lang.Object@333277bc
    RED = false
    BLACK = true
    serialVersionUID = 919286545866124006
    keySet = null
    values = null
  dirsBeingMonitored = class java.util.HashSet@2f4e2ed9
    serialVersionUID = -5024744406713321676
    map = class java.util.HashMap@453a34dd
      serialVersionUID = 362498820763181265
      DEFAULT_INITIAL_CAPACITY = 16
      MAXIMUM_CAPACITY = 1073741824
      DEFAULT_LOAD_FACTOR = 0.75
      TREEIFY_THRESHOLD = 8
      UNTREEIFY_THRESHOLD = 6
      MIN_TREEIFY_CAPACITY = 64
      table = class java.util.HashMap$Node[16]
      entrySet = null
      size = 6
      modCount = 28
      threshold = 12
      loadFactor = 0.75
      keySet = class java.util.HashMap$KeySet@4aff4c95
      values = null
    PRESENT = class java.lang.Object@678fbac7
    MAX_ARRAY_SIZE = 2147483639
  listeners = class java.util.concurrent.CopyOnWriteArrayList@5bd099
    serialVersionUID = 8673264195747942595
    lock = class java.util.concurrent.locks.ReentrantLock@431942df
      serialVersionUID = 7373984872572414699
      sync = class java.util.concurrent.locks.ReentrantLock$NonfairSync@4d7f9b3b
    array = class java.lang.Object[1]
      Object[0] = class com.ibm.ws.artifact.loose.internal.LooseArtifactNotifier$Registration@53e40ca4
    UNSAFE = class sun.misc.Unsafe@cd63842
      theUnsafe = class sun.misc.Unsafe@cd63842
      INVALID_FIELD_OFFSET = -1
      ARRAY_BOOLEAN_BASE_OFFSET = 16
      ARRAY_BYTE_BASE_OFFSET = 16
      ARRAY_SHORT_BASE_OFFSET = 16
      ARRAY_CHAR_BASE_OFFSET = 16
      ARRAY_INT_BASE_OFFSET = 16
      ARRAY_LONG_BASE_OFFSET = 16
      ARRAY_FLOAT_BASE_OFFSET = 16
      ARRAY_DOUBLE_BASE_OFFSET = 16
      ARRAY_OBJECT_BASE_OFFSET = 16
      ARRAY_BOOLEAN_INDEX_SCALE = 1
      ARRAY_BYTE_INDEX_SCALE = 1
      ARRAY_SHORT_INDEX_SCALE = 2
      ARRAY_CHAR_INDEX_SCALE = 2
      ARRAY_INT_INDEX_SCALE = 4
      ARRAY_LONG_INDEX_SCALE = 8
      ARRAY_FLOAT_INDEX_SCALE = 4
      ARRAY_DOUBLE_INDEX_SCALE = 8
      ARRAY_OBJECT_INDEX_SCALE = 4
      ADDRESS_SIZE = 8
    lockOffset = 12
  pathsBeingMonitored = class java.util.HashSet@133003c
    serialVersionUID = -5024744406713321676
    map = class java.util.HashMap@4b8224e2
      serialVersionUID = 362498820763181265
      DEFAULT_INITIAL_CAPACITY = 16
      MAXIMUM_CAPACITY = 1073741824
      DEFAULT_LOAD_FACTOR = 0.75
      TREEIFY_THRESHOLD = 8
      UNTREEIFY_THRESHOLD = 6
      MIN_TREEIFY_CAPACITY = 64
      table = class java.util.HashMap$Node[16]
      entrySet = null
      size = 2
      modCount = 11
      threshold = 12
      loadFactor = 0.75
      keySet = class java.util.HashMap$KeySet@279a1cd2
      values = null
    PRESENT = class java.lang.Object@678fbac7
    MAX_ARRAY_SIZE = 2147483639
  parent = null
  children = class java.util.HashMap@32988720
    serialVersionUID = 362498820763181265
    DEFAULT_INITIAL_CAPACITY = 16
    MAXIMUM_CAPACITY = 1073741824
    DEFAULT_LOAD_FACTOR = 0.75
    TREEIFY_THRESHOLD = 8
    UNTREEIFY_THRESHOLD = 6
    MIN_TREEIFY_CAPACITY = 64
    table = null
    entrySet = null
    size = 0
    modCount = 0
    threshold = 0
    loadFactor = 0.75
    keySet = class java.util.HashMap$KeySet@36a5ff74
      this$0 = class java.util.HashMap@32988720
      MAX_ARRAY_SIZE = 2147483639
    values = class java.util.HashMap$Values@40920702
      this$0 = class java.util.HashMap@32988720
      MAX_ARRAY_SIZE = 2147483639
  enabledChildren = class java.util.ArrayList@6cfe5f4c
    serialVersionUID = 8683452581122892189
    DEFAULT_CAPACITY = 10
    EMPTY_ELEMENTDATA = class java.lang.Object[0]
    DEFAULTCAPACITY_EMPTY_ELEMENTDATA = class java.lang.Object[0]
    elementData = class java.lang.Object[0]
    size = 0
    MAX_ARRAY_SIZE = 2147483639
    modCount = 0
    MAX_ARRAY_SIZE = 2147483639
  pathInParent = null
  serialVersionUID = -5797991102055520589
  $$$tc$$$ = class com.ibm.websphere.ras.TraceComponent@73921b67
    strings[0] = "TraceComponent[com.ibm.ws.artifact.loose.internal.LooseArtifactNotifier,class com.ibm.ws.artifact.loose.internal.LooseArtifactNotifier,[archive.artifact.xml],com.ibm.ws.artifact.loose.internal.resources.LooseApiMessages,null]"

Dump of objectArray[0]
Object type = java.util.HashSet
  serialVersionUID = -5024744406713321676
  map = class java.util.HashMap@2bb84e16
    serialVersionUID = 362498820763181265
    DEFAULT_INITIAL_CAPACITY = 16
    MAXIMUM_CAPACITY = 1073741824
    DEFAULT_LOAD_FACTOR = 0.75
    TREEIFY_THRESHOLD = 8
    UNTREEIFY_THRESHOLD = 6
    MIN_TREEIFY_CAPACITY = 64
    table = class java.util.HashMap$Node[16]
      Node[0] = null
      Node[1] = class java.util.HashMap$Node@38be772b
      Node[2] = null
      Node[3] = null
      Node[4] = null
      Node[5] = null
      Node[6] = null
      Node[7] = null
      Node[8] = null
      Node[9] = null
      Node[10] = null
      Node[11] = null
      Node[12] = class java.util.HashMap$Node@5eada83a
      Node[13] = class java.util.HashMap$Node@378c9507
      Node[14] = null
      Node[15] = null
    entrySet = null
    size = 3
    modCount = 3
    threshold = 12
    loadFactor = 0.75
    keySet = null
    values = null
  PRESENT = class java.lang.Object@678fbac7
  MAX_ARRAY_SIZE = 2147483639

Dump of objectArray[1]
Object type = java.util.HashSet
  serialVersionUID = -5024744406713321676
  map = class java.util.HashMap@5f04d1fd
    serialVersionUID = 362498820763181265
    DEFAULT_INITIAL_CAPACITY = 16
    MAXIMUM_CAPACITY = 1073741824
    DEFAULT_LOAD_FACTOR = 0.75
    TREEIFY_THRESHOLD = 8
    UNTREEIFY_THRESHOLD = 6
    MIN_TREEIFY_CAPACITY = 64
    table = class java.util.HashMap$Node[16]
      Node[0] = null
      Node[1] = class java.util.HashMap$Node@279764d2
      Node[2] = null
      Node[3] = null
      Node[4] = null
      Node[5] = null
      Node[6] = null
      Node[7] = null
      Node[8] = null
      Node[9] = null
      Node[10] = null
      Node[11] = null
      Node[12] = class java.util.HashMap$Node@7460f98a
      Node[13] = class java.util.HashMap$Node@d1245c2
      Node[14] = null
      Node[15] = null
    entrySet = null
    size = 3
    modCount = 3
    threshold = 12
    loadFactor = 0.75
    keySet = null
    values = null
  PRESENT = class java.lang.Object@678fbac7
  MAX_ARRAY_SIZE = 2147483639

