------Start of DE processing------ = [6/26/18 12:47:49:346 PDT]
Exception = java.util.NoSuchElementException
Source = com.ibm.ws.microprofile.config.cdi.ConfigCDIExtension
probeid = 129
Stack Dump = java.util.NoSuchElementException: CWMCG0015E: The property io_openliberty_guides_inventory_inMaintenance was not found in the configuration.
	at com.ibm.ws.microprofile.config.impl.AbstractConfig.getValue(AbstractConfig.java:129)
	at com.ibm.ws.microprofile.config.cdi.ConfigProducer.newValue(ConfigProducer.java:44)
	at com.ibm.ws.microprofile.config.cdi.ConfigCDIExtension.processConversionType(ConfigCDIExtension.java:127)
	at com.ibm.ws.microprofile.config.cdi.ConfigCDIExtension.processParameterizedType(ConfigCDIExtension.java:107)
	at com.ibm.ws.microprofile.config.cdi.ConfigCDIExtension.processInjectionTarget(ConfigCDIExtension.java:65)
	at sun.reflect.NativeMethodAccessorImpl.invoke0(Native Method)
	at sun.reflect.NativeMethodAccessorImpl.invoke(NativeMethodAccessorImpl.java:62)
	at sun.reflect.DelegatingMethodAccessorImpl.invoke(DelegatingMethodAccessorImpl.java:43)
	at java.lang.reflect.Method.invoke(Method.java:498)
	at org.jboss.weld.injection.StaticMethodInjectionPoint.invoke(StaticMethodInjectionPoint.java:88)
	at org.jboss.weld.injection.StaticMethodInjectionPoint.invoke(StaticMethodInjectionPoint.java:78)
	at org.jboss.weld.injection.MethodInvocationStrategy$SimpleMethodInvocationStrategy.invoke(MethodInvocationStrategy.java:129)
	at org.jboss.weld.event.ObserverMethodImpl.sendEvent(ObserverMethodImpl.java:299)
	at org.jboss.weld.event.ExtensionObserverMethodImpl.sendEvent(ExtensionObserverMethodImpl.java:124)
	at org.jboss.weld.event.ObserverMethodImpl.sendEvent(ObserverMethodImpl.java:277)
	at org.jboss.weld.event.ObserverMethodImpl.notify(ObserverMethodImpl.java:255)
	at org.jboss.weld.event.ObserverNotifier.notifySyncObservers(ObserverNotifier.java:269)
	at org.jboss.weld.event.ObserverNotifier.notify(ObserverNotifier.java:258)
	at org.jboss.weld.event.ObserverNotifier.fireEvent(ObserverNotifier.java:154)
	at org.jboss.weld.event.ObserverNotifier.fireEvent(ObserverNotifier.java:148)
	at org.jboss.weld.bootstrap.events.AbstractContainerEvent.fire(AbstractContainerEvent.java:53)
	at org.jboss.weld.bootstrap.events.AbstractDefinitionContainerEvent.fire(AbstractDefinitionContainerEvent.java:44)
	at org.jboss.weld.bootstrap.events.AbstractProcessInjectionTarget.fire(AbstractProcessInjectionTarget.java:40)
	at org.jboss.weld.bootstrap.events.ContainerLifecycleEvents.fireProcessInjectionTarget(ContainerLifecycleEvents.java:255)
	at org.jboss.weld.manager.BeanManagerImpl.fireProcessInjectionTarget(BeanManagerImpl.java:1365)
	at org.jboss.weld.manager.BeanManagerImpl.fireProcessInjectionTarget(BeanManagerImpl.java:1360)
	at com.ibm.ws.cdi.impl.weld.BeanDeploymentArchiveImpl.createJEEComponentInjectionTarget(BeanDeploymentArchiveImpl.java:918)
	at com.ibm.ws.cdi.impl.weld.BeanDeploymentArchiveImpl.createInjectionTargetsForJEEComponentClass(BeanDeploymentArchiveImpl.java:856)
	at com.ibm.ws.cdi.impl.weld.BeanDeploymentArchiveImpl.createInjectionTargetsForJEEComponentClasses(BeanDeploymentArchiveImpl.java:842)
	at com.ibm.ws.cdi.impl.weld.WebSphereCDIDeploymentImpl.validateJEEComponentClasses(WebSphereCDIDeploymentImpl.java:665)
	at com.ibm.ws.cdi.impl.CDIContainerImpl.applicationStarting(CDIContainerImpl.java:148)
	at com.ibm.ws.cdi.liberty.CDIRuntimeImpl.applicationStarting(CDIRuntimeImpl.java:383)
	at com.ibm.ws.container.service.state.internal.ApplicationStateManager.fireStarting(ApplicationStateManager.java:28)
	at com.ibm.ws.container.service.state.internal.StateChangeServiceImpl.fireApplicationStarting(StateChangeServiceImpl.java:50)
	at com.ibm.ws.app.manager.module.internal.DeployedAppInfoBase.preDeployApp(DeployedAppInfoBase.java:380)
	at com.ibm.ws.app.manager.module.internal.DeployedAppInfoBase.deployApp(DeployedAppInfoBase.java:409)
	at com.ibm.ws.app.manager.war.internal.WARApplicationHandlerImpl.install(WARApplicationHandlerImpl.java:65)
	at com.ibm.ws.app.manager.internal.statemachine.StartAction.execute(StartAction.java:140)
	at com.ibm.ws.app.manager.internal.statemachine.ApplicationStateMachineImpl.enterState(ApplicationStateMachineImpl.java:1258)
	at com.ibm.ws.app.manager.internal.statemachine.ApplicationStateMachineImpl.run(ApplicationStateMachineImpl.java:873)
	at java.util.concurrent.ThreadPoolExecutor.runWorker(ThreadPoolExecutor.java:1149)
	at java.util.concurrent.ThreadPoolExecutor$Worker.run(ThreadPoolExecutor.java:624)
	at java.lang.Thread.run(Thread.java:748)

Dump of callerThis
Object type = com.ibm.ws.microprofile.config.cdi.ConfigCDIExtension
  tc = class com.ibm.websphere.ras.TraceComponent@3cfd4a45
    strings[0] = "TraceComponent[com.ibm.ws.microprofile.config.cdi.ConfigCDIExtension,class com.ibm.ws.microprofile.config.cdi.ConfigCDIExtension,[APPCONFIG],com.ibm.ws.microprofile.config.cdi.resources.ConfigCDI,null]"
  validInjectionTypes = class java.util.HashSet@2717f4d5
    serialVersionUID = -5024744406713321676
    map = class java.util.HashMap@47cb7746
      serialVersionUID = 362498820763181265
      DEFAULT_INITIAL_CAPACITY = 16
      MAXIMUM_CAPACITY = 1073741824
      DEFAULT_LOAD_FACTOR = 0.75
      TREEIFY_THRESHOLD = 8
      UNTREEIFY_THRESHOLD = 6
      MIN_TREEIFY_CAPACITY = 64
      table = class java.util.HashMap$Node[64]
      entrySet = null
      size = 33
      modCount = 33
      threshold = 48
      loadFactor = 0.75
      keySet = null
      values = null
    PRESENT = class java.lang.Object@5fe29236
    MAX_ARRAY_SIZE = 2147483639
  badInjectionTypes = class java.util.HashSet@6a69ae2d
    serialVersionUID = -5024744406713321676
    map = class java.util.HashMap@785d5721
      serialVersionUID = 362498820763181265
      DEFAULT_INITIAL_CAPACITY = 16
      MAXIMUM_CAPACITY = 1073741824
      DEFAULT_LOAD_FACTOR = 0.75
      TREEIFY_THRESHOLD = 8
      UNTREEIFY_THRESHOLD = 6
      MIN_TREEIFY_CAPACITY = 64
      table = null
      entrySet = null
      size = 0
      modCount = 0
      threshold = 0
      loadFactor = 0.75
      keySet = null
      values = null
    PRESENT = class java.lang.Object@5fe29236
    MAX_ARRAY_SIZE = 2147483639
  configs = class java.util.HashMap@7b36d119
    serialVersionUID = 362498820763181265
    DEFAULT_INITIAL_CAPACITY = 16
    MAXIMUM_CAPACITY = 1073741824
    DEFAULT_LOAD_FACTOR = 0.75
    TREEIFY_THRESHOLD = 8
    UNTREEIFY_THRESHOLD = 6
    MIN_TREEIFY_CAPACITY = 64
    table = null
    entrySet = null
    size = 0
    modCount = 0
    threshold = 0
    loadFactor = 0.75
    keySet = null
    values = null
  serialVersionUID = 2379904533039465371

Dump of objectArray[0]
Object type = org.jboss.weld.injection.FieldInjectionPoint
  serialVersionUID = 6645272914499045953
  cacheable = true
  cachedBean = null
  accessibleField = class java.lang.reflect.Field@848bc5
    clazz = class java.lang.Class@64002cdf
      ANNOTATION = 8192
      ENUM = 16384
      SYNTHETIC = 4096
      cachedConstructor = null
      newInstanceCallerCache = null
      name = "application.microprofile.HealthEndpoint"
      allPermDomain = class java.security.ProtectionDomain@7c34b198
      useCaches = true
      reflectionData = class java.lang.ref.SoftReference@6cf23b97
      classRedefinedCount = 0
      genericInfo = class sun.reflect.generics.repository.ClassRepository@51c8a45a
      serialVersionUID = 3206093459760846163
      serialPersistentFields = class java.io.ObjectStreamField[0]
      reflectionFactory = class sun.reflect.ReflectionFactory@1bb8fff
      initted = true
      enumConstants = null
      enumConstantDirectory = null
      annotationData = class java.lang.Class$AnnotationData@3d4a28a5
      annotationType = null
      classValueMap = null
    slot = 2
    name = "inMaintenance"
    type = class java.lang.Class@74a5fe99
      ANNOTATION = 8192
      ENUM = 16384
      SYNTHETIC = 4096
      cachedConstructor = null
      newInstanceCallerCache = null
      name = null
      allPermDomain = class java.security.ProtectionDomain@7c34b198
      useCaches = true
      reflectionData = null
      classRedefinedCount = 0
      genericInfo = class sun.reflect.generics.repository.ClassRepository@47b67131
      serialVersionUID = 3206093459760846163
      serialPersistentFields = class java.io.ObjectStreamField[0]
      reflectionFactory = class sun.reflect.ReflectionFactory@1bb8fff
      initted = true
      enumConstants = null
      enumConstantDirectory = null
      annotationData = null
      annotationType = null
      classValueMap = null
    modifiers = 2
    signature = "Ljavax/inject/Provider<Ljava/lang/Boolean;>;"
    genericInfo = null
    annotations = {0,2,0,10,0,0,0,17,0,1,0,18,115,0,19} /* array length = 15 */
    fieldAccessor = null
    overrideFieldAccessor = null
    root = class java.lang.reflect.Field@53280f65
      clazz = class java.lang.Class@64002cdf
      slot = 2
      name = "inMaintenance"
      type = class java.lang.Class@74a5fe99
      modifiers = 2
      signature = "Ljavax/inject/Provider<Ljava/lang/Boolean;>;"
      genericInfo = null
      annotations = {0,2,0,10,0,0,0,17,0,1,0,18,115,0,19} /* array length = 15 */
      fieldAccessor = null
      overrideFieldAccessor = null
      root = null
      declaredAnnotations = class java.util.LinkedHashMap@3dd62989
      ACCESS_PERMISSION = class java.lang.reflect.ReflectPermission@388d51e6
      override = false
      reflectionFactory = class sun.reflect.ReflectionFactory@1bb8fff
      securityCheckCache = null
    declaredAnnotations = null
    ACCESS_PERMISSION = class java.lang.reflect.ReflectPermission@388d51e6
      serialVersionUID = 7412737110241507485
      serialVersionUID = 6279438298436773498
      wildcard = false
      path = "suppressAccessChecks"
      exitVM = false
      serialVersionUID = -5636570222231596674
      name = "suppressAccessChecks"
    override = true
    reflectionFactory = class sun.reflect.ReflectionFactory@1bb8fff
      initted = true
      reflectionFactoryAccessPerm = class java.lang.RuntimePermission@4b0844a7
      soleInstance = class sun.reflect.ReflectionFactory@1bb8fff
      langReflectAccess = class java.lang.reflect.ReflectAccess@2c4f02d0
      hasStaticInitializerMethod = null
      noInflation = false
      inflationThreshold = 15
    securityCheckCache = null
  attributes = class org.jboss.weld.injection.attributes.InferringFieldInjectionPointAttributes@5d5fcdb9
    serialVersionUID = -3099189770772787108
    field = class org.jboss.weld.annotated.slim.backed.BackedAnnotatedField@2f4d9277
      field = class java.lang.reflect.Field@3a6d3646
      declaringType = class org.jboss.weld.annotated.slim.backed.BackedAnnotatedType@1f01666e
      typeClosure = class org.jboss.weld.annotated.enhanced.TypeClosureLazyValueHolder@2582f477
      baseType = class sun.reflect.generics.reflectiveObjects.ParameterizedTypeImpl@216a1671
    serialVersionUID = 7820718127728549436
    bean = class org.jboss.weld.serialization.BeanHolder@20044832
      serialVersionUID = 6039992808930111222
      contextId = "microprofile"
      beanId = null
      serialVersionUID = -5217996922004189423
      value = null
    qualifiers = class java.util.Collections$UnmodifiableSet@6dee4013
      serialVersionUID = -9215047833775013803
      serialVersionUID = 1820017752578914078
      c = class java.util.Collections$UnmodifiableSet@6064dc73
    typeAttribute = class org.jboss.weld.injection.attributes.AbstractInferringInjectionPointAttributes$NonContextualInjectionPointTypeAttribute@2ef3b9f3
      serialVersionUID = 1870361474843082321
      componentClass = class java.lang.Class@64002cdf
      this$0 = class org.jboss.weld.injection.attributes.InferringFieldInjectionPointAttributes@5d5fcdb9
      serialVersionUID = -4558590047874880757
      type = class sun.reflect.generics.reflectiveObjects.ParameterizedTypeImpl@216a1671
      this$0 = class org.jboss.weld.injection.attributes.InferringFieldInjectionPointAttributes@5d5fcdb9
    delegate = false

Dump of objectArray[1]
Object type = java.lang.Class
  ANNOTATION = 8192
  ENUM = 16384
  SYNTHETIC = 4096
  cachedConstructor = null
  newInstanceCallerCache = null
  name = "java.lang.Boolean"
  allPermDomain = class java.security.ProtectionDomain@7c34b198
    codesource = null
    classloader = null
    principals = interface java.security.Principal[0]
    permissions = class java.security.Permissions@357eca67
      permsMap = class java.util.HashMap@451fa814
      hasUnresolved = false
      allPermission = class java.security.AllPermissionCollection@19846563
      serialVersionUID = 4858622370623524688
      serialPersistentFields = class java.io.ObjectStreamField[2]
      serialVersionUID = -6727011328946861783
      readOnly = true
    hasAllPerm = true
    staticPermissions = true
    key = class java.security.ProtectionDomain$Key@c9a3f72
    debug = null
  useCaches = true
  reflectionData = class java.lang.ref.SoftReference@77aa4375
    clock = 2726165
    timestamp = 2726165
    referent = class java.lang.Class$ReflectionData@1a8da2c5
      declaredFields = class java.lang.reflect.Field[5]
      publicFields = null
      declaredMethods = class java.lang.reflect.Method[16]
      publicMethods = null
      declaredConstructors = null
      publicConstructors = null
      declaredPublicFields = class java.lang.reflect.Field[3]
      declaredPublicMethods = null
      interfaces = class java.lang.Class[2]
      redefinedCount = 0
    queue = class java.lang.ref.ReferenceQueue$Null@7e45dd4a
      NULL = class java.lang.ref.ReferenceQueue$Null@7e45dd4a
      ENQUEUED = class java.lang.ref.ReferenceQueue$Null@513cebc5
      lock = class java.lang.ref.ReferenceQueue$Lock@55d122c6
      head = null
      queueLength = 0
      $assertionsDisabled = true
    next = null
    discovered = null
    lock = class java.lang.ref.Reference$Lock@5a8b8c8d
    pending = null
  classRedefinedCount = 0
  genericInfo = class sun.reflect.generics.repository.ClassRepository@157e3ab8
    NONE = class sun.reflect.generics.repository.ClassRepository@51c8a45a
      NONE = class sun.reflect.generics.repository.ClassRepository@51c8a45a
      superclass = null
      superInterfaces = null
      typeParams = null
      factory = null
      tree = class sun.reflect.generics.tree.ClassSignature@28f3a676
    superclass = class java.lang.Class@5d6f64b1
      ANNOTATION = 8192
      ENUM = 16384
      SYNTHETIC = 4096
      cachedConstructor = null
      newInstanceCallerCache = null
      name = "java.lang.Object"
      allPermDomain = class java.security.ProtectionDomain@7c34b198
      useCaches = true
      reflectionData = class java.lang.ref.SoftReference@18e30516
      classRedefinedCount = 0
      genericInfo = class sun.reflect.generics.repository.ClassRepository@51c8a45a
      serialVersionUID = 3206093459760846163
      serialPersistentFields = class java.io.ObjectStreamField[0]
      reflectionFactory = class sun.reflect.ReflectionFactory@1bb8fff
      initted = true
      enumConstants = null
      enumConstantDirectory = null
      annotationData = class java.lang.Class$AnnotationData@67ded006
      annotationType = null
      classValueMap = null
    superInterfaces = interface java.lang.reflect.Type[2]
      Type[0] = class java.lang.Class@5c98e195
      Type[1] = class sun.reflect.generics.reflectiveObjects.ParameterizedTypeImpl@1497369
    typeParams = interface java.lang.reflect.TypeVariable[0]
    factory = class sun.reflect.generics.factory.CoreReflectionFactory@5b56adab
      decl = class java.lang.Class@3f979297
      scope = class sun.reflect.generics.scope.ClassScope@7a35b848
      $assertionsDisabled = true
    tree = class sun.reflect.generics.tree.ClassSignature@7ec2ec5f
      formalTypeParams = class sun.reflect.generics.tree.FormalTypeParameter[0]
      superclass = class sun.reflect.generics.tree.ClassTypeSignature@c32c268
      superInterfaces = class sun.reflect.generics.tree.ClassTypeSignature[2]
  serialVersionUID = 3206093459760846163
  serialPersistentFields = class java.io.ObjectStreamField[0]
  reflectionFactory = class sun.reflect.ReflectionFactory@1bb8fff
    initted = true
    reflectionFactoryAccessPerm = class java.lang.RuntimePermission@4b0844a7
      serialVersionUID = 7399184964622342223
      serialVersionUID = 6279438298436773498
      wildcard = false
      path = "reflectionFactoryAccess"
      exitVM = false
      serialVersionUID = -5636570222231596674
      name = "reflectionFactoryAccess"
    soleInstance = class sun.reflect.ReflectionFactory@1bb8fff
    langReflectAccess = class java.lang.reflect.ReflectAccess@2c4f02d0
    hasStaticInitializerMethod = null
    noInflation = false
    inflationThreshold = 15
  initted = true
  enumConstants = null
  enumConstantDirectory = null
  annotationData = null
  annotationType = null
  classValueMap = null

Dump of objectArray[2]
Object type = java.lang.Class
  ANNOTATION = 8192
  ENUM = 16384
  SYNTHETIC = 4096
  cachedConstructor = null
  newInstanceCallerCache = null
  name = "java.lang.Boolean"
  allPermDomain = class java.security.ProtectionDomain@7c34b198
    codesource = null
    classloader = null
    principals = interface java.security.Principal[0]
    permissions = class java.security.Permissions@357eca67
      permsMap = class java.util.HashMap@451fa814
      hasUnresolved = false
      allPermission = class java.security.AllPermissionCollection@19846563
      serialVersionUID = 4858622370623524688
      serialPersistentFields = class java.io.ObjectStreamField[2]
      serialVersionUID = -6727011328946861783
      readOnly = true
    hasAllPerm = true
    staticPermissions = true
    key = class java.security.ProtectionDomain$Key@c9a3f72
    debug = null
  useCaches = true
  reflectionData = class java.lang.ref.SoftReference@77aa4375
    clock = 2726165
    timestamp = 2726165
    referent = class java.lang.Class$ReflectionData@1a8da2c5
      declaredFields = class java.lang.reflect.Field[5]
      publicFields = null
      declaredMethods = class java.lang.reflect.Method[16]
      publicMethods = null
      declaredConstructors = null
      publicConstructors = null
      declaredPublicFields = class java.lang.reflect.Field[3]
      declaredPublicMethods = null
      interfaces = class java.lang.Class[2]
      redefinedCount = 0
    queue = class java.lang.ref.ReferenceQueue$Null@7e45dd4a
      NULL = class java.lang.ref.ReferenceQueue$Null@7e45dd4a
      ENQUEUED = class java.lang.ref.ReferenceQueue$Null@513cebc5
      lock = class java.lang.ref.ReferenceQueue$Lock@55d122c6
      head = null
      queueLength = 0
      $assertionsDisabled = true
    next = null
    discovered = null
    lock = class java.lang.ref.Reference$Lock@5a8b8c8d
    pending = null
  classRedefinedCount = 0
  genericInfo = class sun.reflect.generics.repository.ClassRepository@157e3ab8
    NONE = class sun.reflect.generics.repository.ClassRepository@51c8a45a
      NONE = class sun.reflect.generics.repository.ClassRepository@51c8a45a
      superclass = null
      superInterfaces = null
      typeParams = null
      factory = null
      tree = class sun.reflect.generics.tree.ClassSignature@28f3a676
    superclass = class java.lang.Class@5d6f64b1
      ANNOTATION = 8192
      ENUM = 16384
      SYNTHETIC = 4096
      cachedConstructor = null
      newInstanceCallerCache = null
      name = "java.lang.Object"
      allPermDomain = class java.security.ProtectionDomain@7c34b198
      useCaches = true
      reflectionData = class java.lang.ref.SoftReference@18e30516
      classRedefinedCount = 0
      genericInfo = class sun.reflect.generics.repository.ClassRepository@51c8a45a
      serialVersionUID = 3206093459760846163
      serialPersistentFields = class java.io.ObjectStreamField[0]
      reflectionFactory = class sun.reflect.ReflectionFactory@1bb8fff
      initted = true
      enumConstants = null
      enumConstantDirectory = null
      annotationData = class java.lang.Class$AnnotationData@67ded006
      annotationType = null
      classValueMap = null
    superInterfaces = interface java.lang.reflect.Type[2]
      Type[0] = class java.lang.Class@5c98e195
      Type[1] = class sun.reflect.generics.reflectiveObjects.ParameterizedTypeImpl@1497369
    typeParams = interface java.lang.reflect.TypeVariable[0]
    factory = class sun.reflect.generics.factory.CoreReflectionFactory@5b56adab
      decl = class java.lang.Class@3f979297
      scope = class sun.reflect.generics.scope.ClassScope@7a35b848
      $assertionsDisabled = true
    tree = class sun.reflect.generics.tree.ClassSignature@7ec2ec5f
      formalTypeParams = class sun.reflect.generics.tree.FormalTypeParameter[0]
      superclass = class sun.reflect.generics.tree.ClassTypeSignature@c32c268
      superInterfaces = class sun.reflect.generics.tree.ClassTypeSignature[2]
  serialVersionUID = 3206093459760846163
  serialPersistentFields = class java.io.ObjectStreamField[0]
  reflectionFactory = class sun.reflect.ReflectionFactory@1bb8fff
    initted = true
    reflectionFactoryAccessPerm = class java.lang.RuntimePermission@4b0844a7
      serialVersionUID = 7399184964622342223
      serialVersionUID = 6279438298436773498
      wildcard = false
      path = "reflectionFactoryAccess"
      exitVM = false
      serialVersionUID = -5636570222231596674
      name = "reflectionFactoryAccess"
    soleInstance = class sun.reflect.ReflectionFactory@1bb8fff
    langReflectAccess = class java.lang.reflect.ReflectAccess@2c4f02d0
    hasStaticInitializerMethod = null
    noInflation = false
    inflationThreshold = 15
  initted = true
  enumConstants = null
  enumConstantDirectory = null
  annotationData = null
  annotationType = null
  classValueMap = null

Dump of objectArray[3]
Object type = com.ibm.ws.classloading.internal.AppClassLoader
  tc = class com.ibm.websphere.ras.TraceComponent@5bd08cbe
    strings[0] = "TraceComponent[com.ibm.ws.classloading.internal.AppClassLoader,class com.ibm.ws.classloading.internal.AppClassLoader,[ClassLoadingService],com.ibm.ws.classloading.internal.resources.ClassLoadingServiceMessages,null]"
  PARENT_FIRST_SEARCH_ORDER = class java.util.Collections$UnmodifiableRandomAccessList@2503b9c1
    serialVersionUID = -2542308836966382001
    serialVersionUID = -283967356065247728
    list = class java.util.Arrays$ArrayList@9032b97
      serialVersionUID = -2764017481108945198
      a = class com.ibm.ws.classloading.internal.AppClassLoader$SearchLocation[3]
      modCount = 0
      MAX_ARRAY_SIZE = 2147483639
    serialVersionUID = 1820017752578914078
    c = class java.util.Arrays$ArrayList@9032b97
  CLASS_LOADING_TRACE_PREFIX = "com.ibm.ws.class.load."
  DEFAULT_PACKAGE = "default.package"
  perPackageClassLoadingTraceComponents = class java.util.concurrent.ConcurrentHashMap@618fa876
    serialVersionUID = 7249069246763182397
    MAXIMUM_CAPACITY = 1073741824
    DEFAULT_CAPACITY = 16
    MAX_ARRAY_SIZE = 2147483639
    DEFAULT_CONCURRENCY_LEVEL = 16
    LOAD_FACTOR = 0.75
    TREEIFY_THRESHOLD = 8
    UNTREEIFY_THRESHOLD = 6
    MIN_TREEIFY_CAPACITY = 64
    MIN_TRANSFER_STRIDE = 16
    RESIZE_STAMP_BITS = 16
    MAX_RESIZERS = 65535
    RESIZE_STAMP_SHIFT = 16
    MOVED = -1
    TREEBIN = -2
    RESERVED = -3
    HASH_BITS = 2147483647
    NCPU = 4
    serialPersistentFields = class java.io.ObjectStreamField[3]
    table = class java.util.concurrent.ConcurrentHashMap$Node[16]
      Node[0] = null
      Node[1] = class java.util.concurrent.ConcurrentHashMap$Node@5e34fba7
      Node[2] = null
      Node[3] = null
      Node[4] = null
      Node[5] = class java.util.concurrent.ConcurrentHashMap$Node@656c8932
      Node[6] = null
      Node[7] = class java.util.concurrent.ConcurrentHashMap$Node@8fec3f5
      Node[8] = null
      Node[9] = null
      Node[10] = null
      Node[11] = class java.util.concurrent.ConcurrentHashMap$Node@41679d62
      Node[12] = class java.util.concurrent.ConcurrentHashMap$Node@3877af2a
      Node[13] = null
      Node[14] = null
      Node[15] = null
    nextTable = null
    baseCount = 6
    sizeCtl = 12
    transferIndex = 0
    cellsBusy = 0
    counterCells = null
    keySet = null
    values = null
    entrySet = null
    U = class sun.misc.Unsafe@4aaf1628
    SIZECTL = 20
    TRANSFERINDEX = 32
    BASECOUNT = 24
    CELLSBUSY = 36
    CELLVALUE = 144
    ABASE = 16
    ASHIFT = 2
    keySet = null
    values = null
  config = class com.ibm.ws.classloading.internal.ClassLoaderConfigurationImpl@1f4a5fa3
    DEFAULT_PROTECTION_DOMAIN = class java.security.ProtectionDomain@38af8ef
      codesource = class java.security.CodeSource@7da84114
      classloader = null
      principals = interface java.security.Principal[0]
      permissions = null
      hasAllPerm = false
      staticPermissions = true
      key = class java.security.ProtectionDomain$Key@3389eb56
      debug = null
    delegateLast = false
    includeAppExtensions = true
    id = class com.ibm.ws.classloading.serializable.ClassLoaderIdentityImpl@70d5764f
      serialVersionUID = 1
      DOMAIN = "D"
      ID = "I"
      serialPersistentFields = class java.io.ObjectStreamField[2]
      SEPARATOR = ":"
      domain = "WebModule"
      id = "microprofile#microprofile-1.0-SNAPSHOT.war"
      $$$tc$$$ = class com.ibm.websphere.ras.TraceComponent@db10aa3
    parentId = null
    sharedLibraries = class java.util.ArrayList@64b3fb00
      serialVersionUID = 8683452581122892189
      DEFAULT_CAPACITY = 10
      EMPTY_ELEMENTDATA = class java.lang.Object[0]
      DEFAULTCAPACITY_EMPTY_ELEMENTDATA = class java.lang.Object[0]
      elementData = class java.lang.Object[0]
      size = 0
      MAX_ARRAY_SIZE = 2147483639
      modCount = 0
      MAX_ARRAY_SIZE = 2147483639
    commonLibraries = class java.util.Collections$EmptyList@5cbff5ba
      serialVersionUID = 8842843931221139166
      modCount = 0
      MAX_ARRAY_SIZE = 2147483639
    providers = class java.util.Collections$EmptyList@5cbff5ba
    nativeLibraryContainers = class java.util.Collections$EmptyList@5cbff5ba
    protectionDomain = class java.security.ProtectionDomain@8263342
      codesource = class java.security.CodeSource@6bc598de
      classloader = null
      principals = interface java.security.Principal[0]
      permissions = class java.security.Permissions@1f7a32ad
      hasAllPerm = true
      staticPermissions = true
      key = class java.security.ProtectionDomain$Key@1adb3f3c
      debug = null
    serialVersionUID = 9091690180200375339
    $$$tc$$$ = class com.ibm.websphere.ras.TraceComponent@499bd08b
      strings[0] = "TraceComponent[com.ibm.ws.classloading.internal.ClassLoaderConfigurationImpl,class com.ibm.ws.classloading.internal.ClassLoaderConfigurationImpl,[ClassLoadingService],com.ibm.ws.classloading.internal.resources.ClassLoadingServiceMessages,null]"
  privateLibraries = null
  delegateLoaders = class com.ibm.ws.classloading.internal.util.CompositeIterable@180e374b
    iterables = class java.util.Arrays$ArrayList@4bf104f1
      serialVersionUID = -2764017481108945198
      a = interface java.lang.Iterable[2]
      modCount = 0
      MAX_ARRAY_SIZE = 2147483639
    serialVersionUID = -1227195994638150837
    $$$tc$$$ = class com.ibm.websphere.ras.TraceComponent@7de63d5b
      strings[0] = "TraceComponent[com.ibm.ws.classloading.internal.util.CompositeIterable,class com.ibm.ws.classloading.internal.util.CompositeIterable,[],null,null]"
  nativeLibraryFiles = class java.util.ArrayList@20fb483a
    serialVersionUID = 8683452581122892189
    DEFAULT_CAPACITY = 10
    EMPTY_ELEMENTDATA = class java.lang.Object[0]
    DEFAULTCAPACITY_EMPTY_ELEMENTDATA = class java.lang.Object[0]
    elementData = class java.lang.Object[0]
    size = 0
    MAX_ARRAY_SIZE = 2147483639
    modCount = 0
    MAX_ARRAY_SIZE = 2147483639
  transformers = class java.util.ArrayList@3cab984b
    serialVersionUID = 8683452581122892189
    DEFAULT_CAPACITY = 10
    EMPTY_ELEMENTDATA = class java.lang.Object[0]
    DEFAULTCAPACITY_EMPTY_ELEMENTDATA = class java.lang.Object[0]
    elementData = class java.lang.Object[0]
    size = 0
    MAX_ARRAY_SIZE = 2147483639
    modCount = 0
    MAX_ARRAY_SIZE = 2147483639
  apiAccess = class com.ibm.ws.classloading.internal.GatewayClassLoader@b321513
    config = class com.ibm.ws.classloading.internal.GatewayConfigurationImpl@6b36f9a7
      bundleRequirements = null
      packageImports = null
      dynamicPackageImports = class java.util.Collections$UnmodifiableRandomAccessList@6f945d2
      delegateToSystem = true
      apiTypeVisibility = class java.util.RegularEnumSet@3838623b
      appName = "microprofile"
      appVersion = null
    wiringMonitor = class com.ibm.ws.classloading.internal.GatewayClassLoader$1@3f80c27b
      this$0 = class com.ibm.ws.classloading.internal.GatewayClassLoader@b321513
      serialVersionUID = -6591900154872362572
      $$$tc$$$ = class com.ibm.websphere.ras.TraceComponent@4016836c
    bundle = class org.eclipse.osgi.internal.framework.EquinoxBundle@32cb26ff
      equinoxContainer = class org.eclipse.osgi.internal.framework.EquinoxContainer@28e1206e
      module = class org.eclipse.osgi.internal.framework.EquinoxBundle$EquinoxModule@3271af04
      monitor = class java.lang.Object@7a5da58d
      context = class org.eclipse.osgi.internal.framework.BundleContextImpl@11fccb41
      signerInfos = null
      $SWITCH_TABLE$org$eclipse$osgi$container$Module$State = {1,2,3,4,5,6,7} /* array length = 7 */
    wiring = class org.eclipse.osgi.container.ModuleWiring@194cb536
      GET_CLASSLOADER_PERM = class java.lang.RuntimePermission@51312640
      DYNAMICALLY_ADDED_IMPORT_DIRECTIVE = "x.dynamically.added"
      revision = class org.eclipse.osgi.container.ModuleRevision@7ac23c9d
      capabilities = class java.util.ArrayList@5a669832
      requirements = class java.util.ArrayList@3e521c35
      substitutedPkgNames = class java.util.Collections$EmptyList@5cbff5ba
      loader = class org.eclipse.osgi.internal.container.AtomicLazyInitializer@64fd12a0
      loaderInitializer = class org.eclipse.osgi.container.ModuleWiring$LoaderInitializer@3c263b59
      providedWires = class java.util.ArrayList@52ef83e7
      requiredWires = class java.util.ArrayList@7cf29e3b
      isValid = true
      dynamicMissRef = class java.util.concurrent.atomic.AtomicReference@7016eb17
    bundleLoader = class org.eclipse.osgi.internal.loader.EquinoxClassLoader@7aa3a99a
      EQUINOX_REGISTERED_AS_PARALLEL = true
      configuration = class org.eclipse.osgi.internal.framework.EquinoxConfiguration@4ab40cbb
      debug = class org.eclipse.osgi.internal.debug.Debug@35b217ca
      delegate = class org.eclipse.osgi.internal.loader.BundleLoader@761978eb
      generation = class org.eclipse.osgi.storage.BundleInfo$Generation@3ed9cdda
      manager = class org.eclipse.osgi.internal.loader.classpath.ClasspathManager@54e2df6e
      isRegisteredAsParallel = true
      ALLPERMISSIONS = class java.security.AllPermissionCollection@71cb9e7f
      REGISTERED_AS_PARALLEL = true
      classNameLocks = class java.util.HashMap@4ca86e8d
      pkgLock = class java.lang.Object@3c6fdddf
      parent = class com.ibm.ws.kernel.internal.classloader.BootstrapChildFirstJarClassloader@4bf558aa
      parallelLockMap = class java.util.concurrent.ConcurrentHashMap@7e347c93
      package2certs = class java.util.concurrent.ConcurrentHashMap@53213d4c
      nocerts = class java.security.cert.Certificate[0]
      classes = class java.util.Vector@5c72fda3
      defaultDomain = class java.security.ProtectionDomain@1e3152d7
      domains = class java.util.Collections$SynchronizedSet@43bc7566
      packages = class java.util.HashMap@19adfb00
      scl = class sun.misc.Launcher$AppClassLoader@18b4aac2
      sclSet = true
      loadedLibraryNames = class java.util.Vector@455233c8
      systemNativeLibraries = class java.util.Vector@5e558e31
      nativeLibraries = class java.util.Vector@52f98273
      nativeLibraryContext = class java.util.Stack@6981ef32
      usr_paths = class java.lang.String[7]
      sys_paths = class java.lang.String[1]
      assertionLock = class java.lang.Object@464ad511
      defaultAssertionStatus = false
      packageAssertionStatus = null
      classAssertionStatus = null
    resourceProviders = class com.ibm.ws.classloading.internal.CompositeResourceProvider@26048ca8
      lockFactory = class java.util.concurrent.locks.ReentrantReadWriteLock@1f359d4d
      providerMap = class com.ibm.ws.classloading.internal.util.MultiMap@79d0b3a8
      serialVersionUID = -5576435894946156347
      $$$tc$$$ = class com.ibm.websphere.ras.TraceComponent@5dfcd401
    serialVersionUID = -4256474098847905153
    $$$tc$$$ = class com.ibm.websphere.ras.TraceComponent@5b44322b
      strings[0] = "TraceComponent[com.ibm.ws.classloading.internal.GatewayClassLoader,class com.ibm.ws.classloading.internal.GatewayClassLoader,[ClassLoadingService],com.ibm.ws.classloading.internal.resources.ClassLoadingServiceMessages,null]"
    parent = class sun.misc.Launcher$AppClassLoader@18b4aac2
    parallelLockMap = null
    package2certs = class java.util.Hashtable@1f2e1109
      table = class java.util.Hashtable$Entry[11]
      count = 0
      threshold = 8
      loadFactor = 0.75
      modCount = 0
      serialVersionUID = 1421746759512286392
      MAX_ARRAY_SIZE = 2147483639
      keySet = null
      entrySet = null
      values = null
      KEYS = 0
      VALUES = 1
      ENTRIES = 2
    nocerts = class java.security.cert.Certificate[0]
    classes = class java.util.Vector@63b7f2df
      elementData = class java.lang.Object[10]
      elementCount = 0
      capacityIncrement = 0
      serialVersionUID = -2767605614048989439
      MAX_ARRAY_SIZE = 2147483639
      modCount = 0
      MAX_ARRAY_SIZE = 2147483639
    defaultDomain = class java.security.ProtectionDomain@4bf684a
      codesource = class java.security.CodeSource@431908bc
      classloader = class com.ibm.ws.classloading.internal.GatewayClassLoader@b321513
      principals = interface java.security.Principal[0]
      permissions = null
      hasAllPerm = false
      staticPermissions = false
      key = class java.security.ProtectionDomain$Key@7ac7f94
      debug = null
    domains = class java.util.HashSet@65cd5b9
      serialVersionUID = -5024744406713321676
      map = class java.util.HashMap@3aec3dff
      PRESENT = class java.lang.Object@5fe29236
      MAX_ARRAY_SIZE = 2147483639
    packages = class java.util.HashMap@69952a22
      serialVersionUID = 362498820763181265
      DEFAULT_INITIAL_CAPACITY = 16
      MAXIMUM_CAPACITY = 1073741824
      DEFAULT_LOAD_FACTOR = 0.75
      TREEIFY_THRESHOLD = 8
      UNTREEIFY_THRESHOLD = 6
      MIN_TREEIFY_CAPACITY = 64
      table = null
      entrySet = null
      size = 0
      modCount = 0
      threshold = 0
      loadFactor = 0.75
      keySet = null
      values = null
    scl = class sun.misc.Launcher$AppClassLoader@18b4aac2
    sclSet = true
    loadedLibraryNames = class java.util.Vector@455233c8
    systemNativeLibraries = class java.util.Vector@5e558e31
    nativeLibraries = class java.util.Vector@35680cc5
      elementData = class java.lang.Object[10]
      elementCount = 0
      capacityIncrement = 0
      serialVersionUID = -2767605614048989439
      MAX_ARRAY_SIZE = 2147483639
      modCount = 0
      MAX_ARRAY_SIZE = 2147483639
    nativeLibraryContext = class java.util.Stack@6981ef32
    usr_paths = class java.lang.String[7]
    sys_paths = class java.lang.String[1]
    assertionLock = class com.ibm.ws.classloading.internal.GatewayClassLoader@b321513
    defaultAssertionStatus = false
    packageAssertionStatus = null
    classAssertionStatus = null
  generator = class com.ibm.ws.classloading.internal.ClassGeneratorManager@71517f3a
    tc = class com.ibm.websphere.ras.TraceComponent@10c59604
      strings[0] = "TraceComponent[com.ibm.ws.classloading.internal.ClassGeneratorManager,class com.ibm.ws.classloading.internal.ClassGeneratorManager,[ClassLoadingService],com.ibm.ws.classloading.internal.resources.ClassLoadingServiceMessages,null]"
    generatorRefs = class com.ibm.wsspi.kernel.service.utils.ConcurrentServiceReferenceSet@32be6d07
      referenceName = "generators"
      contextRef = class java.util.concurrent.atomic.AtomicReference@107e0dcf
      elementMap = class java.util.LinkedHashMap@e8aefa9
      elementSet = class java.util.concurrent.ConcurrentSkipListSet@1ef84134
      elementSetUnsorted = false
      serialVersionUID = 756240983881166148
      $$$tc$$$ = class com.ibm.websphere.ras.TraceComponent@33d1652f
    serialVersionUID = 4152663586056483310
  protectionDomains = class java.util.concurrent.ConcurrentHashMap@188cba34
    serialVersionUID = 7249069246763182397
    MAXIMUM_CAPACITY = 1073741824
    DEFAULT_CAPACITY = 16
    MAX_ARRAY_SIZE = 2147483639
    DEFAULT_CONCURRENCY_LEVEL = 16
    LOAD_FACTOR = 0.75
    TREEIFY_THRESHOLD = 8
    UNTREEIFY_THRESHOLD = 6
    MIN_TREEIFY_CAPACITY = 64
    MIN_TRANSFER_STRIDE = 16
    RESIZE_STAMP_BITS = 16
    MAX_RESIZERS = 65535
    RESIZE_STAMP_SHIFT = 16
    MOVED = -1
    TREEBIN = -2
    RESERVED = -3
    HASH_BITS = 2147483647
    NCPU = 4
    serialPersistentFields = class java.io.ObjectStreamField[3]
      ObjectStreamField[0] = class java.io.ObjectStreamField@5936e66e
      ObjectStreamField[1] = class java.io.ObjectStreamField@121fd6b1
      ObjectStreamField[2] = class java.io.ObjectStreamField@1859f663
    table = class java.util.concurrent.ConcurrentHashMap$Node[16]
      Node[0] = null
      Node[1] = null
      Node[2] = null
      Node[3] = null
      Node[4] = null
      Node[5] = null
      Node[6] = null
      Node[7] = class java.util.concurrent.ConcurrentHashMap$Node@4aa83a1b
      Node[8] = null
      Node[9] = null
      Node[10] = null
      Node[11] = null
      Node[12] = null
      Node[13] = null
      Node[14] = null
      Node[15] = null
    nextTable = null
    baseCount = 1
    sizeCtl = 12
    transferIndex = 0
    cellsBusy = 0
    counterCells = null
    keySet = null
    values = null
    entrySet = null
    U = class sun.misc.Unsafe@4aaf1628
      theUnsafe = class sun.misc.Unsafe@4aaf1628
      INVALID_FIELD_OFFSET = -1
      ARRAY_BOOLEAN_BASE_OFFSET = 16
      ARRAY_BYTE_BASE_OFFSET = 16
      ARRAY_SHORT_BASE_OFFSET = 16
      ARRAY_CHAR_BASE_OFFSET = 16
      ARRAY_INT_BASE_OFFSET = 16
      ARRAY_LONG_BASE_OFFSET = 16
      ARRAY_FLOAT_BASE_OFFSET = 16
      ARRAY_DOUBLE_BASE_OFFSET = 16
      ARRAY_OBJECT_BASE_OFFSET = 16
      ARRAY_BOOLEAN_INDEX_SCALE = 1
      ARRAY_BYTE_INDEX_SCALE = 1
      ARRAY_SHORT_INDEX_SCALE = 2
      ARRAY_CHAR_INDEX_SCALE = 2
      ARRAY_INT_INDEX_SCALE = 4
      ARRAY_LONG_INDEX_SCALE = 8
      ARRAY_FLOAT_INDEX_SCALE = 4
      ARRAY_DOUBLE_INDEX_SCALE = 8
      ARRAY_OBJECT_INDEX_SCALE = 4
      ADDRESS_SIZE = 8
    SIZECTL = 20
    TRANSFERINDEX = 32
    BASECOUNT = 24
    CELLSBUSY = 36
    CELLVALUE = 144
    ABASE = 16
    ASHIFT = 2
    keySet = null
    values = null
  parent = class com.ibm.ws.classloading.internal.GatewayClassLoader@b321513
  serialVersionUID = 952643806680066297
  tc = class com.ibm.websphere.ras.TraceComponent@4e9a066c
    strings[0] = "TraceComponent[com.ibm.ws.classloading.internal.ContainerClassLoader,class com.ibm.ws.classloading.internal.ContainerClassLoader,[ClassLoadingService],com.ibm.ws.classloading.internal.resources.ClassLoadingServiceMessages,null]"
  EMPTY_URL_ARRAY = class java.net.URL[0]
  smartClassPath = class com.ibm.ws.classloading.internal.ContainerClassLoader$SmartClassPathImpl@2452e55
    rwLock = class java.util.concurrent.locks.ReentrantReadWriteLock@4418f02e
      serialVersionUID = -6992448646407690164
      readerLock = class java.util.concurrent.locks.ReentrantReadWriteLock$ReadLock@43a78bcc
      writerLock = class java.util.concurrent.locks.ReentrantReadWriteLock$WriteLock@62642186
      sync = class java.util.concurrent.locks.ReentrantReadWriteLock$FairSync@5dd2bb41
      UNSAFE = class sun.misc.Unsafe@4aaf1628
      TID_OFFSET = 40
    outstandingContainers = class java.util.concurrent.atomic.AtomicInteger@3aff118c
      serialVersionUID = 6214790243416807050
      unsafe = class sun.misc.Unsafe@4aaf1628
      valueOffset = 12
      value = 0
      serialVersionUID = -8742448824652078965
    usePackageMap = true
    maxLastNotFound = 250
    maxLastFound = 900
    maxLastReallyNotFound = 900
    propsInUse = false
    classPath = class java.util.concurrent.CopyOnWriteArrayList@2e3df67
      serialVersionUID = 8673264195747942595
      lock = class java.util.concurrent.locks.ReentrantLock@124aa433
      array = class java.lang.Object[2]
      UNSAFE = class sun.misc.Unsafe@4aaf1628
      lockOffset = 12
    MAX_LASTNOTFOUND = 250
    lastNotFound = class java.util.concurrent.CopyOnWriteArrayList@53b98e74
      serialVersionUID = 8673264195747942595
      lock = class java.util.concurrent.locks.ReentrantLock@3953940f
      array = class java.lang.Object[2]
      UNSAFE = class sun.misc.Unsafe@4aaf1628
      lockOffset = 12
    MAX_LASTFOUND = 900
    lastFoundURL = class java.util.Collections$SynchronizedMap@50238dad
      serialVersionUID = 1978198479659022715
      m = class com.ibm.ws.util.CacheHashMap@6553617a
      mutex = class java.util.Collections$SynchronizedMap@50238dad
      keySet = null
      entrySet = null
      values = null
    MAX_LASTREALLYNOTFOUND = 900
    lastReallyNotFoundURL = class java.util.Collections$SynchronizedMap@12129554
      serialVersionUID = 1978198479659022715
      m = class com.ibm.ws.util.CacheHashMap@28ec3787
      mutex = class java.util.Collections$SynchronizedMap@12129554
      keySet = null
      entrySet = null
      values = null
    packageMap = class java.util.HashMap@e167896
      serialVersionUID = 362498820763181265
      DEFAULT_INITIAL_CAPACITY = 16
      MAXIMUM_CAPACITY = 1073741824
      DEFAULT_LOAD_FACTOR = 0.75
      TREEIFY_THRESHOLD = 8
      UNTREEIFY_THRESHOLD = 6
      MIN_TREEIFY_CAPACITY = 64
      table = class java.util.HashMap$Node[32]
      entrySet = null
      size = 23
      modCount = 23
      threshold = 24
      loadFactor = 0.75
      keySet = null
      values = null
    containers = class java.util.Collections$SetFromMap@11c38d0e
      m = class java.util.WeakHashMap@3fb6f62f
      s = class java.util.WeakHashMap$KeySet@1ae0fe3a
      serialVersionUID = 2454657854757543876
      MAX_ARRAY_SIZE = 2147483639
    serialVersionUID = -1017399707774944722
    $$$tc$$$ = class com.ibm.websphere.ras.TraceComponent@68cbca7a
      strings[0] = "TraceComponent[com.ibm.ws.classloading.internal.ContainerClassLoader$SmartClassPathImpl,class com.ibm.ws.classloading.internal.ContainerClassLoader$SmartClassPathImpl,[ClassLoadingService],com.ibm.ws.classloading.internal.resources.ClassLoadingServiceMessages,null]"
  nativeLibraryContainers = class java.util.ArrayList@78973988
    serialVersionUID = 8683452581122892189
    DEFAULT_CAPACITY = 10
    EMPTY_ELEMENTDATA = class java.lang.Object[0]
    DEFAULTCAPACITY_EMPTY_ELEMENTDATA = class java.lang.Object[0]
    elementData = class java.lang.Object[0]
    size = 0
    MAX_ARRAY_SIZE = 2147483639
    modCount = 0
    MAX_ARRAY_SIZE = 2147483639
  redefiner = class com.ibm.ws.classloading.internal.util.ClassRedefiner@53761b4
    tc = class com.ibm.websphere.ras.TraceComponent@51dc70eb
      strings[0] = "TraceComponent[com.ibm.ws.classloading.internal.util.ClassRedefiner,class com.ibm.ws.classloading.internal.util.ClassRedefiner,[],null,null]"
    LS = "
"
    inst = class com.ibm.ws.kernel.launch.internal.TraceInstrumentation@1b996849
      tc = class com.ibm.websphere.ras.TraceComponent@71329995
      instrumentation = class sun.instrument.InstrumentationImpl@6723feb5
      traceTransformers = class java.util.Collections$SynchronizedMap@7a2fcd45
      serialVersionUID = -4890921657066748572
    serialVersionUID = 2420101865139508526
  mapCreationQueue = class java.util.concurrent.Executors$FinalizableDelegatedExecutorService@3a14226
    e = class java.util.concurrent.ThreadPoolExecutor@690a35c9
      ctl = class java.util.concurrent.atomic.AtomicInteger@261bbf80
      COUNT_BITS = 29
      CAPACITY = 536870911
      RUNNING = -536870912
      SHUTDOWN = 0
      STOP = 536870912
      TIDYING = 1073741824
      TERMINATED = 1610612736
      workQueue = class java.util.concurrent.LinkedBlockingQueue@9eb0cfe
      mainLock = class java.util.concurrent.locks.ReentrantLock@52a21039
      workers = class java.util.HashSet@59d19094
      termination = class java.util.concurrent.locks.AbstractQueuedSynchronizer$ConditionObject@22cdd391
      largestPoolSize = 1
      completedTaskCount = 0
      threadFactory = class com.ibm.ws.classloading.internal.ContainerClassLoader$1@7310a7ca
      handler = class java.util.concurrent.ThreadPoolExecutor$AbortPolicy@31f15249
      keepAliveTime = 0
      allowCoreThreadTimeOut = false
      corePoolSize = 1
      maximumPoolSize = 1
      defaultHandler = class java.util.concurrent.ThreadPoolExecutor$AbortPolicy@31f15249
      shutdownPerm = class java.lang.RuntimePermission@64f121d3
      acc = null
      ONLY_ONE = true
      $assertionsDisabled = true
    $assertionsDisabled = true
  serialVersionUID = 7249739282446266343
  serialVersionUID = -7411549862368381758
  $$$tc$$$ = class com.ibm.websphere.ras.TraceComponent@b6f142c
    strings[0] = "TraceComponent[com.ibm.ws.classloading.internal.IdentifiedLoader,class com.ibm.ws.classloading.internal.IdentifiedLoader,[ClassLoadingService],com.ibm.ws.classloading.internal.resources.ClassLoadingServiceMessages,null]"
  serialVersionUID = -4868702105808481416
  $$$tc$$$ = class com.ibm.websphere.ras.TraceComponent@58d266c1
    strings[0] = "TraceComponent[com.ibm.ws.classloading.internal.LibertyLoader,class com.ibm.ws.classloading.internal.LibertyLoader,[ClassLoadingService],com.ibm.ws.classloading.internal.resources.ClassLoadingServiceMessages,null]"
  serialVersionUID = 2596921220292114344
  $$$tc$$$ = class com.ibm.websphere.ras.TraceComponent@30f28479
    strings[0] = "TraceComponent[com.ibm.ws.classloading.LibertyClassLoader,class com.ibm.ws.classloading.LibertyClassLoader,[ClassLoadingService],com.ibm.ws.classloading.internal.resources.ClassLoadingServiceMessages,null]"
  initialized = true
  pdcache = class java.util.HashMap@5e1aea86
    serialVersionUID = 362498820763181265
    DEFAULT_INITIAL_CAPACITY = 16
    MAXIMUM_CAPACITY = 1073741824
    DEFAULT_LOAD_FACTOR = 0.75
    TREEIFY_THRESHOLD = 8
    UNTREEIFY_THRESHOLD = 6
    MIN_TREEIFY_CAPACITY = 64
    table = null
    entrySet = null
    size = 0
    modCount = 0
    threshold = 16
    loadFactor = 0.75
    keySet = null
    values = null
  debug = null
  parent = class com.ibm.ws.classloading.internal.GatewayClassLoader@b321513
  parallelLockMap = null
  package2certs = class java.util.Hashtable@19fcbb3f
    table = class java.util.Hashtable$Entry[11]
      Entry[0] = class java.util.Hashtable$Entry@52fdb94a
      Entry[1] = null
      Entry[2] = class java.util.Hashtable$Entry@1551e41a
      Entry[3] = null
      Entry[4] = class java.util.Hashtable$Entry@3fe7ef06
      Entry[5] = null
      Entry[6] = null
      Entry[7] = null
      Entry[8] = class java.util.Hashtable$Entry@5adbb482
      Entry[9] = null
      Entry[10] = null
    count = 6
    threshold = 8
    loadFactor = 0.75
    modCount = 6
    serialVersionUID = 1421746759512286392
    MAX_ARRAY_SIZE = 2147483639
    keySet = null
    entrySet = null
    values = null
    KEYS = 0
    VALUES = 1
    ENTRIES = 2
  nocerts = class java.security.cert.Certificate[0]
  classes = class java.util.Vector@4e2fc00b
    elementData = class java.lang.Object[20]
      Object[0] = class java.lang.Class@610ea6cb
      Object[1] = class java.lang.Class@6efe6e9a
      Object[2] = class java.lang.Class@773d0063
      Object[3] = class java.lang.Class@61be3d17
      Object[4] = class java.lang.Class@f38563d
      Object[5] = class java.lang.Class@bd2510f
      Object[6] = class java.lang.Class@1c9a5452
      Object[7] = class java.lang.Class@4cc95e4d
      Object[8] = class java.lang.Class@6e51fece
      Object[9] = class java.lang.Class@1f7e9640
      Object[10] = class java.lang.Class@515e6042
      Object[11] = class java.lang.Class@64002cdf
      Object[12] = null
      Object[13] = null
      Object[14] = null
      Object[15] = null
      Object[16] = null
      Object[17] = null
      Object[18] = null
      Object[19] = null
    elementCount = 12
    capacityIncrement = 0
    serialVersionUID = -2767605614048989439
    MAX_ARRAY_SIZE = 2147483639
    modCount = 12
    MAX_ARRAY_SIZE = 2147483639
  defaultDomain = class java.security.ProtectionDomain@d379fa
    codesource = class java.security.CodeSource@539a4b07
      serialVersionUID = 4977541819976013951
      location = null
      signers = null
      certs = null
      sp = null
      factory = null
    classloader = class com.ibm.ws.classloading.internal.AppClassLoader@12651b52
    principals = interface java.security.Principal[0]
    permissions = null
    hasAllPerm = false
    staticPermissions = false
    key = class java.security.ProtectionDomain$Key@280ad18f
    debug = null
  domains = class java.util.HashSet@914fdbc
    serialVersionUID = -5024744406713321676
    map = class java.util.HashMap@6affd1a4
      serialVersionUID = 362498820763181265
      DEFAULT_INITIAL_CAPACITY = 16
      MAXIMUM_CAPACITY = 1073741824
      DEFAULT_LOAD_FACTOR = 0.75
      TREEIFY_THRESHOLD = 8
      UNTREEIFY_THRESHOLD = 6
      MIN_TREEIFY_CAPACITY = 64
      table = class java.util.HashMap$Node[16]
      entrySet = null
      size = 1
      modCount = 1
      threshold = 12
      loadFactor = 0.75
      keySet = null
      values = null
    PRESENT = class java.lang.Object@5fe29236
    MAX_ARRAY_SIZE = 2147483639
  packages = class java.util.HashMap@75cd9ae2
    serialVersionUID = 362498820763181265
    DEFAULT_INITIAL_CAPACITY = 16
    MAXIMUM_CAPACITY = 1073741824
    DEFAULT_LOAD_FACTOR = 0.75
    TREEIFY_THRESHOLD = 8
    UNTREEIFY_THRESHOLD = 6
    MIN_TREEIFY_CAPACITY = 64
    table = class java.util.HashMap$Node[16]
      Node[0] = null
      Node[1] = class java.util.HashMap$Node@6d0393f
      Node[2] = null
      Node[3] = null
      Node[4] = null
      Node[5] = class java.util.HashMap$Node@2918945
      Node[6] = null
      Node[7] = class java.util.HashMap$Node@3d2d23ef
      Node[8] = null
      Node[9] = null
      Node[10] = null
      Node[11] = class java.util.HashMap$Node@36685467
      Node[12] = class java.util.HashMap$Node@31768a54
      Node[13] = null
      Node[14] = null
      Node[15] = null
    entrySet = null
    size = 6
    modCount = 6
    threshold = 12
    loadFactor = 0.75
    keySet = null
    values = null
  scl = class sun.misc.Launcher$AppClassLoader@18b4aac2
    ucp = class sun.misc.URLClassPath@58e522db
      USER_AGENT_JAVA_VERSION = "UA-Java-Version"
      JAVA_VERSION = "1.8.0_171"
      DEBUG = false
      DEBUG_LOOKUP_CACHE = false
      DISABLE_JAR_CHECKING = false
      DISABLE_ACC_CHECKING = false
      path = class java.util.ArrayList@7400e063
      urls = class java.util.Stack@2d2ebeed
      loaders = class java.util.ArrayList@7103bb9d
      lmap = class java.util.HashMap@61d9c0d5
      jarHandler = class sun.net.www.protocol.jar.Handler@12a92775
      closed = false
      acc = class java.security.AccessControlContext@5946f09
      lookupCacheEnabled = false
      lookupCacheURLs = null
      lookupCacheLoader = null
    $assertionsDisabled = true
    ucp = class sun.misc.URLClassPath@58e522db
    acc = class java.security.AccessControlContext@5946f09
      context = null
      isPrivileged = true
      isAuthorized = true
      privilegedContext = null
      combiner = null
      permissions = null
      parent = null
      isWrapped = false
      isLimited = false
      limitedContext = null
      debugInit = false
      debug = null
    closeables = class java.util.WeakHashMap@67e8eacd
      DEFAULT_INITIAL_CAPACITY = 16
      MAXIMUM_CAPACITY = 1073741824
      DEFAULT_LOAD_FACTOR = 0.75
      table = class java.util.WeakHashMap$Entry[16]
      size = 0
      threshold = 12
      loadFactor = 0.75
      queue = class java.lang.ref.ReferenceQueue@238f46d1
      modCount = 0
      NULL_KEY = class java.lang.Object@7432462d
      entrySet = null
      keySet = null
      values = null
    initialized = true
    pdcache = class java.util.HashMap@6b031b0d
      serialVersionUID = 362498820763181265
      DEFAULT_INITIAL_CAPACITY = 16
      MAXIMUM_CAPACITY = 1073741824
      DEFAULT_LOAD_FACTOR = 0.75
      TREEIFY_THRESHOLD = 8
      UNTREEIFY_THRESHOLD = 6
      MIN_TREEIFY_CAPACITY = 64
      table = class java.util.HashMap$Node[16]
      entrySet = null
      size = 3
      modCount = 3
      threshold = 12
      loadFactor = 0.75
      keySet = null
      values = null
    debug = null
    parent = class sun.misc.Launcher$ExtClassLoader@6b27d4c2
      instance = class sun.misc.Launcher$ExtClassLoader@6b27d4c2
      ucp = class sun.misc.URLClassPath@70e810c4
      acc = class java.security.AccessControlContext@2b30d8e3
      closeables = class java.util.WeakHashMap@142f8c70
      initialized = true
      pdcache = class java.util.HashMap@688006f8
      debug = null
      parent = null
      parallelLockMap = class java.util.concurrent.ConcurrentHashMap@58de551c
      package2certs = class java.util.concurrent.ConcurrentHashMap@75046924
      nocerts = class java.security.cert.Certificate[0]
      classes = class java.util.Vector@1d2027f8
      defaultDomain = class java.security.ProtectionDomain@75ff5562
      domains = class java.util.Collections$SynchronizedSet@5f239874
      packages = class java.util.HashMap@93887fd
      scl = class sun.misc.Launcher$AppClassLoader@18b4aac2
      sclSet = true
      loadedLibraryNames = class java.util.Vector@455233c8
      systemNativeLibraries = class java.util.Vector@5e558e31
      nativeLibraries = class java.util.Vector@153b6ec5
      nativeLibraryContext = class java.util.Stack@6981ef32
      usr_paths = class java.lang.String[7]
      sys_paths = class java.lang.String[1]
      assertionLock = class java.lang.Object@1ae06d45
      defaultAssertionStatus = false
      packageAssertionStatus = null
      classAssertionStatus = null
    parallelLockMap = class java.util.concurrent.ConcurrentHashMap@1a810f4c
      serialVersionUID = 7249069246763182397
      MAXIMUM_CAPACITY = 1073741824
      DEFAULT_CAPACITY = 16
      MAX_ARRAY_SIZE = 2147483639
      DEFAULT_CONCURRENCY_LEVEL = 16
      LOAD_FACTOR = 0.75
      TREEIFY_THRESHOLD = 8
      UNTREEIFY_THRESHOLD = 6
      MIN_TREEIFY_CAPACITY = 64
      MIN_TRANSFER_STRIDE = 16
      RESIZE_STAMP_BITS = 16
      MAX_RESIZERS = 65535
      RESIZE_STAMP_SHIFT = 16
      MOVED = -1
      TREEBIN = -2
      RESERVED = -3
      HASH_BITS = 2147483647
      NCPU = 4
      serialPersistentFields = class java.io.ObjectStreamField[3]
      table = class java.util.concurrent.ConcurrentHashMap$Node[2048]
      nextTable = null
      baseCount = 768
      sizeCtl = 1536
      transferIndex = 0
      cellsBusy = 0
      counterCells = null
      keySet = null
      values = null
      entrySet = null
      U = class sun.misc.Unsafe@4aaf1628
      SIZECTL = 20
      TRANSFERINDEX = 32
      BASECOUNT = 24
      CELLSBUSY = 36
      CELLVALUE = 144
      ABASE = 16
      ASHIFT = 2
      keySet = null
      values = null
    package2certs = class java.util.concurrent.ConcurrentHashMap@3c4bd732
      serialVersionUID = 7249069246763182397
      MAXIMUM_CAPACITY = 1073741824
      DEFAULT_CAPACITY = 16
      MAX_ARRAY_SIZE = 2147483639
      DEFAULT_CONCURRENCY_LEVEL = 16
      LOAD_FACTOR = 0.75
      TREEIFY_THRESHOLD = 8
      UNTREEIFY_THRESHOLD = 6
      MIN_TREEIFY_CAPACITY = 64
      MIN_TRANSFER_STRIDE = 16
      RESIZE_STAMP_BITS = 16
      MAX_RESIZERS = 65535
      RESIZE_STAMP_SHIFT = 16
      MOVED = -1
      TREEBIN = -2
      RESERVED = -3
      HASH_BITS = 2147483647
      NCPU = 4
      serialPersistentFields = class java.io.ObjectStreamField[3]
      table = class java.util.concurrent.ConcurrentHashMap$Node[32]
      nextTable = null
      baseCount = 18
      sizeCtl = 24
      transferIndex = 0
      cellsBusy = 0
      counterCells = null
      keySet = null
      values = null
      entrySet = null
      U = class sun.misc.Unsafe@4aaf1628
      SIZECTL = 20
      TRANSFERINDEX = 32
      BASECOUNT = 24
      CELLSBUSY = 36
      CELLVALUE = 144
      ABASE = 16
      ASHIFT = 2
      keySet = null
      values = null
    nocerts = class java.security.cert.Certificate[0]
    classes = class java.util.Vector@1cd5fcf4
      elementData = class java.lang.Object[160]
      elementCount = 106
      capacityIncrement = 0
      serialVersionUID = -2767605614048989439
      MAX_ARRAY_SIZE = 2147483639
      modCount = 106
      MAX_ARRAY_SIZE = 2147483639
    defaultDomain = class java.security.ProtectionDomain@6ffd4710
      codesource = class java.security.CodeSource@1489c5ff
      classloader = class sun.misc.Launcher$AppClassLoader@18b4aac2
      principals = interface java.security.Principal[0]
      permissions = null
      hasAllPerm = false
      staticPermissions = false
      key = class java.security.ProtectionDomain$Key@5a8adced
      debug = null
    domains = class java.util.Collections$SynchronizedSet@7d94decc
      serialVersionUID = 487447009682186044
      serialVersionUID = 3053995032091335093
      c = class java.util.HashSet@7e7ea613
      mutex = class java.util.Collections$SynchronizedSet@7d94decc
    packages = class java.util.HashMap@1f84740b
      serialVersionUID = 362498820763181265
      DEFAULT_INITIAL_CAPACITY = 16
      MAXIMUM_CAPACITY = 1073741824
      DEFAULT_LOAD_FACTOR = 0.75
      TREEIFY_THRESHOLD = 8
      UNTREEIFY_THRESHOLD = 6
      MIN_TREEIFY_CAPACITY = 64
      table = class java.util.HashMap$Node[32]
      entrySet = null
      size = 18
      modCount = 18
      threshold = 24
      loadFactor = 0.75
      keySet = null
      values = null
    scl = class sun.misc.Launcher$AppClassLoader@18b4aac2
    sclSet = true
    loadedLibraryNames = class java.util.Vector@455233c8
    systemNativeLibraries = class java.util.Vector@5e558e31
    nativeLibraries = class java.util.Vector@2c851953
      elementData = class java.lang.Object[10]
      elementCount = 0
      capacityIncrement = 0
      serialVersionUID = -2767605614048989439
      MAX_ARRAY_SIZE = 2147483639
      modCount = 0
      MAX_ARRAY_SIZE = 2147483639
    nativeLibraryContext = class java.util.Stack@6981ef32
    usr_paths = class java.lang.String[7]
    sys_paths = class java.lang.String[1]
    assertionLock = class java.lang.Object@29c51e14
    defaultAssertionStatus = false
    packageAssertionStatus = null
    classAssertionStatus = null
  sclSet = true
  loadedLibraryNames = class java.util.Vector@455233c8
    elementData = class java.lang.Object[10]
      Object[0] = "/usr/lib/jvm/java-8-openjdk-amd64/jre/lib/amd64/libzip.so"
      Object[1] = "/usr/lib/jvm/java-8-openjdk-amd64/jre/lib/amd64/libinstrument.so"
      Object[2] = "/usr/lib/jvm/java-8-openjdk-amd64/jre/lib/amd64/libnet.so"
      Object[3] = "/usr/lib/jvm/java-8-openjdk-amd64/jre/lib/amd64/libnio.so"
      Object[4] = "/usr/lib/jvm/java-8-openjdk-amd64/jre/lib/amd64/libmanagement.so"
      Object[5] = "/usr/lib/jvm/java-8-openjdk-amd64/jre/lib/amd64/libsunec.so"
      Object[6] = null
      Object[7] = null
      Object[8] = null
      Object[9] = null
    elementCount = 6
    capacityIncrement = 0
    serialVersionUID = -2767605614048989439
    MAX_ARRAY_SIZE = 2147483639
    modCount = 6
    MAX_ARRAY_SIZE = 2147483639
  systemNativeLibraries = class java.util.Vector@5e558e31
    elementData = class java.lang.Object[10]
      Object[0] = class java.lang.ClassLoader$NativeLibrary@7927f0b6
      Object[1] = class java.lang.ClassLoader$NativeLibrary@35bced95
      Object[2] = class java.lang.ClassLoader$NativeLibrary@4eee68a3
      Object[3] = class java.lang.ClassLoader$NativeLibrary@1a039b36
      Object[4] = class java.lang.ClassLoader$NativeLibrary@5c677a80
      Object[5] = null
      Object[6] = null
      Object[7] = null
      Object[8] = null
      Object[9] = null
    elementCount = 5
    capacityIncrement = 0
    serialVersionUID = -2767605614048989439
    MAX_ARRAY_SIZE = 2147483639
    modCount = 5
    MAX_ARRAY_SIZE = 2147483639
  nativeLibraries = class java.util.Vector@7002615a
    elementData = class java.lang.Object[10]
      Object[0] = null
      Object[1] = null
      Object[2] = null
      Object[3] = null
      Object[4] = null
      Object[5] = null
      Object[6] = null
      Object[7] = null
      Object[8] = null
      Object[9] = null
    elementCount = 0
    capacityIncrement = 0
    serialVersionUID = -2767605614048989439
    MAX_ARRAY_SIZE = 2147483639
    modCount = 0
    MAX_ARRAY_SIZE = 2147483639
  nativeLibraryContext = class java.util.Stack@6981ef32
    serialVersionUID = 1224463164541339165
    elementData = class java.lang.Object[10]
      Object[0] = null
      Object[1] = null
      Object[2] = null
      Object[3] = null
      Object[4] = null
      Object[5] = null
      Object[6] = null
      Object[7] = null
      Object[8] = null
      Object[9] = null
    elementCount = 0
    capacityIncrement = 0
    serialVersionUID = -2767605614048989439
    MAX_ARRAY_SIZE = 2147483639
    modCount = 12
    MAX_ARRAY_SIZE = 2147483639
  usr_paths = class java.lang.String[7]
    String[0] = "/usr/java/packages/lib/amd64"
    String[1] = "/usr/lib/x86_64-linux-gnu/jni"
    String[2] = "/lib/x86_64-linux-gnu"
    String[3] = "/usr/lib/x86_64-linux-gnu"
    String[4] = "/usr/lib/jni"
    String[5] = "/lib"
    String[6] = "/usr/lib"
  sys_paths = class java.lang.String[1]
    String[0] = "/usr/lib/jvm/java-8-openjdk-amd64/jre/lib/amd64"
  assertionLock = class com.ibm.ws.classloading.internal.AppClassLoader@12651b52
  defaultAssertionStatus = false
  packageAssertionStatus = null
  classAssertionStatus = null

Dump of objectArray[4]
Object type = java.lang.Boolean
  TRUE = true
  FALSE = false
  TYPE = class java.lang.Class@51521cc1
    ANNOTATION = 8192
    ENUM = 16384
    SYNTHETIC = 4096
    cachedConstructor = null
    newInstanceCallerCache = null
    name = "boolean"
    allPermDomain = class java.security.ProtectionDomain@7c34b198
      codesource = null
      classloader = null
      principals = interface java.security.Principal[0]
      permissions = class java.security.Permissions@357eca67
      hasAllPerm = true
      staticPermissions = true
      key = class java.security.ProtectionDomain$Key@c9a3f72
      debug = null
    useCaches = true
    reflectionData = class java.lang.ref.SoftReference@31fc6fc2
      clock = 2726165
      timestamp = 2726165
      referent = class java.lang.Class$ReflectionData@74830574
      queue = class java.lang.ref.ReferenceQueue$Null@7e45dd4a
      next = null
      discovered = null
      lock = class java.lang.ref.Reference$Lock@5a8b8c8d
      pending = null
    classRedefinedCount = 0
    genericInfo = class sun.reflect.generics.repository.ClassRepository@51c8a45a
      NONE = class sun.reflect.generics.repository.ClassRepository@51c8a45a
      superclass = null
      superInterfaces = null
      typeParams = null
      factory = null
      tree = class sun.reflect.generics.tree.ClassSignature@28f3a676
    serialVersionUID = 3206093459760846163
    serialPersistentFields = class java.io.ObjectStreamField[0]
    reflectionFactory = class sun.reflect.ReflectionFactory@1bb8fff
      initted = true
      reflectionFactoryAccessPerm = class java.lang.RuntimePermission@4b0844a7
      soleInstance = class sun.reflect.ReflectionFactory@1bb8fff
      langReflectAccess = class java.lang.reflect.ReflectAccess@2c4f02d0
      hasStaticInitializerMethod = null
      noInflation = false
      inflationThreshold = 15
    initted = true
    enumConstants = null
    enumConstantDirectory = null
    annotationData = null
    annotationType = null
    classValueMap = null
  value = false
  serialVersionUID = -3665804199014368530

