------Start of DE processing------ = [6/26/18 12:32:07:669 PDT]
Exception = java.lang.reflect.InvocationTargetException
Source = com.ibm.ws.context.service.serializable.ContextualInvocationHandler
probeid = 104
Stack Dump = java.lang.reflect.InvocationTargetException
	at sun.reflect.NativeMethodAccessorImpl.invoke0(Native Method)
	at sun.reflect.NativeMethodAccessorImpl.invoke(NativeMethodAccessorImpl.java:62)
	at sun.reflect.DelegatingMethodAccessorImpl.invoke(DelegatingMethodAccessorImpl.java:43)
	at java.lang.reflect.Method.invoke(Method.java:498)
	at com.ibm.ws.context.service.serializable.ContextualInvocationHandler.invoke(ContextualInvocationHandler.java:76)
	at com.ibm.ws.context.service.serializable.ContextualInvocationHandler.invoke(ContextualInvocationHandler.java:97)
	at com.sun.proxy.$Proxy68.checkAllBeans(Unknown Source)
	at com.ibm.ws.microprofile.health.services.impl.HealthExecutorImpl.runHealthChecks(HealthExecutorImpl.java:73)
	at com.ibm.ws.microprofile.health.internal.HealthCheckServiceImpl.performHealthCheck(HealthCheckServiceImpl.java:107)
	at com.ibm.ws.microprofile.health.internal.servlet.HealthCheckServlet.service(HealthCheckServlet.java:53)
	at javax.servlet.http.HttpServlet.service(HttpServlet.java:790)
	at com.ibm.ws.webcontainer.servlet.ServletWrapper.service(ServletWrapper.java:1255)
	at com.ibm.ws.webcontainer.servlet.ServletWrapper.handleRequest(ServletWrapper.java:743)
	at com.ibm.ws.webcontainer.servlet.ServletWrapper.handleRequest(ServletWrapper.java:440)
	at com.ibm.ws.webcontainer.filter.WebAppFilterChain.invokeTarget(WebAppFilterChain.java:143)
	at com.ibm.ws.webcontainer.filter.WebAppFilterChain.doFilter(WebAppFilterChain.java:89)
	at com.ibm.ws.app.manager.wab.internal.OsgiDirectoryProtectionFilter.doFilter(OsgiDirectoryProtectionFilter.java:90)
	at com.ibm.ws.webcontainer.filter.FilterInstanceWrapper.doFilter(FilterInstanceWrapper.java:201)
	at com.ibm.ws.webcontainer.filter.WebAppFilterChain.doFilter(WebAppFilterChain.java:86)
	at com.ibm.ws.webcontainer.filter.WebAppFilterManager.doFilter(WebAppFilterManager.java:995)
	at com.ibm.ws.webcontainer.filter.WebAppFilterManager.invokeFilters(WebAppFilterManager.java:1124)
	at com.ibm.ws.webcontainer.webapp.WebApp.handleRequest(WebApp.java:4962)
	at com.ibm.ws.webcontainer.osgi.DynamicVirtualHost$2.handleRequest(DynamicVirtualHost.java:314)
	at com.ibm.ws.webcontainer.WebContainer.handleRequest(WebContainer.java:995)
	at com.ibm.ws.webcontainer.osgi.DynamicVirtualHost$2.run(DynamicVirtualHost.java:279)
	at com.ibm.ws.http.dispatcher.internal.channel.HttpDispatcherLink$TaskWrapper.run(HttpDispatcherLink.java:957)
	at com.ibm.ws.http.dispatcher.internal.channel.HttpDispatcherLink.wrapHandlerAndExecute(HttpDispatcherLink.java:357)
	at com.ibm.ws.http.dispatcher.internal.channel.HttpDispatcherLink.ready(HttpDispatcherLink.java:316)
	at com.ibm.ws.http.channel.internal.inbound.HttpInboundLink.handleDiscrimination(HttpInboundLink.java:499)
	at com.ibm.ws.http.channel.internal.inbound.HttpInboundLink.handleNewRequest(HttpInboundLink.java:433)
	at com.ibm.ws.http.channel.internal.inbound.HttpInboundLink.processRequest(HttpInboundLink.java:313)
	at com.ibm.ws.http.channel.internal.inbound.HttpInboundLink.ready(HttpInboundLink.java:284)
	at com.ibm.ws.tcpchannel.internal.NewConnectionInitialReadCallback.sendToDiscriminators(NewConnectionInitialReadCallback.java:165)
	at com.ibm.ws.tcpchannel.internal.NewConnectionInitialReadCallback.complete(NewConnectionInitialReadCallback.java:74)
	at com.ibm.ws.tcpchannel.internal.WorkQueueManager.requestComplete(WorkQueueManager.java:501)
	at com.ibm.ws.tcpchannel.internal.WorkQueueManager.attemptIO(WorkQueueManager.java:571)
	at com.ibm.ws.tcpchannel.internal.WorkQueueManager.workerRun(WorkQueueManager.java:926)
	at com.ibm.ws.tcpchannel.internal.WorkQueueManager$Worker.run(WorkQueueManager.java:1015)
	at java.util.concurrent.ThreadPoolExecutor.runWorker(ThreadPoolExecutor.java:1149)
	at java.util.concurrent.ThreadPoolExecutor$Worker.run(ThreadPoolExecutor.java:624)
	at java.lang.Thread.run(Thread.java:748)
Caused by: com.ibm.ws.microprofile.health.services.HealthCheckBeanCallException: java.lang.NullPointerException
	at com.ibm.ws.microprofile.health.services.impl.HealthCheckCDIBeanInvokerImpl.checkAllBeans(HealthCheckCDIBeanInvokerImpl.java:59)
	... 41 more
Caused by: java.lang.NullPointerException
	at application.microprofile.web.BookEndpointConfig.isInMaintenance(BookEndpointConfig.java:19)
	at application.microprofile.HealthEndpoint.isHealthy(HealthEndpoint.java:36)
	at application.microprofile.HealthEndpoint.call(HealthEndpoint.java:55)
	at application.microprofile.HealthEndpoint$Proxy$_$$_WeldClientProxy.call(Unknown Source)
	at com.ibm.ws.microprofile.health.services.impl.HealthCheckCDIBeanInvokerImpl.checkAllBeans(HealthCheckCDIBeanInvokerImpl.java:57)
	... 41 more

Dump of callerThis
Object type = com.ibm.ws.context.service.serializable.ContextualInvocationHandler
  serialPersistentFields = class java.io.ObjectStreamField[4]
    ObjectStreamField[0] = class java.io.ObjectStreamField@fc5cb4e
      name = "C"
      signature = "Lcom/ibm/ws/context/service/serializable/ThreadContextDescriptorImpl;"
      type = class java.lang.Class@490f9c8e
      unshared = false
      field = null
      offset = 0
    ObjectStreamField[1] = class java.io.ObjectStreamField@421e9b6c
      name = "E"
      signature = "Ljava/util/Map;"
      type = class java.lang.Class@748093b4
      unshared = false
      field = null
      offset = 0
    ObjectStreamField[2] = class java.io.ObjectStreamField@4ad9e3f2
      name = "I"
      signature = "Ljava/util/Set;"
      type = class java.lang.Class@1a40392f
      unshared = false
      field = null
      offset = 0
    ObjectStreamField[3] = class java.io.ObjectStreamField@3ef35685
      name = "O"
      signature = "[B"
      type = class java.lang.Class@3853963c
      unshared = false
      field = null
      offset = 0
  serialVersionUID = -6017024294962299060
  $$$tc$$$ = class com.ibm.websphere.ras.TraceComponent@739aefcc
    strings[0] = "TraceComponent[com.ibm.ws.context.service.serializable.ContextualInvocationHandler,class com.ibm.ws.context.service.serializable.ContextualInvocationHandler,[context],com.ibm.ws.context.service.resources.CWWKCMessages,null]"
  CONTEXT = "C"
  EXEC_PROPS = "E"
  INTERNAL_PROP_NAMES = "I"
  OBJECT = "O"
  serialFields = class java.io.ObjectStreamField[4]
  getThreadContextClassLoader = class com.ibm.ws.context.service.serializable.ContextualObject$GetThreadContextClassLoader@871767a
    serialVersionUID = 5694404510978877093
    $$$tc$$$ = class com.ibm.websphere.ras.TraceComponent@50d773bc
      strings[0] = "TraceComponent[com.ibm.ws.context.service.serializable.ContextualObject$GetThreadContextClassLoader,class com.ibm.ws.context.service.serializable.ContextualObject$GetThreadContextClassLoader,[context],com.ibm.ws.context.service.resources.CWWKCMessages,null]"
  object = class com.ibm.ws.microprofile.health.services.impl.HealthCheckCDIBeanInvokerImpl@2eba4b8b
    tc = class com.ibm.ejs.ras.TraceComponent@5e9f3721
      strings[0] = "TraceComponent[com.ibm.ws.microprofile.health.services.impl.HealthCheckCDIBeanInvokerImpl,class com.ibm.ws.microprofile.health.services.impl.HealthCheckCDIBeanInvokerImpl,[],null,null]"
    serialVersionUID = -6904456700224442077
  internalPropNames = null
  threadContextDescriptor = class com.ibm.ws.context.service.serializable.ThreadContextDescriptorImpl@6feeb8e2
    tc = class com.ibm.websphere.ras.TraceComponent@970873a
      strings[0] = "TraceComponent[com.ibm.ws.context.service.serializable.ThreadContextDescriptorImpl,class com.ibm.ws.context.service.serializable.ThreadContextDescriptorImpl,[context],com.ibm.ws.context.service.resources.CWWKCMessages,null]"
    execProps = class java.util.TreeMap@4acef173
      comparator = null
      root = class java.util.TreeMap$Entry@1a149b24
      size = 2
      modCount = 2
      entrySet = null
      navigableKeySet = null
      descendingMap = null
      UNBOUNDED = class java.lang.Object@333277bc
      RED = false
      BLACK = true
      serialVersionUID = 919286545866124006
      keySet = null
      values = null
    metaDataIdentifier = "WEB#com.ibm.ws.microprofile.health#com.ibm.ws.microprofile.health"
    providerNames = class java.util.ArrayList@507d7960
      serialVersionUID = 8683452581122892189
      DEFAULT_CAPACITY = 10
      EMPTY_ELEMENTDATA = class java.lang.Object[0]
      DEFAULTCAPACITY_EMPTY_ELEMENTDATA = class java.lang.Object[0]
      elementData = class java.lang.Object[8]
      size = 4
      MAX_ARRAY_SIZE = 2147483639
      modCount = 4
      MAX_ARRAY_SIZE = 2147483639
    providerNamesToSkip = class java.util.Collections$EmptyList@3cee2f1d
      serialVersionUID = 8842843931221139166
      modCount = 0
      MAX_ARRAY_SIZE = 2147483639
    threadContext = class java.util.ArrayList@9302fe2
      serialVersionUID = 8683452581122892189
      DEFAULT_CAPACITY = 10
      EMPTY_ELEMENTDATA = class java.lang.Object[0]
      DEFAULTCAPACITY_EMPTY_ELEMENTDATA = class java.lang.Object[0]
      elementData = class java.lang.Object[8]
      size = 4
      MAX_ARRAY_SIZE = 2147483639
      modCount = 4
      MAX_ARRAY_SIZE = 2147483639
    threadContextMgr = class com.ibm.ws.context.service.serializable.ThreadContextManager@344802de
      COMPONENT_NAME = "component.name"
      alwaysEnabled = class java.util.Collections$SetFromMap@7c0ab0ba
      metadataIdentifierService = class com.ibm.ws.container.service.metadata.internal.MetaDataServiceImpl@27a91f23
      threadContextProviders = class com.ibm.wsspi.kernel.service.utils.ConcurrentServiceReferenceMap@64546de8
      serialVersionUID = 3513608484245697656
      $$$tc$$$ = class com.ibm.websphere.ras.TraceComponent@fa4de77
    serialVersionUID = -418287919515508803
  serialVersionUID = -3325018751476745545
  $$$tc$$$ = class com.ibm.websphere.ras.TraceComponent@74aaf882
    strings[0] = "TraceComponent[com.ibm.ws.context.service.serializable.ContextualObject,class com.ibm.ws.context.service.serializable.ContextualObject,[context],com.ibm.ws.context.service.resources.CWWKCMessages,null]"

Dump of objectArray[0]
Object type = com.sun.proxy.$Proxy68
  m1 = class java.lang.reflect.Method@44d37ef5
    clazz = class java.lang.Class@5d6f64b1
    slot = 6
    name = "equals"
    returnType = class java.lang.Class@51521cc1
      ANNOTATION = 8192
      ENUM = 16384
      SYNTHETIC = 4096
      cachedConstructor = null
      newInstanceCallerCache = null
      name = "boolean"
      allPermDomain = class java.security.ProtectionDomain@6e952bf9
      useCaches = true
      reflectionData = class java.lang.ref.SoftReference@660ec38d
      classRedefinedCount = 0
      genericInfo = class sun.reflect.generics.repository.ClassRepository@7d1d428b
      serialVersionUID = 3206093459760846163
      serialPersistentFields = class java.io.ObjectStreamField[0]
      reflectionFactory = class sun.reflect.ReflectionFactory@25025e4b
      initted = true
      enumConstants = null
      enumConstantDirectory = null
      annotationData = null
      annotationType = null
      classValueMap = null
    parameterTypes = class java.lang.Class[1]
      Class[0] = class java.lang.Class@5d6f64b1
    exceptionTypes = class java.lang.Class[0]
    modifiers = 1
    signature = null
    genericInfo = null
    annotations = null
    parameterAnnotations = null
    annotationDefault = null
    methodAccessor = null
    root = class java.lang.reflect.Method@6c39b6f6
      clazz = class java.lang.Class@5d6f64b1
      slot = 6
      name = "equals"
      returnType = class java.lang.Class@51521cc1
      parameterTypes = class java.lang.Class[1]
      exceptionTypes = class java.lang.Class[0]
      modifiers = 1
      signature = null
      genericInfo = null
      annotations = null
      parameterAnnotations = null
      annotationDefault = null
      methodAccessor = null
      root = null
      hasRealParameterData = false
      parameters = null
      declaredAnnotations = class java.util.Collections$EmptyMap@7ea63201
      ACCESS_PERMISSION = class java.lang.reflect.ReflectPermission@1b52c59e
      override = false
      reflectionFactory = class sun.reflect.ReflectionFactory@25025e4b
      securityCheckCache = null
    hasRealParameterData = false
    parameters = null
    declaredAnnotations = null
    ACCESS_PERMISSION = class java.lang.reflect.ReflectPermission@1b52c59e
    override = false
    reflectionFactory = class sun.reflect.ReflectionFactory@25025e4b
    securityCheckCache = null
  m2 = class java.lang.reflect.Method@30a3b88d
    clazz = class java.lang.Class@5d6f64b1
    slot = 7
    name = "toString"
    returnType = class java.lang.Class@26b8814d
      ANNOTATION = 8192
      ENUM = 16384
      SYNTHETIC = 4096
      cachedConstructor = null
      newInstanceCallerCache = null
      name = "java.lang.String"
      allPermDomain = class java.security.ProtectionDomain@6e952bf9
      useCaches = true
      reflectionData = class java.lang.ref.SoftReference@2391b4ac
      classRedefinedCount = 0
      genericInfo = class sun.reflect.generics.repository.ClassRepository@4029de2d
      serialVersionUID = 3206093459760846163
      serialPersistentFields = class java.io.ObjectStreamField[0]
      reflectionFactory = class sun.reflect.ReflectionFactory@25025e4b
      initted = true
      enumConstants = null
      enumConstantDirectory = null
      annotationData = null
      annotationType = null
      classValueMap = null
    parameterTypes = class java.lang.Class[0]
    exceptionTypes = class java.lang.Class[0]
    modifiers = 1
    signature = null
    genericInfo = null
    annotations = null
    parameterAnnotations = null
    annotationDefault = null
    methodAccessor = null
    root = class java.lang.reflect.Method@77f903fd
      clazz = class java.lang.Class@5d6f64b1
      slot = 7
      name = "toString"
      returnType = class java.lang.Class@26b8814d
      parameterTypes = class java.lang.Class[0]
      exceptionTypes = class java.lang.Class[0]
      modifiers = 1
      signature = null
      genericInfo = null
      annotations = null
      parameterAnnotations = null
      annotationDefault = null
      methodAccessor = null
      root = null
      hasRealParameterData = false
      parameters = null
      declaredAnnotations = class java.util.Collections$EmptyMap@7ea63201
      ACCESS_PERMISSION = class java.lang.reflect.ReflectPermission@1b52c59e
      override = false
      reflectionFactory = class sun.reflect.ReflectionFactory@25025e4b
      securityCheckCache = null
    hasRealParameterData = false
    parameters = null
    declaredAnnotations = null
    ACCESS_PERMISSION = class java.lang.reflect.ReflectPermission@1b52c59e
    override = false
    reflectionFactory = class sun.reflect.ReflectionFactory@25025e4b
    securityCheckCache = null
  m3 = class java.lang.reflect.Method@3d5fbd2c
    clazz = class java.lang.Class@5109fcb6
      ANNOTATION = 8192
      ENUM = 16384
      SYNTHETIC = 4096
      cachedConstructor = null
      newInstanceCallerCache = null
      name = "com.ibm.ws.microprofile.health.services.HealthCheckCDIBeanInvoker"
      allPermDomain = class java.security.ProtectionDomain@6e952bf9
      useCaches = true
      reflectionData = class java.lang.ref.SoftReference@27c02e5
      classRedefinedCount = 0
      genericInfo = null
      serialVersionUID = 3206093459760846163
      serialPersistentFields = class java.io.ObjectStreamField[0]
      reflectionFactory = class sun.reflect.ReflectionFactory@25025e4b
      initted = true
      enumConstants = null
      enumConstantDirectory = null
      annotationData = null
      annotationType = null
      classValueMap = null
    slot = 0
    name = "checkAllBeans"
    returnType = class java.lang.Class@1a40392f
      ANNOTATION = 8192
      ENUM = 16384
      SYNTHETIC = 4096
      cachedConstructor = null
      newInstanceCallerCache = null
      name = "java.util.Set"
      allPermDomain = class java.security.ProtectionDomain@6e952bf9
      useCaches = true
      reflectionData = class java.lang.ref.SoftReference@2113fa06
      classRedefinedCount = 0
      genericInfo = class sun.reflect.generics.repository.ClassRepository@9bff873
      serialVersionUID = 3206093459760846163
      serialPersistentFields = class java.io.ObjectStreamField[0]
      reflectionFactory = class sun.reflect.ReflectionFactory@25025e4b
      initted = true
      enumConstants = null
      enumConstantDirectory = null
      annotationData = null
      annotationType = null
      classValueMap = null
    parameterTypes = class java.lang.Class[0]
    exceptionTypes = class java.lang.Class[1]
      Class[0] = class java.lang.Class@d9d9e48
    modifiers = 1025
    signature = "()Ljava/util/Set<Lorg/eclipse/microprofile/health/HealthCheckResponse;>;"
    genericInfo = null
    annotations = null
    parameterAnnotations = null
    annotationDefault = null
    methodAccessor = class sun.reflect.DelegatingMethodAccessorImpl@10b3fea6
      delegate = class sun.reflect.NativeMethodAccessorImpl@6abaa20b
    root = class java.lang.reflect.Method@3f848bff
      clazz = class java.lang.Class@5109fcb6
      slot = 0
      name = "checkAllBeans"
      returnType = class java.lang.Class@1a40392f
      parameterTypes = class java.lang.Class[0]
      exceptionTypes = class java.lang.Class[1]
      modifiers = 1025
      signature = "()Ljava/util/Set<Lorg/eclipse/microprofile/health/HealthCheckResponse;>;"
      genericInfo = null
      annotations = null
      parameterAnnotations = null
      annotationDefault = null
      methodAccessor = class sun.reflect.DelegatingMethodAccessorImpl@10b3fea6
      root = null
      hasRealParameterData = false
      parameters = null
      declaredAnnotations = null
      ACCESS_PERMISSION = class java.lang.reflect.ReflectPermission@1b52c59e
      override = false
      reflectionFactory = class sun.reflect.ReflectionFactory@25025e4b
      securityCheckCache = null
    hasRealParameterData = false
    parameters = null
    declaredAnnotations = null
    ACCESS_PERMISSION = class java.lang.reflect.ReflectPermission@1b52c59e
    override = false
    reflectionFactory = class sun.reflect.ReflectionFactory@25025e4b
    securityCheckCache = null
  m0 = class java.lang.reflect.Method@5a576c46
    clazz = class java.lang.Class@5d6f64b1
      ANNOTATION = 8192
      ENUM = 16384
      SYNTHETIC = 4096
      cachedConstructor = null
      newInstanceCallerCache = null
      name = "java.lang.Object"
      allPermDomain = class java.security.ProtectionDomain@6e952bf9
      useCaches = true
      reflectionData = class java.lang.ref.SoftReference@23fea638
      classRedefinedCount = 0
      genericInfo = class sun.reflect.generics.repository.ClassRepository@7d1d428b
      serialVersionUID = 3206093459760846163
      serialPersistentFields = class java.io.ObjectStreamField[0]
      reflectionFactory = class sun.reflect.ReflectionFactory@25025e4b
      initted = true
      enumConstants = null
      enumConstantDirectory = null
      annotationData = class java.lang.Class$AnnotationData@7ed03b11
      annotationType = null
      classValueMap = null
    slot = 8
    name = "hashCode"
    returnType = class java.lang.Class@50134894
      ANNOTATION = 8192
      ENUM = 16384
      SYNTHETIC = 4096
      cachedConstructor = null
      newInstanceCallerCache = null
      name = "int"
      allPermDomain = class java.security.ProtectionDomain@6e952bf9
      useCaches = true
      reflectionData = null
      classRedefinedCount = 0
      genericInfo = null
      serialVersionUID = 3206093459760846163
      serialPersistentFields = class java.io.ObjectStreamField[0]
      reflectionFactory = class sun.reflect.ReflectionFactory@25025e4b
      initted = true
      enumConstants = null
      enumConstantDirectory = null
      annotationData = null
      annotationType = null
      classValueMap = null
    parameterTypes = class java.lang.Class[0]
    exceptionTypes = class java.lang.Class[0]
    modifiers = 257
    signature = null
    genericInfo = null
    annotations = null
    parameterAnnotations = null
    annotationDefault = null
    methodAccessor = null
    root = class java.lang.reflect.Method@9443832
      clazz = class java.lang.Class@5d6f64b1
      slot = 8
      name = "hashCode"
      returnType = class java.lang.Class@50134894
      parameterTypes = class java.lang.Class[0]
      exceptionTypes = class java.lang.Class[0]
      modifiers = 257
      signature = null
      genericInfo = null
      annotations = null
      parameterAnnotations = null
      annotationDefault = null
      methodAccessor = null
      root = null
      hasRealParameterData = false
      parameters = null
      declaredAnnotations = class java.util.Collections$EmptyMap@7ea63201
      ACCESS_PERMISSION = class java.lang.reflect.ReflectPermission@1b52c59e
      override = false
      reflectionFactory = class sun.reflect.ReflectionFactory@25025e4b
      securityCheckCache = null
    hasRealParameterData = false
    parameters = null
    declaredAnnotations = null
    ACCESS_PERMISSION = class java.lang.reflect.ReflectPermission@1b52c59e
      serialVersionUID = 7412737110241507485
      serialVersionUID = 6279438298436773498
      wildcard = false
      path = "suppressAccessChecks"
      exitVM = false
      serialVersionUID = -5636570222231596674
      name = "suppressAccessChecks"
    override = false
    reflectionFactory = class sun.reflect.ReflectionFactory@25025e4b
      initted = true
      reflectionFactoryAccessPerm = class java.lang.RuntimePermission@60d0b3d2
      soleInstance = class sun.reflect.ReflectionFactory@25025e4b
      langReflectAccess = class java.lang.reflect.ReflectAccess@67d6f253
      hasStaticInitializerMethod = null
      noInflation = false
      inflationThreshold = 15
    securityCheckCache = null
  serialVersionUID = -2222568056686623797
  constructorParams = class java.lang.Class[1]
    Class[0] = class java.lang.Class@4635b08d
      ANNOTATION = 8192
      ENUM = 16384
      SYNTHETIC = 4096
      cachedConstructor = null
      newInstanceCallerCache = null
      name = "java.lang.reflect.InvocationHandler"
      allPermDomain = class java.security.ProtectionDomain@6e952bf9
      useCaches = true
      reflectionData = null
      classRedefinedCount = 0
      genericInfo = null
      serialVersionUID = 3206093459760846163
      serialPersistentFields = class java.io.ObjectStreamField[0]
      reflectionFactory = class sun.reflect.ReflectionFactory@25025e4b
      initted = true
      enumConstants = null
      enumConstantDirectory = null
      annotationData = null
      annotationType = null
      classValueMap = null
  proxyClassCache = class java.lang.reflect.WeakCache@286622d7
    refQueue = class java.lang.ref.ReferenceQueue@5dbfc258
      NULL = class java.lang.ref.ReferenceQueue$Null@6b711556
      ENQUEUED = class java.lang.ref.ReferenceQueue$Null@3d68a166
      lock = class java.lang.ref.ReferenceQueue$Lock@429f1d69
      head = null
      queueLength = 0
      $assertionsDisabled = true
    map = class java.util.concurrent.ConcurrentHashMap@657a8ac0
      serialVersionUID = 7249069246763182397
      MAXIMUM_CAPACITY = 1073741824
      DEFAULT_CAPACITY = 16
      MAX_ARRAY_SIZE = 2147483639
      DEFAULT_CONCURRENCY_LEVEL = 16
      LOAD_FACTOR = 0.75
      TREEIFY_THRESHOLD = 8
      UNTREEIFY_THRESHOLD = 6
      MIN_TREEIFY_CAPACITY = 64
      MIN_TRANSFER_STRIDE = 16
      RESIZE_STAMP_BITS = 16
      MAX_RESIZERS = 65535
      RESIZE_STAMP_SHIFT = 16
      MOVED = -1
      TREEBIN = -2
      RESERVED = -3
      HASH_BITS = 2147483647
      NCPU = 4
      serialPersistentFields = class java.io.ObjectStreamField[3]
      table = class java.util.concurrent.ConcurrentHashMap$Node[32]
      nextTable = null
      baseCount = 20
      sizeCtl = 24
      transferIndex = 0
      cellsBusy = 0
      counterCells = null
      keySet = null
      values = null
      entrySet = null
      U = class sun.misc.Unsafe@cd63842
      SIZECTL = 20
      TRANSFERINDEX = 32
      BASECOUNT = 24
      CELLSBUSY = 36
      CELLVALUE = 144
      ABASE = 16
      ASHIFT = 2
      keySet = null
      values = null
    reverseMap = class java.util.concurrent.ConcurrentHashMap@6809cdc4
      serialVersionUID = 7249069246763182397
      MAXIMUM_CAPACITY = 1073741824
      DEFAULT_CAPACITY = 16
      MAX_ARRAY_SIZE = 2147483639
      DEFAULT_CONCURRENCY_LEVEL = 16
      LOAD_FACTOR = 0.75
      TREEIFY_THRESHOLD = 8
      UNTREEIFY_THRESHOLD = 6
      MIN_TREEIFY_CAPACITY = 64
      MIN_TRANSFER_STRIDE = 16
      RESIZE_STAMP_BITS = 16
      MAX_RESIZERS = 65535
      RESIZE_STAMP_SHIFT = 16
      MOVED = -1
      TREEBIN = -2
      RESERVED = -3
      HASH_BITS = 2147483647
      NCPU = 4
      serialPersistentFields = class java.io.ObjectStreamField[3]
      table = class java.util.concurrent.ConcurrentHashMap$Node[128]
      nextTable = null
      baseCount = 69
      sizeCtl = 96
      transferIndex = 0
      cellsBusy = 0
      counterCells = null
      keySet = null
      values = null
      entrySet = null
      U = class sun.misc.Unsafe@cd63842
      SIZECTL = 20
      TRANSFERINDEX = 32
      BASECOUNT = 24
      CELLSBUSY = 36
      CELLVALUE = 144
      ABASE = 16
      ASHIFT = 2
      keySet = null
      values = null
    subKeyFactory = class java.lang.reflect.Proxy$KeyFactory@24616f20
    valueFactory = class java.lang.reflect.Proxy$ProxyClassFactory@76fc4f6
      proxyClassNamePrefix = "$Proxy"
      nextUniqueNumber = class java.util.concurrent.atomic.AtomicLong@194ff8bd
  h = class com.ibm.ws.context.service.serializable.ContextualInvocationHandler@569a722
    serialPersistentFields = class java.io.ObjectStreamField[4]
      ObjectStreamField[0] = class java.io.ObjectStreamField@fc5cb4e
      ObjectStreamField[1] = class java.io.ObjectStreamField@421e9b6c
      ObjectStreamField[2] = class java.io.ObjectStreamField@4ad9e3f2
      ObjectStreamField[3] = class java.io.ObjectStreamField@3ef35685
    serialVersionUID = -6017024294962299060
    $$$tc$$$ = class com.ibm.websphere.ras.TraceComponent@739aefcc
      strings[0] = "TraceComponent[com.ibm.ws.context.service.serializable.ContextualInvocationHandler,class com.ibm.ws.context.service.serializable.ContextualInvocationHandler,[context],com.ibm.ws.context.service.resources.CWWKCMessages,null]"
    CONTEXT = "C"
    EXEC_PROPS = "E"
    INTERNAL_PROP_NAMES = "I"
    OBJECT = "O"
    serialFields = class java.io.ObjectStreamField[4]
    getThreadContextClassLoader = class com.ibm.ws.context.service.serializable.ContextualObject$GetThreadContextClassLoader@871767a
      serialVersionUID = 5694404510978877093
      $$$tc$$$ = class com.ibm.websphere.ras.TraceComponent@50d773bc
    object = class com.ibm.ws.microprofile.health.services.impl.HealthCheckCDIBeanInvokerImpl@2eba4b8b
      tc = class com.ibm.ejs.ras.TraceComponent@5e9f3721
      serialVersionUID = -6904456700224442077
    internalPropNames = null
    threadContextDescriptor = class com.ibm.ws.context.service.serializable.ThreadContextDescriptorImpl@6feeb8e2
      tc = class com.ibm.websphere.ras.TraceComponent@970873a
      execProps = class java.util.TreeMap@4acef173
      metaDataIdentifier = "WEB#com.ibm.ws.microprofile.health#com.ibm.ws.microprofile.health"
      providerNames = class java.util.ArrayList@507d7960
      providerNamesToSkip = class java.util.Collections$EmptyList@3cee2f1d
      threadContext = class java.util.ArrayList@9302fe2
      threadContextMgr = class com.ibm.ws.context.service.serializable.ThreadContextManager@344802de
      serialVersionUID = -418287919515508803
    serialVersionUID = -3325018751476745545
    $$$tc$$$ = class com.ibm.websphere.ras.TraceComponent@74aaf882
      strings[0] = "TraceComponent[com.ibm.ws.context.service.serializable.ContextualObject,class com.ibm.ws.context.service.serializable.ContextualObject,[context],com.ibm.ws.context.service.resources.CWWKCMessages,null]"
  key0 = class java.lang.Object@68105c2a

Dump of objectArray[1]
Object type = java.lang.reflect.Method
  clazz = class java.lang.Class@5109fcb6
    ANNOTATION = 8192
    ENUM = 16384
    SYNTHETIC = 4096
    cachedConstructor = null
    newInstanceCallerCache = null
    name = "com.ibm.ws.microprofile.health.services.HealthCheckCDIBeanInvoker"
    allPermDomain = class java.security.ProtectionDomain@6e952bf9
      codesource = null
      classloader = null
      principals = interface java.security.Principal[0]
      permissions = class java.security.Permissions@3e4da063
      hasAllPerm = true
      staticPermissions = true
      key = class java.security.ProtectionDomain$Key@44556516
      debug = null
    useCaches = true
    reflectionData = class java.lang.ref.SoftReference@27c02e5
      clock = 1779570
      timestamp = 1779570
      referent = class java.lang.Class$ReflectionData@2727935
      queue = class java.lang.ref.ReferenceQueue$Null@6b711556
      next = null
      discovered = null
      lock = class java.lang.ref.Reference$Lock@72ef0aae
      pending = null
    classRedefinedCount = 0
    genericInfo = null
    serialVersionUID = 3206093459760846163
    serialPersistentFields = class java.io.ObjectStreamField[0]
    reflectionFactory = class sun.reflect.ReflectionFactory@25025e4b
    initted = true
    enumConstants = null
    enumConstantDirectory = null
    annotationData = null
    annotationType = null
    classValueMap = null
  slot = 0
  name = "checkAllBeans"
  returnType = class java.lang.Class@1a40392f
    ANNOTATION = 8192
    ENUM = 16384
    SYNTHETIC = 4096
    cachedConstructor = null
    newInstanceCallerCache = null
    name = "java.util.Set"
    allPermDomain = class java.security.ProtectionDomain@6e952bf9
    useCaches = true
    reflectionData = class java.lang.ref.SoftReference@2113fa06
      clock = 1779570
      timestamp = 1772782
      referent = class java.lang.Class$ReflectionData@3a54eb50
      queue = class java.lang.ref.ReferenceQueue$Null@6b711556
      next = null
      discovered = null
      lock = class java.lang.ref.Reference$Lock@72ef0aae
      pending = null
    classRedefinedCount = 0
    genericInfo = class sun.reflect.generics.repository.ClassRepository@9bff873
      NONE = class sun.reflect.generics.repository.ClassRepository@7d1d428b
      superclass = null
      superInterfaces = interface java.lang.reflect.Type[1]
      typeParams = interface java.lang.reflect.TypeVariable[1]
      factory = class sun.reflect.generics.factory.CoreReflectionFactory@3b7144d0
      tree = class sun.reflect.generics.tree.ClassSignature@2d74f0c0
    serialVersionUID = 3206093459760846163
    serialPersistentFields = class java.io.ObjectStreamField[0]
    reflectionFactory = class sun.reflect.ReflectionFactory@25025e4b
    initted = true
    enumConstants = null
    enumConstantDirectory = null
    annotationData = null
    annotationType = null
    classValueMap = null
  parameterTypes = class java.lang.Class[0]
  exceptionTypes = class java.lang.Class[1]
    Class[0] = class java.lang.Class@d9d9e48
      ANNOTATION = 8192
      ENUM = 16384
      SYNTHETIC = 4096
      cachedConstructor = null
      newInstanceCallerCache = null
      name = "com.ibm.ws.microprofile.health.services.HealthCheckBeanCallException"
      allPermDomain = class java.security.ProtectionDomain@6e952bf9
      useCaches = true
      reflectionData = null
      classRedefinedCount = 0
      genericInfo = null
      serialVersionUID = 3206093459760846163
      serialPersistentFields = class java.io.ObjectStreamField[0]
      reflectionFactory = class sun.reflect.ReflectionFactory@25025e4b
      initted = true
      enumConstants = null
      enumConstantDirectory = null
      annotationData = class java.lang.Class$AnnotationData@302cef65
      annotationType = null
      classValueMap = null
  modifiers = 1025
  signature = "()Ljava/util/Set<Lorg/eclipse/microprofile/health/HealthCheckResponse;>;"
  genericInfo = null
  annotations = null
  parameterAnnotations = null
  annotationDefault = null
  methodAccessor = class sun.reflect.DelegatingMethodAccessorImpl@10b3fea6
    delegate = class sun.reflect.NativeMethodAccessorImpl@6abaa20b
      method = class java.lang.reflect.Method@3d5fbd2c
      parent = class sun.reflect.DelegatingMethodAccessorImpl@10b3fea6
      numInvocations = 1
  root = class java.lang.reflect.Method@3f848bff
    clazz = class java.lang.Class@5109fcb6
    slot = 0
    name = "checkAllBeans"
    returnType = class java.lang.Class@1a40392f
    parameterTypes = class java.lang.Class[0]
    exceptionTypes = class java.lang.Class[1]
    modifiers = 1025
    signature = "()Ljava/util/Set<Lorg/eclipse/microprofile/health/HealthCheckResponse;>;"
    genericInfo = null
    annotations = null
    parameterAnnotations = null
    annotationDefault = null
    methodAccessor = class sun.reflect.DelegatingMethodAccessorImpl@10b3fea6
    root = null
    hasRealParameterData = false
    parameters = null
    declaredAnnotations = null
    ACCESS_PERMISSION = class java.lang.reflect.ReflectPermission@1b52c59e
    override = false
    reflectionFactory = class sun.reflect.ReflectionFactory@25025e4b
    securityCheckCache = null
  hasRealParameterData = false
  parameters = null
  declaredAnnotations = null
  ACCESS_PERMISSION = class java.lang.reflect.ReflectPermission@1b52c59e
    serialVersionUID = 7412737110241507485
    serialVersionUID = 6279438298436773498
    wildcard = false
    path = "suppressAccessChecks"
    exitVM = false
    serialVersionUID = -5636570222231596674
    name = "suppressAccessChecks"
  override = false
  reflectionFactory = class sun.reflect.ReflectionFactory@25025e4b
    initted = true
    reflectionFactoryAccessPerm = class java.lang.RuntimePermission@60d0b3d2
      serialVersionUID = 7399184964622342223
      serialVersionUID = 6279438298436773498
      wildcard = false
      path = "reflectionFactoryAccess"
      exitVM = false
      serialVersionUID = -5636570222231596674
      name = "reflectionFactoryAccess"
    soleInstance = class sun.reflect.ReflectionFactory@25025e4b
    langReflectAccess = class java.lang.reflect.ReflectAccess@67d6f253
    hasStaticInitializerMethod = null
    noInflation = false
    inflationThreshold = 15
  securityCheckCache = null

Dump of objectArray[2]
null
