------Start of DE processing------ = [6/26/18 12:29:27:104 PDT]
Exception = java.lang.reflect.InvocationTargetException
Source = com.ibm.ws.context.service.serializable.ContextualInvocationHandler
probeid = 104
Stack Dump = java.lang.reflect.InvocationTargetException
	at sun.reflect.NativeMethodAccessorImpl.invoke0(Native Method)
	at sun.reflect.NativeMethodAccessorImpl.invoke(NativeMethodAccessorImpl.java:62)
	at sun.reflect.DelegatingMethodAccessorImpl.invoke(DelegatingMethodAccessorImpl.java:43)
	at java.lang.reflect.Method.invoke(Method.java:498)
	at com.ibm.ws.context.service.serializable.ContextualInvocationHandler.invoke(ContextualInvocationHandler.java:76)
	at com.ibm.ws.context.service.serializable.ContextualInvocationHandler.invoke(ContextualInvocationHandler.java:97)
	at com.sun.proxy.$Proxy68.checkAllBeans(Unknown Source)
	at com.ibm.ws.microprofile.health.services.impl.HealthExecutorImpl.runHealthChecks(HealthExecutorImpl.java:73)
	at com.ibm.ws.microprofile.health.internal.HealthCheckServiceImpl.performHealthCheck(HealthCheckServiceImpl.java:107)
	at com.ibm.ws.microprofile.health.internal.servlet.HealthCheckServlet.service(HealthCheckServlet.java:53)
	at javax.servlet.http.HttpServlet.service(HttpServlet.java:790)
	at com.ibm.ws.webcontainer.servlet.ServletWrapper.service(ServletWrapper.java:1255)
	at com.ibm.ws.webcontainer.servlet.ServletWrapper.handleRequest(ServletWrapper.java:743)
	at com.ibm.ws.webcontainer.servlet.ServletWrapper.handleRequest(ServletWrapper.java:440)
	at com.ibm.ws.webcontainer.filter.WebAppFilterChain.invokeTarget(WebAppFilterChain.java:143)
	at com.ibm.ws.webcontainer.filter.WebAppFilterChain.doFilter(WebAppFilterChain.java:89)
	at com.ibm.ws.app.manager.wab.internal.OsgiDirectoryProtectionFilter.doFilter(OsgiDirectoryProtectionFilter.java:90)
	at com.ibm.ws.webcontainer.filter.FilterInstanceWrapper.doFilter(FilterInstanceWrapper.java:201)
	at com.ibm.ws.webcontainer.filter.WebAppFilterChain.doFilter(WebAppFilterChain.java:86)
	at com.ibm.ws.webcontainer.filter.WebAppFilterManager.doFilter(WebAppFilterManager.java:995)
	at com.ibm.ws.webcontainer.filter.WebAppFilterManager.invokeFilters(WebAppFilterManager.java:1124)
	at com.ibm.ws.webcontainer.webapp.WebApp.handleRequest(WebApp.java:4962)
	at com.ibm.ws.webcontainer.osgi.DynamicVirtualHost$2.handleRequest(DynamicVirtualHost.java:314)
	at com.ibm.ws.webcontainer.WebContainer.handleRequest(WebContainer.java:995)
	at com.ibm.ws.webcontainer.osgi.DynamicVirtualHost$2.run(DynamicVirtualHost.java:279)
	at com.ibm.ws.http.dispatcher.internal.channel.HttpDispatcherLink$TaskWrapper.run(HttpDispatcherLink.java:957)
	at com.ibm.ws.http.dispatcher.internal.channel.HttpDispatcherLink.wrapHandlerAndExecute(HttpDispatcherLink.java:357)
	at com.ibm.ws.http.dispatcher.internal.channel.HttpDispatcherLink.ready(HttpDispatcherLink.java:316)
	at com.ibm.ws.http.channel.internal.inbound.HttpInboundLink.handleDiscrimination(HttpInboundLink.java:499)
	at com.ibm.ws.http.channel.internal.inbound.HttpInboundLink.handleNewRequest(HttpInboundLink.java:433)
	at com.ibm.ws.http.channel.internal.inbound.HttpInboundLink.processRequest(HttpInboundLink.java:313)
	at com.ibm.ws.http.channel.internal.inbound.HttpInboundLink.ready(HttpInboundLink.java:284)
	at com.ibm.ws.tcpchannel.internal.NewConnectionInitialReadCallback.sendToDiscriminators(NewConnectionInitialReadCallback.java:165)
	at com.ibm.ws.tcpchannel.internal.NewConnectionInitialReadCallback.complete(NewConnectionInitialReadCallback.java:74)
	at com.ibm.ws.tcpchannel.internal.WorkQueueManager.requestComplete(WorkQueueManager.java:501)
	at com.ibm.ws.tcpchannel.internal.WorkQueueManager.attemptIO(WorkQueueManager.java:571)
	at com.ibm.ws.tcpchannel.internal.WorkQueueManager.workerRun(WorkQueueManager.java:926)
	at com.ibm.ws.tcpchannel.internal.WorkQueueManager$Worker.run(WorkQueueManager.java:1015)
	at java.util.concurrent.ThreadPoolExecutor.runWorker(ThreadPoolExecutor.java:1149)
	at java.util.concurrent.ThreadPoolExecutor$Worker.run(ThreadPoolExecutor.java:624)
	at java.lang.Thread.run(Thread.java:748)
Caused by: com.ibm.ws.microprofile.health.services.HealthCheckBeanCallException: org.jboss.weld.context.ContextNotActiveException: WELD-001303: No active contexts for scope type javax.enterprise.context.RequestScoped
	at com.ibm.ws.microprofile.health.services.impl.HealthCheckCDIBeanInvokerImpl.checkAllBeans(HealthCheckCDIBeanInvokerImpl.java:59)
	... 41 more
Caused by: org.jboss.weld.context.ContextNotActiveException: WELD-001303: No active contexts for scope type javax.enterprise.context.RequestScoped
	at org.jboss.weld.manager.BeanManagerImpl.getContext(BeanManagerImpl.java:732)
	at org.jboss.weld.bean.ContextualInstanceStrategy$DefaultContextualInstanceStrategy.getIfExists(ContextualInstanceStrategy.java:89)
	at org.jboss.weld.bean.ContextualInstanceStrategy$CachingContextualInstanceStrategy.getIfExists(ContextualInstanceStrategy.java:164)
	at org.jboss.weld.bean.ContextualInstance.getIfExists(ContextualInstance.java:63)
	at org.jboss.weld.bean.proxy.ContextBeanInstance.getInstance(ContextBeanInstance.java:83)
	at org.jboss.weld.bean.proxy.ProxyMethodHandler.getInstance(ProxyMethodHandler.java:125)
	at application.microprofile.web.BookEndpointConfig$Proxy$_$$_WeldClientProxy.isInMaintenance(Unknown Source)
	at application.microprofile.HealthEndpoint.isHealthy(HealthEndpoint.java:36)
	at application.microprofile.HealthEndpoint.call(HealthEndpoint.java:55)
	at application.microprofile.HealthEndpoint$Proxy$_$$_WeldClientProxy.call(Unknown Source)
	at com.ibm.ws.microprofile.health.services.impl.HealthCheckCDIBeanInvokerImpl.checkAllBeans(HealthCheckCDIBeanInvokerImpl.java:57)
	... 41 more

Dump of callerThis
Object type = com.ibm.ws.context.service.serializable.ContextualInvocationHandler
  serialPersistentFields = class java.io.ObjectStreamField[4]
    ObjectStreamField[0] = class java.io.ObjectStreamField@7e2514fd
      name = "C"
      signature = "Lcom/ibm/ws/context/service/serializable/ThreadContextDescriptorImpl;"
      type = class java.lang.Class@310daeac
      unshared = false
      field = null
      offset = 0
    ObjectStreamField[1] = class java.io.ObjectStreamField@2186072f
      name = "E"
      signature = "Ljava/util/Map;"
      type = class java.lang.Class@7aa190d0
      unshared = false
      field = null
      offset = 0
    ObjectStreamField[2] = class java.io.ObjectStreamField@1b0f1e4f
      name = "I"
      signature = "Ljava/util/Set;"
      type = class java.lang.Class@374e77a2
      unshared = false
      field = null
      offset = 0
    ObjectStreamField[3] = class java.io.ObjectStreamField@6ea97adb
      name = "O"
      signature = "[B"
      type = class java.lang.Class@3853963c
      unshared = false
      field = null
      offset = 0
  serialVersionUID = -6017024294962299060
  $$$tc$$$ = class com.ibm.websphere.ras.TraceComponent@4e7f25ad
    strings[0] = "TraceComponent[com.ibm.ws.context.service.serializable.ContextualInvocationHandler,class com.ibm.ws.context.service.serializable.ContextualInvocationHandler,[context],com.ibm.ws.context.service.resources.CWWKCMessages,null]"
  CONTEXT = "C"
  EXEC_PROPS = "E"
  INTERNAL_PROP_NAMES = "I"
  OBJECT = "O"
  serialFields = class java.io.ObjectStreamField[4]
  getThreadContextClassLoader = class com.ibm.ws.context.service.serializable.ContextualObject$GetThreadContextClassLoader@7fc47919
    serialVersionUID = 5694404510978877093
    $$$tc$$$ = class com.ibm.websphere.ras.TraceComponent@2036f580
      strings[0] = "TraceComponent[com.ibm.ws.context.service.serializable.ContextualObject$GetThreadContextClassLoader,class com.ibm.ws.context.service.serializable.ContextualObject$GetThreadContextClassLoader,[context],com.ibm.ws.context.service.resources.CWWKCMessages,null]"
  object = class com.ibm.ws.microprofile.health.services.impl.HealthCheckCDIBeanInvokerImpl@7a8567ed
    tc = class com.ibm.ejs.ras.TraceComponent@4d808e12
      strings[0] = "TraceComponent[com.ibm.ws.microprofile.health.services.impl.HealthCheckCDIBeanInvokerImpl,class com.ibm.ws.microprofile.health.services.impl.HealthCheckCDIBeanInvokerImpl,[],null,null]"
    serialVersionUID = -6904456700224442077
  internalPropNames = null
  threadContextDescriptor = class com.ibm.ws.context.service.serializable.ThreadContextDescriptorImpl@598e558b
    tc = class com.ibm.websphere.ras.TraceComponent@2f95f5b1
      strings[0] = "TraceComponent[com.ibm.ws.context.service.serializable.ThreadContextDescriptorImpl,class com.ibm.ws.context.service.serializable.ThreadContextDescriptorImpl,[context],com.ibm.ws.context.service.resources.CWWKCMessages,null]"
    execProps = class java.util.TreeMap@2a86e48b
      comparator = null
      root = class java.util.TreeMap$Entry@288ba318
      size = 2
      modCount = 2
      entrySet = null
      navigableKeySet = null
      descendingMap = null
      UNBOUNDED = class java.lang.Object@7b6c1e66
      RED = false
      BLACK = true
      serialVersionUID = 919286545866124006
      keySet = null
      values = null
    metaDataIdentifier = "WEB#com.ibm.ws.microprofile.health#com.ibm.ws.microprofile.health"
    providerNames = class java.util.ArrayList@76d64c73
      serialVersionUID = 8683452581122892189
      DEFAULT_CAPACITY = 10
      EMPTY_ELEMENTDATA = class java.lang.Object[0]
      DEFAULTCAPACITY_EMPTY_ELEMENTDATA = class java.lang.Object[0]
      elementData = class java.lang.Object[8]
      size = 4
      MAX_ARRAY_SIZE = 2147483639
      modCount = 4
      MAX_ARRAY_SIZE = 2147483639
    providerNamesToSkip = class java.util.Collections$EmptyList@5d5f7d2f
      serialVersionUID = 8842843931221139166
      modCount = 0
      MAX_ARRAY_SIZE = 2147483639
    threadContext = class java.util.ArrayList@1fbc0e6
      serialVersionUID = 8683452581122892189
      DEFAULT_CAPACITY = 10
      EMPTY_ELEMENTDATA = class java.lang.Object[0]
      DEFAULTCAPACITY_EMPTY_ELEMENTDATA = class java.lang.Object[0]
      elementData = class java.lang.Object[8]
      size = 4
      MAX_ARRAY_SIZE = 2147483639
      modCount = 4
      MAX_ARRAY_SIZE = 2147483639
    threadContextMgr = class com.ibm.ws.context.service.serializable.ThreadContextManager@1cc4ceee
      COMPONENT_NAME = "component.name"
      alwaysEnabled = class java.util.Collections$SetFromMap@6f978473
      metadataIdentifierService = class com.ibm.ws.container.service.metadata.internal.MetaDataServiceImpl@3f725dff
      threadContextProviders = class com.ibm.wsspi.kernel.service.utils.ConcurrentServiceReferenceMap@8e4b58f
      serialVersionUID = 3513608484245697656
      $$$tc$$$ = class com.ibm.websphere.ras.TraceComponent@4b57d4c3
    serialVersionUID = -418287919515508803
  serialVersionUID = -3325018751476745545
  $$$tc$$$ = class com.ibm.websphere.ras.TraceComponent@7bd2348
    strings[0] = "TraceComponent[com.ibm.ws.context.service.serializable.ContextualObject,class com.ibm.ws.context.service.serializable.ContextualObject,[context],com.ibm.ws.context.service.resources.CWWKCMessages,null]"

Dump of objectArray[0]
Object type = com.sun.proxy.$Proxy68
  m1 = class java.lang.reflect.Method@2311139e
    clazz = class java.lang.Class@5d6f64b1
    slot = 6
    name = "equals"
    returnType = class java.lang.Class@51521cc1
      ANNOTATION = 8192
      ENUM = 16384
      SYNTHETIC = 4096
      cachedConstructor = null
      newInstanceCallerCache = null
      name = "boolean"
      allPermDomain = class java.security.ProtectionDomain@2c56d3d3
      useCaches = true
      reflectionData = class java.lang.ref.SoftReference@1ffcfd23
      classRedefinedCount = 0
      genericInfo = class sun.reflect.generics.repository.ClassRepository@e482664
      serialVersionUID = 3206093459760846163
      serialPersistentFields = class java.io.ObjectStreamField[0]
      reflectionFactory = class sun.reflect.ReflectionFactory@15dbf957
      initted = true
      enumConstants = null
      enumConstantDirectory = null
      annotationData = null
      annotationType = null
      classValueMap = null
    parameterTypes = class java.lang.Class[1]
      Class[0] = class java.lang.Class@5d6f64b1
    exceptionTypes = class java.lang.Class[0]
    modifiers = 1
    signature = null
    genericInfo = null
    annotations = null
    parameterAnnotations = null
    annotationDefault = null
    methodAccessor = null
    root = class java.lang.reflect.Method@71460c2c
      clazz = class java.lang.Class@5d6f64b1
      slot = 6
      name = "equals"
      returnType = class java.lang.Class@51521cc1
      parameterTypes = class java.lang.Class[1]
      exceptionTypes = class java.lang.Class[0]
      modifiers = 1
      signature = null
      genericInfo = null
      annotations = null
      parameterAnnotations = null
      annotationDefault = null
      methodAccessor = null
      root = null
      hasRealParameterData = false
      parameters = null
      declaredAnnotations = class java.util.Collections$EmptyMap@27653e6f
      ACCESS_PERMISSION = class java.lang.reflect.ReflectPermission@39082352
      override = false
      reflectionFactory = class sun.reflect.ReflectionFactory@15dbf957
      securityCheckCache = null
    hasRealParameterData = false
    parameters = null
    declaredAnnotations = null
    ACCESS_PERMISSION = class java.lang.reflect.ReflectPermission@39082352
    override = false
    reflectionFactory = class sun.reflect.ReflectionFactory@15dbf957
    securityCheckCache = null
  m2 = class java.lang.reflect.Method@5a4df5cd
    clazz = class java.lang.Class@5d6f64b1
      ANNOTATION = 8192
      ENUM = 16384
      SYNTHETIC = 4096
      cachedConstructor = null
      newInstanceCallerCache = null
      name = "java.lang.Object"
      allPermDomain = class java.security.ProtectionDomain@2c56d3d3
      useCaches = true
      reflectionData = class java.lang.ref.SoftReference@4f47c2b5
      classRedefinedCount = 0
      genericInfo = class sun.reflect.generics.repository.ClassRepository@e482664
      serialVersionUID = 3206093459760846163
      serialPersistentFields = class java.io.ObjectStreamField[0]
      reflectionFactory = class sun.reflect.ReflectionFactory@15dbf957
      initted = true
      enumConstants = null
      enumConstantDirectory = null
      annotationData = class java.lang.Class$AnnotationData@544cdcbc
      annotationType = null
      classValueMap = null
    slot = 7
    name = "toString"
    returnType = class java.lang.Class@26b8814d
      ANNOTATION = 8192
      ENUM = 16384
      SYNTHETIC = 4096
      cachedConstructor = null
      newInstanceCallerCache = null
      name = "java.lang.String"
      allPermDomain = class java.security.ProtectionDomain@2c56d3d3
      useCaches = true
      reflectionData = class java.lang.ref.SoftReference@3eb19949
      classRedefinedCount = 0
      genericInfo = class sun.reflect.generics.repository.ClassRepository@6d8cca2b
      serialVersionUID = 3206093459760846163
      serialPersistentFields = class java.io.ObjectStreamField[0]
      reflectionFactory = class sun.reflect.ReflectionFactory@15dbf957
      initted = true
      enumConstants = null
      enumConstantDirectory = null
      annotationData = null
      annotationType = null
      classValueMap = null
    parameterTypes = class java.lang.Class[0]
    exceptionTypes = class java.lang.Class[0]
    modifiers = 1
    signature = null
    genericInfo = null
    annotations = null
    parameterAnnotations = null
    annotationDefault = null
    methodAccessor = null
    root = class java.lang.reflect.Method@2699cbe7
      clazz = class java.lang.Class@5d6f64b1
      slot = 7
      name = "toString"
      returnType = class java.lang.Class@26b8814d
      parameterTypes = class java.lang.Class[0]
      exceptionTypes = class java.lang.Class[0]
      modifiers = 1
      signature = null
      genericInfo = null
      annotations = null
      parameterAnnotations = null
      annotationDefault = null
      methodAccessor = null
      root = null
      hasRealParameterData = false
      parameters = null
      declaredAnnotations = class java.util.Collections$EmptyMap@27653e6f
      ACCESS_PERMISSION = class java.lang.reflect.ReflectPermission@39082352
      override = false
      reflectionFactory = class sun.reflect.ReflectionFactory@15dbf957
      securityCheckCache = null
    hasRealParameterData = false
    parameters = null
    declaredAnnotations = null
    ACCESS_PERMISSION = class java.lang.reflect.ReflectPermission@39082352
      serialVersionUID = 7412737110241507485
      serialVersionUID = 6279438298436773498
      wildcard = false
      path = "suppressAccessChecks"
      exitVM = false
      serialVersionUID = -5636570222231596674
      name = "suppressAccessChecks"
    override = false
    reflectionFactory = class sun.reflect.ReflectionFactory@15dbf957
      initted = true
      reflectionFactoryAccessPerm = class java.lang.RuntimePermission@323a91da
      soleInstance = class sun.reflect.ReflectionFactory@15dbf957
      langReflectAccess = class java.lang.reflect.ReflectAccess@3c2257b4
      hasStaticInitializerMethod = null
      noInflation = false
      inflationThreshold = 15
    securityCheckCache = null
  m3 = class java.lang.reflect.Method@20b18e6e
    clazz = class java.lang.Class@48fe6fdd
      ANNOTATION = 8192
      ENUM = 16384
      SYNTHETIC = 4096
      cachedConstructor = null
      newInstanceCallerCache = null
      name = "com.ibm.ws.microprofile.health.services.HealthCheckCDIBeanInvoker"
      allPermDomain = class java.security.ProtectionDomain@2c56d3d3
      useCaches = true
      reflectionData = class java.lang.ref.SoftReference@7bf9b5d1
      classRedefinedCount = 0
      genericInfo = null
      serialVersionUID = 3206093459760846163
      serialPersistentFields = class java.io.ObjectStreamField[0]
      reflectionFactory = class sun.reflect.ReflectionFactory@15dbf957
      initted = true
      enumConstants = null
      enumConstantDirectory = null
      annotationData = null
      annotationType = null
      classValueMap = null
    slot = 0
    name = "checkAllBeans"
    returnType = class java.lang.Class@374e77a2
      ANNOTATION = 8192
      ENUM = 16384
      SYNTHETIC = 4096
      cachedConstructor = null
      newInstanceCallerCache = null
      name = "java.util.Set"
      allPermDomain = class java.security.ProtectionDomain@2c56d3d3
      useCaches = true
      reflectionData = class java.lang.ref.SoftReference@47f953d8
      classRedefinedCount = 0
      genericInfo = class sun.reflect.generics.repository.ClassRepository@242c711e
      serialVersionUID = 3206093459760846163
      serialPersistentFields = class java.io.ObjectStreamField[0]
      reflectionFactory = class sun.reflect.ReflectionFactory@15dbf957
      initted = true
      enumConstants = null
      enumConstantDirectory = null
      annotationData = null
      annotationType = null
      classValueMap = null
    parameterTypes = class java.lang.Class[0]
    exceptionTypes = class java.lang.Class[1]
      Class[0] = class java.lang.Class@689ac236
    modifiers = 1025
    signature = "()Ljava/util/Set<Lorg/eclipse/microprofile/health/HealthCheckResponse;>;"
    genericInfo = null
    annotations = null
    parameterAnnotations = null
    annotationDefault = null
    methodAccessor = class sun.reflect.DelegatingMethodAccessorImpl@2ac30831
      delegate = class sun.reflect.NativeMethodAccessorImpl@213e5a1e
    root = class java.lang.reflect.Method@660369ef
      clazz = class java.lang.Class@48fe6fdd
      slot = 0
      name = "checkAllBeans"
      returnType = class java.lang.Class@374e77a2
      parameterTypes = class java.lang.Class[0]
      exceptionTypes = class java.lang.Class[1]
      modifiers = 1025
      signature = "()Ljava/util/Set<Lorg/eclipse/microprofile/health/HealthCheckResponse;>;"
      genericInfo = null
      annotations = null
      parameterAnnotations = null
      annotationDefault = null
      methodAccessor = class sun.reflect.DelegatingMethodAccessorImpl@2ac30831
      root = null
      hasRealParameterData = false
      parameters = null
      declaredAnnotations = null
      ACCESS_PERMISSION = class java.lang.reflect.ReflectPermission@39082352
      override = false
      reflectionFactory = class sun.reflect.ReflectionFactory@15dbf957
      securityCheckCache = null
    hasRealParameterData = false
    parameters = null
    declaredAnnotations = null
    ACCESS_PERMISSION = class java.lang.reflect.ReflectPermission@39082352
    override = false
    reflectionFactory = class sun.reflect.ReflectionFactory@15dbf957
    securityCheckCache = null
  m0 = class java.lang.reflect.Method@4e129ba5
    clazz = class java.lang.Class@5d6f64b1
    slot = 8
    name = "hashCode"
    returnType = class java.lang.Class@50134894
      ANNOTATION = 8192
      ENUM = 16384
      SYNTHETIC = 4096
      cachedConstructor = null
      newInstanceCallerCache = null
      name = "int"
      allPermDomain = class java.security.ProtectionDomain@2c56d3d3
      useCaches = true
      reflectionData = null
      classRedefinedCount = 0
      genericInfo = null
      serialVersionUID = 3206093459760846163
      serialPersistentFields = class java.io.ObjectStreamField[0]
      reflectionFactory = class sun.reflect.ReflectionFactory@15dbf957
      initted = true
      enumConstants = null
      enumConstantDirectory = null
      annotationData = null
      annotationType = null
      classValueMap = null
    parameterTypes = class java.lang.Class[0]
    exceptionTypes = class java.lang.Class[0]
    modifiers = 257
    signature = null
    genericInfo = null
    annotations = null
    parameterAnnotations = null
    annotationDefault = null
    methodAccessor = null
    root = class java.lang.reflect.Method@51261167
      clazz = class java.lang.Class@5d6f64b1
      slot = 8
      name = "hashCode"
      returnType = class java.lang.Class@50134894
      parameterTypes = class java.lang.Class[0]
      exceptionTypes = class java.lang.Class[0]
      modifiers = 257
      signature = null
      genericInfo = null
      annotations = null
      parameterAnnotations = null
      annotationDefault = null
      methodAccessor = null
      root = null
      hasRealParameterData = false
      parameters = null
      declaredAnnotations = class java.util.Collections$EmptyMap@27653e6f
      ACCESS_PERMISSION = class java.lang.reflect.ReflectPermission@39082352
      override = false
      reflectionFactory = class sun.reflect.ReflectionFactory@15dbf957
      securityCheckCache = null
    hasRealParameterData = false
    parameters = null
    declaredAnnotations = null
    ACCESS_PERMISSION = class java.lang.reflect.ReflectPermission@39082352
    override = false
    reflectionFactory = class sun.reflect.ReflectionFactory@15dbf957
    securityCheckCache = null
  serialVersionUID = -2222568056686623797
  constructorParams = class java.lang.Class[1]
    Class[0] = class java.lang.Class@4c0c8be6
      ANNOTATION = 8192
      ENUM = 16384
      SYNTHETIC = 4096
      cachedConstructor = null
      newInstanceCallerCache = null
      name = "java.lang.reflect.InvocationHandler"
      allPermDomain = class java.security.ProtectionDomain@2c56d3d3
      useCaches = true
      reflectionData = null
      classRedefinedCount = 0
      genericInfo = null
      serialVersionUID = 3206093459760846163
      serialPersistentFields = class java.io.ObjectStreamField[0]
      reflectionFactory = class sun.reflect.ReflectionFactory@15dbf957
      initted = true
      enumConstants = null
      enumConstantDirectory = null
      annotationData = null
      annotationType = null
      classValueMap = null
  proxyClassCache = class java.lang.reflect.WeakCache@50e28efc
    refQueue = class java.lang.ref.ReferenceQueue@62eeb60f
      NULL = class java.lang.ref.ReferenceQueue$Null@587d0c27
      ENQUEUED = class java.lang.ref.ReferenceQueue$Null@38c116aa
      lock = class java.lang.ref.ReferenceQueue$Lock@49e2396d
      head = null
      queueLength = 0
      $assertionsDisabled = true
    map = class java.util.concurrent.ConcurrentHashMap@3a23e1c
      serialVersionUID = 7249069246763182397
      MAXIMUM_CAPACITY = 1073741824
      DEFAULT_CAPACITY = 16
      MAX_ARRAY_SIZE = 2147483639
      DEFAULT_CONCURRENCY_LEVEL = 16
      LOAD_FACTOR = 0.75
      TREEIFY_THRESHOLD = 8
      UNTREEIFY_THRESHOLD = 6
      MIN_TREEIFY_CAPACITY = 64
      MIN_TRANSFER_STRIDE = 16
      RESIZE_STAMP_BITS = 16
      MAX_RESIZERS = 65535
      RESIZE_STAMP_SHIFT = 16
      MOVED = -1
      TREEBIN = -2
      RESERVED = -3
      HASH_BITS = 2147483647
      NCPU = 4
      serialPersistentFields = class java.io.ObjectStreamField[3]
      table = class java.util.concurrent.ConcurrentHashMap$Node[32]
      nextTable = null
      baseCount = 20
      sizeCtl = 24
      transferIndex = 0
      cellsBusy = 0
      counterCells = null
      keySet = null
      values = null
      entrySet = null
      U = class sun.misc.Unsafe@72260882
      SIZECTL = 20
      TRANSFERINDEX = 32
      BASECOUNT = 24
      CELLSBUSY = 36
      CELLVALUE = 144
      ABASE = 16
      ASHIFT = 2
      keySet = null
      values = null
    reverseMap = class java.util.concurrent.ConcurrentHashMap@2b59c635
      serialVersionUID = 7249069246763182397
      MAXIMUM_CAPACITY = 1073741824
      DEFAULT_CAPACITY = 16
      MAX_ARRAY_SIZE = 2147483639
      DEFAULT_CONCURRENCY_LEVEL = 16
      LOAD_FACTOR = 0.75
      TREEIFY_THRESHOLD = 8
      UNTREEIFY_THRESHOLD = 6
      MIN_TREEIFY_CAPACITY = 64
      MIN_TRANSFER_STRIDE = 16
      RESIZE_STAMP_BITS = 16
      MAX_RESIZERS = 65535
      RESIZE_STAMP_SHIFT = 16
      MOVED = -1
      TREEBIN = -2
      RESERVED = -3
      HASH_BITS = 2147483647
      NCPU = 4
      serialPersistentFields = class java.io.ObjectStreamField[3]
      table = class java.util.concurrent.ConcurrentHashMap$Node[128]
      nextTable = null
      baseCount = 69
      sizeCtl = 96
      transferIndex = 0
      cellsBusy = 0
      counterCells = null
      keySet = null
      values = null
      entrySet = null
      U = class sun.misc.Unsafe@72260882
      SIZECTL = 20
      TRANSFERINDEX = 32
      BASECOUNT = 24
      CELLSBUSY = 36
      CELLVALUE = 144
      ABASE = 16
      ASHIFT = 2
      keySet = null
      values = null
    subKeyFactory = class java.lang.reflect.Proxy$KeyFactory@11420604
    valueFactory = class java.lang.reflect.Proxy$ProxyClassFactory@60b94ed
      proxyClassNamePrefix = "$Proxy"
      nextUniqueNumber = class java.util.concurrent.atomic.AtomicLong@7b91b93b
  h = class com.ibm.ws.context.service.serializable.ContextualInvocationHandler@6f37eaaf
    serialPersistentFields = class java.io.ObjectStreamField[4]
      ObjectStreamField[0] = class java.io.ObjectStreamField@7e2514fd
      ObjectStreamField[1] = class java.io.ObjectStreamField@2186072f
      ObjectStreamField[2] = class java.io.ObjectStreamField@1b0f1e4f
      ObjectStreamField[3] = class java.io.ObjectStreamField@6ea97adb
    serialVersionUID = -6017024294962299060
    $$$tc$$$ = class com.ibm.websphere.ras.TraceComponent@4e7f25ad
      strings[0] = "TraceComponent[com.ibm.ws.context.service.serializable.ContextualInvocationHandler,class com.ibm.ws.context.service.serializable.ContextualInvocationHandler,[context],com.ibm.ws.context.service.resources.CWWKCMessages,null]"
    CONTEXT = "C"
    EXEC_PROPS = "E"
    INTERNAL_PROP_NAMES = "I"
    OBJECT = "O"
    serialFields = class java.io.ObjectStreamField[4]
    getThreadContextClassLoader = class com.ibm.ws.context.service.serializable.ContextualObject$GetThreadContextClassLoader@7fc47919
      serialVersionUID = 5694404510978877093
      $$$tc$$$ = class com.ibm.websphere.ras.TraceComponent@2036f580
    object = class com.ibm.ws.microprofile.health.services.impl.HealthCheckCDIBeanInvokerImpl@7a8567ed
      tc = class com.ibm.ejs.ras.TraceComponent@4d808e12
      serialVersionUID = -6904456700224442077
    internalPropNames = null
    threadContextDescriptor = class com.ibm.ws.context.service.serializable.ThreadContextDescriptorImpl@598e558b
      tc = class com.ibm.websphere.ras.TraceComponent@2f95f5b1
      execProps = class java.util.TreeMap@2a86e48b
      metaDataIdentifier = "WEB#com.ibm.ws.microprofile.health#com.ibm.ws.microprofile.health"
      providerNames = class java.util.ArrayList@76d64c73
      providerNamesToSkip = class java.util.Collections$EmptyList@5d5f7d2f
      threadContext = class java.util.ArrayList@1fbc0e6
      threadContextMgr = class com.ibm.ws.context.service.serializable.ThreadContextManager@1cc4ceee
      serialVersionUID = -418287919515508803
    serialVersionUID = -3325018751476745545
    $$$tc$$$ = class com.ibm.websphere.ras.TraceComponent@7bd2348
      strings[0] = "TraceComponent[com.ibm.ws.context.service.serializable.ContextualObject,class com.ibm.ws.context.service.serializable.ContextualObject,[context],com.ibm.ws.context.service.resources.CWWKCMessages,null]"
  key0 = class java.lang.Object@7c0cb870

Dump of objectArray[1]
Object type = java.lang.reflect.Method
  clazz = class java.lang.Class@48fe6fdd
    ANNOTATION = 8192
    ENUM = 16384
    SYNTHETIC = 4096
    cachedConstructor = null
    newInstanceCallerCache = null
    name = "com.ibm.ws.microprofile.health.services.HealthCheckCDIBeanInvoker"
    allPermDomain = class java.security.ProtectionDomain@2c56d3d3
      codesource = null
      classloader = null
      principals = interface java.security.Principal[0]
      permissions = class java.security.Permissions@1e492263
      hasAllPerm = true
      staticPermissions = true
      key = class java.security.ProtectionDomain$Key@159f6e13
      debug = null
    useCaches = true
    reflectionData = class java.lang.ref.SoftReference@7bf9b5d1
      clock = 1616932
      timestamp = 1616932
      referent = class java.lang.Class$ReflectionData@4b07493e
      queue = class java.lang.ref.ReferenceQueue$Null@587d0c27
      next = null
      discovered = null
      lock = class java.lang.ref.Reference$Lock@37e20c27
      pending = null
    classRedefinedCount = 0
    genericInfo = null
    serialVersionUID = 3206093459760846163
    serialPersistentFields = class java.io.ObjectStreamField[0]
    reflectionFactory = class sun.reflect.ReflectionFactory@15dbf957
    initted = true
    enumConstants = null
    enumConstantDirectory = null
    annotationData = null
    annotationType = null
    classValueMap = null
  slot = 0
  name = "checkAllBeans"
  returnType = class java.lang.Class@374e77a2
    ANNOTATION = 8192
    ENUM = 16384
    SYNTHETIC = 4096
    cachedConstructor = null
    newInstanceCallerCache = null
    name = "java.util.Set"
    allPermDomain = class java.security.ProtectionDomain@2c56d3d3
    useCaches = true
    reflectionData = class java.lang.ref.SoftReference@47f953d8
      clock = 1616932
      timestamp = 1607525
      referent = class java.lang.Class$ReflectionData@5fc4bf4b
      queue = class java.lang.ref.ReferenceQueue$Null@587d0c27
      next = null
      discovered = null
      lock = class java.lang.ref.Reference$Lock@37e20c27
      pending = null
    classRedefinedCount = 0
    genericInfo = class sun.reflect.generics.repository.ClassRepository@242c711e
      NONE = class sun.reflect.generics.repository.ClassRepository@e482664
      superclass = null
      superInterfaces = interface java.lang.reflect.Type[1]
      typeParams = interface java.lang.reflect.TypeVariable[1]
      factory = class sun.reflect.generics.factory.CoreReflectionFactory@15cc66c4
      tree = class sun.reflect.generics.tree.ClassSignature@4cf8919e
    serialVersionUID = 3206093459760846163
    serialPersistentFields = class java.io.ObjectStreamField[0]
    reflectionFactory = class sun.reflect.ReflectionFactory@15dbf957
    initted = true
    enumConstants = null
    enumConstantDirectory = null
    annotationData = null
    annotationType = null
    classValueMap = null
  parameterTypes = class java.lang.Class[0]
  exceptionTypes = class java.lang.Class[1]
    Class[0] = class java.lang.Class@689ac236
      ANNOTATION = 8192
      ENUM = 16384
      SYNTHETIC = 4096
      cachedConstructor = null
      newInstanceCallerCache = null
      name = "com.ibm.ws.microprofile.health.services.HealthCheckBeanCallException"
      allPermDomain = class java.security.ProtectionDomain@2c56d3d3
      useCaches = true
      reflectionData = null
      classRedefinedCount = 0
      genericInfo = null
      serialVersionUID = 3206093459760846163
      serialPersistentFields = class java.io.ObjectStreamField[0]
      reflectionFactory = class sun.reflect.ReflectionFactory@15dbf957
      initted = true
      enumConstants = null
      enumConstantDirectory = null
      annotationData = class java.lang.Class$AnnotationData@b6c6959
      annotationType = null
      classValueMap = null
  modifiers = 1025
  signature = "()Ljava/util/Set<Lorg/eclipse/microprofile/health/HealthCheckResponse;>;"
  genericInfo = null
  annotations = null
  parameterAnnotations = null
  annotationDefault = null
  methodAccessor = class sun.reflect.DelegatingMethodAccessorImpl@2ac30831
    delegate = class sun.reflect.NativeMethodAccessorImpl@213e5a1e
      method = class java.lang.reflect.Method@20b18e6e
      parent = class sun.reflect.DelegatingMethodAccessorImpl@2ac30831
      numInvocations = 1
  root = class java.lang.reflect.Method@660369ef
    clazz = class java.lang.Class@48fe6fdd
    slot = 0
    name = "checkAllBeans"
    returnType = class java.lang.Class@374e77a2
    parameterTypes = class java.lang.Class[0]
    exceptionTypes = class java.lang.Class[1]
    modifiers = 1025
    signature = "()Ljava/util/Set<Lorg/eclipse/microprofile/health/HealthCheckResponse;>;"
    genericInfo = null
    annotations = null
    parameterAnnotations = null
    annotationDefault = null
    methodAccessor = class sun.reflect.DelegatingMethodAccessorImpl@2ac30831
    root = null
    hasRealParameterData = false
    parameters = null
    declaredAnnotations = null
    ACCESS_PERMISSION = class java.lang.reflect.ReflectPermission@39082352
    override = false
    reflectionFactory = class sun.reflect.ReflectionFactory@15dbf957
    securityCheckCache = null
  hasRealParameterData = false
  parameters = null
  declaredAnnotations = null
  ACCESS_PERMISSION = class java.lang.reflect.ReflectPermission@39082352
    serialVersionUID = 7412737110241507485
    serialVersionUID = 6279438298436773498
    wildcard = false
    path = "suppressAccessChecks"
    exitVM = false
    serialVersionUID = -5636570222231596674
    name = "suppressAccessChecks"
  override = false
  reflectionFactory = class sun.reflect.ReflectionFactory@15dbf957
    initted = true
    reflectionFactoryAccessPerm = class java.lang.RuntimePermission@323a91da
      serialVersionUID = 7399184964622342223
      serialVersionUID = 6279438298436773498
      wildcard = false
      path = "reflectionFactoryAccess"
      exitVM = false
      serialVersionUID = -5636570222231596674
      name = "reflectionFactoryAccess"
    soleInstance = class sun.reflect.ReflectionFactory@15dbf957
    langReflectAccess = class java.lang.reflect.ReflectAccess@3c2257b4
    hasStaticInitializerMethod = null
    noInflation = false
    inflationThreshold = 15
  securityCheckCache = null

Dump of objectArray[2]
null
