------Start of DE processing------ = [6/26/18 12:14:52:076 PDT]
Exception = com.ibm.ws.container.service.state.StateChangeException
Source = com.ibm.ws.app.manager.module.internal.DeployedAppInfoBase
probeid = 381
Stack Dump = com.ibm.ws.container.service.state.StateChangeException: org.jboss.weld.exceptions.DefinitionException: WELD-000075: Normal scoped managed bean implementation class has a public field:  [EnhancedAnnotatedFieldImpl] public application.microprofile.web.BookEndpoint.isRetryTest
	at com.ibm.ws.container.service.state.internal.ApplicationStateManager.fireStarting(ApplicationStateManager.java:32)
	at com.ibm.ws.container.service.state.internal.StateChangeServiceImpl.fireApplicationStarting(StateChangeServiceImpl.java:50)
	at com.ibm.ws.app.manager.module.internal.DeployedAppInfoBase.preDeployApp(DeployedAppInfoBase.java:380)
	at com.ibm.ws.app.manager.module.internal.DeployedAppInfoBase.deployApp(DeployedAppInfoBase.java:409)
	at com.ibm.ws.app.manager.war.internal.WARApplicationHandlerImpl.install(WARApplicationHandlerImpl.java:65)
	at com.ibm.ws.app.manager.internal.statemachine.StartAction.execute(StartAction.java:140)
	at com.ibm.ws.app.manager.internal.statemachine.ApplicationStateMachineImpl.enterState(ApplicationStateMachineImpl.java:1258)
	at com.ibm.ws.app.manager.internal.statemachine.ApplicationStateMachineImpl.run(ApplicationStateMachineImpl.java:873)
	at java.util.concurrent.ThreadPoolExecutor.runWorker(ThreadPoolExecutor.java:1149)
	at java.util.concurrent.ThreadPoolExecutor$Worker.run(ThreadPoolExecutor.java:624)
	at java.lang.Thread.run(Thread.java:748)
Caused by: org.jboss.weld.exceptions.DefinitionException: WELD-000075: Normal scoped managed bean implementation class has a public field:  [EnhancedAnnotatedFieldImpl] public application.microprofile.web.BookEndpoint.isRetryTest
	at org.jboss.weld.bean.ManagedBean.checkBeanImplementation(ManagedBean.java:230)
	at org.jboss.weld.bean.AbstractClassBean.internalInitialize(AbstractClassBean.java:74)
	at org.jboss.weld.bean.ManagedBean.internalInitialize(ManagedBean.java:105)
	at org.jboss.weld.bean.RIBean.initialize(RIBean.java:69)
	at org.jboss.weld.bootstrap.ConcurrentBeanDeployer$5.doWork(ConcurrentBeanDeployer.java:117)
	at org.jboss.weld.bootstrap.ConcurrentBeanDeployer$5.doWork(ConcurrentBeanDeployer.java:114)
	at org.jboss.weld.executor.IterativeWorkerTaskFactory$1.call(IterativeWorkerTaskFactory.java:62)
	at org.jboss.weld.executor.IterativeWorkerTaskFactory$1.call(IterativeWorkerTaskFactory.java:55)
	at java.util.concurrent.FutureTask.run(FutureTask.java:266)
	... 3 more

Dump of callerThis
Object type = com.ibm.ws.app.manager.war.internal.WARDeployedAppInfo
  CONTEXT_ROOT = "context-root"
  webModuleHandler = class com.ibm.ws.app.manager.web.internal.WebModuleHandlerImpl@16c89d3e
    serialVersionUID = 4795602325763828210
    $$$tc$$$ = class com.ibm.websphere.ras.TraceComponent@41fd5d86
      strings[0] = "TraceComponent[com.ibm.ws.app.manager.web.internal.WebModuleHandlerImpl,class com.ibm.ws.app.manager.web.internal.WebModuleHandlerImpl,[webcontainer, applications, app.manager],com.ibm.ws.app.manager.war.internal.resources.Messages,null]"
    futureMonitor = class com.ibm.ws.threading.internal.FutureMonitorImpl@708c7cc4
    metaDataService = class com.ibm.ws.container.service.metadata.internal.MetaDataServiceImpl@52115eeb
    stateChangeService = class com.ibm.ws.container.service.state.internal.StateChangeServiceImpl@31f1d4cd
    moduleRuntimeContainer = class com.ibm.ws.webcontainer.osgi.WebContainer@41d951ac
      tc = class com.ibm.websphere.ras.TraceComponent@434e2403
      CLASS_NAME = "com.ibm.ws.webcontainer.osgi.WebContainer"
      initialized = true
      eventService = class com.ibm.ws.event.internal.EventEngineImpl@1eaacf8a
      futureMonitor = class com.ibm.ws.threading.internal.FutureMonitorImpl@708c7cc4
      classLoadingSRRef = class com.ibm.wsspi.kernel.service.utils.AtomicServiceReference@402cbd7d
      sessionHelperSRRef = class com.ibm.wsspi.kernel.service.utils.AtomicServiceReference@7236c265
      cacheManagerSRRef = class com.ibm.wsspi.kernel.service.utils.AtomicServiceReference@6b0ae74e
      injectionEngineSRRef = class com.ibm.wsspi.kernel.service.utils.AtomicServiceReference@2314a33a
      managedObjectServiceSRRef = class com.ibm.wsspi.kernel.service.utils.AtomicServiceReference@6f62570
      backgroundWebAppStartFutures = class com.ibm.ws.webcontainer.util.OneTimeUseArrayList@4217fa21
      REFERENCE_WEB_MBEAN_RUNTIME = "webMBeanRuntime"
      webMBeanRuntimeServiceRef = class com.ibm.wsspi.kernel.service.utils.AtomicServiceReference@7e1b55ba
      servletContainerInitializers = class com.ibm.wsspi.kernel.service.utils.ConcurrentServiceReferenceSet@78102430
      es = class com.ibm.ws.threading.internal.ExecutorServiceImpl@18ea3ad6
      locationServiceRef = class java.util.concurrent.atomic.AtomicReference@4ffa53e7
      transferContextServiceRef = class com.ibm.wsspi.kernel.service.utils.ConcurrentServiceReferenceSet@32c16ecb
      encodingServiceRef = class java.util.concurrent.atomic.AtomicReference@16d34bac
      instance = class java.util.concurrent.atomic.AtomicReference@6f1bdce2
      vhostManager = class com.ibm.ws.webcontainer.osgi.DynamicVirtualHostManager@72e3cf8d
      metaDataService = class com.ibm.ws.container.service.metadata.internal.MetaDataServiceImpl@52115eeb
      j2eeNameFactory = class com.ibm.ws.container.service.metadata.internal.J2EENameFactoryImpl@4bed402c
      context = class org.apache.felix.scr.impl.manager.ComponentContextImpl@47effcd6
      contextRoots = class java.util.Collections$SynchronizedSet@7622c405
      pendingContextRoots = class java.util.HashMap@1ad1f2eb
      deployedModuleMap = class java.util.concurrent.ConcurrentHashMap@3b9c3dbd
      connContextPool = class com.ibm.ws.webcontainer31.osgi.srt.factory.SRTConnectionContextPool31Impl@3ad6f54
      DEFAULT_PORT = "*"
      DEFAULT_VHOST_NAME = "default_host"
      cachedServerInfo = "IBM WebSphere Liberty/${liberty.service.version}"
      lock = class com.ibm.ws.webcontainer.osgi.WebContainer$1@63cf91c8
      webAppFactory = class com.ibm.ws.webcontainer31.osgi.webapp.factory.WebAppFactoryImpl31@761c61f0
      requestFactory = class com.ibm.ws.webcontainer31.osgi.response.factory.IRequestResponseFactory@2c37cb5b
      responseFactory = class com.ibm.ws.webcontainer31.osgi.response.factory.IRequestResponseFactory@2c37cb5b
      asyncContextFactory = class com.ibm.ws.webcontainer31.async.factory.AsyncContextFactory31Impl@4408d646
      DEFAULT_MAX_VERSION = 30
      versionRef = class org.eclipse.osgi.internal.serviceregistry.ServiceReferenceImpl@5bd65ede
      serverStopping = class com.ibm.ws.staticvalue.StaticValue$FinalSingleton@4e50a7b5
      modulesStarting = 0
      uriMatcherFactory = class com.ibm.wsspi.webcontainer31.util.factory.URIMatcherFactory31Impl@5cafc037
      SPEC_LEVEL_UNLOADED = -1
      SPEC_LEVEL_30 = 30
      SPEC_LEVEL_31 = 31
      SPEC_LEVEL_40 = 40
      DEFAULT_SPEC_LEVEL = 30
      loadedContainerSpecLevel = 31
      ISO = "ISO-8859-1"
      encoding = "UTF-8"
      decode = true
      wcconfig = class com.ibm.ws.webcontainer.osgi.WebContainerConfiguration@375e02a0
      applicationListeners = class java.util.ArrayList@7c7866f1
      servletListeners = class java.util.ArrayList@5ef4bf31
      servletErrorListeners = class java.util.ArrayList@3cb91c6a
      servletInvocationListeners = class java.util.ArrayList@7b35525f
      filterInvocationListeners = class java.util.ArrayList@44c5ec26
      filterErrorListeners = class java.util.ArrayList@3f33deb8
      filterListeners = class java.util.ArrayList@4b9ddf78
      servletRequestListeners = class java.util.ArrayList@1a6bdbfe
      servletRequestAttributeListeners = class java.util.ArrayList@71a4a049
      servletContextListeners = class java.util.ArrayList@504376db
      servletContextAttributeListeners = class java.util.ArrayList@758005b4
      sessionListeners = class java.util.ArrayList@317084d1
      sessionIdListeners = class java.util.ArrayList@6582dc5e
      sessionAttributeListeners = class java.util.ArrayList@2e3c9b9b
      DEFAULT_HOST = "default_host"
      _initialized = true
      logger = class com.ibm.ws.logging.internal.WsLogger@5b64864d
      CLASS_NAME = "com.ibm.ws.webcontainer.internal.WebContainer"
      nls = class com.ibm.ejs.ras.TraceNLS@6e07d7fc
      self = class java.util.concurrent.atomic.AtomicReference@1d94964e
      _cipherToBit = class java.util.HashMap@573e2624
      cacheKeyStringBuilder = class com.ibm.ws.util.WSThreadLocal@28178460
      listenersInitialized = true
      webConProperties = class java.util.Properties@78ff1ea9
      sessionRegistry = null
      isStopped = false
      readWriteLockForStopping = class java.util.concurrent.locks.ReentrantReadWriteLock@41e0c11e
      urlPrefix = ";jsessionid="
      extensionFactories = class java.util.ArrayList@67c9d000
      postInitExtensionFactories = null
      httpResponseListeners = class java.util.ArrayList@73e97c1d
      servletContainerInitializers = class java.util.ServiceLoader@73e33e9f
      auditManager = class com.ibm.websphere.security.audit.context.AuditManager@34ccf9cc
      threadLocal = class java.lang.ThreadLocal@1d2c6685
      invocationCacheSize = 500
      decodePlusSign = true
      _cacheMap = class java.util.concurrent.ConcurrentHashMap@259de8a9
      _cacheSize = class java.util.concurrent.atomic.AtomicInteger@4f603d43
      vHostCompatFlag = false
      platformHelper = class com.ibm.ws.webcontainer.PlatformHelper@1c31bffa
      isDefaultTempDir = true
      tempDir = null
      servletCachingInitNeeded = true
      appInstallBegun = true
      cacheServletWrapperFactory = class com.ibm.ws.webcontainer31.servlet.factory.CacheServletWrapperFactory31Impl@62d7fab7
      commands = class java.util.ArrayList@6681349a
      requestMapper = class com.ibm.ws.webcontainer.util.VirtualHostContextRootMapper@775e99df
      parent = null
      name = "Was.webcontainer"
      isAlive = true
      subElements = class java.util.HashMap@2eb7dedb
      attributes = null
      config = null
      serialVersionUID = -8271459000149267764
      $$$tc$$$ = class com.ibm.websphere.ras.TraceComponent@7a0d8c7
    firstFailure = null
    serialVersionUID = -4563697739413190872
    $$$tc$$$ = class com.ibm.websphere.ras.TraceComponent@5156f171
      strings[0] = "TraceComponent[com.ibm.ws.app.manager.module.internal.ModuleHandlerBase,class com.ibm.ws.app.manager.module.internal.ModuleHandlerBase,[applications, app.manager],,null]"
  webContainerModuleInfo = class com.ibm.ws.app.manager.module.internal.SimpleDeployedAppInfoBase$WebModuleContainerInfo@7bfa6cb0
    contextRoot = "/microprofile"
    defaultContextRoot = "microprofile"
    serialVersionUID = -8158961796913348204
    $$$tc$$$ = class com.ibm.websphere.ras.TraceComponent@6a55a680
      strings[0] = "TraceComponent[com.ibm.ws.app.manager.module.internal.SimpleDeployedAppInfoBase$WebModuleContainerInfo,class com.ibm.ws.app.manager.module.internal.SimpleDeployedAppInfoBase$WebModuleContainerInfo,[applications, app.manager],,null]"
    moduleHandler = class com.ibm.ws.app.manager.web.internal.WebModuleHandlerImpl@16c89d3e
    moduleMetaDataExtenders = class java.util.concurrent.CopyOnWriteArrayList@6226d18b
      serialVersionUID = 8673264195747942595
      lock = class java.util.concurrent.locks.ReentrantLock@101ab05c
      array = class java.lang.Object[2]
      UNSAFE = class sun.misc.Unsafe@3a25dda0
      lockOffset = 12
    nestedModuleMetaDataFactories = class java.util.concurrent.CopyOnWriteArrayList@4b721b70
      serialVersionUID = 8673264195747942595
      lock = class java.util.concurrent.locks.ReentrantLock@67fce9fd
      array = class java.lang.Object[1]
      UNSAFE = class sun.misc.Unsafe@3a25dda0
      lockOffset = 12
    nestedModules = null
    moduleName = "microprofile-1.0-SNAPSHOT"
    moduleDD = null
    moduleInfo = class com.ibm.ws.app.manager.module.internal.WebModuleInfoImpl@4c0a4b32
      contextRoot = "/microprofile"
      isDefaultContextRootUsed = false
      serialVersionUID = -1540279394520440503
      $$$tc$$$ = class com.ibm.websphere.ras.TraceComponent@160bc8b9
      tc = class com.ibm.websphere.ras.TraceComponent@e54a2df
      appInfo = class com.ibm.ws.container.service.app.deploy.internal.ApplicationInfoImpl@1f26ed8f
      moduleName = "microprofile-1.0-SNAPSHOT"
      path = "microprofile-1.0-SNAPSHOT.war"
      moduleContainer = class com.ibm.ws.adaptable.module.internal.AdaptableContainerImpl@1c870fb2
      altDDEntry = null
      moduleClassesContainers = class java.util.ArrayList@337acee7
      classLoaderFactory = class com.ibm.ws.app.manager.war.internal.WARDeployedAppInfo@3ce85ae8
      containerInfoType = class com.ibm.ws.container.service.app.deploy.ContainerInfo$Type@6784e115
      classLoader = class com.ibm.ws.classloading.internal.AppClassLoader@5bb8da13
      moduleMetaData = class com.ibm.ws.webcontainer.osgi.metadata.WebModuleMetaDataImpl@35e8c794
      nestedModuleMetaDataTypes = null
      nestedModuleMetaDataValues = null
      serialVersionUID = 3986734351620206554
    serialVersionUID = 8693907776607441911
    $$$tc$$$ = class com.ibm.websphere.ras.TraceComponent@16633661
      strings[0] = "TraceComponent[com.ibm.ws.app.manager.module.internal.SimpleDeployedAppInfoBase$ModuleContainerInfoBase,class com.ibm.ws.app.manager.module.internal.SimpleDeployedAppInfoBase$ModuleContainerInfoBase,[applications, app.manager],,null]"
    type = class com.ibm.ws.container.service.app.deploy.ContainerInfo$Type@6784e115
      MANIFEST_CLASSPATH = class com.ibm.ws.container.service.app.deploy.ContainerInfo$Type@3083dbad
      WEB_INF_CLASSES = class com.ibm.ws.container.service.app.deploy.ContainerInfo$Type@616a8e24
      WEB_INF_LIB = class com.ibm.ws.container.service.app.deploy.ContainerInfo$Type@4f29c2a8
      EAR_LIB = class com.ibm.ws.container.service.app.deploy.ContainerInfo$Type@1ecb20fb
      WEB_MODULE = class com.ibm.ws.container.service.app.deploy.ContainerInfo$Type@6784e115
      EJB_MODULE = class com.ibm.ws.container.service.app.deploy.ContainerInfo$Type@303bce3c
      CLIENT_MODULE = class com.ibm.ws.container.service.app.deploy.ContainerInfo$Type@5156db1
      RAR_MODULE = class com.ibm.ws.container.service.app.deploy.ContainerInfo$Type@428c339
      JAR_MODULE = class com.ibm.ws.container.service.app.deploy.ContainerInfo$Type@43a3e7bf
      SHARED_LIB = class com.ibm.ws.container.service.app.deploy.ContainerInfo$Type@2d879bd9
      $VALUES = class com.ibm.ws.container.service.app.deploy.ContainerInfo$Type[10]
      $$$tc$$$ = class com.ibm.websphere.ras.TraceComponent@24d8bf4e
      name = "WEB_MODULE"
      ordinal = 4
    name = "microprofile-1.0-SNAPSHOT.war"
    container = class com.ibm.ws.adaptable.module.internal.AdaptableContainerImpl@1c870fb2
    altDDEntry = null
    classesContainerInfo = class java.util.ArrayList@337acee7
      serialVersionUID = 8683452581122892189
      DEFAULT_CAPACITY = 10
      EMPTY_ELEMENTDATA = class java.lang.Object[0]
      DEFAULTCAPACITY_EMPTY_ELEMENTDATA = class java.lang.Object[0]
      elementData = class java.lang.Object[10]
      size = 2
      MAX_ARRAY_SIZE = 2147483639
      modCount = 3
      MAX_ARRAY_SIZE = 2147483639
    serialVersionUID = 7427332431485745589
    $$$tc$$$ = class com.ibm.websphere.ras.TraceComponent@22951288
      strings[0] = "TraceComponent[com.ibm.ws.app.manager.module.internal.SimpleDeployedAppInfoBase$ExtendedContainerInfo,class com.ibm.ws.app.manager.module.internal.SimpleDeployedAppInfoBase$ExtendedContainerInfo,[applications, app.manager],,null]"
  DYNAMIC_IMPORT_PACKAGE_LIST = class java.util.Collections$UnmodifiableRandomAccessList@483e2a02
    serialVersionUID = -2542308836966382001
    serialVersionUID = -283967356065247728
    list = class java.util.Arrays$ArrayList@3e92e270
      serialVersionUID = -2764017481108945198
      a = class java.lang.String[1]
      modCount = 0
      MAX_ARRAY_SIZE = 2147483639
    serialVersionUID = 1820017752578914078
    c = class java.util.Arrays$ArrayList@3e92e270
  serialVersionUID = -6153587016903242961
  $$$tc$$$ = class com.ibm.websphere.ras.TraceComponent@32b6d4f3
    strings[0] = "TraceComponent[com.ibm.ws.app.manager.war.internal.WARDeployedAppInfo,class com.ibm.ws.app.manager.war.internal.WARDeployedAppInfo,[webcontainer, applications, app.manager],com.ibm.ws.app.manager.war.internal.resources.Messages,null]"
  _tc = class com.ibm.websphere.ras.TraceComponent@4b0a78a
    strings[0] = "TraceComponent[com.ibm.ws.app.manager.module.internal.DeployedAppInfoBase,class com.ibm.ws.app.manager.module.internal.DeployedAppInfoBase,[app.manager],com.ibm.ws.app.manager.module.internal.resources.Messages,null]"
  PERMISSION_XML = "permissions.xml"
  applicationInformation = class com.ibm.ws.app.manager.internal.ApplicationInstallInfo@2c6ff918
    _config = class com.ibm.ws.app.manager.internal.ApplicationConfig@3ed9734a
      _configPid = "com.ibm.ws.app.manager_20"
      _config = class com.ibm.ws.config.admin.ConfigurationDictionary@698fc3cd
      _location = "microprofile-1.0-SNAPSHOT.war"
      _type = "war"
      _name = "microprofile"
      _notificationBroadcasterSupport = class javax.management.NotificationBroadcasterSupport@27b22729
    _handlerInfo = class java.util.concurrent.atomic.AtomicReference@368bc936
      serialVersionUID = -1848883965231344442
      unsafe = class sun.misc.Unsafe@3a25dda0
      valueOffset = 12
      value = class com.ibm.ws.app.manager.war.internal.WARDeployedAppInfo@3ce85ae8
    _container = class java.util.concurrent.atomic.AtomicReference@387671a1
      serialVersionUID = -1848883965231344442
      unsafe = class sun.misc.Unsafe@3a25dda0
      valueOffset = 12
      value = class com.ibm.ws.adaptable.module.internal.AdaptableContainerImpl@1c870fb2
    _resolvedLocation = class java.util.concurrent.atomic.AtomicReference@6d5a3bc
      serialVersionUID = -1848883965231344442
      unsafe = class sun.misc.Unsafe@3a25dda0
      valueOffset = 12
      value = class com.ibm.ws.kernel.service.location.internal.LocalFileResource@77735850
    _handler = class com.ibm.ws.app.manager.war.internal.WARApplicationHandlerImpl@73e3d30f
      futureMonitor = class com.ibm.ws.threading.internal.FutureMonitorImpl@708c7cc4
      deployedAppFactory = class com.ibm.ws.app.manager.war.internal.WARDeployedAppInfoFactoryImpl@2d9497ec
      serialVersionUID = 4622845147410944782
      $$$tc$$$ = class com.ibm.websphere.ras.TraceComponent@52a046ce
    _ami = class java.util.concurrent.atomic.AtomicReference@1bc9763c
      serialVersionUID = -1848883965231344442
      unsafe = class sun.misc.Unsafe@3a25dda0
      valueOffset = 12
      value = class com.ibm.wsspi.application.handler.DefaultApplicationMonitoringInformation@322a0dd9
    _updateHandler = class com.ibm.ws.app.manager.internal.statemachine.ApplicationStateMachineImpl@1039f79d
      _tc = class com.ibm.websphere.ras.TraceComponent@1694ad1e
      EMPTY_FUTURE_ARRAY = interface java.util.concurrent.Future[0]
      asmSequenceNumber = class java.util.concurrent.atomic.AtomicLong@73acb47b
      _qscaCounter = class java.util.concurrent.atomic.AtomicInteger@68bbcb88
      _failedThrowable = null
      _interruptibleLock = class com.ibm.ws.app.manager.internal.statemachine.ApplicationStateMachineImpl$2@c16a2c7
      _interruptible = false
      _performingQueuedActions = true
      _queuedActions = class java.util.concurrent.ConcurrentLinkedQueue@22527cf
      _callbackState = class java.util.concurrent.atomic.AtomicReference@143c449c
      blockAppStartingFutures = class java.util.Collections$SetFromMap@226d2a18
      waitingForAppHandlerFuture = class java.util.concurrent.atomic.AtomicReference@1b54a408
      waitingForExplicitStartFuture = class java.util.concurrent.atomic.AtomicReference@3064f3f2
      completionListener = class java.util.concurrent.atomic.AtomicReference@468a59c6
      _notifyAppStopped = class java.util.concurrent.ConcurrentLinkedQueue@d7c86e5
      _notifyAppStarting = class java.util.concurrent.ConcurrentLinkedQueue@333607a6
      _notifyAppInstallCalled = class java.util.concurrent.ConcurrentLinkedQueue@245a8951
      _notifyAppStarted = class java.util.concurrent.ConcurrentLinkedQueue@300aa075
      _notifyAppRemoved = class java.util.concurrent.ConcurrentLinkedQueue@5928433f
      _stateLock = class com.ibm.ws.app.manager.internal.statemachine.ApplicationStateMachineImpl$3@5a20748b
      _internalState = class java.util.concurrent.atomic.AtomicReference@2ac06e9f
      _currentAction = class java.util.concurrent.atomic.AtomicReference@4fac7aba
      _rfa = class java.util.concurrent.atomic.AtomicReference@5486e9cb
      _appInstallInfo = class java.util.concurrent.atomic.AtomicReference@d5b5bfc
      _update = class java.util.concurrent.atomic.AtomicBoolean@2446685e
      _appConfig = class java.util.concurrent.atomic.AtomicReference@893bfc6
      _nextAppConfig = class java.util.concurrent.atomic.AtomicReference@6bb8d7ae
      _appContainer = class java.util.concurrent.atomic.AtomicReference@3c6be59e
      _resolvedLocation = class java.util.concurrent.atomic.AtomicReference@2b787ed5
      _handler = class java.util.concurrent.atomic.AtomicReference@3e0099f3
      _asmSeqNo = 2
      _ctx = class org.eclipse.osgi.internal.framework.BundleContextImpl@7a3a0fbb
      _locAdmin = class com.ibm.ws.kernel.service.location.internal.WsLocationAdminImpl@13a83c3a
      _futureMonitor = class com.ibm.ws.threading.internal.FutureMonitorImpl@708c7cc4
      _artifactFactory = class com.ibm.ws.artifact.internal.ArtifactContainerFactoryService@24dcd7f
      _moduleFactory = class com.ibm.ws.adaptable.module.internal.AdaptableModuleFactoryImpl@75263559
      _executorService = class com.ibm.ws.threading.internal.ExecutorServiceImpl@18ea3ad6
      _scheduledExecutorService = class com.ibm.ws.threading.internal.ScheduledExecutorImpl@221ff739
      _asmHelper = class com.ibm.ws.app.manager.internal.ApplicationConfigurator$NamedApplication@d087c83
      _appMonitor = class com.ibm.ws.app.manager.internal.monitor.ApplicationMonitor@708456ac
      enterStateCalled = class java.util.concurrent.atomic.AtomicBoolean@637d7e24
      serialVersionUID = -1399093980790866556
      serialVersionUID = 5501066335104962649
      $$$tc$$$ = class com.ibm.websphere.ras.TraceComponent@23a8bc3f
    serialVersionUID = 3995013949638210907
    $$$tc$$$ = class com.ibm.websphere.ras.TraceComponent@7a4403aa
      strings[0] = "TraceComponent[com.ibm.ws.app.manager.internal.ApplicationInstallInfo,class com.ibm.ws.app.manager.internal.ApplicationInstallInfo,[applications, app.manager],com.ibm.ws.app.manager.internal.resources.AppManagerMessages,null]"
  location = "/home/ibmdemo/Student/workspace/microprofile/target/liberty/wlp/usr/servers/defaultServer/apps/microprofile-1.0-SNAPSHOT.war.xml"
  classLoadingService = class com.ibm.ws.classloading.internal.ClassLoadingServiceImpl@13d0f9e8
    tc = class com.ibm.websphere.ras.TraceComponent@3fb7b274
      strings[0] = "TraceComponent[com.ibm.ws.classloading.internal.ClassLoadingServiceImpl,class com.ibm.ws.classloading.internal.ClassLoadingServiceImpl,[ClassLoadingService],com.ibm.ws.classloading.internal.resources.ClassLoadingServiceMessages,null]"
    leakDetectionMap = class java.util.HashMap@65879e60
      serialVersionUID = 362498820763181265
      DEFAULT_INITIAL_CAPACITY = 16
      MAXIMUM_CAPACITY = 1073741824
      DEFAULT_LOAD_FACTOR = 0.75
      TREEIFY_THRESHOLD = 8
      UNTREEIFY_THRESHOLD = 6
      MIN_TREEIFY_CAPACITY = 64
      table = null
      entrySet = null
      size = 0
      modCount = 0
      threshold = 0
      loadFactor = 0.75
      keySet = null
      values = null
    TCCL_LOCK_WAIT = 15000
    REFERENCE_GENERATORS = "generators"
    bundleContext = class org.eclipse.osgi.internal.framework.BundleContextImpl@69aeda6
    aclStore = class com.ibm.ws.classloading.internal.util.CanonicalStore@3ed00bc0
      map = class java.util.concurrent.ConcurrentHashMap@61e8da29
      q = class com.ibm.ws.classloading.internal.util.RefQueue@5795d227
      serialVersionUID = 6715157558227169968
      $$$tc$$$ = class com.ibm.websphere.ras.TraceComponent@115678d0
    tcclStore = class com.ibm.ws.classloading.internal.util.CanonicalStore@2aa22ecd
      map = class java.util.concurrent.ConcurrentHashMap@4f08d8ab
      q = class com.ibm.ws.classloading.internal.util.RefQueue@2e33271c
      serialVersionUID = 6715157558227169968
      $$$tc$$$ = class com.ibm.websphere.ras.TraceComponent@115678d0
    tcclStoreLock = class java.util.concurrent.locks.ReentrantLock@217d4e04
      serialVersionUID = 7373984872572414699
      sync = class java.util.concurrent.locks.ReentrantLock$NonfairSync@41fd1a73
    digraph = class org.eclipse.equinox.internal.region.StandardRegionDigraph@78d0b0d5
      EMPTY_EDGE_SET = class java.util.Collections$UnmodifiableSet@31237969
      monitor = class java.lang.Object@3110cdb1
      regions = class java.util.HashMap@5f9ab905
      bundleIdToRegionMapping = class org.eclipse.equinox.internal.region.StandardBundleIdToRegionMapping@3766eef9
      edges = class java.util.HashMap@1da4214d
      bundleContext = class org.eclipse.osgi.internal.framework.BundleContextImpl@59e2d8e3
      threadLocal = class java.lang.ThreadLocal@2aee0a0d
      subgraphTraverser = class org.eclipse.equinox.internal.region.SubgraphTraverser@20b6dcc4
      bundleCollisionHook = class org.eclipse.equinox.internal.region.hook.RegionBundleCollisionHook@2027ff0d
      bundleEventHook = class org.eclipse.equinox.internal.region.hook.RegionBundleEventHook@1c351c0d
      bundleFindHook = class org.eclipse.equinox.internal.region.hook.RegionBundleFindHook@4651d3e4
      serviceEventHook = class org.eclipse.equinox.internal.region.hook.RegionServiceEventHook@50177716
      serviceFindHook = class org.eclipse.equinox.internal.region.hook.RegionServiceFindHook@4fd7358e
      resolverHookFactory = class org.eclipse.equinox.internal.region.hook.RegionResolverHookFactory@7b369d0d
      origin = null
      originUpdateCount = -1
      updateCount = class java.util.concurrent.atomic.AtomicLong@3330af7c
      defaultRegion = null
    redefiner = class com.ibm.ws.classloading.internal.util.ClassRedefiner@46e03a04
      tc = class com.ibm.websphere.ras.TraceComponent@10c5590c
      LS = "
"
      inst = class com.ibm.ws.kernel.launch.internal.TraceInstrumentation@4f757de2
      serialVersionUID = 2420101865139508526
    listener = class com.ibm.ws.classloading.internal.ClassLoadingServiceImpl$1@7d0fb053
      this$0 = class com.ibm.ws.classloading.internal.ClassLoadingServiceImpl@13d0f9e8
      serialVersionUID = -9159707349812113172
      $$$tc$$$ = class com.ibm.websphere.ras.TraceComponent@266ca2c5
    classloaders = class java.util.Collections$SynchronizedMap@3649cc98
      serialVersionUID = 1978198479659022715
      m = class java.util.HashMap@3dea10a5
      mutex = class java.util.Collections$SynchronizedMap@3649cc98
      keySet = null
      entrySet = null
      values = null
    resourceProviders = class com.ibm.ws.classloading.internal.CompositeResourceProvider@4be2949c
      lockFactory = class java.util.concurrent.locks.ReentrantReadWriteLock@66751bb1
      providerMap = class com.ibm.ws.classloading.internal.util.MultiMap@76a450a2
      serialVersionUID = -5576435894946156347
      $$$tc$$$ = class com.ibm.websphere.ras.TraceComponent@50235dcb
    rememberedBundles = class java.util.concurrent.ConcurrentHashMap@c15b7fe
      serialVersionUID = 7249069246763182397
      MAXIMUM_CAPACITY = 1073741824
      DEFAULT_CAPACITY = 16
      MAX_ARRAY_SIZE = 2147483639
      DEFAULT_CONCURRENCY_LEVEL = 16
      LOAD_FACTOR = 0.75
      TREEIFY_THRESHOLD = 8
      UNTREEIFY_THRESHOLD = 6
      MIN_TREEIFY_CAPACITY = 64
      MIN_TRANSFER_STRIDE = 16
      RESIZE_STAMP_BITS = 16
      MAX_RESIZERS = 65535
      RESIZE_STAMP_SHIFT = 16
      MOVED = -1
      TREEBIN = -2
      RESERVED = -3
      HASH_BITS = 2147483647
      NCPU = 4
      serialPersistentFields = class java.io.ObjectStreamField[3]
      table = class java.util.concurrent.ConcurrentHashMap$Node[16]
      nextTable = null
      baseCount = 4
      sizeCtl = 12
      transferIndex = 0
      cellsBusy = 0
      counterCells = null
      keySet = null
      values = null
      entrySet = null
      U = class sun.misc.Unsafe@3a25dda0
      SIZECTL = 20
      TRANSFERINDEX = 32
      BASECOUNT = 24
      CELLSBUSY = 36
      CELLVALUE = 144
      ABASE = 16
      ASHIFT = 2
      keySet = null
      values = null
    collectedBundles = class java.lang.ref.ReferenceQueue@c180307
      NULL = class java.lang.ref.ReferenceQueue$Null@236616aa
      ENQUEUED = class java.lang.ref.ReferenceQueue$Null@a1b80e7
      lock = class java.lang.ref.ReferenceQueue$Lock@1980f2c8
      head = null
      queueLength = 0
      $assertionsDisabled = true
    generatorRefs = class com.ibm.wsspi.kernel.service.utils.ConcurrentServiceReferenceSet@74cd2310
      referenceName = "generators"
      contextRef = class java.util.concurrent.atomic.AtomicReference@68bb3e49
      elementMap = class java.util.LinkedHashMap@1257c22e
      elementSet = class java.util.concurrent.ConcurrentSkipListSet@17e4dfd3
      elementSetUnsorted = false
      serialVersionUID = 756240983881166148
      $$$tc$$$ = class com.ibm.websphere.ras.TraceComponent@386a2f5e
    generatorManager = class com.ibm.ws.classloading.internal.ClassGeneratorManager@2bd40f61
      tc = class com.ibm.websphere.ras.TraceComponent@35b42585
      generatorRefs = class com.ibm.wsspi.kernel.service.utils.ConcurrentServiceReferenceSet@74cd2310
      serialVersionUID = 4152663586056483310
    appExtLibs = class java.util.concurrent.CopyOnWriteArrayList@a5ff7a2
      serialVersionUID = 8673264195747942595
      lock = class java.util.concurrent.locks.ReentrantLock@2d90f729
      array = class java.lang.Object[0]
      UNSAFE = class sun.misc.Unsafe@3a25dda0
      lockOffset = 12
    metaInfServicesProviders = class java.util.concurrent.ConcurrentHashMap@4693ddd5
      serialVersionUID = 7249069246763182397
      MAXIMUM_CAPACITY = 1073741824
      DEFAULT_CAPACITY = 16
      MAX_ARRAY_SIZE = 2147483639
      DEFAULT_CONCURRENCY_LEVEL = 16
      LOAD_FACTOR = 0.75
      TREEIFY_THRESHOLD = 8
      UNTREEIFY_THRESHOLD = 6
      MIN_TREEIFY_CAPACITY = 64
      MIN_TRANSFER_STRIDE = 16
      RESIZE_STAMP_BITS = 16
      MAX_RESIZERS = 65535
      RESIZE_STAMP_SHIFT = 16
      MOVED = -1
      TREEBIN = -2
      RESERVED = -3
      HASH_BITS = 2147483647
      NCPU = 4
      serialPersistentFields = class java.io.ObjectStreamField[3]
      table = null
      nextTable = null
      baseCount = 0
      sizeCtl = 0
      transferIndex = 0
      cellsBusy = 0
      counterCells = null
      keySet = null
      values = null
      entrySet = null
      U = class sun.misc.Unsafe@3a25dda0
      SIZECTL = 20
      TRANSFERINDEX = 32
      BASECOUNT = 24
      CELLSBUSY = 36
      CELLVALUE = 144
      ABASE = 16
      ASHIFT = 2
      keySet = null
      values = null
    metaInfServicesRefs = class com.ibm.wsspi.kernel.service.utils.ConcurrentServiceReferenceMap@5bdba3b4
      referenceName = "MetaInfServicesProvider"
      context = class org.apache.felix.scr.impl.manager.ComponentContextImpl@5950e11b
      elementMap = class java.util.concurrent.ConcurrentHashMap@20524f42
      serialVersionUID = 6980924785166233786
      $$$tc$$$ = class com.ibm.websphere.ras.TraceComponent@4e87e2cd
    protectionDomainMap = class java.util.HashMap@507f10a9
      serialVersionUID = 362498820763181265
      DEFAULT_INITIAL_CAPACITY = 16
      MAXIMUM_CAPACITY = 1073741824
      DEFAULT_LOAD_FACTOR = 0.75
      TREEIFY_THRESHOLD = 8
      UNTREEIFY_THRESHOLD = 6
      MIN_TREEIFY_CAPACITY = 64
      table = null
      entrySet = null
      size = 0
      modCount = 0
      threshold = 0
      loadFactor = 0.75
      keySet = null
      values = null
    metadataIdentifierService = class com.ibm.ws.container.service.metadata.internal.MetaDataServiceImpl@52115eeb
    serialVersionUID = 3750725462702355330
  globalSharedLibrary = class com.ibm.ws.library.internal.SharedLibraryImpl@4123b7c1
    tc = class com.ibm.websphere.ras.TraceComponent@8a07c57
      strings[0] = "TraceComponent[com.ibm.ws.library.internal.SharedLibraryImpl,class com.ibm.ws.library.internal.SharedLibraryImpl,[SharedLibrary],com.ibm.ws.classloading.internal.resources.ClassLoadingServiceMessages,null]"
    EMPTY_LIBRARY_LISTENERS = interface com.ibm.wsspi.library.LibraryChangeListener[0]
    deleted = false
    libraryListenersTracker = class org.osgi.util.tracker.ServiceTracker@48f47872
      DEBUG = false
      context = class org.eclipse.osgi.internal.framework.BundleContextImpl@69aeda6
      filter = class org.eclipse.osgi.internal.framework.FilterImpl@6a676be2
      customizer = class org.osgi.util.tracker.ServiceTracker@48f47872
      listenerFilter = "(&(objectClass=com.ibm.wsspi.library.LibraryChangeListener)(|(library=global)(libraryRef=*com.ibm.ws.classloading.sharedlibrary_37*)))"
      trackClass = null
      trackReference = null
      tracked = class org.osgi.util.tracker.ServiceTracker$Tracked@24014d8c
      cachedReference = null
      cachedService = null
    libraryReg = class org.eclipse.osgi.internal.serviceregistry.ServiceRegistrationImpl@5513907a
      registry = class org.eclipse.osgi.internal.serviceregistry.ServiceRegistry@7bcb581b
      context = class org.eclipse.osgi.internal.framework.BundleContextImpl@69aeda6
      bundle = class org.eclipse.osgi.internal.framework.EquinoxBundle@be02eaa
      clazzes = class java.lang.String[1]
      service = class com.ibm.ws.library.internal.SharedLibraryImpl@4123b7c1
      reference = class org.eclipse.osgi.internal.serviceregistry.ServiceReferenceImpl@3d2d6dec
      contextsUsing = class java.util.ArrayList@4feba3d
      properties = class java.util.Collections$UnmodifiableMap@25d42139
      serviceid = 237
      serviceranking = 2
      registrationLock = class java.lang.Object@2eb1e89d
      state = 0
      REGISTERED = 0
      UNREGISTERING = 1
      UNREGISTERED = 2
      FRAMEWORK_SET_SERVICE_PROPERTIES_COUNT = 4
      $assertionsDisabled = true
    ctx = class org.eclipse.osgi.internal.framework.BundleContextImpl@69aeda6
      findHookName = "org.osgi.framework.hooks.bundle.FindHook"
      valid = true
      bundle = class org.eclipse.osgi.internal.framework.EquinoxBundle@be02eaa
      container = class org.eclipse.osgi.internal.framework.EquinoxContainer@571e5a08
      debug = class org.eclipse.osgi.internal.debug.Debug@1443100d
      servicesInUse = class java.util.HashMap@67e4a176
      activator = null
      contextLock = class java.lang.Object@28cf98d8
    classLoadingService = class com.ibm.ws.classloading.internal.ClassLoadingServiceImpl@13d0f9e8
    configAdmin = class com.ibm.ws.config.admin.internal.ConfigurationAdminImpl@1e3e28c9
      tc = class com.ibm.websphere.ras.TraceComponent@55e6373e
      bundle = class org.eclipse.osgi.internal.framework.EquinoxBundle@be02eaa
      caFactory = class com.ibm.ws.config.admin.internal.ConfigAdminServiceFactory@4a365f67
      serialVersionUID = 3160799878770679122
    resolvedBasePath = "/home/ibmdemo/Student/workspace/microprofile/target/liberty/wlp/usr/servers/defaultServer/"
    generationLock = class com.ibm.ws.library.internal.SharedLibraryImpl$1@6810a9af
      this$0 = class com.ibm.ws.library.internal.SharedLibraryImpl@4123b7c1
      serialVersionUID = 2483639803450672373
      $$$tc$$$ = class com.ibm.websphere.ras.TraceComponent@1592e57e
    currentGeneration = class com.ibm.ws.library.internal.LibraryGeneration@31a650f9
      tc = class com.ibm.websphere.ras.TraceComponent@5ca40e8
      nextInt = class java.util.concurrent.atomic.AtomicInteger@a4aea1a
      libraryId = "global"
      genId = 2
      libraryProps = class java.util.Hashtable@4e0383f2
      filesetRefs = class java.util.Collections$UnmodifiableRandomAccessList@6e88f96a
      apiTypeVisibility = class java.util.RegularEnumSet@2014ae29
      files = class java.util.Collections$EmptyList@55413801
      folders = class java.util.ArrayList@7d538a0b
      fileAndFolderContainers = class java.util.Collections$EmptyList@55413801
      filesets = class java.util.concurrent.ArrayBlockingQueue@2f1d8a40
      filesetListenerRegs = class java.util.concurrent.ConcurrentLinkedQueue@6776560
      cancelled = false
      library = class com.ibm.ws.library.internal.SharedLibraryImpl@4123b7c1
      serialVersionUID = 6965220007121905717
    nextGeneration = class com.ibm.ws.library.internal.LibraryGeneration@31a650f9
    artifactContainerFactory = class com.ibm.ws.library.internal.SharedLibraryFactory$1@5a7a9957
      this$0 = class com.ibm.ws.library.internal.SharedLibraryFactory@4cde045e
      serialVersionUID = 7730244564205089330
      $$$tc$$$ = class com.ibm.websphere.ras.TraceComponent@190a3374
    packageExporter = class com.ibm.ws.library.internal.LibraryPackageExporter@356d8ab1
      EXPORTER_POSTFIX = "_library_exporter"
      REGION_EXPORT_TO_LIBERTY = "liberty.library.export.to.liberty"
      REGION_EXPORT_TO_OSGI_APPS = "liberty.library.export.to.osgi.app"
      REGION_KERNEL = "org.eclipse.equinox.region.kernel"
      counter = class java.util.concurrent.atomic.AtomicLong@28ea5f97
      context = class org.eclipse.osgi.internal.framework.BundleContextImpl@69aeda6
      digraph = class org.eclipse.equinox.internal.region.StandardRegionDigraph@78d0b0d5
      bundleToLibrary = class java.util.concurrent.ConcurrentHashMap@577a498e
      libraryToVisibility = class java.util.concurrent.ConcurrentHashMap@5705ded
      serialVersionUID = 8074378969667956573
      $$$tc$$$ = class com.ibm.websphere.ras.TraceComponent@705d4200
    serialVersionUID = 6288237618632180389
  sharedLibDeploymentInfo = class com.ibm.ws.app.manager.module.internal.DeployedAppInfoBase$SharedLibDeploymentInfo@78f4fbdd
    bundleContext = class org.eclipse.osgi.internal.framework.BundleContextImpl@1f0b65c4
      findHookName = "org.osgi.framework.hooks.bundle.FindHook"
      valid = true
      bundle = class org.eclipse.osgi.internal.framework.EquinoxBundle@2ebc25fb
      container = class org.eclipse.osgi.internal.framework.EquinoxContainer@571e5a08
      debug = class org.eclipse.osgi.internal.debug.Debug@1443100d
      servicesInUse = class java.util.HashMap@697bfba8
      activator = null
      contextLock = class java.lang.Object@440166df
    locAdmin = class com.ibm.ws.kernel.service.location.internal.WsLocationAdminImpl@13a83c3a
      tc = class com.ibm.websphere.ras.TraceComponent@7b8e986c
      LOC_INTERNAL_LIB_DIR = "wlp.lib.dir"
      LOC_AREA_NAME_APPS = "shared/apps/"
      LOC_AREA_NAME_CONFIG = "shared/config/"
      LOC_AREA_NAME_RESC = "shared/resources/"
      LOC_AREA_NAME_STATE = "logs/state/"
      LOC_AREA_NAME_SERVERS = "servers/"
      LOC_AREA_NAME_CLIENTS = "clients/"
      LOC_AREA_NAME_WORKING = "workarea/"
      LOC_AREA_NAME_EXTENSION = "extension/"
      instance = class com.ibm.ws.staticvalue.StaticValue$FinalSingleton@1d60b0f1
      installRoot = class com.ibm.ws.kernel.service.location.internal.SymbolicRootResource@ca8a9d7
      installParentRoot = class com.ibm.ws.kernel.service.location.internal.SymbolicRootResource@7eb1b84
      userRoot = class com.ibm.ws.kernel.service.location.internal.SymbolicRootResource@5752639d
      usrExtensionRoot = class com.ibm.ws.kernel.service.location.internal.SymbolicRootResource@4f2db6be
      serverConfigDir = class com.ibm.ws.kernel.service.location.internal.SymbolicRootResource@682589d
      serverOutputDir = class com.ibm.ws.kernel.service.location.internal.SymbolicRootResource@682589d
      bootstrapLib = class com.ibm.ws.kernel.service.location.internal.LocalFileResource@59ea44f2
      serverWorkarea = class com.ibm.ws.kernel.service.location.internal.LocalFileResource@1d609ad9
      serverState = class com.ibm.ws.kernel.service.location.internal.LocalFileResource@3f5a478d
      sharedAppsRoot = class com.ibm.ws.kernel.service.location.internal.SymbolicRootResource@2b88a64b
      sharedConfigRoot = class com.ibm.ws.kernel.service.location.internal.SymbolicRootResource@20ceba1c
      sharedResourceRoot = class com.ibm.ws.kernel.service.location.internal.SymbolicRootResource@39614a8e
      tmpRoot = class com.ibm.ws.kernel.service.location.internal.SymbolicRootResource@546a1400
      serverName = "defaultServer"
      resourcePaths = class java.util.ArrayList@3abe4a38
      resourceGroups = class java.util.HashMap@6f751929
      commonRoot = class com.ibm.ws.kernel.service.location.internal.VirtualRootResource@5cf31b73
      serialVersionUID = 7766352982799267432
    artifactFactory = class com.ibm.ws.artifact.internal.ArtifactContainerFactoryService@24dcd7f
      CATEGORY_PROP_NAME = "category"
      ENTRY_KEY = "com.ibm.wsspi.artifact.ArtifactEntry"
      helperMap = class com.ibm.wsspi.kernel.service.utils.ConcurrentServiceReferenceSetMap@45368837
      contributorMap = class com.ibm.wsspi.kernel.service.utils.ConcurrentServiceReferenceSetMap@ccf2f89
      helperCategoryMap = class com.ibm.wsspi.kernel.service.utils.ConcurrentServiceReferenceSetMap@15360c01
      contributorCategoryMap = class com.ibm.wsspi.kernel.service.utils.ConcurrentServiceReferenceSetMap@1319c0fe
      categories = class java.util.Collections$SynchronizedSet@629f959a
      baseProperties = class org.apache.felix.scr.impl.helper.ReadOnlyDictionary@17d94d27
      serialVersionUID = -3101641399269402013
      $$$tc$$$ = class com.ibm.websphere.ras.TraceComponent@1ee4fdcd
    moduleFactory = class com.ibm.ws.adaptable.module.internal.AdaptableModuleFactoryImpl@75263559
      adapterFactoryService = class com.ibm.ws.adaptable.module.internal.AdapterFactoryServiceImpl@31ffa383
      containerFactory = class com.ibm.ws.artifact.internal.ArtifactContainerFactoryService@24dcd7f
      overlayContainerFactory = class com.ibm.ws.artifact.overlay.internal.OverlayContainerFactoryImpl@3c269a5c
      serialVersionUID = 4200251809856292987
      $$$tc$$$ = class com.ibm.websphere.ras.TraceComponent@763b3648
    classesContainerInfo = class java.util.ArrayList@21211b84
      serialVersionUID = 8683452581122892189
      DEFAULT_CAPACITY = 10
      EMPTY_ELEMENTDATA = class java.lang.Object[0]
      DEFAULTCAPACITY_EMPTY_ELEMENTDATA = class java.lang.Object[0]
      elementData = class java.lang.Object[0]
      size = 0
      MAX_ARRAY_SIZE = 2147483639
      modCount = 0
      MAX_ARRAY_SIZE = 2147483639
    serialVersionUID = -9033256786848720484
    $$$tc$$$ = class com.ibm.websphere.ras.TraceComponent@3b69dab0
      strings[0] = "TraceComponent[com.ibm.ws.app.manager.module.internal.DeployedAppInfoBase$SharedLibDeploymentInfo,class com.ibm.ws.app.manager.module.internal.DeployedAppInfoBase$SharedLibDeploymentInfo,[applications, app.manager],,null]"
  futureMonitor = class com.ibm.ws.threading.internal.FutureMonitorImpl@708c7cc4
    _monitor = class java.util.concurrent.ConcurrentLinkedQueue@d006a
      serialVersionUID = 196745693267521676
      head = class java.util.concurrent.ConcurrentLinkedQueue$Node@1c18c374
      tail = class java.util.concurrent.ConcurrentLinkedQueue$Node@1c18c374
      UNSAFE = class sun.misc.Unsafe@3a25dda0
      headOffset = 12
      tailOffset = 16
      MAX_ARRAY_SIZE = 2147483639
    _executor = class com.ibm.ws.threading.internal.ScheduledExecutorImpl@221ff739
      threadGroupName = "Scheduled Executor Thread Group"
      executor = class com.ibm.ws.threading.internal.ExecutorServiceImpl@18ea3ad6
      serialVersionUID = -9110693807503469597
      $$$tc$$$ = class com.ibm.websphere.ras.TraceComponent@77cce895
      continueExistingPeriodicTasksAfterShutdown = false
      executeExistingDelayedTasksAfterShutdown = true
      removeOnCancel = false
      sequencer = class java.util.concurrent.atomic.AtomicLong@2c70fbca
      ctl = class java.util.concurrent.atomic.AtomicInteger@3f307ba8
      COUNT_BITS = 29
      CAPACITY = 536870911
      RUNNING = -536870912
      SHUTDOWN = 0
      STOP = 536870912
      TIDYING = 1073741824
      TERMINATED = 1610612736
      workQueue = class java.util.concurrent.ScheduledThreadPoolExecutor$DelayedWorkQueue@697ad811
      mainLock = class java.util.concurrent.locks.ReentrantLock@77f27144
      workers = class java.util.HashSet@5c776adb
      termination = class java.util.concurrent.locks.AbstractQueuedSynchronizer$ConditionObject@6026a7c6
      largestPoolSize = 1
      completedTaskCount = 0
      threadFactory = class com.ibm.ws.threading.internal.ThreadFactoryImpl@5f234183
      handler = class java.util.concurrent.ThreadPoolExecutor$AbortPolicy@3b3f7372
      keepAliveTime = 0
      allowCoreThreadTimeOut = false
      corePoolSize = 1
      maximumPoolSize = 2147483647
      defaultHandler = class java.util.concurrent.ThreadPoolExecutor$AbortPolicy@3b3f7372
      shutdownPerm = class java.lang.RuntimePermission@5c79f77c
      acc = null
      ONLY_ONE = true
      $assertionsDisabled = true
    _threadRunning = class java.util.concurrent.atomic.AtomicBoolean@24c65ac1
      serialVersionUID = 4654671469794556979
      unsafe = class sun.misc.Unsafe@3a25dda0
      valueOffset = 12
      value = 0
    _thread = class com.ibm.ws.threading.internal.FutureMonitorImpl$1@31f2f0b8
      this$0 = class com.ibm.ws.threading.internal.FutureMonitorImpl@708c7cc4
      serialVersionUID = 2422512430832938099
      $$$tc$$$ = class com.ibm.websphere.ras.TraceComponent@9e3812d
    serialVersionUID = 2765238413969174390
    $$$tc$$$ = class com.ibm.websphere.ras.TraceComponent@499e0eac
      strings[0] = "TraceComponent[com.ibm.ws.threading.internal.FutureMonitorImpl,class com.ibm.ws.threading.internal.FutureMonitorImpl,[Threading],com.ibm.ws.threading.internal.resources.ThreadingMessages,null]"
  configAdmin = class com.ibm.ws.config.admin.internal.ConfigurationAdminImpl@70c205a4
    tc = class com.ibm.websphere.ras.TraceComponent@55e6373e
      strings[0] = "TraceComponent[com.ibm.ws.config.admin.internal.ConfigurationAdminImpl,class com.ibm.ws.config.admin.internal.ConfigurationAdminImpl,[config],com.ibm.ws.config.internal.resources.ConfigMessages,null]"
    bundle = class org.eclipse.osgi.internal.framework.EquinoxBundle@2ebc25fb
      equinoxContainer = class org.eclipse.osgi.internal.framework.EquinoxContainer@571e5a08
      module = class org.eclipse.osgi.internal.framework.EquinoxBundle$EquinoxModule@1b1d3acb
      monitor = class java.lang.Object@3818f87e
      context = class org.eclipse.osgi.internal.framework.BundleContextImpl@1f0b65c4
      signerInfos = null
      $SWITCH_TABLE$org$eclipse$osgi$container$Module$State = {1,2,3,4,5,6,7} /* array length = 7 */
    caFactory = class com.ibm.ws.config.admin.internal.ConfigAdminServiceFactory@4a365f67
      tc = class com.ibm.websphere.ras.TraceComponent@38a489db
      configurationPermission = class org.osgi.service.cm.ConfigurationPermission@18c7a675
      INDEX_DICTIONARY = 0
      INDEX_LOCATION = 1
      INDEX_METATYPE_PROCESSED = 2
      INDEX_IN_OVERRIDES_FILE = 3
      INDEX_REFERENCES = 4
      INDEX_UNIQUES = 5
      bundleContext = class org.eclipse.osgi.internal.framework.BundleContextImpl@5845f0ce
      msTracker = class com.ibm.ws.config.admin.internal.ManagedServiceTracker@1492467e
      msfTracker = class com.ibm.ws.config.admin.internal.ManagedServiceFactoryTracker@41cad556
      pluginManager = class com.ibm.ws.config.admin.internal.PluginManager@6fd88683
      configurationStore = class com.ibm.ws.config.admin.internal.ConfigurationStore@4a096103
      updateQueue = class com.ibm.ws.config.admin.internal.UpdateQueue@4c2e6f8a
      ced = class com.ibm.ws.config.admin.internal.ConfigEventDispatcher@5bd9633c
      idMap = class java.util.Collections$SynchronizedMap@701e0a5a
      referenceMap = class java.util.Collections$SynchronizedMap@719e6c23
      variableRegistryTracker = class org.osgi.util.tracker.ServiceTracker@4ef30fa5
      variableRegistry = class com.ibm.ws.kernel.service.location.internal.VariableRegistryHelper@5e2345c4
      configurationAdminRef = class org.eclipse.osgi.internal.serviceregistry.ServiceRegistrationImpl@32a0519f
      serialVersionUID = 6695202270027014725
    serialVersionUID = 3160799878770679122
  libraryConfigHelper = class com.ibm.ws.classloading.ClassLoaderConfigHelper@6449aded
    tc = class com.ibm.websphere.ras.TraceComponent@4c6a25dc
      strings[0] = "TraceComponent[com.ibm.ws.classloading.ClassLoaderConfigHelper,class com.ibm.ws.classloading.ClassLoaderConfigHelper,[ClassLoadingService],com.ibm.ws.classloading.internal.resources.ClassLoadingServiceMessages,null]"
    DEFAULT_API_TYPES = class java.util.RegularEnumSet@5b7fa218
      serialVersionUID = 3411599620347842686
      elements = 23
      elementType = class java.lang.Class@73d7bec7
      universe = class com.ibm.wsspi.classloading.ApiType[5]
      ZERO_LENGTH_ENUM_ARRAY = class java.lang.Enum[0]
      MAX_ARRAY_SIZE = 2147483639
    sharedLibraries = class java.util.Collections$EmptyList@55413801
      serialVersionUID = 8842843931221139166
      modCount = 0
      MAX_ARRAY_SIZE = 2147483639
    commonLibraries = class java.util.Collections$EmptyList@55413801
    classProviders = class java.util.Collections$EmptyList@55413801
    sharedLibrariesPids = null
    commonLibrariesPids = null
    isDelegateLast = false
    apiTypes = class java.util.RegularEnumSet@5b7fa218
    classLoaderConfigProps = null
    serialVersionUID = -3051196824456962209
  isDelegateLast = false
  permissionManager = class com.ibm.ws.security.java2sec.PermissionManager@3808931a
    tc = class com.ibm.websphere.ras.TraceComponent@44819f73
      strings[0] = "TraceComponent[com.ibm.ws.security.java2sec.PermissionManager,class com.ibm.ws.security.java2sec.PermissionManager,[Java2SecurityUtil],com.ibm.ws.security.java2sec.resources.Java2SecurityUtilMessages,null]"
    classLoadingService = class com.ibm.ws.classloading.internal.ClassLoadingServiceImpl@13d0f9e8
    DEFAULT_SERVER_RESTRICTABLE_PERMISSIONS = class java.security.Permission[4]
      Permission[0] = class java.lang.RuntimePermission@16cab2aa
      Permission[1] = class java.lang.RuntimePermission@32236ef7
      Permission[2] = class java.security.SecurityPermission@3514d387
      Permission[3] = class javax.security.auth.AuthPermission@607ab7ed
    DEFAULT_CLIENT_RESTRICTABLE_PERMISSIONS = class java.security.Permission[3]
      Permission[0] = class java.lang.RuntimePermission@1b982205
      Permission[1] = class java.security.SecurityPermission@14699d46
      Permission[2] = class javax.security.auth.AuthPermission@54af2f0f
    isServer = true
    wsjarUrlStreamHandlerAvailable = true
    restrictablePermissions = class java.util.ArrayList@a0e8a7c
      serialVersionUID = 8683452581122892189
      DEFAULT_CAPACITY = 10
      EMPTY_ELEMENTDATA = class java.lang.Object[0]
      DEFAULTCAPACITY_EMPTY_ELEMENTDATA = class java.lang.Object[0]
      elementData = class java.lang.Object[10]
      size = 4
      MAX_ARRAY_SIZE = 2147483639
      modCount = 4
      MAX_ARRAY_SIZE = 2147483639
    grantedPermissions = class java.util.ArrayList@6ac26964
      serialVersionUID = 8683452581122892189
      DEFAULT_CAPACITY = 10
      EMPTY_ELEMENTDATA = class java.lang.Object[0]
      DEFAULTCAPACITY_EMPTY_ELEMENTDATA = class java.lang.Object[0]
      elementData = class java.lang.Object[0]
      size = 0
      MAX_ARRAY_SIZE = 2147483639
      modCount = 0
      MAX_ARRAY_SIZE = 2147483639
    KEY_PERMISSION = "permission"
    INCORRECT_PERMISSION_CONFIGURATION = "INCORRECT_PERMISSION_CONFIGURATION"
    PERMISSION_CLASSNOTFOUND = "PERMISSION_CLASSNOTFOUND"
    SERVER_XML = "server.xml"
    CLIENT_XML = "client.xml"
    originationFile = "server.xml"
    permissions = class com.ibm.wsspi.kernel.service.utils.ConcurrentServiceReferenceSet@bf84ae
      referenceName = "permission"
      contextRef = class java.util.concurrent.atomic.AtomicReference@2991ab97
      elementMap = class java.util.LinkedHashMap@4829f33f
      elementSet = class java.util.concurrent.ConcurrentSkipListSet@6f374181
      elementSetUnsorted = false
      serialVersionUID = 756240983881166148
      $$$tc$$$ = class com.ibm.websphere.ras.TraceComponent@386a2f5e
    codeBasePermissionMap = class java.util.HashMap@793745fa
      serialVersionUID = 362498820763181265
      DEFAULT_INITIAL_CAPACITY = 16
      MAXIMUM_CAPACITY = 1073741824
      DEFAULT_LOAD_FACTOR = 0.75
      TREEIFY_THRESHOLD = 8
      UNTREEIFY_THRESHOLD = 6
      MIN_TREEIFY_CAPACITY = 64
      table = null
      entrySet = null
      size = 0
      modCount = 0
      threshold = 0
      loadFactor = 0.75
      keySet = class java.util.HashMap$KeySet@6b725c16
      values = null
    permissionXMLPermissionMap = class java.util.HashMap@7946dca
      serialVersionUID = 362498820763181265
      DEFAULT_INITIAL_CAPACITY = 16
      MAXIMUM_CAPACITY = 1073741824
      DEFAULT_LOAD_FACTOR = 0.75
      TREEIFY_THRESHOLD = 8
      UNTREEIFY_THRESHOLD = 6
      MIN_TREEIFY_CAPACITY = 64
      table = null
      entrySet = null
      size = 0
      modCount = 0
      threshold = 0
      loadFactor = 0.75
      keySet = null
      values = null
    serialVersionUID = -1314772785255050069
  permissionsConfig = null
  serialVersionUID = -6908382869835671687
  appInfo = class com.ibm.ws.container.service.app.deploy.internal.ApplicationInfoImpl@1f26ed8f
    appName = "microprofile-1.0-SNAPSHOT"
    appMetaData = class com.ibm.ws.container.service.app.deploy.internal.ApplicationMetaDataImpl@207cd771
      j2eeName = class com.ibm.ws.container.service.metadata.internal.J2EENameImpl@1c77c584
      serialVersionUID = -7906531148367236579
      $$$tc$$$ = class com.ibm.websphere.ras.TraceComponent@6d4c071c
      tc = class com.ibm.websphere.ras.TraceComponent@7e4e1235
      NUM_STATIC_SLOTS = 4
      ID_UNINITIALIZED = -1
      id = 2
      metaDataInterface = class java.lang.Class@6bf08520
      staticSlots = class java.lang.Object[4]
      dynamicSlots = null
    appContainer = class com.ibm.ws.adaptable.module.internal.AdaptableContainerImpl@1c870fb2
      root = class com.ibm.ws.adaptable.module.internal.AdaptableContainerImpl@1c870fb2
      rootOverlay = class com.ibm.ws.artifact.overlay.internal.DirectoryBasedOverlayContainerImpl@2c11f8a5
      factoryHolder = class com.ibm.ws.adaptable.module.internal.AdaptableModuleFactoryImpl@75263559
      delegate = class com.ibm.ws.artifact.overlay.internal.DirectoryBasedOverlayContainerImpl@2c11f8a5
      notifier = class com.ibm.ws.adaptable.module.internal.NotifierImpl@2652a5dc
      serialVersionUID = -5621513278641113667
      $$$tc$$$ = class com.ibm.websphere.ras.TraceComponent@1c90cf29
    configHelper = class com.ibm.ws.app.manager.module.ApplicationNestedConfigHelper@15ba606b
      appInfo = class com.ibm.ws.app.manager.internal.ApplicationInstallInfo@2c6ff918
      serialVersionUID = -3174031738676705046
      $$$tc$$$ = class com.ibm.websphere.ras.TraceComponent@43db2c43
    serialVersionUID = 7091777744534637201
    $$$tc$$$ = class com.ibm.websphere.ras.TraceComponent@650ec3fb
      strings[0] = "TraceComponent[com.ibm.ws.container.service.app.deploy.internal.ApplicationInfoImpl,class com.ibm.ws.container.service.app.deploy.internal.ApplicationInfoImpl,[container.service],com.ibm.ws.container.service.resources.Messages,null]"
  modulesDeployed = class java.util.ArrayList@7727bab
    serialVersionUID = 8683452581122892189
    DEFAULT_CAPACITY = 10
    EMPTY_ELEMENTDATA = class java.lang.Object[0]
    DEFAULTCAPACITY_EMPTY_ELEMENTDATA = class java.lang.Object[0]
    elementData = class java.lang.Object[10]
      Object[0] = class com.ibm.ws.app.manager.module.internal.DeployedModuleInfoImpl@5874d1cb
      Object[1] = null
      Object[2] = null
      Object[3] = null
      Object[4] = null
      Object[5] = null
      Object[6] = null
      Object[7] = null
      Object[8] = null
      Object[9] = null
    size = 1
    MAX_ARRAY_SIZE = 2147483639
    modCount = 1
    MAX_ARRAY_SIZE = 2147483639
  starting = true
  started = false
  appInfoFactory = class com.ibm.ws.container.service.app.deploy.internal.ApplicationInfoFactoryImpl@2efd886d
    j2eeNameFactory = class com.ibm.wsspi.kernel.service.utils.AtomicServiceReference@6888fa63
      referenceName = "j2eeNameFactory"
      tuple = class java.util.concurrent.atomic.AtomicReference@34e18234
      serialVersionUID = 2226592364007985000
      $$$tc$$$ = class com.ibm.websphere.ras.TraceComponent@70a400ac
    names = class java.util.HashSet@26b85053
      serialVersionUID = -5024744406713321676
      map = class java.util.HashMap@2705159c
      PRESENT = class java.lang.Object@70628575
      MAX_ARRAY_SIZE = 2147483639
    serialVersionUID = 6232436640731165768
    $$$tc$$$ = class com.ibm.websphere.ras.TraceComponent@6e26d789
      strings[0] = "TraceComponent[com.ibm.ws.container.service.app.deploy.internal.ApplicationInfoFactoryImpl,class com.ibm.ws.container.service.app.deploy.internal.ApplicationInfoFactoryImpl,[container.service],com.ibm.ws.container.service.resources.Messages,null]"
  metaDataService = class com.ibm.ws.container.service.metadata.internal.MetaDataServiceImpl@52115eeb
    applicationMetaDataManager = class com.ibm.ws.container.service.metadata.internal.ApplicationMetaDataManager@7d4d13fe
      serialVersionUID = 1843747281024490904
      $$$tc$$$ = class com.ibm.websphere.ras.TraceComponent@7e753d13
      listeners = class com.ibm.wsspi.kernel.service.utils.ConcurrentServiceReferenceSet@25f1a0b5
      metaDataIDs = class com.ibm.ws.container.service.metadata.internal.IndexList@60ac6c07
      metaDatas = class java.util.ArrayList@3de98f52
      slotIDs = class com.ibm.ws.container.service.metadata.internal.IndexList@4169c2e2
      serialVersionUID = 5464421863354792977
      $$$tc$$$ = class com.ibm.websphere.ras.TraceComponent@4062e6b8
    moduleMetaDataManager = class com.ibm.ws.container.service.metadata.internal.ModuleMetaDataManager@7b8dd9e0
      serialVersionUID = 2513574389899327209
      $$$tc$$$ = class com.ibm.websphere.ras.TraceComponent@9f41c9f
      listeners = class com.ibm.wsspi.kernel.service.utils.ConcurrentServiceReferenceSet@9fbd0d1
      metaDataIDs = class com.ibm.ws.container.service.metadata.internal.IndexList@d22f53e
      metaDatas = class java.util.ArrayList@2cf61107
      slotIDs = class com.ibm.ws.container.service.metadata.internal.IndexList@7913d6d1
      serialVersionUID = 5464421863354792977
      $$$tc$$$ = class com.ibm.websphere.ras.TraceComponent@4062e6b8
    componentMetaDataManager = class com.ibm.ws.container.service.metadata.internal.ComponentMetaDataManager@535f7460
      serialVersionUID = 8629793739641703882
      $$$tc$$$ = class com.ibm.websphere.ras.TraceComponent@6b669082
      listeners = class com.ibm.wsspi.kernel.service.utils.ConcurrentServiceReferenceSet@43c61d58
      metaDataIDs = class com.ibm.ws.container.service.metadata.internal.IndexList@171b44a0
      metaDatas = class java.util.ArrayList@385efd51
      slotIDs = class com.ibm.ws.container.service.metadata.internal.IndexList@6673ea3b
      serialVersionUID = 5464421863354792977
      $$$tc$$$ = class com.ibm.websphere.ras.TraceComponent@4062e6b8
    methodMetaDataManager = class com.ibm.ws.container.service.metadata.internal.MethodMetaDataManager@362dfeff
      serialVersionUID = -3308748211841563417
      $$$tc$$$ = class com.ibm.websphere.ras.TraceComponent@10593ede
      listeners = class com.ibm.wsspi.kernel.service.utils.ConcurrentServiceReferenceSet@3c76db5b
      metaDataIDs = class com.ibm.ws.container.service.metadata.internal.IndexList@730e6594
      metaDatas = class java.util.ArrayList@1e0c2c68
      slotIDs = class com.ibm.ws.container.service.metadata.internal.IndexList@22ee16ca
      serialVersionUID = 5464421863354792977
      $$$tc$$$ = class com.ibm.websphere.ras.TraceComponent@4062e6b8
    appModuleNameToModuleContainer = class java.util.concurrent.ConcurrentHashMap@23ead927
      serialVersionUID = 7249069246763182397
      MAXIMUM_CAPACITY = 1073741824
      DEFAULT_CAPACITY = 16
      MAX_ARRAY_SIZE = 2147483639
      DEFAULT_CONCURRENCY_LEVEL = 16
      LOAD_FACTOR = 0.75
      TREEIFY_THRESHOLD = 8
      UNTREEIFY_THRESHOLD = 6
      MIN_TREEIFY_CAPACITY = 64
      MIN_TRANSFER_STRIDE = 16
      RESIZE_STAMP_BITS = 16
      MAX_RESIZERS = 65535
      RESIZE_STAMP_SHIFT = 16
      MOVED = -1
      TREEBIN = -2
      RESERVED = -3
      HASH_BITS = 2147483647
      NCPU = 4
      serialPersistentFields = class java.io.ObjectStreamField[3]
      table = class java.util.concurrent.ConcurrentHashMap$Node[16]
      nextTable = null
      baseCount = 6
      sizeCtl = 12
      transferIndex = 0
      cellsBusy = 0
      counterCells = null
      keySet = null
      values = null
      entrySet = null
      U = class sun.misc.Unsafe@3a25dda0
      SIZECTL = 20
      TRANSFERINDEX = 32
      BASECOUNT = 24
      CELLSBUSY = 36
      CELLVALUE = 144
      ABASE = 16
      ASHIFT = 2
      keySet = null
      values = null
    jeeNameToComponentMetaData = class java.util.concurrent.ConcurrentHashMap@36bd5663
      serialVersionUID = 7249069246763182397
      MAXIMUM_CAPACITY = 1073741824
      DEFAULT_CAPACITY = 16
      MAX_ARRAY_SIZE = 2147483639
      DEFAULT_CONCURRENCY_LEVEL = 16
      LOAD_FACTOR = 0.75
      TREEIFY_THRESHOLD = 8
      UNTREEIFY_THRESHOLD = 6
      MIN_TREEIFY_CAPACITY = 64
      MIN_TRANSFER_STRIDE = 16
      RESIZE_STAMP_BITS = 16
      MAX_RESIZERS = 65535
      RESIZE_STAMP_SHIFT = 16
      MOVED = -1
      TREEBIN = -2
      RESERVED = -3
      HASH_BITS = 2147483647
      NCPU = 4
      serialPersistentFields = class java.io.ObjectStreamField[3]
      table = class java.util.concurrent.ConcurrentHashMap$Node[16]
      nextTable = null
      baseCount = 11
      sizeCtl = 12
      transferIndex = 0
      cellsBusy = 0
      counterCells = null
      keySet = null
      values = null
      entrySet = null
      U = class sun.misc.Unsafe@3a25dda0
      SIZECTL = 20
      TRANSFERINDEX = 32
      BASECOUNT = 24
      CELLSBUSY = 36
      CELLVALUE = 144
      ABASE = 16
      ASHIFT = 2
      keySet = null
      values = null
    deferredMetaDataFactories = class com.ibm.wsspi.kernel.service.utils.ConcurrentServiceReferenceSet@1ee9c8a0
      referenceName = "deferredMetaDataFactory"
      contextRef = class java.util.concurrent.atomic.AtomicReference@aa6b626
      elementMap = class java.util.LinkedHashMap@19f5483e
      elementSet = class java.util.concurrent.ConcurrentSkipListSet@6bccf2a9
      elementSetUnsorted = false
      serialVersionUID = 756240983881166148
      $$$tc$$$ = class com.ibm.websphere.ras.TraceComponent@386a2f5e
    deferredMetaDataInitializers = class com.ibm.wsspi.kernel.service.utils.ConcurrentServiceReferenceMap@47ea1784
      referenceName = "deferredMetaDataFactory"
      context = class org.apache.felix.scr.impl.manager.ComponentContextImpl@34287786
      elementMap = class java.util.concurrent.ConcurrentHashMap@284a362d
      serialVersionUID = 6980924785166233786
      $$$tc$$$ = class com.ibm.websphere.ras.TraceComponent@4e87e2cd
    serialVersionUID = -2494605732980966097
    $$$tc$$$ = class com.ibm.websphere.ras.TraceComponent@587d311
      strings[0] = "TraceComponent[com.ibm.ws.container.service.metadata.internal.MetaDataServiceImpl,class com.ibm.ws.container.service.metadata.internal.MetaDataServiceImpl,[Runtime],,null]"
  stateChangeService = class com.ibm.ws.container.service.state.internal.StateChangeServiceImpl@31f1d4cd
    applicationStateManager = class com.ibm.ws.container.service.state.internal.ApplicationStateManager@2b5bcd6c
      serialVersionUID = -6685368059484454124
      $$$tc$$$ = class com.ibm.websphere.ras.TraceComponent@1eda73d3
      listeners = class com.ibm.wsspi.kernel.service.utils.ConcurrentServiceReferenceSet@4a78ebb7
      serialVersionUID = 2284273176985484160
      $$$tc$$$ = class com.ibm.websphere.ras.TraceComponent@1c67d478
    moduleStateManager = class com.ibm.ws.container.service.state.internal.ModuleStateManager@7dd6f5b1
      serialVersionUID = -5540260902341249963
      $$$tc$$$ = class com.ibm.websphere.ras.TraceComponent@b4293ce
      listeners = class com.ibm.wsspi.kernel.service.utils.ConcurrentServiceReferenceSet@5e5ba65
      serialVersionUID = 2284273176985484160
      $$$tc$$$ = class com.ibm.websphere.ras.TraceComponent@1c67d478
    serialVersionUID = -537917915330350560
    $$$tc$$$ = class com.ibm.websphere.ras.TraceComponent@6b28c0d4
      strings[0] = "TraceComponent[com.ibm.ws.container.service.state.internal.StateChangeServiceImpl,class com.ibm.ws.container.service.state.internal.StateChangeServiceImpl,[Runtime],,null]"
  moduleClassesInfo = class com.ibm.ws.app.manager.module.internal.SimpleDeployedAppInfoBase$ModuleClassesInfoProvider@5888c279
    entryContainerInfosMap = class java.util.HashMap@39c6607
      serialVersionUID = 362498820763181265
      DEFAULT_INITIAL_CAPACITY = 16
      MAXIMUM_CAPACITY = 1073741824
      DEFAULT_LOAD_FACTOR = 0.75
      TREEIFY_THRESHOLD = 8
      UNTREEIFY_THRESHOLD = 6
      MIN_TREEIFY_CAPACITY = 64
      table = null
      entrySet = null
      size = 0
      modCount = 0
      threshold = 0
      loadFactor = 0.75
      keySet = null
      values = null
    serialVersionUID = -70332790531324534
    $$$tc$$$ = class com.ibm.websphere.ras.TraceComponent@631adcc8
      strings[0] = "TraceComponent[com.ibm.ws.app.manager.module.internal.SimpleDeployedAppInfoBase$ModuleClassesInfoProvider,class com.ibm.ws.app.manager.module.internal.SimpleDeployedAppInfoBase$ModuleClassesInfoProvider,[applications, app.manager],,null]"
  moduleContainerInfos = class java.util.ArrayList@4c3345e0
    serialVersionUID = 8683452581122892189
    DEFAULT_CAPACITY = 10
    EMPTY_ELEMENTDATA = class java.lang.Object[0]
    DEFAULTCAPACITY_EMPTY_ELEMENTDATA = class java.lang.Object[0]
    elementData = class java.lang.Object[10]
      Object[0] = class com.ibm.ws.app.manager.module.internal.SimpleDeployedAppInfoBase$WebModuleContainerInfo@7bfa6cb0
      Object[1] = null
      Object[2] = null
      Object[3] = null
      Object[4] = null
      Object[5] = null
      Object[6] = null
      Object[7] = null
      Object[8] = null
      Object[9] = null
    size = 1
    MAX_ARRAY_SIZE = 2147483639
    modCount = 1
    MAX_ARRAY_SIZE = 2147483639
  activeModuleHandlers = class java.util.IdentityHashMap@e4f12eb
    DEFAULT_CAPACITY = 32
    MINIMUM_CAPACITY = 4
    MAXIMUM_CAPACITY = 536870912
    table = class java.lang.Object[16]
      Object[0] = null
      Object[1] = null
      Object[2] = null
      Object[3] = null
      Object[4] = null
      Object[5] = null
      Object[6] = null
      Object[7] = null
      Object[8] = null
      Object[9] = null
      Object[10] = null
      Object[11] = null
      Object[12] = null
      Object[13] = null
      Object[14] = null
      Object[15] = null
    size = 0
    modCount = 2
    NULL_KEY = class java.lang.Object@1a07dd0f
    entrySet = null
    serialVersionUID = 8188218128353913216
    keySet = null
    values = null
  serialVersionUID = 7078125893012250887
  $$$tc$$$ = class com.ibm.websphere.ras.TraceComponent@5b641f9e
    strings[0] = "TraceComponent[com.ibm.ws.app.manager.module.internal.SimpleDeployedAppInfoBase,class com.ibm.ws.app.manager.module.internal.SimpleDeployedAppInfoBase,[applications, app.manager],,null]"

Dump of objectArray[0]
Object type = com.ibm.ws.threading.internal.NonCancelableResultFuture
  _done = false
  _result = null
  _failure = null
  _listeners = class java.util.concurrent.ConcurrentLinkedQueue@51737e6a
    serialVersionUID = 196745693267521676
    head = class java.util.concurrent.ConcurrentLinkedQueue$Node@3bb03586
      item = null
      next = null
      UNSAFE = class sun.misc.Unsafe@3a25dda0
      itemOffset = 12
      nextOffset = 16
    tail = class java.util.concurrent.ConcurrentLinkedQueue$Node@3bb03586
    UNSAFE = class sun.misc.Unsafe@3a25dda0
    headOffset = 12
    tailOffset = 16
    MAX_ARRAY_SIZE = 2147483639
  _notifiedListeners = class java.util.concurrent.atomic.AtomicBoolean@6890e092
    serialVersionUID = 4654671469794556979
    unsafe = class sun.misc.Unsafe@3a25dda0
      theUnsafe = class sun.misc.Unsafe@3a25dda0
      INVALID_FIELD_OFFSET = -1
      ARRAY_BOOLEAN_BASE_OFFSET = 16
      ARRAY_BYTE_BASE_OFFSET = 16
      ARRAY_SHORT_BASE_OFFSET = 16
      ARRAY_CHAR_BASE_OFFSET = 16
      ARRAY_INT_BASE_OFFSET = 16
      ARRAY_LONG_BASE_OFFSET = 16
      ARRAY_FLOAT_BASE_OFFSET = 16
      ARRAY_DOUBLE_BASE_OFFSET = 16
      ARRAY_OBJECT_BASE_OFFSET = 16
      ARRAY_BOOLEAN_INDEX_SCALE = 1
      ARRAY_BYTE_INDEX_SCALE = 1
      ARRAY_SHORT_INDEX_SCALE = 2
      ARRAY_CHAR_INDEX_SCALE = 2
      ARRAY_INT_INDEX_SCALE = 4
      ARRAY_LONG_INDEX_SCALE = 8
      ARRAY_FLOAT_INDEX_SCALE = 4
      ARRAY_DOUBLE_INDEX_SCALE = 8
      ARRAY_OBJECT_INDEX_SCALE = 4
      ADDRESS_SIZE = 8
    valueOffset = 12
    value = 0
  serialVersionUID = -296387658814354272
  $$$tc$$$ = class com.ibm.websphere.ras.TraceComponent@72ad0769
    strings[0] = "TraceComponent[com.ibm.ws.threading.internal.NonCancelableResultFuture,class com.ibm.ws.threading.internal.NonCancelableResultFuture,[Threading],com.ibm.ws.threading.internal.resources.ThreadingMessages,null]"

