------Start of DE processing------ = [5/23/18 16:58:35:113 PDT]
Exception = java.util.ServiceConfigurationError
Source = com.ibm.ws.microprofile.config.interfaces.DefaultSources
probeid = 81
Stack Dump = java.util.ServiceConfigurationError: org.eclipse.microprofile.config.spi.ConfigSource: Provider io.openliberty.guides.config.CustomConfigSource not found
	at java.util.ServiceLoader.fail(ServiceLoader.java:239)
	at java.util.ServiceLoader.access$300(ServiceLoader.java:185)
	at java.util.ServiceLoader$LazyIterator.nextService(ServiceLoader.java:372)
	at java.util.ServiceLoader$LazyIterator.next(ServiceLoader.java:404)
	at java.util.ServiceLoader$1.next(ServiceLoader.java:480)
	at com.ibm.ws.microprofile.config.interfaces.DefaultSources.getDiscoveredSources(DefaultSources.java:78)
	at com.ibm.ws.microprofile.config.impl.ConfigBuilderImpl.getSources(ConfigBuilderImpl.java:159)
	at com.ibm.ws.microprofile.config.archaius.impl.ArchaiusConfigBuilderImpl.build(ArchaiusConfigBuilderImpl.java:42)
	at com.ibm.ws.microprofile.config.archaius.impl.ArchaiusConfigBuilderImpl.build(ArchaiusConfigBuilderImpl.java:25)
	at com.ibm.ws.microprofile.config.impl.ConfigProviderResolverImpl.getConfig(ConfigProviderResolverImpl.java:146)
	at org.eclipse.microprofile.config.ConfigProvider.getConfig(ConfigProvider.java:103)
	at com.ibm.ws.microprofile.config.cdi.ConfigCDIExtension.processConversionType(ConfigCDIExtension.java:125)
	at com.ibm.ws.microprofile.config.cdi.ConfigCDIExtension.processParameterizedType(ConfigCDIExtension.java:107)
	at com.ibm.ws.microprofile.config.cdi.ConfigCDIExtension.processInjectionTarget(ConfigCDIExtension.java:65)
	at sun.reflect.GeneratedMethodAccessor18.invoke(Unknown Source)
	at sun.reflect.DelegatingMethodAccessorImpl.invoke(DelegatingMethodAccessorImpl.java:43)
	at java.lang.reflect.Method.invoke(Method.java:498)
	at org.jboss.weld.injection.StaticMethodInjectionPoint.invoke(StaticMethodInjectionPoint.java:88)
	at org.jboss.weld.injection.StaticMethodInjectionPoint.invoke(StaticMethodInjectionPoint.java:78)
	at org.jboss.weld.injection.MethodInvocationStrategy$SimpleMethodInvocationStrategy.invoke(MethodInvocationStrategy.java:129)
	at org.jboss.weld.event.ObserverMethodImpl.sendEvent(ObserverMethodImpl.java:299)
	at org.jboss.weld.event.ExtensionObserverMethodImpl.sendEvent(ExtensionObserverMethodImpl.java:124)
	at org.jboss.weld.event.ObserverMethodImpl.sendEvent(ObserverMethodImpl.java:277)
	at org.jboss.weld.event.ObserverMethodImpl.notify(ObserverMethodImpl.java:255)
	at org.jboss.weld.event.ObserverNotifier.notifySyncObservers(ObserverNotifier.java:269)
	at org.jboss.weld.event.ObserverNotifier.notify(ObserverNotifier.java:258)
	at org.jboss.weld.event.ObserverNotifier.fireEvent(ObserverNotifier.java:154)
	at org.jboss.weld.event.ObserverNotifier.fireEvent(ObserverNotifier.java:148)
	at org.jboss.weld.bootstrap.events.AbstractContainerEvent.fire(AbstractContainerEvent.java:53)
	at org.jboss.weld.bootstrap.events.AbstractDefinitionContainerEvent.fire(AbstractDefinitionContainerEvent.java:44)
	at org.jboss.weld.bootstrap.events.AbstractProcessInjectionTarget.fire(AbstractProcessInjectionTarget.java:33)
	at org.jboss.weld.bootstrap.events.ContainerLifecycleEvents.fireProcessInjectionTarget(ContainerLifecycleEvents.java:249)
	at org.jboss.weld.bootstrap.AbstractBeanDeployer.processInjectionTargetEvents(AbstractBeanDeployer.java:138)
	at org.jboss.weld.bootstrap.BeanDeployer.processBeans(BeanDeployer.java:267)
	at org.jboss.weld.bootstrap.BeanDeployer.processClassBeanAttributes(BeanDeployer.java:249)
	at org.jboss.weld.bootstrap.WeldStartup.deployBeans(WeldStartup.java:428)
	at org.jboss.weld.bootstrap.WeldBootstrap.deployBeans(WeldBootstrap.java:83)
	at com.ibm.ws.cdi.impl.CDIContainerImpl.applicationStarting(CDIContainerImpl.java:149)
	at com.ibm.ws.cdi.liberty.CDIRuntimeImpl.applicationStarting(CDIRuntimeImpl.java:383)
	at com.ibm.ws.container.service.state.internal.ApplicationStateManager.fireStarting(ApplicationStateManager.java:28)
	at com.ibm.ws.container.service.state.internal.StateChangeServiceImpl.fireApplicationStarting(StateChangeServiceImpl.java:50)
	at com.ibm.ws.app.manager.module.internal.DeployedAppInfoBase.preDeployApp(DeployedAppInfoBase.java:380)
	at com.ibm.ws.app.manager.module.internal.DeployedAppInfoBase.deployApp(DeployedAppInfoBase.java:409)
	at com.ibm.ws.app.manager.war.internal.WARApplicationHandlerImpl.install(WARApplicationHandlerImpl.java:65)
	at com.ibm.ws.app.manager.internal.statemachine.StartAction.execute(StartAction.java:140)
	at com.ibm.ws.app.manager.internal.statemachine.ApplicationStateMachineImpl.enterState(ApplicationStateMachineImpl.java:1258)
	at com.ibm.ws.app.manager.internal.statemachine.ApplicationStateMachineImpl.run(ApplicationStateMachineImpl.java:873)
	at java.util.concurrent.ThreadPoolExecutor.runWorker(ThreadPoolExecutor.java:1149)
	at java.util.concurrent.ThreadPoolExecutor$Worker.run(ThreadPoolExecutor.java:624)
	at java.lang.Thread.run(Thread.java:748)

Dump of callerThis
null
Dump of objectArray[0]
Object type = com.ibm.ws.classloading.internal.AppClassLoader
  tc = class com.ibm.websphere.ras.TraceComponent@2e1622b
    strings[0] = "TraceComponent[com.ibm.ws.classloading.internal.AppClassLoader,class com.ibm.ws.classloading.internal.AppClassLoader,[ClassLoadingService],com.ibm.ws.classloading.internal.resources.ClassLoadingServiceMessages,null]"
  PARENT_FIRST_SEARCH_ORDER = class java.util.Collections$UnmodifiableRandomAccessList@609ceb06
    serialVersionUID = -2542308836966382001
    serialVersionUID = -283967356065247728
    list = class java.util.Arrays$ArrayList@14da3e7d
      serialVersionUID = -2764017481108945198
      a = class com.ibm.ws.classloading.internal.AppClassLoader$SearchLocation[3]
      modCount = 0
      MAX_ARRAY_SIZE = 2147483639
    serialVersionUID = 1820017752578914078
    c = class java.util.Arrays$ArrayList@14da3e7d
  CLASS_LOADING_TRACE_PREFIX = "com.ibm.ws.class.load."
  DEFAULT_PACKAGE = "default.package"
  perPackageClassLoadingTraceComponents = class java.util.concurrent.ConcurrentHashMap@5e5170d8
    serialVersionUID = 7249069246763182397
    MAXIMUM_CAPACITY = 1073741824
    DEFAULT_CAPACITY = 16
    MAX_ARRAY_SIZE = 2147483639
    DEFAULT_CONCURRENCY_LEVEL = 16
    LOAD_FACTOR = 0.75
    TREEIFY_THRESHOLD = 8
    UNTREEIFY_THRESHOLD = 6
    MIN_TREEIFY_CAPACITY = 64
    MIN_TRANSFER_STRIDE = 16
    RESIZE_STAMP_BITS = 16
    MAX_RESIZERS = 65535
    RESIZE_STAMP_SHIFT = 16
    MOVED = -1
    TREEBIN = -2
    RESERVED = -3
    HASH_BITS = 2147483647
    NCPU = 8
    serialPersistentFields = class java.io.ObjectStreamField[3]
      ObjectStreamField[0] = class java.io.ObjectStreamField@7be36b55
      ObjectStreamField[1] = class java.io.ObjectStreamField@58c2e0a4
      ObjectStreamField[2] = class java.io.ObjectStreamField@64ee7d0c
    table = class java.util.concurrent.ConcurrentHashMap$Node[16]
      Node[0] = null
      Node[1] = class java.util.concurrent.ConcurrentHashMap$Node@5296441b
      Node[2] = null
      Node[3] = null
      Node[4] = null
      Node[5] = class java.util.concurrent.ConcurrentHashMap$Node@3475df32
      Node[6] = null
      Node[7] = class java.util.concurrent.ConcurrentHashMap$Node@ac65f99
      Node[8] = null
      Node[9] = null
      Node[10] = null
      Node[11] = class java.util.concurrent.ConcurrentHashMap$Node@100b7212
      Node[12] = class java.util.concurrent.ConcurrentHashMap$Node@705d4a94
      Node[13] = null
      Node[14] = null
      Node[15] = null
    nextTable = null
    baseCount = 6
    sizeCtl = 12
    transferIndex = 0
    cellsBusy = 0
    counterCells = null
    keySet = null
    values = null
    entrySet = null
    U = class sun.misc.Unsafe@4f7766c8
      theUnsafe = class sun.misc.Unsafe@4f7766c8
      INVALID_FIELD_OFFSET = -1
      ARRAY_BOOLEAN_BASE_OFFSET = 16
      ARRAY_BYTE_BASE_OFFSET = 16
      ARRAY_SHORT_BASE_OFFSET = 16
      ARRAY_CHAR_BASE_OFFSET = 16
      ARRAY_INT_BASE_OFFSET = 16
      ARRAY_LONG_BASE_OFFSET = 16
      ARRAY_FLOAT_BASE_OFFSET = 16
      ARRAY_DOUBLE_BASE_OFFSET = 16
      ARRAY_OBJECT_BASE_OFFSET = 16
      ARRAY_BOOLEAN_INDEX_SCALE = 1
      ARRAY_BYTE_INDEX_SCALE = 1
      ARRAY_SHORT_INDEX_SCALE = 2
      ARRAY_CHAR_INDEX_SCALE = 2
      ARRAY_INT_INDEX_SCALE = 4
      ARRAY_LONG_INDEX_SCALE = 8
      ARRAY_FLOAT_INDEX_SCALE = 4
      ARRAY_DOUBLE_INDEX_SCALE = 8
      ARRAY_OBJECT_INDEX_SCALE = 4
      ADDRESS_SIZE = 8
    SIZECTL = 20
    TRANSFERINDEX = 32
    BASECOUNT = 24
    CELLSBUSY = 36
    CELLVALUE = 144
    ABASE = 16
    ASHIFT = 2
    keySet = null
    values = null
  config = class com.ibm.ws.classloading.internal.ClassLoaderConfigurationImpl@776c44a7
    DEFAULT_PROTECTION_DOMAIN = class java.security.ProtectionDomain@7e916703
      codesource = class java.security.CodeSource@6d56489e
      classloader = null
      principals = interface java.security.Principal[0]
      permissions = null
      hasAllPerm = false
      staticPermissions = true
      key = class java.security.ProtectionDomain$Key@844bb7
      debug = null
    delegateLast = false
    includeAppExtensions = true
    id = class com.ibm.ws.classloading.serializable.ClassLoaderIdentityImpl@31b2471b
      serialVersionUID = 1
      DOMAIN = "D"
      ID = "I"
      serialPersistentFields = class java.io.ObjectStreamField[2]
      SEPARATOR = ":"
      domain = "WebModule"
      id = "microprofile-1.0-SNAPSHOT#microprofile-1.0-SNAPSHOT.war"
      $$$tc$$$ = class com.ibm.websphere.ras.TraceComponent@446c1b33
    parentId = null
    sharedLibraries = class java.util.ArrayList@65366ffd
      serialVersionUID = 8683452581122892189
      DEFAULT_CAPACITY = 10
      EMPTY_ELEMENTDATA = class java.lang.Object[0]
      DEFAULTCAPACITY_EMPTY_ELEMENTDATA = class java.lang.Object[0]
      elementData = class java.lang.Object[0]
      size = 0
      MAX_ARRAY_SIZE = 2147483639
      modCount = 0
      MAX_ARRAY_SIZE = 2147483639
    commonLibraries = class java.util.Collections$EmptyList@345d2789
      serialVersionUID = 8842843931221139166
      modCount = 0
      MAX_ARRAY_SIZE = 2147483639
    providers = class java.util.Collections$EmptyList@345d2789
    nativeLibraryContainers = class java.util.Collections$EmptyList@345d2789
    protectionDomain = class java.security.ProtectionDomain@31b25c1c
      codesource = class java.security.CodeSource@2eeaab44
      classloader = null
      principals = interface java.security.Principal[0]
      permissions = class java.security.Permissions@1f321063
      hasAllPerm = true
      staticPermissions = true
      key = class java.security.ProtectionDomain$Key@73cc3df7
      debug = null
    serialVersionUID = 9091690180200375339
    $$$tc$$$ = class com.ibm.websphere.ras.TraceComponent@1d382fff
      strings[0] = "TraceComponent[com.ibm.ws.classloading.internal.ClassLoaderConfigurationImpl,class com.ibm.ws.classloading.internal.ClassLoaderConfigurationImpl,[ClassLoadingService],com.ibm.ws.classloading.internal.resources.ClassLoadingServiceMessages,null]"
  privateLibraries = null
  delegateLoaders = class com.ibm.ws.classloading.internal.util.CompositeIterable@5a64f7fc
    iterables = class java.util.Arrays$ArrayList@301414d8
      serialVersionUID = -2764017481108945198
      a = interface java.lang.Iterable[2]
      modCount = 0
      MAX_ARRAY_SIZE = 2147483639
    serialVersionUID = -1227195994638150837
    $$$tc$$$ = class com.ibm.websphere.ras.TraceComponent@70296d4b
      strings[0] = "TraceComponent[com.ibm.ws.classloading.internal.util.CompositeIterable,class com.ibm.ws.classloading.internal.util.CompositeIterable,[],null,null]"
  nativeLibraryFiles = class java.util.ArrayList@3fdf3921
    serialVersionUID = 8683452581122892189
    DEFAULT_CAPACITY = 10
    EMPTY_ELEMENTDATA = class java.lang.Object[0]
    DEFAULTCAPACITY_EMPTY_ELEMENTDATA = class java.lang.Object[0]
    elementData = class java.lang.Object[0]
    size = 0
    MAX_ARRAY_SIZE = 2147483639
    modCount = 0
    MAX_ARRAY_SIZE = 2147483639
  transformers = class java.util.ArrayList@6add49b2
    serialVersionUID = 8683452581122892189
    DEFAULT_CAPACITY = 10
    EMPTY_ELEMENTDATA = class java.lang.Object[0]
    DEFAULTCAPACITY_EMPTY_ELEMENTDATA = class java.lang.Object[0]
    elementData = class java.lang.Object[0]
    size = 0
    MAX_ARRAY_SIZE = 2147483639
    modCount = 0
    MAX_ARRAY_SIZE = 2147483639
  apiAccess = class com.ibm.ws.classloading.internal.GatewayClassLoader@37fbb369
    config = class com.ibm.ws.classloading.internal.GatewayConfigurationImpl@8dfebb0
      bundleRequirements = null
      packageImports = null
      dynamicPackageImports = class java.util.Collections$UnmodifiableRandomAccessList@6e628628
      delegateToSystem = true
      apiTypeVisibility = class java.util.RegularEnumSet@18369c25
      appName = "microprofile-1.0-SNAPSHOT"
      appVersion = null
    wiringMonitor = class com.ibm.ws.classloading.internal.GatewayClassLoader$1@39b31a36
      this$0 = class com.ibm.ws.classloading.internal.GatewayClassLoader@37fbb369
      serialVersionUID = -6591900154872362572
      $$$tc$$$ = class com.ibm.websphere.ras.TraceComponent@5f94a56e
    bundle = class org.eclipse.osgi.internal.framework.EquinoxBundle@402b2024
      equinoxContainer = class org.eclipse.osgi.internal.framework.EquinoxContainer@2e27aa56
      module = class org.eclipse.osgi.internal.framework.EquinoxBundle$EquinoxModule@480e8df6
      monitor = class java.lang.Object@7d4db23a
      context = class org.eclipse.osgi.internal.framework.BundleContextImpl@6d62d0db
      signerInfos = null
      $SWITCH_TABLE$org$eclipse$osgi$container$Module$State = {1,2,3,4,5,6,7} /* array length = 7 */
    wiring = class org.eclipse.osgi.container.ModuleWiring@446fbac9
      GET_CLASSLOADER_PERM = class java.lang.RuntimePermission@2132eb7a
      DYNAMICALLY_ADDED_IMPORT_DIRECTIVE = "x.dynamically.added"
      revision = class org.eclipse.osgi.container.ModuleRevision@60a78c25
      capabilities = class java.util.ArrayList@70eab538
      requirements = class java.util.ArrayList@46e30068
      substitutedPkgNames = class java.util.Collections$EmptyList@345d2789
      loader = class org.eclipse.osgi.internal.container.AtomicLazyInitializer@163b9750
      loaderInitializer = class org.eclipse.osgi.container.ModuleWiring$LoaderInitializer@2064d7d6
      providedWires = class java.util.ArrayList@582f597
      requiredWires = class java.util.ArrayList@5b3c550f
      isValid = true
      dynamicMissRef = class java.util.concurrent.atomic.AtomicReference@11f7c82f
    bundleLoader = class org.eclipse.osgi.internal.loader.EquinoxClassLoader@71d18cf3
      EQUINOX_REGISTERED_AS_PARALLEL = true
      configuration = class org.eclipse.osgi.internal.framework.EquinoxConfiguration@29f0562e
      debug = class org.eclipse.osgi.internal.debug.Debug@56611b1b
      delegate = class org.eclipse.osgi.internal.loader.BundleLoader@70724322
      generation = class org.eclipse.osgi.storage.BundleInfo$Generation@5a3dd8c
      manager = class org.eclipse.osgi.internal.loader.classpath.ClasspathManager@4229b01a
      isRegisteredAsParallel = true
      ALLPERMISSIONS = class java.security.AllPermissionCollection@495da8d7
      REGISTERED_AS_PARALLEL = true
      classNameLocks = class java.util.HashMap@7e5b9127
      pkgLock = class java.lang.Object@1c52a69d
      parent = class com.ibm.ws.kernel.internal.classloader.BootstrapChildFirstJarClassloader@4bf558aa
      parallelLockMap = class java.util.concurrent.ConcurrentHashMap@7865726
      package2certs = class java.util.concurrent.ConcurrentHashMap@8208eac
      nocerts = class java.security.cert.Certificate[0]
      classes = class java.util.Vector@2a50e426
      defaultDomain = class java.security.ProtectionDomain@23bfc9bf
      domains = class java.util.Collections$SynchronizedSet@16358589
      packages = class java.util.HashMap@1aec3c0d
      scl = class sun.misc.Launcher$AppClassLoader@18b4aac2
      sclSet = true
      loadedLibraryNames = class java.util.Vector@7363870e
      systemNativeLibraries = class java.util.Vector@563ab26c
      nativeLibraries = class java.util.Vector@37308aa2
      nativeLibraryContext = class java.util.Stack@50740f52
      usr_paths = class java.lang.String[7]
      sys_paths = class java.lang.String[1]
      assertionLock = class java.lang.Object@6a9f4fca
      defaultAssertionStatus = false
      packageAssertionStatus = null
      classAssertionStatus = null
    resourceProviders = class com.ibm.ws.classloading.internal.CompositeResourceProvider@328d03ff
      lockFactory = class java.util.concurrent.locks.ReentrantReadWriteLock@55dc2f
      providerMap = class com.ibm.ws.classloading.internal.util.MultiMap@2caebfb4
      serialVersionUID = -5576435894946156347
      $$$tc$$$ = class com.ibm.websphere.ras.TraceComponent@6bc18bc4
    serialVersionUID = -4256474098847905153
    $$$tc$$$ = class com.ibm.websphere.ras.TraceComponent@27f42664
      strings[0] = "TraceComponent[com.ibm.ws.classloading.internal.GatewayClassLoader,class com.ibm.ws.classloading.internal.GatewayClassLoader,[ClassLoadingService],com.ibm.ws.classloading.internal.resources.ClassLoadingServiceMessages,null]"
    parent = class sun.misc.Launcher$AppClassLoader@18b4aac2
    parallelLockMap = null
    package2certs = class java.util.Hashtable@253e9594
      table = class java.util.Hashtable$Entry[11]
      count = 0
      threshold = 8
      loadFactor = 0.75
      modCount = 0
      serialVersionUID = 1421746759512286392
      MAX_ARRAY_SIZE = 2147483639
      keySet = null
      entrySet = null
      values = null
      KEYS = 0
      VALUES = 1
      ENTRIES = 2
    nocerts = class java.security.cert.Certificate[0]
    classes = class java.util.Vector@23662987
      elementData = class java.lang.Object[10]
      elementCount = 0
      capacityIncrement = 0
      serialVersionUID = -2767605614048989439
      MAX_ARRAY_SIZE = 2147483639
      modCount = 0
      MAX_ARRAY_SIZE = 2147483639
    defaultDomain = class java.security.ProtectionDomain@5493c430
      codesource = class java.security.CodeSource@7b025542
      classloader = class com.ibm.ws.classloading.internal.GatewayClassLoader@37fbb369
      principals = interface java.security.Principal[0]
      permissions = null
      hasAllPerm = false
      staticPermissions = false
      key = class java.security.ProtectionDomain$Key@7654fba7
      debug = null
    domains = class java.util.HashSet@7550063e
      serialVersionUID = -5024744406713321676
      map = class java.util.HashMap@6f85831
      PRESENT = class java.lang.Object@6f2774a6
      MAX_ARRAY_SIZE = 2147483639
    packages = class java.util.HashMap@2413bf35
      serialVersionUID = 362498820763181265
      DEFAULT_INITIAL_CAPACITY = 16
      MAXIMUM_CAPACITY = 1073741824
      DEFAULT_LOAD_FACTOR = 0.75
      TREEIFY_THRESHOLD = 8
      UNTREEIFY_THRESHOLD = 6
      MIN_TREEIFY_CAPACITY = 64
      table = null
      entrySet = null
      size = 0
      modCount = 0
      threshold = 0
      loadFactor = 0.75
      keySet = null
      values = null
    scl = class sun.misc.Launcher$AppClassLoader@18b4aac2
    sclSet = true
    loadedLibraryNames = class java.util.Vector@7363870e
    systemNativeLibraries = class java.util.Vector@563ab26c
    nativeLibraries = class java.util.Vector@362b8021
      elementData = class java.lang.Object[10]
      elementCount = 0
      capacityIncrement = 0
      serialVersionUID = -2767605614048989439
      MAX_ARRAY_SIZE = 2147483639
      modCount = 0
      MAX_ARRAY_SIZE = 2147483639
    nativeLibraryContext = class java.util.Stack@50740f52
    usr_paths = class java.lang.String[7]
    sys_paths = class java.lang.String[1]
    assertionLock = class com.ibm.ws.classloading.internal.GatewayClassLoader@37fbb369
    defaultAssertionStatus = false
    packageAssertionStatus = null
    classAssertionStatus = null
  generator = class com.ibm.ws.classloading.internal.ClassGeneratorManager@57f76437
    tc = class com.ibm.websphere.ras.TraceComponent@36083ca3
      strings[0] = "TraceComponent[com.ibm.ws.classloading.internal.ClassGeneratorManager,class com.ibm.ws.classloading.internal.ClassGeneratorManager,[ClassLoadingService],com.ibm.ws.classloading.internal.resources.ClassLoadingServiceMessages,null]"
    generatorRefs = class com.ibm.wsspi.kernel.service.utils.ConcurrentServiceReferenceSet@70cc1202
      referenceName = "generators"
      contextRef = class java.util.concurrent.atomic.AtomicReference@7178e8cc
      elementMap = class java.util.LinkedHashMap@126838a8
      elementSet = class java.util.concurrent.ConcurrentSkipListSet@2dc0a260
      elementSetUnsorted = false
      serialVersionUID = 756240983881166148
      $$$tc$$$ = class com.ibm.websphere.ras.TraceComponent@36fb85c4
    serialVersionUID = 4152663586056483310
  protectionDomains = class java.util.concurrent.ConcurrentHashMap@7f817132
    serialVersionUID = 7249069246763182397
    MAXIMUM_CAPACITY = 1073741824
    DEFAULT_CAPACITY = 16
    MAX_ARRAY_SIZE = 2147483639
    DEFAULT_CONCURRENCY_LEVEL = 16
    LOAD_FACTOR = 0.75
    TREEIFY_THRESHOLD = 8
    UNTREEIFY_THRESHOLD = 6
    MIN_TREEIFY_CAPACITY = 64
    MIN_TRANSFER_STRIDE = 16
    RESIZE_STAMP_BITS = 16
    MAX_RESIZERS = 65535
    RESIZE_STAMP_SHIFT = 16
    MOVED = -1
    TREEBIN = -2
    RESERVED = -3
    HASH_BITS = 2147483647
    NCPU = 8
    serialPersistentFields = class java.io.ObjectStreamField[3]
    table = class java.util.concurrent.ConcurrentHashMap$Node[16]
      Node[0] = null
      Node[1] = null
      Node[2] = null
      Node[3] = null
      Node[4] = null
      Node[5] = null
      Node[6] = null
      Node[7] = null
      Node[8] = null
      Node[9] = null
      Node[10] = null
      Node[11] = null
      Node[12] = null
      Node[13] = null
      Node[14] = class java.util.concurrent.ConcurrentHashMap$Node@16750b3d
      Node[15] = null
    nextTable = null
    baseCount = 1
    sizeCtl = 12
    transferIndex = 0
    cellsBusy = 0
    counterCells = null
    keySet = null
    values = null
    entrySet = null
    U = class sun.misc.Unsafe@4f7766c8
    SIZECTL = 20
    TRANSFERINDEX = 32
    BASECOUNT = 24
    CELLSBUSY = 36
    CELLVALUE = 144
    ABASE = 16
    ASHIFT = 2
    keySet = null
    values = null
  parent = class com.ibm.ws.classloading.internal.GatewayClassLoader@37fbb369
  serialVersionUID = 952643806680066297
  tc = class com.ibm.websphere.ras.TraceComponent@308d3872
    strings[0] = "TraceComponent[com.ibm.ws.classloading.internal.ContainerClassLoader,class com.ibm.ws.classloading.internal.ContainerClassLoader,[ClassLoadingService],com.ibm.ws.classloading.internal.resources.ClassLoadingServiceMessages,null]"
  EMPTY_URL_ARRAY = class java.net.URL[0]
  smartClassPath = class com.ibm.ws.classloading.internal.ContainerClassLoader$SmartClassPathImpl@227b229
    rwLock = class java.util.concurrent.locks.ReentrantReadWriteLock@66e9cbdb
      serialVersionUID = -6992448646407690164
      readerLock = class java.util.concurrent.locks.ReentrantReadWriteLock$ReadLock@353f9491
      writerLock = class java.util.concurrent.locks.ReentrantReadWriteLock$WriteLock@278e3444
      sync = class java.util.concurrent.locks.ReentrantReadWriteLock$FairSync@369f4900
      UNSAFE = class sun.misc.Unsafe@4f7766c8
      TID_OFFSET = 40
    outstandingContainers = class java.util.concurrent.atomic.AtomicInteger@4540c282
      serialVersionUID = 6214790243416807050
      unsafe = class sun.misc.Unsafe@4f7766c8
      valueOffset = 12
      value = 0
      serialVersionUID = -8742448824652078965
    usePackageMap = true
    maxLastNotFound = 250
    maxLastFound = 900
    maxLastReallyNotFound = 900
    propsInUse = false
    classPath = class java.util.concurrent.CopyOnWriteArrayList@13df1450
      serialVersionUID = 8673264195747942595
      lock = class java.util.concurrent.locks.ReentrantLock@6a4b87e2
      array = class java.lang.Object[2]
      UNSAFE = class sun.misc.Unsafe@4f7766c8
      lockOffset = 12
    MAX_LASTNOTFOUND = 250
    lastNotFound = class java.util.concurrent.CopyOnWriteArrayList@302ef88b
      serialVersionUID = 8673264195747942595
      lock = class java.util.concurrent.locks.ReentrantLock@585ddc59
      array = class java.lang.Object[2]
      UNSAFE = class sun.misc.Unsafe@4f7766c8
      lockOffset = 12
    MAX_LASTFOUND = 900
    lastFoundURL = class java.util.Collections$SynchronizedMap@18314a46
      serialVersionUID = 1978198479659022715
      m = class com.ibm.ws.util.CacheHashMap@1d9e4cbc
      mutex = class java.util.Collections$SynchronizedMap@18314a46
      keySet = null
      entrySet = null
      values = null
    MAX_LASTREALLYNOTFOUND = 900
    lastReallyNotFoundURL = class java.util.Collections$SynchronizedMap@5ba6cf10
      serialVersionUID = 1978198479659022715
      m = class com.ibm.ws.util.CacheHashMap@578e103
      mutex = class java.util.Collections$SynchronizedMap@5ba6cf10
      keySet = null
      entrySet = null
      values = null
    packageMap = class java.util.HashMap@30303da0
      serialVersionUID = 362498820763181265
      DEFAULT_INITIAL_CAPACITY = 16
      MAXIMUM_CAPACITY = 1073741824
      DEFAULT_LOAD_FACTOR = 0.75
      TREEIFY_THRESHOLD = 8
      UNTREEIFY_THRESHOLD = 6
      MIN_TREEIFY_CAPACITY = 64
      table = class java.util.HashMap$Node[32]
      entrySet = null
      size = 23
      modCount = 23
      threshold = 24
      loadFactor = 0.75
      keySet = null
      values = null
    containers = class java.util.Collections$SetFromMap@771d718d
      m = class java.util.WeakHashMap@4f5055e8
      s = class java.util.WeakHashMap$KeySet@5f9ce25a
      serialVersionUID = 2454657854757543876
      MAX_ARRAY_SIZE = 2147483639
    serialVersionUID = -1017399707774944722
    $$$tc$$$ = class com.ibm.websphere.ras.TraceComponent@12335936
      strings[0] = "TraceComponent[com.ibm.ws.classloading.internal.ContainerClassLoader$SmartClassPathImpl,class com.ibm.ws.classloading.internal.ContainerClassLoader$SmartClassPathImpl,[ClassLoadingService],com.ibm.ws.classloading.internal.resources.ClassLoadingServiceMessages,null]"
  nativeLibraryContainers = class java.util.ArrayList@4477957d
    serialVersionUID = 8683452581122892189
    DEFAULT_CAPACITY = 10
    EMPTY_ELEMENTDATA = class java.lang.Object[0]
    DEFAULTCAPACITY_EMPTY_ELEMENTDATA = class java.lang.Object[0]
    elementData = class java.lang.Object[0]
    size = 0
    MAX_ARRAY_SIZE = 2147483639
    modCount = 0
    MAX_ARRAY_SIZE = 2147483639
  redefiner = class com.ibm.ws.classloading.internal.util.ClassRedefiner@3f0194
    tc = class com.ibm.websphere.ras.TraceComponent@36240eb0
      strings[0] = "TraceComponent[com.ibm.ws.classloading.internal.util.ClassRedefiner,class com.ibm.ws.classloading.internal.util.ClassRedefiner,[],null,null]"
    LS = "
"
    inst = class com.ibm.ws.kernel.launch.internal.TraceInstrumentation@261fee86
      tc = class com.ibm.websphere.ras.TraceComponent@71329995
      instrumentation = class sun.instrument.InstrumentationImpl@2a4da012
      traceTransformers = class java.util.Collections$SynchronizedMap@8b69f1f
      serialVersionUID = -4890921657066748572
    serialVersionUID = 2420101865139508526
  mapCreationQueue = class java.util.concurrent.Executors$FinalizableDelegatedExecutorService@22a57be3
    e = class java.util.concurrent.ThreadPoolExecutor@77c33060
      ctl = class java.util.concurrent.atomic.AtomicInteger@503c96dd
      COUNT_BITS = 29
      CAPACITY = 536870911
      RUNNING = -536870912
      SHUTDOWN = 0
      STOP = 536870912
      TIDYING = 1073741824
      TERMINATED = 1610612736
      workQueue = class java.util.concurrent.LinkedBlockingQueue@2bcbd483
      mainLock = class java.util.concurrent.locks.ReentrantLock@181d2ec2
      workers = class java.util.HashSet@86cc314
      termination = class java.util.concurrent.locks.AbstractQueuedSynchronizer$ConditionObject@3cd236ba
      largestPoolSize = 1
      completedTaskCount = 0
      threadFactory = class com.ibm.ws.classloading.internal.ContainerClassLoader$1@49c8926f
      handler = class java.util.concurrent.ThreadPoolExecutor$AbortPolicy@38d2ceaa
      keepAliveTime = 0
      allowCoreThreadTimeOut = false
      corePoolSize = 1
      maximumPoolSize = 1
      defaultHandler = class java.util.concurrent.ThreadPoolExecutor$AbortPolicy@38d2ceaa
      shutdownPerm = class java.lang.RuntimePermission@56c8dec7
      acc = null
      ONLY_ONE = true
      $assertionsDisabled = true
    $assertionsDisabled = true
  serialVersionUID = 7249739282446266343
  serialVersionUID = -7411549862368381758
  $$$tc$$$ = class com.ibm.websphere.ras.TraceComponent@326a2361
    strings[0] = "TraceComponent[com.ibm.ws.classloading.internal.IdentifiedLoader,class com.ibm.ws.classloading.internal.IdentifiedLoader,[ClassLoadingService],com.ibm.ws.classloading.internal.resources.ClassLoadingServiceMessages,null]"
  serialVersionUID = -4868702105808481416
  $$$tc$$$ = class com.ibm.websphere.ras.TraceComponent@18fe84f
    strings[0] = "TraceComponent[com.ibm.ws.classloading.internal.LibertyLoader,class com.ibm.ws.classloading.internal.LibertyLoader,[ClassLoadingService],com.ibm.ws.classloading.internal.resources.ClassLoadingServiceMessages,null]"
  serialVersionUID = 2596921220292114344
  $$$tc$$$ = class com.ibm.websphere.ras.TraceComponent@6332ffeb
    strings[0] = "TraceComponent[com.ibm.ws.classloading.LibertyClassLoader,class com.ibm.ws.classloading.LibertyClassLoader,[ClassLoadingService],com.ibm.ws.classloading.internal.resources.ClassLoadingServiceMessages,null]"
  initialized = true
  pdcache = class java.util.HashMap@4467d498
    serialVersionUID = 362498820763181265
    DEFAULT_INITIAL_CAPACITY = 16
    MAXIMUM_CAPACITY = 1073741824
    DEFAULT_LOAD_FACTOR = 0.75
    TREEIFY_THRESHOLD = 8
    UNTREEIFY_THRESHOLD = 6
    MIN_TREEIFY_CAPACITY = 64
    table = null
    entrySet = null
    size = 0
    modCount = 0
    threshold = 16
    loadFactor = 0.75
    keySet = null
    values = null
  debug = null
  parent = class com.ibm.ws.classloading.internal.GatewayClassLoader@37fbb369
  parallelLockMap = null
  package2certs = class java.util.Hashtable@301b25c7
    table = class java.util.Hashtable$Entry[11]
      Entry[0] = class java.util.Hashtable$Entry@4c2a6621
      Entry[1] = null
      Entry[2] = class java.util.Hashtable$Entry@1ad047f4
      Entry[3] = null
      Entry[4] = class java.util.Hashtable$Entry@56cbdae7
      Entry[5] = null
      Entry[6] = null
      Entry[7] = null
      Entry[8] = class java.util.Hashtable$Entry@147949c4
      Entry[9] = null
      Entry[10] = null
    count = 6
    threshold = 8
    loadFactor = 0.75
    modCount = 6
    serialVersionUID = 1421746759512286392
    MAX_ARRAY_SIZE = 2147483639
    keySet = null
    entrySet = null
    values = null
    KEYS = 0
    VALUES = 1
    ENTRIES = 2
  nocerts = class java.security.cert.Certificate[0]
  classes = class java.util.Vector@f927f17
    elementData = class java.lang.Object[20]
      Object[0] = class java.lang.Class@72a2a628
      Object[1] = class java.lang.Class@283b4369
      Object[2] = class java.lang.Class@720b1f51
      Object[3] = class java.lang.Class@19d6a022
      Object[4] = class java.lang.Class@23795d3e
      Object[5] = class java.lang.Class@68f6439c
      Object[6] = class java.lang.Class@6ccd9207
      Object[7] = class java.lang.Class@776689c9
      Object[8] = class java.lang.Class@1f929b7b
      Object[9] = class java.lang.Class@f023b4c
      Object[10] = class java.lang.Class@534a20d
      Object[11] = class java.lang.Class@7e11304d
      Object[12] = null
      Object[13] = null
      Object[14] = null
      Object[15] = null
      Object[16] = null
      Object[17] = null
      Object[18] = null
      Object[19] = null
    elementCount = 12
    capacityIncrement = 0
    serialVersionUID = -2767605614048989439
    MAX_ARRAY_SIZE = 2147483639
    modCount = 12
    MAX_ARRAY_SIZE = 2147483639
  defaultDomain = class java.security.ProtectionDomain@77b6cfe5
    codesource = class java.security.CodeSource@7c537090
      serialVersionUID = 4977541819976013951
      location = null
      signers = null
      certs = null
      sp = null
      factory = null
    classloader = class com.ibm.ws.classloading.internal.AppClassLoader@64c0e522
    principals = interface java.security.Principal[0]
    permissions = null
    hasAllPerm = false
    staticPermissions = false
    key = class java.security.ProtectionDomain$Key@947f8d2
    debug = null
  domains = class java.util.HashSet@d8f169f
    serialVersionUID = -5024744406713321676
    map = class java.util.HashMap@65ec7652
      serialVersionUID = 362498820763181265
      DEFAULT_INITIAL_CAPACITY = 16
      MAXIMUM_CAPACITY = 1073741824
      DEFAULT_LOAD_FACTOR = 0.75
      TREEIFY_THRESHOLD = 8
      UNTREEIFY_THRESHOLD = 6
      MIN_TREEIFY_CAPACITY = 64
      table = class java.util.HashMap$Node[16]
      entrySet = null
      size = 1
      modCount = 1
      threshold = 12
      loadFactor = 0.75
      keySet = null
      values = null
    PRESENT = class java.lang.Object@6f2774a6
    MAX_ARRAY_SIZE = 2147483639
  packages = class java.util.HashMap@64d32ff4
    serialVersionUID = 362498820763181265
    DEFAULT_INITIAL_CAPACITY = 16
    MAXIMUM_CAPACITY = 1073741824
    DEFAULT_LOAD_FACTOR = 0.75
    TREEIFY_THRESHOLD = 8
    UNTREEIFY_THRESHOLD = 6
    MIN_TREEIFY_CAPACITY = 64
    table = class java.util.HashMap$Node[16]
      Node[0] = null
      Node[1] = class java.util.HashMap$Node@6d9763f7
      Node[2] = null
      Node[3] = null
      Node[4] = null
      Node[5] = class java.util.HashMap$Node@7edceb21
      Node[6] = null
      Node[7] = class java.util.HashMap$Node@55e66c6f
      Node[8] = null
      Node[9] = null
      Node[10] = null
      Node[11] = class java.util.HashMap$Node@1d547b2e
      Node[12] = class java.util.HashMap$Node@4b8a3ba8
      Node[13] = null
      Node[14] = null
      Node[15] = null
    entrySet = null
    size = 6
    modCount = 6
    threshold = 12
    loadFactor = 0.75
    keySet = null
    values = null
  scl = class sun.misc.Launcher$AppClassLoader@18b4aac2
    ucp = class sun.misc.URLClassPath@59ea2e46
      USER_AGENT_JAVA_VERSION = "UA-Java-Version"
      JAVA_VERSION = "1.8.0_171"
      DEBUG = false
      DEBUG_LOOKUP_CACHE = false
      DISABLE_JAR_CHECKING = false
      DISABLE_ACC_CHECKING = false
      path = class java.util.ArrayList@bcc92be
      urls = class java.util.Stack@59146c6
      loaders = class java.util.ArrayList@1494afbd
      lmap = class java.util.HashMap@4e745cde
      jarHandler = class sun.net.www.protocol.jar.Handler@21c27ecc
      closed = false
      acc = class java.security.AccessControlContext@790fd0d3
      lookupCacheEnabled = false
      lookupCacheURLs = null
      lookupCacheLoader = null
    $assertionsDisabled = true
    ucp = class sun.misc.URLClassPath@59ea2e46
    acc = class java.security.AccessControlContext@790fd0d3
      context = null
      isPrivileged = true
      isAuthorized = true
      privilegedContext = null
      combiner = null
      permissions = null
      parent = null
      isWrapped = false
      isLimited = false
      limitedContext = null
      debugInit = false
      debug = null
    closeables = class java.util.WeakHashMap@8508595
      DEFAULT_INITIAL_CAPACITY = 16
      MAXIMUM_CAPACITY = 1073741824
      DEFAULT_LOAD_FACTOR = 0.75
      table = class java.util.WeakHashMap$Entry[16]
      size = 0
      threshold = 12
      loadFactor = 0.75
      queue = class java.lang.ref.ReferenceQueue@27988d76
      modCount = 0
      NULL_KEY = class java.lang.Object@656b5f8a
      entrySet = null
      keySet = null
      values = null
    initialized = true
    pdcache = class java.util.HashMap@64a77c17
      serialVersionUID = 362498820763181265
      DEFAULT_INITIAL_CAPACITY = 16
      MAXIMUM_CAPACITY = 1073741824
      DEFAULT_LOAD_FACTOR = 0.75
      TREEIFY_THRESHOLD = 8
      UNTREEIFY_THRESHOLD = 6
      MIN_TREEIFY_CAPACITY = 64
      table = class java.util.HashMap$Node[16]
      entrySet = null
      size = 3
      modCount = 3
      threshold = 12
      loadFactor = 0.75
      keySet = null
      values = null
    debug = null
    parent = class sun.misc.Launcher$ExtClassLoader@1dc5a9b2
      instance = class sun.misc.Launcher$ExtClassLoader@1dc5a9b2
      ucp = class sun.misc.URLClassPath@449403a4
      acc = class java.security.AccessControlContext@4ec64a3a
      closeables = class java.util.WeakHashMap@5f81f7d7
      initialized = true
      pdcache = class java.util.HashMap@3095ab37
      debug = null
      parent = null
      parallelLockMap = class java.util.concurrent.ConcurrentHashMap@54f817a2
      package2certs = class java.util.concurrent.ConcurrentHashMap@2893109d
      nocerts = class java.security.cert.Certificate[0]
      classes = class java.util.Vector@78fc7517
      defaultDomain = class java.security.ProtectionDomain@652db52c
      domains = class java.util.Collections$SynchronizedSet@71fceb2c
      packages = class java.util.HashMap@41db0a76
      scl = class sun.misc.Launcher$AppClassLoader@18b4aac2
      sclSet = true
      loadedLibraryNames = class java.util.Vector@7363870e
      systemNativeLibraries = class java.util.Vector@563ab26c
      nativeLibraries = class java.util.Vector@5a949b97
      nativeLibraryContext = class java.util.Stack@50740f52
      usr_paths = class java.lang.String[7]
      sys_paths = class java.lang.String[1]
      assertionLock = class java.lang.Object@5298c13c
      defaultAssertionStatus = false
      packageAssertionStatus = null
      classAssertionStatus = null
    parallelLockMap = class java.util.concurrent.ConcurrentHashMap@6cb7e6db
      serialVersionUID = 7249069246763182397
      MAXIMUM_CAPACITY = 1073741824
      DEFAULT_CAPACITY = 16
      MAX_ARRAY_SIZE = 2147483639
      DEFAULT_CONCURRENCY_LEVEL = 16
      LOAD_FACTOR = 0.75
      TREEIFY_THRESHOLD = 8
      UNTREEIFY_THRESHOLD = 6
      MIN_TREEIFY_CAPACITY = 64
      MIN_TRANSFER_STRIDE = 16
      RESIZE_STAMP_BITS = 16
      MAX_RESIZERS = 65535
      RESIZE_STAMP_SHIFT = 16
      MOVED = -1
      TREEBIN = -2
      RESERVED = -3
      HASH_BITS = 2147483647
      NCPU = 8
      serialPersistentFields = class java.io.ObjectStreamField[3]
      table = class java.util.concurrent.ConcurrentHashMap$Node[2048]
      nextTable = null
      baseCount = 861
      sizeCtl = 1536
      transferIndex = 0
      cellsBusy = 0
      counterCells = null
      keySet = null
      values = null
      entrySet = null
      U = class sun.misc.Unsafe@4f7766c8
      SIZECTL = 20
      TRANSFERINDEX = 32
      BASECOUNT = 24
      CELLSBUSY = 36
      CELLVALUE = 144
      ABASE = 16
      ASHIFT = 2
      keySet = null
      values = null
    package2certs = class java.util.concurrent.ConcurrentHashMap@6bb92ad6
      serialVersionUID = 7249069246763182397
      MAXIMUM_CAPACITY = 1073741824
      DEFAULT_CAPACITY = 16
      MAX_ARRAY_SIZE = 2147483639
      DEFAULT_CONCURRENCY_LEVEL = 16
      LOAD_FACTOR = 0.75
      TREEIFY_THRESHOLD = 8
      UNTREEIFY_THRESHOLD = 6
      MIN_TREEIFY_CAPACITY = 64
      MIN_TRANSFER_STRIDE = 16
      RESIZE_STAMP_BITS = 16
      MAX_RESIZERS = 65535
      RESIZE_STAMP_SHIFT = 16
      MOVED = -1
      TREEBIN = -2
      RESERVED = -3
      HASH_BITS = 2147483647
      NCPU = 8
      serialPersistentFields = class java.io.ObjectStreamField[3]
      table = class java.util.concurrent.ConcurrentHashMap$Node[32]
      nextTable = null
      baseCount = 21
      sizeCtl = 24
      transferIndex = 0
      cellsBusy = 0
      counterCells = null
      keySet = null
      values = null
      entrySet = null
      U = class sun.misc.Unsafe@4f7766c8
      SIZECTL = 20
      TRANSFERINDEX = 32
      BASECOUNT = 24
      CELLSBUSY = 36
      CELLVALUE = 144
      ABASE = 16
      ASHIFT = 2
      keySet = null
      values = null
    nocerts = class java.security.cert.Certificate[0]
    classes = class java.util.Vector@67496619
      elementData = class java.lang.Object[160]
      elementCount = 125
      capacityIncrement = 0
      serialVersionUID = -2767605614048989439
      MAX_ARRAY_SIZE = 2147483639
      modCount = 125
      MAX_ARRAY_SIZE = 2147483639
    defaultDomain = class java.security.ProtectionDomain@38d1e923
      codesource = class java.security.CodeSource@2b543195
      classloader = class sun.misc.Launcher$AppClassLoader@18b4aac2
      principals = interface java.security.Principal[0]
      permissions = null
      hasAllPerm = false
      staticPermissions = false
      key = class java.security.ProtectionDomain$Key@33844a47
      debug = null
    domains = class java.util.Collections$SynchronizedSet@6b8341dc
      serialVersionUID = 487447009682186044
      serialVersionUID = 3053995032091335093
      c = class java.util.HashSet@1515ab97
      mutex = class java.util.Collections$SynchronizedSet@6b8341dc
    packages = class java.util.HashMap@494e39e0
      serialVersionUID = 362498820763181265
      DEFAULT_INITIAL_CAPACITY = 16
      MAXIMUM_CAPACITY = 1073741824
      DEFAULT_LOAD_FACTOR = 0.75
      TREEIFY_THRESHOLD = 8
      UNTREEIFY_THRESHOLD = 6
      MIN_TREEIFY_CAPACITY = 64
      table = class java.util.HashMap$Node[32]
      entrySet = null
      size = 21
      modCount = 21
      threshold = 24
      loadFactor = 0.75
      keySet = null
      values = null
    scl = class sun.misc.Launcher$AppClassLoader@18b4aac2
    sclSet = true
    loadedLibraryNames = class java.util.Vector@7363870e
    systemNativeLibraries = class java.util.Vector@563ab26c
    nativeLibraries = class java.util.Vector@651be77e
      elementData = class java.lang.Object[10]
      elementCount = 0
      capacityIncrement = 0
      serialVersionUID = -2767605614048989439
      MAX_ARRAY_SIZE = 2147483639
      modCount = 0
      MAX_ARRAY_SIZE = 2147483639
    nativeLibraryContext = class java.util.Stack@50740f52
    usr_paths = class java.lang.String[7]
    sys_paths = class java.lang.String[1]
    assertionLock = class java.lang.Object@52b4820f
    defaultAssertionStatus = false
    packageAssertionStatus = null
    classAssertionStatus = null
  sclSet = true
  loadedLibraryNames = class java.util.Vector@7363870e
    elementData = class java.lang.Object[10]
      Object[0] = "/usr/lib/jvm/java-8-openjdk-amd64/jre/lib/amd64/libzip.so"
      Object[1] = "/usr/lib/jvm/java-8-openjdk-amd64/jre/lib/amd64/libinstrument.so"
      Object[2] = "/usr/lib/jvm/java-8-openjdk-amd64/jre/lib/amd64/libnet.so"
      Object[3] = "/usr/lib/jvm/java-8-openjdk-amd64/jre/lib/amd64/libnio.so"
      Object[4] = "/usr/lib/jvm/java-8-openjdk-amd64/jre/lib/amd64/libmanagement.so"
      Object[5] = "/usr/lib/jvm/java-8-openjdk-amd64/jre/lib/amd64/libsunec.so"
      Object[6] = null
      Object[7] = null
      Object[8] = null
      Object[9] = null
    elementCount = 6
    capacityIncrement = 0
    serialVersionUID = -2767605614048989439
    MAX_ARRAY_SIZE = 2147483639
    modCount = 6
    MAX_ARRAY_SIZE = 2147483639
  systemNativeLibraries = class java.util.Vector@563ab26c
    elementData = class java.lang.Object[10]
      Object[0] = class java.lang.ClassLoader$NativeLibrary@458bdc23
      Object[1] = class java.lang.ClassLoader$NativeLibrary@6d70a550
      Object[2] = class java.lang.ClassLoader$NativeLibrary@200b1781
      Object[3] = class java.lang.ClassLoader$NativeLibrary@1e99cc5e
      Object[4] = class java.lang.ClassLoader$NativeLibrary@5e8616a
      Object[5] = null
      Object[6] = null
      Object[7] = null
      Object[8] = null
      Object[9] = null
    elementCount = 5
    capacityIncrement = 0
    serialVersionUID = -2767605614048989439
    MAX_ARRAY_SIZE = 2147483639
    modCount = 5
    MAX_ARRAY_SIZE = 2147483639
  nativeLibraries = class java.util.Vector@78a59ebe
    elementData = class java.lang.Object[10]
      Object[0] = null
      Object[1] = null
      Object[2] = null
      Object[3] = null
      Object[4] = null
      Object[5] = null
      Object[6] = null
      Object[7] = null
      Object[8] = null
      Object[9] = null
    elementCount = 0
    capacityIncrement = 0
    serialVersionUID = -2767605614048989439
    MAX_ARRAY_SIZE = 2147483639
    modCount = 0
    MAX_ARRAY_SIZE = 2147483639
  nativeLibraryContext = class java.util.Stack@50740f52
    serialVersionUID = 1224463164541339165
    elementData = class java.lang.Object[10]
      Object[0] = null
      Object[1] = null
      Object[2] = null
      Object[3] = null
      Object[4] = null
      Object[5] = null
      Object[6] = null
      Object[7] = null
      Object[8] = null
      Object[9] = null
    elementCount = 0
    capacityIncrement = 0
    serialVersionUID = -2767605614048989439
    MAX_ARRAY_SIZE = 2147483639
    modCount = 12
    MAX_ARRAY_SIZE = 2147483639
  usr_paths = class java.lang.String[7]
    String[0] = "/usr/java/packages/lib/amd64"
    String[1] = "/usr/lib/x86_64-linux-gnu/jni"
    String[2] = "/lib/x86_64-linux-gnu"
    String[3] = "/usr/lib/x86_64-linux-gnu"
    String[4] = "/usr/lib/jni"
    String[5] = "/lib"
    String[6] = "/usr/lib"
  sys_paths = class java.lang.String[1]
    String[0] = "/usr/lib/jvm/java-8-openjdk-amd64/jre/lib/amd64"
  assertionLock = class com.ibm.ws.classloading.internal.AppClassLoader@64c0e522
  defaultAssertionStatus = false
  packageAssertionStatus = null
  classAssertionStatus = null

