------Start of DE processing------ = [6/26/18 12:12:19:452 PDT]
Exception = com.ibm.ws.container.service.state.StateChangeException
Source = com.ibm.ws.app.manager.module.internal.DeployedAppInfoBase
probeid = 381
Stack Dump = com.ibm.ws.container.service.state.StateChangeException: org.jboss.weld.exceptions.DefinitionException: WELD-000075: Normal scoped managed bean implementation class has a public field:  [EnhancedAnnotatedFieldImpl] public application.microprofile.web.BookEndpoint.isCircuitBreakerTest
	at com.ibm.ws.container.service.state.internal.ApplicationStateManager.fireStarting(ApplicationStateManager.java:32)
	at com.ibm.ws.container.service.state.internal.StateChangeServiceImpl.fireApplicationStarting(StateChangeServiceImpl.java:50)
	at com.ibm.ws.app.manager.module.internal.DeployedAppInfoBase.preDeployApp(DeployedAppInfoBase.java:380)
	at com.ibm.ws.app.manager.module.internal.DeployedAppInfoBase.deployApp(DeployedAppInfoBase.java:409)
	at com.ibm.ws.app.manager.war.internal.WARApplicationHandlerImpl.install(WARApplicationHandlerImpl.java:65)
	at com.ibm.ws.app.manager.internal.statemachine.StartAction.execute(StartAction.java:140)
	at com.ibm.ws.app.manager.internal.statemachine.ApplicationStateMachineImpl.enterState(ApplicationStateMachineImpl.java:1258)
	at com.ibm.ws.app.manager.internal.statemachine.ApplicationStateMachineImpl.run(ApplicationStateMachineImpl.java:873)
	at java.util.concurrent.ThreadPoolExecutor.runWorker(ThreadPoolExecutor.java:1149)
	at java.util.concurrent.ThreadPoolExecutor$Worker.run(ThreadPoolExecutor.java:624)
	at java.lang.Thread.run(Thread.java:748)
Caused by: org.jboss.weld.exceptions.DefinitionException: WELD-000075: Normal scoped managed bean implementation class has a public field:  [EnhancedAnnotatedFieldImpl] public application.microprofile.web.BookEndpoint.isCircuitBreakerTest
	at org.jboss.weld.bean.ManagedBean.checkBeanImplementation(ManagedBean.java:230)
	at org.jboss.weld.bean.AbstractClassBean.internalInitialize(AbstractClassBean.java:74)
	at org.jboss.weld.bean.ManagedBean.internalInitialize(ManagedBean.java:105)
	at org.jboss.weld.bean.RIBean.initialize(RIBean.java:69)
	at org.jboss.weld.bootstrap.ConcurrentBeanDeployer$5.doWork(ConcurrentBeanDeployer.java:117)
	at org.jboss.weld.bootstrap.ConcurrentBeanDeployer$5.doWork(ConcurrentBeanDeployer.java:114)
	at org.jboss.weld.executor.IterativeWorkerTaskFactory$1.call(IterativeWorkerTaskFactory.java:62)
	at org.jboss.weld.executor.IterativeWorkerTaskFactory$1.call(IterativeWorkerTaskFactory.java:55)
	at java.util.concurrent.FutureTask.run(FutureTask.java:266)
	... 3 more

Dump of callerThis
Object type = com.ibm.ws.app.manager.war.internal.WARDeployedAppInfo
  CONTEXT_ROOT = "context-root"
  webModuleHandler = class com.ibm.ws.app.manager.web.internal.WebModuleHandlerImpl@5b332f10
    serialVersionUID = 4795602325763828210
    $$$tc$$$ = class com.ibm.websphere.ras.TraceComponent@54c1efbe
      strings[0] = "TraceComponent[com.ibm.ws.app.manager.web.internal.WebModuleHandlerImpl,class com.ibm.ws.app.manager.web.internal.WebModuleHandlerImpl,[webcontainer, applications, app.manager],com.ibm.ws.app.manager.war.internal.resources.Messages,null]"
    futureMonitor = class com.ibm.ws.threading.internal.FutureMonitorImpl@4baff6c8
    metaDataService = class com.ibm.ws.container.service.metadata.internal.MetaDataServiceImpl@6737e844
    stateChangeService = class com.ibm.ws.container.service.state.internal.StateChangeServiceImpl@1aff90b6
    moduleRuntimeContainer = class com.ibm.ws.webcontainer.osgi.WebContainer@242bd7de
      tc = class com.ibm.websphere.ras.TraceComponent@30ddb73
      CLASS_NAME = "com.ibm.ws.webcontainer.osgi.WebContainer"
      initialized = true
      eventService = class com.ibm.ws.event.internal.EventEngineImpl@18220e45
      futureMonitor = class com.ibm.ws.threading.internal.FutureMonitorImpl@4baff6c8
      classLoadingSRRef = class com.ibm.wsspi.kernel.service.utils.AtomicServiceReference@4bc3069c
      sessionHelperSRRef = class com.ibm.wsspi.kernel.service.utils.AtomicServiceReference@320db30c
      cacheManagerSRRef = class com.ibm.wsspi.kernel.service.utils.AtomicServiceReference@7a6e1db3
      injectionEngineSRRef = class com.ibm.wsspi.kernel.service.utils.AtomicServiceReference@72b6649d
      managedObjectServiceSRRef = class com.ibm.wsspi.kernel.service.utils.AtomicServiceReference@21926bb1
      backgroundWebAppStartFutures = class com.ibm.ws.webcontainer.util.OneTimeUseArrayList@7ed8295c
      REFERENCE_WEB_MBEAN_RUNTIME = "webMBeanRuntime"
      webMBeanRuntimeServiceRef = class com.ibm.wsspi.kernel.service.utils.AtomicServiceReference@745130b1
      servletContainerInitializers = class com.ibm.wsspi.kernel.service.utils.ConcurrentServiceReferenceSet@3582302a
      es = class com.ibm.ws.threading.internal.ExecutorServiceImpl@5cbab89b
      locationServiceRef = class java.util.concurrent.atomic.AtomicReference@7ff0ac8
      transferContextServiceRef = class com.ibm.wsspi.kernel.service.utils.ConcurrentServiceReferenceSet@385251a2
      encodingServiceRef = class java.util.concurrent.atomic.AtomicReference@45fb3aa1
      instance = class java.util.concurrent.atomic.AtomicReference@615c5154
      vhostManager = class com.ibm.ws.webcontainer.osgi.DynamicVirtualHostManager@1e0aaefd
      metaDataService = class com.ibm.ws.container.service.metadata.internal.MetaDataServiceImpl@6737e844
      j2eeNameFactory = class com.ibm.ws.container.service.metadata.internal.J2EENameFactoryImpl@347f33df
      context = class org.apache.felix.scr.impl.manager.ComponentContextImpl@28cd39c3
      contextRoots = class java.util.Collections$SynchronizedSet@2b181b7f
      pendingContextRoots = class java.util.HashMap@602e25a7
      deployedModuleMap = class java.util.concurrent.ConcurrentHashMap@2d8203b6
      connContextPool = class com.ibm.ws.webcontainer31.osgi.srt.factory.SRTConnectionContextPool31Impl@6cc024e4
      DEFAULT_PORT = "*"
      DEFAULT_VHOST_NAME = "default_host"
      cachedServerInfo = "IBM WebSphere Liberty/${liberty.service.version}"
      lock = class com.ibm.ws.webcontainer.osgi.WebContainer$1@7e809e0
      webAppFactory = class com.ibm.ws.webcontainer31.osgi.webapp.factory.WebAppFactoryImpl31@16fa07a7
      requestFactory = class com.ibm.ws.webcontainer31.osgi.response.factory.IRequestResponseFactory@2b58397d
      responseFactory = class com.ibm.ws.webcontainer31.osgi.response.factory.IRequestResponseFactory@2b58397d
      asyncContextFactory = class com.ibm.ws.webcontainer31.async.factory.AsyncContextFactory31Impl@46d2cff6
      DEFAULT_MAX_VERSION = 30
      versionRef = class org.eclipse.osgi.internal.serviceregistry.ServiceReferenceImpl@1b279c5
      serverStopping = class com.ibm.ws.staticvalue.StaticValue$FinalSingleton@4733816b
      modulesStarting = 0
      uriMatcherFactory = class com.ibm.wsspi.webcontainer31.util.factory.URIMatcherFactory31Impl@2dcacb21
      SPEC_LEVEL_UNLOADED = -1
      SPEC_LEVEL_30 = 30
      SPEC_LEVEL_31 = 31
      SPEC_LEVEL_40 = 40
      DEFAULT_SPEC_LEVEL = 30
      loadedContainerSpecLevel = 31
      ISO = "ISO-8859-1"
      encoding = "UTF-8"
      decode = true
      wcconfig = class com.ibm.ws.webcontainer.osgi.WebContainerConfiguration@6fd93e23
      applicationListeners = class java.util.ArrayList@343ac26a
      servletListeners = class java.util.ArrayList@4fd2940f
      servletErrorListeners = class java.util.ArrayList@ac0de70
      servletInvocationListeners = class java.util.ArrayList@2ccec12d
      filterInvocationListeners = class java.util.ArrayList@4e056f4c
      filterErrorListeners = class java.util.ArrayList@15acf86f
      filterListeners = class java.util.ArrayList@191387f4
      servletRequestListeners = class java.util.ArrayList@430eea52
      servletRequestAttributeListeners = class java.util.ArrayList@26148270
      servletContextListeners = class java.util.ArrayList@5489795d
      servletContextAttributeListeners = class java.util.ArrayList@5120781f
      sessionListeners = class java.util.ArrayList@65c84413
      sessionIdListeners = class java.util.ArrayList@67cd4dd8
      sessionAttributeListeners = class java.util.ArrayList@789193ed
      DEFAULT_HOST = "default_host"
      _initialized = true
      logger = class com.ibm.ws.logging.internal.WsLogger@2aa3fc60
      CLASS_NAME = "com.ibm.ws.webcontainer.internal.WebContainer"
      nls = class com.ibm.ejs.ras.TraceNLS@d6cddfb
      self = class java.util.concurrent.atomic.AtomicReference@c2e203
      _cipherToBit = class java.util.HashMap@7438070d
      cacheKeyStringBuilder = class com.ibm.ws.util.WSThreadLocal@41cdb516
      listenersInitialized = true
      webConProperties = class java.util.Properties@2aa52bd1
      sessionRegistry = null
      isStopped = false
      readWriteLockForStopping = class java.util.concurrent.locks.ReentrantReadWriteLock@3de0067c
      urlPrefix = ";jsessionid="
      extensionFactories = class java.util.ArrayList@9547ea2
      postInitExtensionFactories = null
      httpResponseListeners = class java.util.ArrayList@259d1f9b
      servletContainerInitializers = class java.util.ServiceLoader@2665535a
      auditManager = class com.ibm.websphere.security.audit.context.AuditManager@1b0b720c
      threadLocal = class java.lang.ThreadLocal@3100bea1
      invocationCacheSize = 500
      decodePlusSign = true
      _cacheMap = class java.util.concurrent.ConcurrentHashMap@7c2c0edd
      _cacheSize = class java.util.concurrent.atomic.AtomicInteger@705f6d81
      vHostCompatFlag = false
      platformHelper = class com.ibm.ws.webcontainer.PlatformHelper@3084ea94
      isDefaultTempDir = true
      tempDir = null
      servletCachingInitNeeded = true
      appInstallBegun = true
      cacheServletWrapperFactory = class com.ibm.ws.webcontainer31.servlet.factory.CacheServletWrapperFactory31Impl@4c5af93
      commands = class java.util.ArrayList@13bb56d4
      requestMapper = class com.ibm.ws.webcontainer.util.VirtualHostContextRootMapper@47cde7d
      parent = null
      name = "Was.webcontainer"
      isAlive = true
      subElements = class java.util.HashMap@2d76dc48
      attributes = null
      config = null
      serialVersionUID = -8271459000149267764
      $$$tc$$$ = class com.ibm.websphere.ras.TraceComponent@67352325
    firstFailure = null
    serialVersionUID = -4563697739413190872
    $$$tc$$$ = class com.ibm.websphere.ras.TraceComponent@3ad4cac1
      strings[0] = "TraceComponent[com.ibm.ws.app.manager.module.internal.ModuleHandlerBase,class com.ibm.ws.app.manager.module.internal.ModuleHandlerBase,[applications, app.manager],,null]"
  webContainerModuleInfo = class com.ibm.ws.app.manager.module.internal.SimpleDeployedAppInfoBase$WebModuleContainerInfo@38bb43f3
    contextRoot = "/microprofile"
    defaultContextRoot = "microprofile"
    serialVersionUID = -8158961796913348204
    $$$tc$$$ = class com.ibm.websphere.ras.TraceComponent@74680ab6
      strings[0] = "TraceComponent[com.ibm.ws.app.manager.module.internal.SimpleDeployedAppInfoBase$WebModuleContainerInfo,class com.ibm.ws.app.manager.module.internal.SimpleDeployedAppInfoBase$WebModuleContainerInfo,[applications, app.manager],,null]"
    moduleHandler = class com.ibm.ws.app.manager.web.internal.WebModuleHandlerImpl@5b332f10
    moduleMetaDataExtenders = class java.util.concurrent.CopyOnWriteArrayList@563b0315
      serialVersionUID = 8673264195747942595
      lock = class java.util.concurrent.locks.ReentrantLock@67675c94
      array = class java.lang.Object[2]
      UNSAFE = class sun.misc.Unsafe@25719a03
      lockOffset = 12
    nestedModuleMetaDataFactories = class java.util.concurrent.CopyOnWriteArrayList@a726214
      serialVersionUID = 8673264195747942595
      lock = class java.util.concurrent.locks.ReentrantLock@3e4fa203
      array = class java.lang.Object[1]
      UNSAFE = class sun.misc.Unsafe@25719a03
      lockOffset = 12
    nestedModules = null
    moduleName = "microprofile-1.0-SNAPSHOT"
    moduleDD = null
    moduleInfo = class com.ibm.ws.app.manager.module.internal.WebModuleInfoImpl@54b9d32c
      contextRoot = "/microprofile"
      isDefaultContextRootUsed = false
      serialVersionUID = -1540279394520440503
      $$$tc$$$ = class com.ibm.websphere.ras.TraceComponent@605c0ee8
      tc = class com.ibm.websphere.ras.TraceComponent@2dae4e8c
      appInfo = class com.ibm.ws.container.service.app.deploy.internal.ApplicationInfoImpl@cf3e2d2
      moduleName = "microprofile-1.0-SNAPSHOT"
      path = "microprofile-1.0-SNAPSHOT.war"
      moduleContainer = class com.ibm.ws.adaptable.module.internal.AdaptableContainerImpl@1a9d13d2
      altDDEntry = null
      moduleClassesContainers = class java.util.ArrayList@d9fe1a9
      classLoaderFactory = class com.ibm.ws.app.manager.war.internal.WARDeployedAppInfo@40253e11
      containerInfoType = class com.ibm.ws.container.service.app.deploy.ContainerInfo$Type@3326971
      classLoader = class com.ibm.ws.classloading.internal.AppClassLoader@2c903a02
      moduleMetaData = class com.ibm.ws.webcontainer.osgi.metadata.WebModuleMetaDataImpl@50662dea
      nestedModuleMetaDataTypes = null
      nestedModuleMetaDataValues = null
      serialVersionUID = 3986734351620206554
    serialVersionUID = 8693907776607441911
    $$$tc$$$ = class com.ibm.websphere.ras.TraceComponent@53cae19e
      strings[0] = "TraceComponent[com.ibm.ws.app.manager.module.internal.SimpleDeployedAppInfoBase$ModuleContainerInfoBase,class com.ibm.ws.app.manager.module.internal.SimpleDeployedAppInfoBase$ModuleContainerInfoBase,[applications, app.manager],,null]"
    type = class com.ibm.ws.container.service.app.deploy.ContainerInfo$Type@3326971
      MANIFEST_CLASSPATH = class com.ibm.ws.container.service.app.deploy.ContainerInfo$Type@6a68663b
      WEB_INF_CLASSES = class com.ibm.ws.container.service.app.deploy.ContainerInfo$Type@11f67025
      WEB_INF_LIB = class com.ibm.ws.container.service.app.deploy.ContainerInfo$Type@5cc4fc8e
      EAR_LIB = class com.ibm.ws.container.service.app.deploy.ContainerInfo$Type@9b0430f
      WEB_MODULE = class com.ibm.ws.container.service.app.deploy.ContainerInfo$Type@3326971
      EJB_MODULE = class com.ibm.ws.container.service.app.deploy.ContainerInfo$Type@2040b5bc
      CLIENT_MODULE = class com.ibm.ws.container.service.app.deploy.ContainerInfo$Type@2159ec9
      RAR_MODULE = class com.ibm.ws.container.service.app.deploy.ContainerInfo$Type@794e3289
      JAR_MODULE = class com.ibm.ws.container.service.app.deploy.ContainerInfo$Type@72edae94
      SHARED_LIB = class com.ibm.ws.container.service.app.deploy.ContainerInfo$Type@57251820
      $VALUES = class com.ibm.ws.container.service.app.deploy.ContainerInfo$Type[10]
      $$$tc$$$ = class com.ibm.websphere.ras.TraceComponent@64ce311b
      name = "WEB_MODULE"
      ordinal = 4
    name = "microprofile-1.0-SNAPSHOT.war"
    container = class com.ibm.ws.adaptable.module.internal.AdaptableContainerImpl@1a9d13d2
    altDDEntry = null
    classesContainerInfo = class java.util.ArrayList@d9fe1a9
      serialVersionUID = 8683452581122892189
      DEFAULT_CAPACITY = 10
      EMPTY_ELEMENTDATA = class java.lang.Object[0]
      DEFAULTCAPACITY_EMPTY_ELEMENTDATA = class java.lang.Object[0]
      elementData = class java.lang.Object[10]
      size = 2
      MAX_ARRAY_SIZE = 2147483639
      modCount = 3
      MAX_ARRAY_SIZE = 2147483639
    serialVersionUID = 7427332431485745589
    $$$tc$$$ = class com.ibm.websphere.ras.TraceComponent@7a37c044
      strings[0] = "TraceComponent[com.ibm.ws.app.manager.module.internal.SimpleDeployedAppInfoBase$ExtendedContainerInfo,class com.ibm.ws.app.manager.module.internal.SimpleDeployedAppInfoBase$ExtendedContainerInfo,[applications, app.manager],,null]"
  DYNAMIC_IMPORT_PACKAGE_LIST = class java.util.Collections$UnmodifiableRandomAccessList@5e3bc903
    serialVersionUID = -2542308836966382001
    serialVersionUID = -283967356065247728
    list = class java.util.Arrays$ArrayList@4c7a1088
      serialVersionUID = -2764017481108945198
      a = class java.lang.String[1]
      modCount = 0
      MAX_ARRAY_SIZE = 2147483639
    serialVersionUID = 1820017752578914078
    c = class java.util.Arrays$ArrayList@4c7a1088
  serialVersionUID = -6153587016903242961
  $$$tc$$$ = class com.ibm.websphere.ras.TraceComponent@250e3ee
    strings[0] = "TraceComponent[com.ibm.ws.app.manager.war.internal.WARDeployedAppInfo,class com.ibm.ws.app.manager.war.internal.WARDeployedAppInfo,[webcontainer, applications, app.manager],com.ibm.ws.app.manager.war.internal.resources.Messages,null]"
  _tc = class com.ibm.websphere.ras.TraceComponent@25688ac8
    strings[0] = "TraceComponent[com.ibm.ws.app.manager.module.internal.DeployedAppInfoBase,class com.ibm.ws.app.manager.module.internal.DeployedAppInfoBase,[app.manager],com.ibm.ws.app.manager.module.internal.resources.Messages,null]"
  PERMISSION_XML = "permissions.xml"
  applicationInformation = class com.ibm.ws.app.manager.internal.ApplicationInstallInfo@a490685
    _config = class com.ibm.ws.app.manager.internal.ApplicationConfig@570875a2
      _configPid = "com.ibm.ws.app.manager_20"
      _config = class com.ibm.ws.config.admin.ConfigurationDictionary@60e63481
      _location = "microprofile-1.0-SNAPSHOT.war"
      _type = "war"
      _name = "microprofile"
      _notificationBroadcasterSupport = class javax.management.NotificationBroadcasterSupport@128b9c59
    _handlerInfo = class java.util.concurrent.atomic.AtomicReference@533701da
      serialVersionUID = -1848883965231344442
      unsafe = class sun.misc.Unsafe@25719a03
      valueOffset = 12
      value = class com.ibm.ws.app.manager.war.internal.WARDeployedAppInfo@40253e11
    _container = class java.util.concurrent.atomic.AtomicReference@74f44b08
      serialVersionUID = -1848883965231344442
      unsafe = class sun.misc.Unsafe@25719a03
      valueOffset = 12
      value = class com.ibm.ws.adaptable.module.internal.AdaptableContainerImpl@1a9d13d2
    _resolvedLocation = class java.util.concurrent.atomic.AtomicReference@368c0174
      serialVersionUID = -1848883965231344442
      unsafe = class sun.misc.Unsafe@25719a03
      valueOffset = 12
      value = class com.ibm.ws.kernel.service.location.internal.LocalFileResource@6814993a
    _handler = class com.ibm.ws.app.manager.war.internal.WARApplicationHandlerImpl@22bdc762
      futureMonitor = class com.ibm.ws.threading.internal.FutureMonitorImpl@4baff6c8
      deployedAppFactory = class com.ibm.ws.app.manager.war.internal.WARDeployedAppInfoFactoryImpl@3eaa6a15
      serialVersionUID = 4622845147410944782
      $$$tc$$$ = class com.ibm.websphere.ras.TraceComponent@742959d8
    _ami = class java.util.concurrent.atomic.AtomicReference@49ef3b3e
      serialVersionUID = -1848883965231344442
      unsafe = class sun.misc.Unsafe@25719a03
      valueOffset = 12
      value = class com.ibm.wsspi.application.handler.DefaultApplicationMonitoringInformation@4d349c26
    _updateHandler = class com.ibm.ws.app.manager.internal.statemachine.ApplicationStateMachineImpl@1f158500
      _tc = class com.ibm.websphere.ras.TraceComponent@63d6ab
      EMPTY_FUTURE_ARRAY = interface java.util.concurrent.Future[0]
      asmSequenceNumber = class java.util.concurrent.atomic.AtomicLong@64f76327
      _qscaCounter = class java.util.concurrent.atomic.AtomicInteger@13ff7769
      _failedThrowable = null
      _interruptibleLock = class com.ibm.ws.app.manager.internal.statemachine.ApplicationStateMachineImpl$2@7ac30c9c
      _interruptible = false
      _performingQueuedActions = true
      _queuedActions = class java.util.concurrent.ConcurrentLinkedQueue@5db02977
      _callbackState = class java.util.concurrent.atomic.AtomicReference@28197bd
      blockAppStartingFutures = class java.util.Collections$SetFromMap@6a2dfcbb
      waitingForAppHandlerFuture = class java.util.concurrent.atomic.AtomicReference@868ba8e
      waitingForExplicitStartFuture = class java.util.concurrent.atomic.AtomicReference@544fc165
      completionListener = class java.util.concurrent.atomic.AtomicReference@5afd882e
      _notifyAppStopped = class java.util.concurrent.ConcurrentLinkedQueue@5f307fee
      _notifyAppStarting = class java.util.concurrent.ConcurrentLinkedQueue@1241124c
      _notifyAppInstallCalled = class java.util.concurrent.ConcurrentLinkedQueue@382fbd88
      _notifyAppStarted = class java.util.concurrent.ConcurrentLinkedQueue@ea5fe5b
      _notifyAppRemoved = class java.util.concurrent.ConcurrentLinkedQueue@52363f6e
      _stateLock = class com.ibm.ws.app.manager.internal.statemachine.ApplicationStateMachineImpl$3@48ff9416
      _internalState = class java.util.concurrent.atomic.AtomicReference@d79a37c
      _currentAction = class java.util.concurrent.atomic.AtomicReference@2c0fd3ae
      _rfa = class java.util.concurrent.atomic.AtomicReference@4f21540e
      _appInstallInfo = class java.util.concurrent.atomic.AtomicReference@7bca36d8
      _update = class java.util.concurrent.atomic.AtomicBoolean@3b68189e
      _appConfig = class java.util.concurrent.atomic.AtomicReference@69a83efe
      _nextAppConfig = class java.util.concurrent.atomic.AtomicReference@2cec86e1
      _appContainer = class java.util.concurrent.atomic.AtomicReference@6ba0952
      _resolvedLocation = class java.util.concurrent.atomic.AtomicReference@7ded4df3
      _handler = class java.util.concurrent.atomic.AtomicReference@551ac37e
      _asmSeqNo = 2
      _ctx = class org.eclipse.osgi.internal.framework.BundleContextImpl@316624aa
      _locAdmin = class com.ibm.ws.kernel.service.location.internal.WsLocationAdminImpl@1d899cb2
      _futureMonitor = class com.ibm.ws.threading.internal.FutureMonitorImpl@4baff6c8
      _artifactFactory = class com.ibm.ws.artifact.internal.ArtifactContainerFactoryService@7d2a4a94
      _moduleFactory = class com.ibm.ws.adaptable.module.internal.AdaptableModuleFactoryImpl@7c448327
      _executorService = class com.ibm.ws.threading.internal.ExecutorServiceImpl@5cbab89b
      _scheduledExecutorService = class com.ibm.ws.threading.internal.ScheduledExecutorImpl@5f388141
      _asmHelper = class com.ibm.ws.app.manager.internal.ApplicationConfigurator$NamedApplication@3ebe3ea0
      _appMonitor = class com.ibm.ws.app.manager.internal.monitor.ApplicationMonitor@e05fa18
      enterStateCalled = class java.util.concurrent.atomic.AtomicBoolean@3aa844a6
      serialVersionUID = -1399093980790866556
      serialVersionUID = 5501066335104962649
      $$$tc$$$ = class com.ibm.websphere.ras.TraceComponent@59c41903
    serialVersionUID = 3995013949638210907
    $$$tc$$$ = class com.ibm.websphere.ras.TraceComponent@51f46cc
      strings[0] = "TraceComponent[com.ibm.ws.app.manager.internal.ApplicationInstallInfo,class com.ibm.ws.app.manager.internal.ApplicationInstallInfo,[applications, app.manager],com.ibm.ws.app.manager.internal.resources.AppManagerMessages,null]"
  location = "/home/ibmdemo/Student/workspace/microprofile/target/liberty/wlp/usr/servers/defaultServer/apps/microprofile-1.0-SNAPSHOT.war.xml"
  classLoadingService = class com.ibm.ws.classloading.internal.ClassLoadingServiceImpl@3a841cd0
    tc = class com.ibm.websphere.ras.TraceComponent@59146b3f
      strings[0] = "TraceComponent[com.ibm.ws.classloading.internal.ClassLoadingServiceImpl,class com.ibm.ws.classloading.internal.ClassLoadingServiceImpl,[ClassLoadingService],com.ibm.ws.classloading.internal.resources.ClassLoadingServiceMessages,null]"
    leakDetectionMap = class java.util.HashMap@c47f89e
      serialVersionUID = 362498820763181265
      DEFAULT_INITIAL_CAPACITY = 16
      MAXIMUM_CAPACITY = 1073741824
      DEFAULT_LOAD_FACTOR = 0.75
      TREEIFY_THRESHOLD = 8
      UNTREEIFY_THRESHOLD = 6
      MIN_TREEIFY_CAPACITY = 64
      table = null
      entrySet = null
      size = 0
      modCount = 0
      threshold = 0
      loadFactor = 0.75
      keySet = null
      values = null
    TCCL_LOCK_WAIT = 15000
    REFERENCE_GENERATORS = "generators"
    bundleContext = class org.eclipse.osgi.internal.framework.BundleContextImpl@7487e45e
    aclStore = class com.ibm.ws.classloading.internal.util.CanonicalStore@3514b268
      map = class java.util.concurrent.ConcurrentHashMap@6d30adb0
      q = class com.ibm.ws.classloading.internal.util.RefQueue@6e2ae417
      serialVersionUID = 6715157558227169968
      $$$tc$$$ = class com.ibm.websphere.ras.TraceComponent@55a1ff96
    tcclStore = class com.ibm.ws.classloading.internal.util.CanonicalStore@4e1f4a46
      map = class java.util.concurrent.ConcurrentHashMap@4a91c704
      q = class com.ibm.ws.classloading.internal.util.RefQueue@712aa1a8
      serialVersionUID = 6715157558227169968
      $$$tc$$$ = class com.ibm.websphere.ras.TraceComponent@55a1ff96
    tcclStoreLock = class java.util.concurrent.locks.ReentrantLock@53b80c1
      serialVersionUID = 7373984872572414699
      sync = class java.util.concurrent.locks.ReentrantLock$NonfairSync@5dbd8835
    digraph = class org.eclipse.equinox.internal.region.StandardRegionDigraph@368b1bf0
      EMPTY_EDGE_SET = class java.util.Collections$UnmodifiableSet@26d83a89
      monitor = class java.lang.Object@1fbeead4
      regions = class java.util.HashMap@1dcd1191
      bundleIdToRegionMapping = class org.eclipse.equinox.internal.region.StandardBundleIdToRegionMapping@74ca843a
      edges = class java.util.HashMap@13a1e458
      bundleContext = class org.eclipse.osgi.internal.framework.BundleContextImpl@59e2d8e3
      threadLocal = class java.lang.ThreadLocal@7ba154b2
      subgraphTraverser = class org.eclipse.equinox.internal.region.SubgraphTraverser@e1583ce
      bundleCollisionHook = class org.eclipse.equinox.internal.region.hook.RegionBundleCollisionHook@2e5e2d62
      bundleEventHook = class org.eclipse.equinox.internal.region.hook.RegionBundleEventHook@32418fd5
      bundleFindHook = class org.eclipse.equinox.internal.region.hook.RegionBundleFindHook@433459eb
      serviceEventHook = class org.eclipse.equinox.internal.region.hook.RegionServiceEventHook@611db9b0
      serviceFindHook = class org.eclipse.equinox.internal.region.hook.RegionServiceFindHook@3ef7adcc
      resolverHookFactory = class org.eclipse.equinox.internal.region.hook.RegionResolverHookFactory@76b2e0
      origin = null
      originUpdateCount = -1
      updateCount = class java.util.concurrent.atomic.AtomicLong@61ec5804
      defaultRegion = null
    redefiner = class com.ibm.ws.classloading.internal.util.ClassRedefiner@269c78bb
      tc = class com.ibm.websphere.ras.TraceComponent@7c076cac
      LS = "
"
      inst = class com.ibm.ws.kernel.launch.internal.TraceInstrumentation@7cd470fb
      serialVersionUID = 2420101865139508526
    listener = class com.ibm.ws.classloading.internal.ClassLoadingServiceImpl$1@12e54b54
      this$0 = class com.ibm.ws.classloading.internal.ClassLoadingServiceImpl@3a841cd0
      serialVersionUID = -9159707349812113172
      $$$tc$$$ = class com.ibm.websphere.ras.TraceComponent@2a40afe1
    classloaders = class java.util.Collections$SynchronizedMap@4b81fc41
      serialVersionUID = 1978198479659022715
      m = class java.util.HashMap@1e24bd0
      mutex = class java.util.Collections$SynchronizedMap@4b81fc41
      keySet = null
      entrySet = null
      values = null
    resourceProviders = class com.ibm.ws.classloading.internal.CompositeResourceProvider@253b3a5a
      lockFactory = class java.util.concurrent.locks.ReentrantReadWriteLock@19e6ac50
      providerMap = class com.ibm.ws.classloading.internal.util.MultiMap@3de56925
      serialVersionUID = -5576435894946156347
      $$$tc$$$ = class com.ibm.websphere.ras.TraceComponent@51a12d33
    rememberedBundles = class java.util.concurrent.ConcurrentHashMap@60a7d7e6
      serialVersionUID = 7249069246763182397
      MAXIMUM_CAPACITY = 1073741824
      DEFAULT_CAPACITY = 16
      MAX_ARRAY_SIZE = 2147483639
      DEFAULT_CONCURRENCY_LEVEL = 16
      LOAD_FACTOR = 0.75
      TREEIFY_THRESHOLD = 8
      UNTREEIFY_THRESHOLD = 6
      MIN_TREEIFY_CAPACITY = 64
      MIN_TRANSFER_STRIDE = 16
      RESIZE_STAMP_BITS = 16
      MAX_RESIZERS = 65535
      RESIZE_STAMP_SHIFT = 16
      MOVED = -1
      TREEBIN = -2
      RESERVED = -3
      HASH_BITS = 2147483647
      NCPU = 4
      serialPersistentFields = class java.io.ObjectStreamField[3]
      table = class java.util.concurrent.ConcurrentHashMap$Node[16]
      nextTable = null
      baseCount = 4
      sizeCtl = 12
      transferIndex = 0
      cellsBusy = 0
      counterCells = null
      keySet = null
      values = null
      entrySet = null
      U = class sun.misc.Unsafe@25719a03
      SIZECTL = 20
      TRANSFERINDEX = 32
      BASECOUNT = 24
      CELLSBUSY = 36
      CELLVALUE = 144
      ABASE = 16
      ASHIFT = 2
      keySet = null
      values = null
    collectedBundles = class java.lang.ref.ReferenceQueue@58208f4d
      NULL = class java.lang.ref.ReferenceQueue$Null@1026b0cc
      ENQUEUED = class java.lang.ref.ReferenceQueue$Null@69c4fac
      lock = class java.lang.ref.ReferenceQueue$Lock@4580bac6
      head = null
      queueLength = 0
      $assertionsDisabled = true
    generatorRefs = class com.ibm.wsspi.kernel.service.utils.ConcurrentServiceReferenceSet@1c0713fc
      referenceName = "generators"
      contextRef = class java.util.concurrent.atomic.AtomicReference@64b18f5f
      elementMap = class java.util.LinkedHashMap@3e5ec6a6
      elementSet = class java.util.concurrent.ConcurrentSkipListSet@18f84d66
      elementSetUnsorted = false
      serialVersionUID = 756240983881166148
      $$$tc$$$ = class com.ibm.websphere.ras.TraceComponent@11e90b62
    generatorManager = class com.ibm.ws.classloading.internal.ClassGeneratorManager@609213cc
      tc = class com.ibm.websphere.ras.TraceComponent@1aa29c1e
      generatorRefs = class com.ibm.wsspi.kernel.service.utils.ConcurrentServiceReferenceSet@1c0713fc
      serialVersionUID = 4152663586056483310
    appExtLibs = class java.util.concurrent.CopyOnWriteArrayList@3ed4e0df
      serialVersionUID = 8673264195747942595
      lock = class java.util.concurrent.locks.ReentrantLock@6576dd72
      array = class java.lang.Object[0]
      UNSAFE = class sun.misc.Unsafe@25719a03
      lockOffset = 12
    metaInfServicesProviders = class java.util.concurrent.ConcurrentHashMap@62d25aaf
      serialVersionUID = 7249069246763182397
      MAXIMUM_CAPACITY = 1073741824
      DEFAULT_CAPACITY = 16
      MAX_ARRAY_SIZE = 2147483639
      DEFAULT_CONCURRENCY_LEVEL = 16
      LOAD_FACTOR = 0.75
      TREEIFY_THRESHOLD = 8
      UNTREEIFY_THRESHOLD = 6
      MIN_TREEIFY_CAPACITY = 64
      MIN_TRANSFER_STRIDE = 16
      RESIZE_STAMP_BITS = 16
      MAX_RESIZERS = 65535
      RESIZE_STAMP_SHIFT = 16
      MOVED = -1
      TREEBIN = -2
      RESERVED = -3
      HASH_BITS = 2147483647
      NCPU = 4
      serialPersistentFields = class java.io.ObjectStreamField[3]
      table = null
      nextTable = null
      baseCount = 0
      sizeCtl = 0
      transferIndex = 0
      cellsBusy = 0
      counterCells = null
      keySet = null
      values = null
      entrySet = null
      U = class sun.misc.Unsafe@25719a03
      SIZECTL = 20
      TRANSFERINDEX = 32
      BASECOUNT = 24
      CELLSBUSY = 36
      CELLVALUE = 144
      ABASE = 16
      ASHIFT = 2
      keySet = null
      values = null
    metaInfServicesRefs = class com.ibm.wsspi.kernel.service.utils.ConcurrentServiceReferenceMap@466e3dfa
      referenceName = "MetaInfServicesProvider"
      context = class org.apache.felix.scr.impl.manager.ComponentContextImpl@70f9cbc7
      elementMap = class java.util.concurrent.ConcurrentHashMap@6479ffe2
      serialVersionUID = 6980924785166233786
      $$$tc$$$ = class com.ibm.websphere.ras.TraceComponent@3ce997f9
    protectionDomainMap = class java.util.HashMap@36924a88
      serialVersionUID = 362498820763181265
      DEFAULT_INITIAL_CAPACITY = 16
      MAXIMUM_CAPACITY = 1073741824
      DEFAULT_LOAD_FACTOR = 0.75
      TREEIFY_THRESHOLD = 8
      UNTREEIFY_THRESHOLD = 6
      MIN_TREEIFY_CAPACITY = 64
      table = null
      entrySet = null
      size = 0
      modCount = 0
      threshold = 0
      loadFactor = 0.75
      keySet = null
      values = null
    metadataIdentifierService = class com.ibm.ws.container.service.metadata.internal.MetaDataServiceImpl@6737e844
    serialVersionUID = 3750725462702355330
  globalSharedLibrary = class com.ibm.ws.library.internal.SharedLibraryImpl@788def3f
    tc = class com.ibm.websphere.ras.TraceComponent@735256e8
      strings[0] = "TraceComponent[com.ibm.ws.library.internal.SharedLibraryImpl,class com.ibm.ws.library.internal.SharedLibraryImpl,[SharedLibrary],com.ibm.ws.classloading.internal.resources.ClassLoadingServiceMessages,null]"
    EMPTY_LIBRARY_LISTENERS = interface com.ibm.wsspi.library.LibraryChangeListener[0]
    deleted = false
    libraryListenersTracker = class org.osgi.util.tracker.ServiceTracker@329a7738
      DEBUG = false
      context = class org.eclipse.osgi.internal.framework.BundleContextImpl@7487e45e
      filter = class org.eclipse.osgi.internal.framework.FilterImpl@36e15e24
      customizer = class org.osgi.util.tracker.ServiceTracker@329a7738
      listenerFilter = "(&(objectClass=com.ibm.wsspi.library.LibraryChangeListener)(|(library=global)(libraryRef=*com.ibm.ws.classloading.sharedlibrary_37*)))"
      trackClass = null
      trackReference = null
      tracked = class org.osgi.util.tracker.ServiceTracker$Tracked@6576c86e
      cachedReference = null
      cachedService = null
    libraryReg = class org.eclipse.osgi.internal.serviceregistry.ServiceRegistrationImpl@b897baa
      registry = class org.eclipse.osgi.internal.serviceregistry.ServiceRegistry@19c05618
      context = class org.eclipse.osgi.internal.framework.BundleContextImpl@7487e45e
      bundle = class org.eclipse.osgi.internal.framework.EquinoxBundle@4f3b3ec0
      clazzes = class java.lang.String[1]
      service = class com.ibm.ws.library.internal.SharedLibraryImpl@788def3f
      reference = class org.eclipse.osgi.internal.serviceregistry.ServiceReferenceImpl@522c4e30
      contextsUsing = class java.util.ArrayList@5dcedcb0
      properties = class java.util.Collections$UnmodifiableMap@46252187
      serviceid = 246
      serviceranking = 2
      registrationLock = class java.lang.Object@673992e4
      state = 0
      REGISTERED = 0
      UNREGISTERING = 1
      UNREGISTERED = 2
      FRAMEWORK_SET_SERVICE_PROPERTIES_COUNT = 4
      $assertionsDisabled = true
    ctx = class org.eclipse.osgi.internal.framework.BundleContextImpl@7487e45e
      findHookName = "org.osgi.framework.hooks.bundle.FindHook"
      valid = true
      bundle = class org.eclipse.osgi.internal.framework.EquinoxBundle@4f3b3ec0
      container = class org.eclipse.osgi.internal.framework.EquinoxContainer@7916e895
      debug = class org.eclipse.osgi.internal.debug.Debug@2cbe237b
      servicesInUse = class java.util.HashMap@79266969
      activator = null
      contextLock = class java.lang.Object@5c76b6df
    classLoadingService = class com.ibm.ws.classloading.internal.ClassLoadingServiceImpl@3a841cd0
    configAdmin = class com.ibm.ws.config.admin.internal.ConfigurationAdminImpl@6ca584bf
      tc = class com.ibm.websphere.ras.TraceComponent@524678e5
      bundle = class org.eclipse.osgi.internal.framework.EquinoxBundle@4f3b3ec0
      caFactory = class com.ibm.ws.config.admin.internal.ConfigAdminServiceFactory@2b79e1b7
      serialVersionUID = 3160799878770679122
    resolvedBasePath = "/home/ibmdemo/Student/workspace/microprofile/target/liberty/wlp/usr/servers/defaultServer/"
    generationLock = class com.ibm.ws.library.internal.SharedLibraryImpl$1@6e8de3e3
      this$0 = class com.ibm.ws.library.internal.SharedLibraryImpl@788def3f
      serialVersionUID = 2483639803450672373
      $$$tc$$$ = class com.ibm.websphere.ras.TraceComponent@3c97b785
    currentGeneration = class com.ibm.ws.library.internal.LibraryGeneration@1f9857b2
      tc = class com.ibm.websphere.ras.TraceComponent@484d22d3
      nextInt = class java.util.concurrent.atomic.AtomicInteger@381751db
      libraryId = "global"
      genId = 2
      libraryProps = class java.util.Hashtable@4fdb18d1
      filesetRefs = class java.util.Collections$UnmodifiableRandomAccessList@1057ea79
      apiTypeVisibility = class java.util.RegularEnumSet@113ba23b
      files = class java.util.Collections$EmptyList@2cf3a23c
      folders = class java.util.ArrayList@1320b04e
      fileAndFolderContainers = class java.util.Collections$EmptyList@2cf3a23c
      filesets = class java.util.concurrent.ArrayBlockingQueue@4aa2f6b
      filesetListenerRegs = class java.util.concurrent.ConcurrentLinkedQueue@2b8109a5
      cancelled = false
      library = class com.ibm.ws.library.internal.SharedLibraryImpl@788def3f
      serialVersionUID = 6965220007121905717
    nextGeneration = class com.ibm.ws.library.internal.LibraryGeneration@1f9857b2
    artifactContainerFactory = class com.ibm.ws.library.internal.SharedLibraryFactory$1@7e5ad0ce
      this$0 = class com.ibm.ws.library.internal.SharedLibraryFactory@27d34f43
      serialVersionUID = 7730244564205089330
      $$$tc$$$ = class com.ibm.websphere.ras.TraceComponent@76ca871c
    packageExporter = class com.ibm.ws.library.internal.LibraryPackageExporter@3e1a23c6
      EXPORTER_POSTFIX = "_library_exporter"
      REGION_EXPORT_TO_LIBERTY = "liberty.library.export.to.liberty"
      REGION_EXPORT_TO_OSGI_APPS = "liberty.library.export.to.osgi.app"
      REGION_KERNEL = "org.eclipse.equinox.region.kernel"
      counter = class java.util.concurrent.atomic.AtomicLong@3803de96
      context = class org.eclipse.osgi.internal.framework.BundleContextImpl@7487e45e
      digraph = class org.eclipse.equinox.internal.region.StandardRegionDigraph@368b1bf0
      bundleToLibrary = class java.util.concurrent.ConcurrentHashMap@72a485de
      libraryToVisibility = class java.util.concurrent.ConcurrentHashMap@1b8d051b
      serialVersionUID = 8074378969667956573
      $$$tc$$$ = class com.ibm.websphere.ras.TraceComponent@12f08088
    serialVersionUID = 6288237618632180389
  sharedLibDeploymentInfo = class com.ibm.ws.app.manager.module.internal.DeployedAppInfoBase$SharedLibDeploymentInfo@787e52fc
    bundleContext = class org.eclipse.osgi.internal.framework.BundleContextImpl@361040f
      findHookName = "org.osgi.framework.hooks.bundle.FindHook"
      valid = true
      bundle = class org.eclipse.osgi.internal.framework.EquinoxBundle@2009e58
      container = class org.eclipse.osgi.internal.framework.EquinoxContainer@7916e895
      debug = class org.eclipse.osgi.internal.debug.Debug@2cbe237b
      servicesInUse = class java.util.HashMap@483bf86f
      activator = null
      contextLock = class java.lang.Object@8ad3d24
    locAdmin = class com.ibm.ws.kernel.service.location.internal.WsLocationAdminImpl@1d899cb2
      tc = class com.ibm.websphere.ras.TraceComponent@4a65b7d
      LOC_INTERNAL_LIB_DIR = "wlp.lib.dir"
      LOC_AREA_NAME_APPS = "shared/apps/"
      LOC_AREA_NAME_CONFIG = "shared/config/"
      LOC_AREA_NAME_RESC = "shared/resources/"
      LOC_AREA_NAME_STATE = "logs/state/"
      LOC_AREA_NAME_SERVERS = "servers/"
      LOC_AREA_NAME_CLIENTS = "clients/"
      LOC_AREA_NAME_WORKING = "workarea/"
      LOC_AREA_NAME_EXTENSION = "extension/"
      instance = class com.ibm.ws.staticvalue.StaticValue$FinalSingleton@5a661c51
      installRoot = class com.ibm.ws.kernel.service.location.internal.SymbolicRootResource@32cad179
      installParentRoot = class com.ibm.ws.kernel.service.location.internal.SymbolicRootResource@2ad3dc6a
      userRoot = class com.ibm.ws.kernel.service.location.internal.SymbolicRootResource@6e317c7d
      usrExtensionRoot = class com.ibm.ws.kernel.service.location.internal.SymbolicRootResource@45f617e
      serverConfigDir = class com.ibm.ws.kernel.service.location.internal.SymbolicRootResource@607a2995
      serverOutputDir = class com.ibm.ws.kernel.service.location.internal.SymbolicRootResource@607a2995
      bootstrapLib = class com.ibm.ws.kernel.service.location.internal.LocalFileResource@547e897c
      serverWorkarea = class com.ibm.ws.kernel.service.location.internal.LocalFileResource@3149d51a
      serverState = class com.ibm.ws.kernel.service.location.internal.LocalFileResource@4e6216dc
      sharedAppsRoot = class com.ibm.ws.kernel.service.location.internal.SymbolicRootResource@7f65a804
      sharedConfigRoot = class com.ibm.ws.kernel.service.location.internal.SymbolicRootResource@5f70fbfd
      sharedResourceRoot = class com.ibm.ws.kernel.service.location.internal.SymbolicRootResource@20ee140c
      tmpRoot = class com.ibm.ws.kernel.service.location.internal.SymbolicRootResource@7e64323b
      serverName = "defaultServer"
      resourcePaths = class java.util.ArrayList@2c13907b
      resourceGroups = class java.util.HashMap@74642917
      commonRoot = class com.ibm.ws.kernel.service.location.internal.VirtualRootResource@247a0de3
      serialVersionUID = 7766352982799267432
    artifactFactory = class com.ibm.ws.artifact.internal.ArtifactContainerFactoryService@7d2a4a94
      CATEGORY_PROP_NAME = "category"
      ENTRY_KEY = "com.ibm.wsspi.artifact.ArtifactEntry"
      helperMap = class com.ibm.wsspi.kernel.service.utils.ConcurrentServiceReferenceSetMap@1bd21d7f
      contributorMap = class com.ibm.wsspi.kernel.service.utils.ConcurrentServiceReferenceSetMap@3618ae04
      helperCategoryMap = class com.ibm.wsspi.kernel.service.utils.ConcurrentServiceReferenceSetMap@25a9e7c5
      contributorCategoryMap = class com.ibm.wsspi.kernel.service.utils.ConcurrentServiceReferenceSetMap@1d20ca56
      categories = class java.util.Collections$SynchronizedSet@16921568
      baseProperties = class org.apache.felix.scr.impl.helper.ReadOnlyDictionary@6589e130
      serialVersionUID = -3101641399269402013
      $$$tc$$$ = class com.ibm.websphere.ras.TraceComponent@7da0702c
    moduleFactory = class com.ibm.ws.adaptable.module.internal.AdaptableModuleFactoryImpl@7c448327
      adapterFactoryService = class com.ibm.ws.adaptable.module.internal.AdapterFactoryServiceImpl@68e312b9
      containerFactory = class com.ibm.ws.artifact.internal.ArtifactContainerFactoryService@7d2a4a94
      overlayContainerFactory = class com.ibm.ws.artifact.overlay.internal.OverlayContainerFactoryImpl@1a3e72f
      serialVersionUID = 4200251809856292987
      $$$tc$$$ = class com.ibm.websphere.ras.TraceComponent@17db41be
    classesContainerInfo = class java.util.ArrayList@5f0c51d1
      serialVersionUID = 8683452581122892189
      DEFAULT_CAPACITY = 10
      EMPTY_ELEMENTDATA = class java.lang.Object[0]
      DEFAULTCAPACITY_EMPTY_ELEMENTDATA = class java.lang.Object[0]
      elementData = class java.lang.Object[0]
      size = 0
      MAX_ARRAY_SIZE = 2147483639
      modCount = 0
      MAX_ARRAY_SIZE = 2147483639
    serialVersionUID = -9033256786848720484
    $$$tc$$$ = class com.ibm.websphere.ras.TraceComponent@166518a4
      strings[0] = "TraceComponent[com.ibm.ws.app.manager.module.internal.DeployedAppInfoBase$SharedLibDeploymentInfo,class com.ibm.ws.app.manager.module.internal.DeployedAppInfoBase$SharedLibDeploymentInfo,[applications, app.manager],,null]"
  futureMonitor = class com.ibm.ws.threading.internal.FutureMonitorImpl@4baff6c8
    _monitor = class java.util.concurrent.ConcurrentLinkedQueue@569c155b
      serialVersionUID = 196745693267521676
      head = class java.util.concurrent.ConcurrentLinkedQueue$Node@7290037
      tail = class java.util.concurrent.ConcurrentLinkedQueue$Node@7290037
      UNSAFE = class sun.misc.Unsafe@25719a03
      headOffset = 12
      tailOffset = 16
      MAX_ARRAY_SIZE = 2147483639
    _executor = class com.ibm.ws.threading.internal.ScheduledExecutorImpl@5f388141
      threadGroupName = "Scheduled Executor Thread Group"
      executor = class com.ibm.ws.threading.internal.ExecutorServiceImpl@5cbab89b
      serialVersionUID = -9110693807503469597
      $$$tc$$$ = class com.ibm.websphere.ras.TraceComponent@2e8cc8c0
      continueExistingPeriodicTasksAfterShutdown = false
      executeExistingDelayedTasksAfterShutdown = true
      removeOnCancel = false
      sequencer = class java.util.concurrent.atomic.AtomicLong@156a8a92
      ctl = class java.util.concurrent.atomic.AtomicInteger@6f2d6f2c
      COUNT_BITS = 29
      CAPACITY = 536870911
      RUNNING = -536870912
      SHUTDOWN = 0
      STOP = 536870912
      TIDYING = 1073741824
      TERMINATED = 1610612736
      workQueue = class java.util.concurrent.ScheduledThreadPoolExecutor$DelayedWorkQueue@79a88358
      mainLock = class java.util.concurrent.locks.ReentrantLock@241bc32e
      workers = class java.util.HashSet@65e4e325
      termination = class java.util.concurrent.locks.AbstractQueuedSynchronizer$ConditionObject@61b4a4ba
      largestPoolSize = 1
      completedTaskCount = 0
      threadFactory = class com.ibm.ws.threading.internal.ThreadFactoryImpl@5cbb4997
      handler = class java.util.concurrent.ThreadPoolExecutor$AbortPolicy@2643f39d
      keepAliveTime = 0
      allowCoreThreadTimeOut = false
      corePoolSize = 1
      maximumPoolSize = 2147483647
      defaultHandler = class java.util.concurrent.ThreadPoolExecutor$AbortPolicy@2643f39d
      shutdownPerm = class java.lang.RuntimePermission@647cd1bb
      acc = null
      ONLY_ONE = true
      $assertionsDisabled = true
    _threadRunning = class java.util.concurrent.atomic.AtomicBoolean@2851617e
      serialVersionUID = 4654671469794556979
      unsafe = class sun.misc.Unsafe@25719a03
      valueOffset = 12
      value = 0
    _thread = class com.ibm.ws.threading.internal.FutureMonitorImpl$1@5eb3f37a
      this$0 = class com.ibm.ws.threading.internal.FutureMonitorImpl@4baff6c8
      serialVersionUID = 2422512430832938099
      $$$tc$$$ = class com.ibm.websphere.ras.TraceComponent@5ca483cc
    serialVersionUID = 2765238413969174390
    $$$tc$$$ = class com.ibm.websphere.ras.TraceComponent@58ccc40a
      strings[0] = "TraceComponent[com.ibm.ws.threading.internal.FutureMonitorImpl,class com.ibm.ws.threading.internal.FutureMonitorImpl,[Threading],com.ibm.ws.threading.internal.resources.ThreadingMessages,null]"
  configAdmin = class com.ibm.ws.config.admin.internal.ConfigurationAdminImpl@684d19f4
    tc = class com.ibm.websphere.ras.TraceComponent@524678e5
      strings[0] = "TraceComponent[com.ibm.ws.config.admin.internal.ConfigurationAdminImpl,class com.ibm.ws.config.admin.internal.ConfigurationAdminImpl,[config],com.ibm.ws.config.internal.resources.ConfigMessages,null]"
    bundle = class org.eclipse.osgi.internal.framework.EquinoxBundle@2009e58
      equinoxContainer = class org.eclipse.osgi.internal.framework.EquinoxContainer@7916e895
      module = class org.eclipse.osgi.internal.framework.EquinoxBundle$EquinoxModule@78b86711
      monitor = class java.lang.Object@c69486a
      context = class org.eclipse.osgi.internal.framework.BundleContextImpl@361040f
      signerInfos = null
      $SWITCH_TABLE$org$eclipse$osgi$container$Module$State = {1,2,3,4,5,6,7} /* array length = 7 */
    caFactory = class com.ibm.ws.config.admin.internal.ConfigAdminServiceFactory@2b79e1b7
      tc = class com.ibm.websphere.ras.TraceComponent@1b6b48a1
      configurationPermission = class org.osgi.service.cm.ConfigurationPermission@13c5a709
      INDEX_DICTIONARY = 0
      INDEX_LOCATION = 1
      INDEX_METATYPE_PROCESSED = 2
      INDEX_IN_OVERRIDES_FILE = 3
      INDEX_REFERENCES = 4
      INDEX_UNIQUES = 5
      bundleContext = class org.eclipse.osgi.internal.framework.BundleContextImpl@280f5673
      msTracker = class com.ibm.ws.config.admin.internal.ManagedServiceTracker@7c9708bc
      msfTracker = class com.ibm.ws.config.admin.internal.ManagedServiceFactoryTracker@6061fbe5
      pluginManager = class com.ibm.ws.config.admin.internal.PluginManager@7780a2c2
      configurationStore = class com.ibm.ws.config.admin.internal.ConfigurationStore@49c3aed4
      updateQueue = class com.ibm.ws.config.admin.internal.UpdateQueue@dd59db8
      ced = class com.ibm.ws.config.admin.internal.ConfigEventDispatcher@6204e134
      idMap = class java.util.Collections$SynchronizedMap@1060d904
      referenceMap = class java.util.Collections$SynchronizedMap@448160d2
      variableRegistryTracker = class org.osgi.util.tracker.ServiceTracker@65980da7
      variableRegistry = class com.ibm.ws.kernel.service.location.internal.VariableRegistryHelper@20504d61
      configurationAdminRef = class org.eclipse.osgi.internal.serviceregistry.ServiceRegistrationImpl@14a0208a
      serialVersionUID = 6695202270027014725
    serialVersionUID = 3160799878770679122
  libraryConfigHelper = class com.ibm.ws.classloading.ClassLoaderConfigHelper@72b5eab1
    tc = class com.ibm.websphere.ras.TraceComponent@55d0f132
      strings[0] = "TraceComponent[com.ibm.ws.classloading.ClassLoaderConfigHelper,class com.ibm.ws.classloading.ClassLoaderConfigHelper,[ClassLoadingService],com.ibm.ws.classloading.internal.resources.ClassLoadingServiceMessages,null]"
    DEFAULT_API_TYPES = class java.util.RegularEnumSet@114cfb1d
      serialVersionUID = 3411599620347842686
      elements = 23
      elementType = class java.lang.Class@42b62970
      universe = class com.ibm.wsspi.classloading.ApiType[5]
      ZERO_LENGTH_ENUM_ARRAY = class java.lang.Enum[0]
      MAX_ARRAY_SIZE = 2147483639
    sharedLibraries = class java.util.Collections$EmptyList@2cf3a23c
      serialVersionUID = 8842843931221139166
      modCount = 0
      MAX_ARRAY_SIZE = 2147483639
    commonLibraries = class java.util.Collections$EmptyList@2cf3a23c
    classProviders = class java.util.Collections$EmptyList@2cf3a23c
    sharedLibrariesPids = null
    commonLibrariesPids = null
    isDelegateLast = false
    apiTypes = class java.util.RegularEnumSet@114cfb1d
    classLoaderConfigProps = null
    serialVersionUID = -3051196824456962209
  isDelegateLast = false
  permissionManager = class com.ibm.ws.security.java2sec.PermissionManager@65d617cf
    tc = class com.ibm.websphere.ras.TraceComponent@169c209f
      strings[0] = "TraceComponent[com.ibm.ws.security.java2sec.PermissionManager,class com.ibm.ws.security.java2sec.PermissionManager,[Java2SecurityUtil],com.ibm.ws.security.java2sec.resources.Java2SecurityUtilMessages,null]"
    classLoadingService = class com.ibm.ws.classloading.internal.ClassLoadingServiceImpl@3a841cd0
    DEFAULT_SERVER_RESTRICTABLE_PERMISSIONS = class java.security.Permission[4]
      Permission[0] = class java.lang.RuntimePermission@7bcb5eeb
      Permission[1] = class java.lang.RuntimePermission@74ac792a
      Permission[2] = class java.security.SecurityPermission@61e65452
      Permission[3] = class javax.security.auth.AuthPermission@e3cf9
    DEFAULT_CLIENT_RESTRICTABLE_PERMISSIONS = class java.security.Permission[3]
      Permission[0] = class java.lang.RuntimePermission@50ccbfb7
      Permission[1] = class java.security.SecurityPermission@172debba
      Permission[2] = class javax.security.auth.AuthPermission@63ca13a3
    isServer = true
    wsjarUrlStreamHandlerAvailable = true
    restrictablePermissions = class java.util.ArrayList@60e45a4
      serialVersionUID = 8683452581122892189
      DEFAULT_CAPACITY = 10
      EMPTY_ELEMENTDATA = class java.lang.Object[0]
      DEFAULTCAPACITY_EMPTY_ELEMENTDATA = class java.lang.Object[0]
      elementData = class java.lang.Object[10]
      size = 4
      MAX_ARRAY_SIZE = 2147483639
      modCount = 4
      MAX_ARRAY_SIZE = 2147483639
    grantedPermissions = class java.util.ArrayList@621e788b
      serialVersionUID = 8683452581122892189
      DEFAULT_CAPACITY = 10
      EMPTY_ELEMENTDATA = class java.lang.Object[0]
      DEFAULTCAPACITY_EMPTY_ELEMENTDATA = class java.lang.Object[0]
      elementData = class java.lang.Object[0]
      size = 0
      MAX_ARRAY_SIZE = 2147483639
      modCount = 0
      MAX_ARRAY_SIZE = 2147483639
    KEY_PERMISSION = "permission"
    INCORRECT_PERMISSION_CONFIGURATION = "INCORRECT_PERMISSION_CONFIGURATION"
    PERMISSION_CLASSNOTFOUND = "PERMISSION_CLASSNOTFOUND"
    SERVER_XML = "server.xml"
    CLIENT_XML = "client.xml"
    originationFile = "server.xml"
    permissions = class com.ibm.wsspi.kernel.service.utils.ConcurrentServiceReferenceSet@f387592
      referenceName = "permission"
      contextRef = class java.util.concurrent.atomic.AtomicReference@423e22f2
      elementMap = class java.util.LinkedHashMap@207cbbc9
      elementSet = class java.util.concurrent.ConcurrentSkipListSet@2b34f2a3
      elementSetUnsorted = false
      serialVersionUID = 756240983881166148
      $$$tc$$$ = class com.ibm.websphere.ras.TraceComponent@11e90b62
    codeBasePermissionMap = class java.util.HashMap@d24c765
      serialVersionUID = 362498820763181265
      DEFAULT_INITIAL_CAPACITY = 16
      MAXIMUM_CAPACITY = 1073741824
      DEFAULT_LOAD_FACTOR = 0.75
      TREEIFY_THRESHOLD = 8
      UNTREEIFY_THRESHOLD = 6
      MIN_TREEIFY_CAPACITY = 64
      table = null
      entrySet = null
      size = 0
      modCount = 0
      threshold = 0
      loadFactor = 0.75
      keySet = class java.util.HashMap$KeySet@4bf0c1f4
      values = null
    permissionXMLPermissionMap = class java.util.HashMap@79f38000
      serialVersionUID = 362498820763181265
      DEFAULT_INITIAL_CAPACITY = 16
      MAXIMUM_CAPACITY = 1073741824
      DEFAULT_LOAD_FACTOR = 0.75
      TREEIFY_THRESHOLD = 8
      UNTREEIFY_THRESHOLD = 6
      MIN_TREEIFY_CAPACITY = 64
      table = null
      entrySet = null
      size = 0
      modCount = 0
      threshold = 0
      loadFactor = 0.75
      keySet = null
      values = null
    serialVersionUID = -1314772785255050069
  permissionsConfig = null
  serialVersionUID = -6908382869835671687
  appInfo = class com.ibm.ws.container.service.app.deploy.internal.ApplicationInfoImpl@cf3e2d2
    appName = "microprofile-1.0-SNAPSHOT"
    appMetaData = class com.ibm.ws.container.service.app.deploy.internal.ApplicationMetaDataImpl@25159950
      j2eeName = class com.ibm.ws.container.service.metadata.internal.J2EENameImpl@61d1547e
      serialVersionUID = -7906531148367236579
      $$$tc$$$ = class com.ibm.websphere.ras.TraceComponent@346ad838
      tc = class com.ibm.websphere.ras.TraceComponent@704291ac
      NUM_STATIC_SLOTS = 4
      ID_UNINITIALIZED = -1
      id = 2
      metaDataInterface = class java.lang.Class@52391f54
      staticSlots = class java.lang.Object[4]
      dynamicSlots = null
    appContainer = class com.ibm.ws.adaptable.module.internal.AdaptableContainerImpl@1a9d13d2
      root = class com.ibm.ws.adaptable.module.internal.AdaptableContainerImpl@1a9d13d2
      rootOverlay = class com.ibm.ws.artifact.overlay.internal.DirectoryBasedOverlayContainerImpl@661de30f
      factoryHolder = class com.ibm.ws.adaptable.module.internal.AdaptableModuleFactoryImpl@7c448327
      delegate = class com.ibm.ws.artifact.overlay.internal.DirectoryBasedOverlayContainerImpl@661de30f
      notifier = class com.ibm.ws.adaptable.module.internal.NotifierImpl@68fc27c7
      serialVersionUID = -5621513278641113667
      $$$tc$$$ = class com.ibm.websphere.ras.TraceComponent@2574c208
    configHelper = class com.ibm.ws.app.manager.module.ApplicationNestedConfigHelper@6fa1a1b1
      appInfo = class com.ibm.ws.app.manager.internal.ApplicationInstallInfo@a490685
      serialVersionUID = -3174031738676705046
      $$$tc$$$ = class com.ibm.websphere.ras.TraceComponent@6b46be09
    serialVersionUID = 7091777744534637201
    $$$tc$$$ = class com.ibm.websphere.ras.TraceComponent@6c751337
      strings[0] = "TraceComponent[com.ibm.ws.container.service.app.deploy.internal.ApplicationInfoImpl,class com.ibm.ws.container.service.app.deploy.internal.ApplicationInfoImpl,[container.service],com.ibm.ws.container.service.resources.Messages,null]"
  modulesDeployed = class java.util.ArrayList@6f376680
    serialVersionUID = 8683452581122892189
    DEFAULT_CAPACITY = 10
    EMPTY_ELEMENTDATA = class java.lang.Object[0]
    DEFAULTCAPACITY_EMPTY_ELEMENTDATA = class java.lang.Object[0]
    elementData = class java.lang.Object[10]
      Object[0] = class com.ibm.ws.app.manager.module.internal.DeployedModuleInfoImpl@71ba9805
      Object[1] = null
      Object[2] = null
      Object[3] = null
      Object[4] = null
      Object[5] = null
      Object[6] = null
      Object[7] = null
      Object[8] = null
      Object[9] = null
    size = 1
    MAX_ARRAY_SIZE = 2147483639
    modCount = 1
    MAX_ARRAY_SIZE = 2147483639
  starting = true
  started = false
  appInfoFactory = class com.ibm.ws.container.service.app.deploy.internal.ApplicationInfoFactoryImpl@328af9b5
    j2eeNameFactory = class com.ibm.wsspi.kernel.service.utils.AtomicServiceReference@6a428f89
      referenceName = "j2eeNameFactory"
      tuple = class java.util.concurrent.atomic.AtomicReference@7b1cfedd
      serialVersionUID = 2226592364007985000
      $$$tc$$$ = class com.ibm.websphere.ras.TraceComponent@1a60058f
    names = class java.util.HashSet@417d4b99
      serialVersionUID = -5024744406713321676
      map = class java.util.HashMap@1bf90974
      PRESENT = class java.lang.Object@686abda
      MAX_ARRAY_SIZE = 2147483639
    serialVersionUID = 6232436640731165768
    $$$tc$$$ = class com.ibm.websphere.ras.TraceComponent@2542c14c
      strings[0] = "TraceComponent[com.ibm.ws.container.service.app.deploy.internal.ApplicationInfoFactoryImpl,class com.ibm.ws.container.service.app.deploy.internal.ApplicationInfoFactoryImpl,[container.service],com.ibm.ws.container.service.resources.Messages,null]"
  metaDataService = class com.ibm.ws.container.service.metadata.internal.MetaDataServiceImpl@6737e844
    applicationMetaDataManager = class com.ibm.ws.container.service.metadata.internal.ApplicationMetaDataManager@3f095d1d
      serialVersionUID = 1843747281024490904
      $$$tc$$$ = class com.ibm.websphere.ras.TraceComponent@39790d3f
      listeners = class com.ibm.wsspi.kernel.service.utils.ConcurrentServiceReferenceSet@182f5bd6
      metaDataIDs = class com.ibm.ws.container.service.metadata.internal.IndexList@4b6198ec
      metaDatas = class java.util.ArrayList@2e1b4115
      slotIDs = class com.ibm.ws.container.service.metadata.internal.IndexList@32dfb3d1
      serialVersionUID = 5464421863354792977
      $$$tc$$$ = class com.ibm.websphere.ras.TraceComponent@d668659
    moduleMetaDataManager = class com.ibm.ws.container.service.metadata.internal.ModuleMetaDataManager@6271b889
      serialVersionUID = 2513574389899327209
      $$$tc$$$ = class com.ibm.websphere.ras.TraceComponent@51b1933b
      listeners = class com.ibm.wsspi.kernel.service.utils.ConcurrentServiceReferenceSet@6df9709
      metaDataIDs = class com.ibm.ws.container.service.metadata.internal.IndexList@49fe0974
      metaDatas = class java.util.ArrayList@52f1089f
      slotIDs = class com.ibm.ws.container.service.metadata.internal.IndexList@27203407
      serialVersionUID = 5464421863354792977
      $$$tc$$$ = class com.ibm.websphere.ras.TraceComponent@d668659
    componentMetaDataManager = class com.ibm.ws.container.service.metadata.internal.ComponentMetaDataManager@4a05c8a9
      serialVersionUID = 8629793739641703882
      $$$tc$$$ = class com.ibm.websphere.ras.TraceComponent@8e148c4
      listeners = class com.ibm.wsspi.kernel.service.utils.ConcurrentServiceReferenceSet@4cca1635
      metaDataIDs = class com.ibm.ws.container.service.metadata.internal.IndexList@9ad4e96
      metaDatas = class java.util.ArrayList@50014ea
      slotIDs = class com.ibm.ws.container.service.metadata.internal.IndexList@7ebfaabf
      serialVersionUID = 5464421863354792977
      $$$tc$$$ = class com.ibm.websphere.ras.TraceComponent@d668659
    methodMetaDataManager = class com.ibm.ws.container.service.metadata.internal.MethodMetaDataManager@256ec63c
      serialVersionUID = -3308748211841563417
      $$$tc$$$ = class com.ibm.websphere.ras.TraceComponent@7a701920
      listeners = class com.ibm.wsspi.kernel.service.utils.ConcurrentServiceReferenceSet@2a965a0
      metaDataIDs = class com.ibm.ws.container.service.metadata.internal.IndexList@2c2208ea
      metaDatas = class java.util.ArrayList@4f527d5a
      slotIDs = class com.ibm.ws.container.service.metadata.internal.IndexList@77da0837
      serialVersionUID = 5464421863354792977
      $$$tc$$$ = class com.ibm.websphere.ras.TraceComponent@d668659
    appModuleNameToModuleContainer = class java.util.concurrent.ConcurrentHashMap@50fa8639
      serialVersionUID = 7249069246763182397
      MAXIMUM_CAPACITY = 1073741824
      DEFAULT_CAPACITY = 16
      MAX_ARRAY_SIZE = 2147483639
      DEFAULT_CONCURRENCY_LEVEL = 16
      LOAD_FACTOR = 0.75
      TREEIFY_THRESHOLD = 8
      UNTREEIFY_THRESHOLD = 6
      MIN_TREEIFY_CAPACITY = 64
      MIN_TRANSFER_STRIDE = 16
      RESIZE_STAMP_BITS = 16
      MAX_RESIZERS = 65535
      RESIZE_STAMP_SHIFT = 16
      MOVED = -1
      TREEBIN = -2
      RESERVED = -3
      HASH_BITS = 2147483647
      NCPU = 4
      serialPersistentFields = class java.io.ObjectStreamField[3]
      table = class java.util.concurrent.ConcurrentHashMap$Node[16]
      nextTable = null
      baseCount = 6
      sizeCtl = 12
      transferIndex = 0
      cellsBusy = 0
      counterCells = null
      keySet = null
      values = null
      entrySet = null
      U = class sun.misc.Unsafe@25719a03
      SIZECTL = 20
      TRANSFERINDEX = 32
      BASECOUNT = 24
      CELLSBUSY = 36
      CELLVALUE = 144
      ABASE = 16
      ASHIFT = 2
      keySet = null
      values = null
    jeeNameToComponentMetaData = class java.util.concurrent.ConcurrentHashMap@3fa0d95f
      serialVersionUID = 7249069246763182397
      MAXIMUM_CAPACITY = 1073741824
      DEFAULT_CAPACITY = 16
      MAX_ARRAY_SIZE = 2147483639
      DEFAULT_CONCURRENCY_LEVEL = 16
      LOAD_FACTOR = 0.75
      TREEIFY_THRESHOLD = 8
      UNTREEIFY_THRESHOLD = 6
      MIN_TREEIFY_CAPACITY = 64
      MIN_TRANSFER_STRIDE = 16
      RESIZE_STAMP_BITS = 16
      MAX_RESIZERS = 65535
      RESIZE_STAMP_SHIFT = 16
      MOVED = -1
      TREEBIN = -2
      RESERVED = -3
      HASH_BITS = 2147483647
      NCPU = 4
      serialPersistentFields = class java.io.ObjectStreamField[3]
      table = class java.util.concurrent.ConcurrentHashMap$Node[16]
      nextTable = null
      baseCount = 11
      sizeCtl = 12
      transferIndex = 0
      cellsBusy = 0
      counterCells = null
      keySet = null
      values = null
      entrySet = null
      U = class sun.misc.Unsafe@25719a03
      SIZECTL = 20
      TRANSFERINDEX = 32
      BASECOUNT = 24
      CELLSBUSY = 36
      CELLVALUE = 144
      ABASE = 16
      ASHIFT = 2
      keySet = null
      values = null
    deferredMetaDataFactories = class com.ibm.wsspi.kernel.service.utils.ConcurrentServiceReferenceSet@5b041e82
      referenceName = "deferredMetaDataFactory"
      contextRef = class java.util.concurrent.atomic.AtomicReference@5bfeba80
      elementMap = class java.util.LinkedHashMap@5851e583
      elementSet = class java.util.concurrent.ConcurrentSkipListSet@30648e14
      elementSetUnsorted = false
      serialVersionUID = 756240983881166148
      $$$tc$$$ = class com.ibm.websphere.ras.TraceComponent@11e90b62
    deferredMetaDataInitializers = class com.ibm.wsspi.kernel.service.utils.ConcurrentServiceReferenceMap@8887cf8
      referenceName = "deferredMetaDataFactory"
      context = class org.apache.felix.scr.impl.manager.ComponentContextImpl@1140ea63
      elementMap = class java.util.concurrent.ConcurrentHashMap@7065a172
      serialVersionUID = 6980924785166233786
      $$$tc$$$ = class com.ibm.websphere.ras.TraceComponent@3ce997f9
    serialVersionUID = -2494605732980966097
    $$$tc$$$ = class com.ibm.websphere.ras.TraceComponent@3c22c71c
      strings[0] = "TraceComponent[com.ibm.ws.container.service.metadata.internal.MetaDataServiceImpl,class com.ibm.ws.container.service.metadata.internal.MetaDataServiceImpl,[Runtime],,null]"
  stateChangeService = class com.ibm.ws.container.service.state.internal.StateChangeServiceImpl@1aff90b6
    applicationStateManager = class com.ibm.ws.container.service.state.internal.ApplicationStateManager@46659977
      serialVersionUID = -6685368059484454124
      $$$tc$$$ = class com.ibm.websphere.ras.TraceComponent@7c16e109
      listeners = class com.ibm.wsspi.kernel.service.utils.ConcurrentServiceReferenceSet@67898e8c
      serialVersionUID = 2284273176985484160
      $$$tc$$$ = class com.ibm.websphere.ras.TraceComponent@5ed672f4
    moduleStateManager = class com.ibm.ws.container.service.state.internal.ModuleStateManager@146450cc
      serialVersionUID = -5540260902341249963
      $$$tc$$$ = class com.ibm.websphere.ras.TraceComponent@733575f0
      listeners = class com.ibm.wsspi.kernel.service.utils.ConcurrentServiceReferenceSet@2d74d6eb
      serialVersionUID = 2284273176985484160
      $$$tc$$$ = class com.ibm.websphere.ras.TraceComponent@5ed672f4
    serialVersionUID = -537917915330350560
    $$$tc$$$ = class com.ibm.websphere.ras.TraceComponent@13d10cb1
      strings[0] = "TraceComponent[com.ibm.ws.container.service.state.internal.StateChangeServiceImpl,class com.ibm.ws.container.service.state.internal.StateChangeServiceImpl,[Runtime],,null]"
  moduleClassesInfo = class com.ibm.ws.app.manager.module.internal.SimpleDeployedAppInfoBase$ModuleClassesInfoProvider@22c6c801
    entryContainerInfosMap = class java.util.HashMap@59e0beb8
      serialVersionUID = 362498820763181265
      DEFAULT_INITIAL_CAPACITY = 16
      MAXIMUM_CAPACITY = 1073741824
      DEFAULT_LOAD_FACTOR = 0.75
      TREEIFY_THRESHOLD = 8
      UNTREEIFY_THRESHOLD = 6
      MIN_TREEIFY_CAPACITY = 64
      table = null
      entrySet = null
      size = 0
      modCount = 0
      threshold = 0
      loadFactor = 0.75
      keySet = null
      values = null
    serialVersionUID = -70332790531324534
    $$$tc$$$ = class com.ibm.websphere.ras.TraceComponent@17c9eb0f
      strings[0] = "TraceComponent[com.ibm.ws.app.manager.module.internal.SimpleDeployedAppInfoBase$ModuleClassesInfoProvider,class com.ibm.ws.app.manager.module.internal.SimpleDeployedAppInfoBase$ModuleClassesInfoProvider,[applications, app.manager],,null]"
  moduleContainerInfos = class java.util.ArrayList@7691a9bf
    serialVersionUID = 8683452581122892189
    DEFAULT_CAPACITY = 10
    EMPTY_ELEMENTDATA = class java.lang.Object[0]
    DEFAULTCAPACITY_EMPTY_ELEMENTDATA = class java.lang.Object[0]
    elementData = class java.lang.Object[10]
      Object[0] = class com.ibm.ws.app.manager.module.internal.SimpleDeployedAppInfoBase$WebModuleContainerInfo@38bb43f3
      Object[1] = null
      Object[2] = null
      Object[3] = null
      Object[4] = null
      Object[5] = null
      Object[6] = null
      Object[7] = null
      Object[8] = null
      Object[9] = null
    size = 1
    MAX_ARRAY_SIZE = 2147483639
    modCount = 1
    MAX_ARRAY_SIZE = 2147483639
  activeModuleHandlers = class java.util.IdentityHashMap@1333b189
    DEFAULT_CAPACITY = 32
    MINIMUM_CAPACITY = 4
    MAXIMUM_CAPACITY = 536870912
    table = class java.lang.Object[16]
      Object[0] = null
      Object[1] = null
      Object[2] = null
      Object[3] = null
      Object[4] = null
      Object[5] = null
      Object[6] = null
      Object[7] = null
      Object[8] = null
      Object[9] = null
      Object[10] = null
      Object[11] = null
      Object[12] = null
      Object[13] = null
      Object[14] = null
      Object[15] = null
    size = 0
    modCount = 2
    NULL_KEY = class java.lang.Object@fd4edf3
    entrySet = null
    serialVersionUID = 8188218128353913216
    keySet = null
    values = null
  serialVersionUID = 7078125893012250887
  $$$tc$$$ = class com.ibm.websphere.ras.TraceComponent@2b5e878f
    strings[0] = "TraceComponent[com.ibm.ws.app.manager.module.internal.SimpleDeployedAppInfoBase,class com.ibm.ws.app.manager.module.internal.SimpleDeployedAppInfoBase,[applications, app.manager],,null]"

Dump of objectArray[0]
Object type = com.ibm.ws.threading.internal.NonCancelableResultFuture
  _done = false
  _result = null
  _failure = null
  _listeners = class java.util.concurrent.ConcurrentLinkedQueue@5cff3198
    serialVersionUID = 196745693267521676
    head = class java.util.concurrent.ConcurrentLinkedQueue$Node@735b7086
      item = null
      next = null
      UNSAFE = class sun.misc.Unsafe@25719a03
      itemOffset = 12
      nextOffset = 16
    tail = class java.util.concurrent.ConcurrentLinkedQueue$Node@735b7086
    UNSAFE = class sun.misc.Unsafe@25719a03
    headOffset = 12
    tailOffset = 16
    MAX_ARRAY_SIZE = 2147483639
  _notifiedListeners = class java.util.concurrent.atomic.AtomicBoolean@51e07912
    serialVersionUID = 4654671469794556979
    unsafe = class sun.misc.Unsafe@25719a03
      theUnsafe = class sun.misc.Unsafe@25719a03
      INVALID_FIELD_OFFSET = -1
      ARRAY_BOOLEAN_BASE_OFFSET = 16
      ARRAY_BYTE_BASE_OFFSET = 16
      ARRAY_SHORT_BASE_OFFSET = 16
      ARRAY_CHAR_BASE_OFFSET = 16
      ARRAY_INT_BASE_OFFSET = 16
      ARRAY_LONG_BASE_OFFSET = 16
      ARRAY_FLOAT_BASE_OFFSET = 16
      ARRAY_DOUBLE_BASE_OFFSET = 16
      ARRAY_OBJECT_BASE_OFFSET = 16
      ARRAY_BOOLEAN_INDEX_SCALE = 1
      ARRAY_BYTE_INDEX_SCALE = 1
      ARRAY_SHORT_INDEX_SCALE = 2
      ARRAY_CHAR_INDEX_SCALE = 2
      ARRAY_INT_INDEX_SCALE = 4
      ARRAY_LONG_INDEX_SCALE = 8
      ARRAY_FLOAT_INDEX_SCALE = 4
      ARRAY_DOUBLE_INDEX_SCALE = 8
      ARRAY_OBJECT_INDEX_SCALE = 4
      ADDRESS_SIZE = 8
    valueOffset = 12
    value = 0
  serialVersionUID = -296387658814354272
  $$$tc$$$ = class com.ibm.websphere.ras.TraceComponent@13acfb03
    strings[0] = "TraceComponent[com.ibm.ws.threading.internal.NonCancelableResultFuture,class com.ibm.ws.threading.internal.NonCancelableResultFuture,[Threading],com.ibm.ws.threading.internal.resources.ThreadingMessages,null]"

