------Start of DE processing------ = [6/26/18 12:35:18:484 PDT]
Exception = com.ibm.ws.microprofile.health.services.HealthCheckBeanCallException
Source = com.ibm.ws.microprofile.health.services.impl.HealthExecutorImpl
probeid = 74
Stack Dump = com.ibm.ws.microprofile.health.services.HealthCheckBeanCallException: java.lang.NullPointerException
	at com.ibm.ws.microprofile.health.services.impl.HealthCheckCDIBeanInvokerImpl.checkAllBeans(HealthCheckCDIBeanInvokerImpl.java:59)
	at sun.reflect.NativeMethodAccessorImpl.invoke0(Native Method)
	at sun.reflect.NativeMethodAccessorImpl.invoke(NativeMethodAccessorImpl.java:62)
	at sun.reflect.DelegatingMethodAccessorImpl.invoke(DelegatingMethodAccessorImpl.java:43)
	at java.lang.reflect.Method.invoke(Method.java:498)
	at com.ibm.ws.context.service.serializable.ContextualInvocationHandler.invoke(ContextualInvocationHandler.java:76)
	at com.ibm.ws.context.service.serializable.ContextualInvocationHandler.invoke(ContextualInvocationHandler.java:97)
	at com.sun.proxy.$Proxy67.checkAllBeans(Unknown Source)
	at com.ibm.ws.microprofile.health.services.impl.HealthExecutorImpl.runHealthChecks(HealthExecutorImpl.java:73)
	at com.ibm.ws.microprofile.health.internal.HealthCheckServiceImpl.performHealthCheck(HealthCheckServiceImpl.java:107)
	at com.ibm.ws.microprofile.health.internal.servlet.HealthCheckServlet.service(HealthCheckServlet.java:53)
	at javax.servlet.http.HttpServlet.service(HttpServlet.java:790)
	at com.ibm.ws.webcontainer.servlet.ServletWrapper.service(ServletWrapper.java:1255)
	at com.ibm.ws.webcontainer.servlet.ServletWrapper.handleRequest(ServletWrapper.java:743)
	at com.ibm.ws.webcontainer.servlet.ServletWrapper.handleRequest(ServletWrapper.java:440)
	at com.ibm.ws.webcontainer.filter.WebAppFilterChain.invokeTarget(WebAppFilterChain.java:143)
	at com.ibm.ws.webcontainer.filter.WebAppFilterChain.doFilter(WebAppFilterChain.java:89)
	at com.ibm.ws.app.manager.wab.internal.OsgiDirectoryProtectionFilter.doFilter(OsgiDirectoryProtectionFilter.java:90)
	at com.ibm.ws.webcontainer.filter.FilterInstanceWrapper.doFilter(FilterInstanceWrapper.java:201)
	at com.ibm.ws.webcontainer.filter.WebAppFilterChain.doFilter(WebAppFilterChain.java:86)
	at com.ibm.ws.webcontainer.filter.WebAppFilterManager.doFilter(WebAppFilterManager.java:995)
	at com.ibm.ws.webcontainer.filter.WebAppFilterManager.invokeFilters(WebAppFilterManager.java:1124)
	at com.ibm.ws.webcontainer.webapp.WebApp.handleRequest(WebApp.java:4962)
	at com.ibm.ws.webcontainer.osgi.DynamicVirtualHost$2.handleRequest(DynamicVirtualHost.java:314)
	at com.ibm.ws.webcontainer.WebContainer.handleRequest(WebContainer.java:995)
	at com.ibm.ws.webcontainer.osgi.DynamicVirtualHost$2.run(DynamicVirtualHost.java:279)
	at com.ibm.ws.http.dispatcher.internal.channel.HttpDispatcherLink$TaskWrapper.run(HttpDispatcherLink.java:957)
	at com.ibm.ws.http.dispatcher.internal.channel.HttpDispatcherLink.wrapHandlerAndExecute(HttpDispatcherLink.java:357)
	at com.ibm.ws.http.dispatcher.internal.channel.HttpDispatcherLink.ready(HttpDispatcherLink.java:316)
	at com.ibm.ws.http.channel.internal.inbound.HttpInboundLink.handleDiscrimination(HttpInboundLink.java:499)
	at com.ibm.ws.http.channel.internal.inbound.HttpInboundLink.handleNewRequest(HttpInboundLink.java:433)
	at com.ibm.ws.http.channel.internal.inbound.HttpInboundLink.processRequest(HttpInboundLink.java:313)
	at com.ibm.ws.http.channel.internal.inbound.HttpInboundLink.ready(HttpInboundLink.java:284)
	at com.ibm.ws.tcpchannel.internal.NewConnectionInitialReadCallback.sendToDiscriminators(NewConnectionInitialReadCallback.java:165)
	at com.ibm.ws.tcpchannel.internal.NewConnectionInitialReadCallback.complete(NewConnectionInitialReadCallback.java:74)
	at com.ibm.ws.tcpchannel.internal.WorkQueueManager.requestComplete(WorkQueueManager.java:501)
	at com.ibm.ws.tcpchannel.internal.WorkQueueManager.attemptIO(WorkQueueManager.java:571)
	at com.ibm.ws.tcpchannel.internal.WorkQueueManager.workerRun(WorkQueueManager.java:926)
	at com.ibm.ws.tcpchannel.internal.WorkQueueManager$Worker.run(WorkQueueManager.java:1015)
	at java.util.concurrent.ThreadPoolExecutor.runWorker(ThreadPoolExecutor.java:1149)
	at java.util.concurrent.ThreadPoolExecutor$Worker.run(ThreadPoolExecutor.java:624)
	at java.lang.Thread.run(Thread.java:748)
Caused by: java.lang.NullPointerException
	at application.microprofile.web.BookEndpointConfig.isInMaintenance(BookEndpointConfig.java:20)
	at application.microprofile.HealthEndpoint.isHealthy(HealthEndpoint.java:36)
	at application.microprofile.HealthEndpoint.call(HealthEndpoint.java:55)
	at application.microprofile.HealthEndpoint$Proxy$_$$_WeldClientProxy.call(Unknown Source)
	at com.ibm.ws.microprofile.health.services.impl.HealthCheckCDIBeanInvokerImpl.checkAllBeans(HealthCheckCDIBeanInvokerImpl.java:57)
	... 41 more

Dump of callerThis
Object type = com.ibm.ws.microprofile.health.services.impl.HealthExecutorImpl
  appModuleContextService = class com.ibm.ws.microprofile.health.services.impl.AppModuleContextService@183d890
    metaDataIdentifierService = class com.ibm.ws.container.service.metadata.internal.MetaDataServiceImpl@1bf63d1d
      applicationMetaDataManager = class com.ibm.ws.container.service.metadata.internal.ApplicationMetaDataManager@617aebb3
      moduleMetaDataManager = class com.ibm.ws.container.service.metadata.internal.ModuleMetaDataManager@666d6846
      componentMetaDataManager = class com.ibm.ws.container.service.metadata.internal.ComponentMetaDataManager@6dce7ae5
      methodMetaDataManager = class com.ibm.ws.container.service.metadata.internal.MethodMetaDataManager@4312150b
      appModuleNameToModuleContainer = class java.util.concurrent.ConcurrentHashMap@758349a9
      jeeNameToComponentMetaData = class java.util.concurrent.ConcurrentHashMap@78a12007
      deferredMetaDataFactories = class com.ibm.wsspi.kernel.service.utils.ConcurrentServiceReferenceSet@66a674a4
      deferredMetaDataInitializers = class com.ibm.wsspi.kernel.service.utils.ConcurrentServiceReferenceMap@35cf9f36
      serialVersionUID = -2494605732980966097
      $$$tc$$$ = class com.ibm.websphere.ras.TraceComponent@489065d1
    classLoaderIdentifierService = class com.ibm.ws.classloading.internal.ClassLoadingServiceImpl@772f448f
      tc = class com.ibm.websphere.ras.TraceComponent@4f795fa9
      leakDetectionMap = class java.util.HashMap@5380617c
      TCCL_LOCK_WAIT = 15000
      REFERENCE_GENERATORS = "generators"
      bundleContext = class org.eclipse.osgi.internal.framework.BundleContextImpl@4268378f
      aclStore = class com.ibm.ws.classloading.internal.util.CanonicalStore@7fb9fa1b
      tcclStore = class com.ibm.ws.classloading.internal.util.CanonicalStore@386814f0
      tcclStoreLock = class java.util.concurrent.locks.ReentrantLock@71c59ade
      digraph = class org.eclipse.equinox.internal.region.StandardRegionDigraph@211e8e1b
      redefiner = class com.ibm.ws.classloading.internal.util.ClassRedefiner@11c7d101
      listener = class com.ibm.ws.classloading.internal.ClassLoadingServiceImpl$1@69f0885d
      classloaders = class java.util.Collections$SynchronizedMap@343eecd7
      resourceProviders = class com.ibm.ws.classloading.internal.CompositeResourceProvider@6105d21d
      rememberedBundles = class java.util.concurrent.ConcurrentHashMap@4e6548e5
      collectedBundles = class java.lang.ref.ReferenceQueue@23ba9314
      generatorRefs = class com.ibm.wsspi.kernel.service.utils.ConcurrentServiceReferenceSet@60219be0
      generatorManager = class com.ibm.ws.classloading.internal.ClassGeneratorManager@2ffb28c3
      appExtLibs = class java.util.concurrent.CopyOnWriteArrayList@4bbd7fb9
      metaInfServicesProviders = class java.util.concurrent.ConcurrentHashMap@3c6877e9
      metaInfServicesRefs = class com.ibm.wsspi.kernel.service.utils.ConcurrentServiceReferenceMap@507a151f
      protectionDomainMap = class java.util.HashMap@26b182e3
      metadataIdentifierService = class com.ibm.ws.container.service.metadata.internal.MetaDataServiceImpl@1bf63d1d
      serialVersionUID = 3750725462702355330
    contextService = class com.ibm.ws.context.service.serializable.ThreadContextManager@109032db
      COMPONENT_NAME = "component.name"
      alwaysEnabled = class java.util.Collections$SetFromMap@607cc8f3
      metadataIdentifierService = class com.ibm.ws.container.service.metadata.internal.MetaDataServiceImpl@1bf63d1d
      threadContextProviders = class com.ibm.wsspi.kernel.service.utils.ConcurrentServiceReferenceMap@3a193804
      serialVersionUID = 3513608484245697656
      $$$tc$$$ = class com.ibm.websphere.ras.TraceComponent@2b76b2ec
    jeeMetaDataContextProvider = class com.ibm.ws.javaee.metadata.context.internal.JEEMetadataContextProviderImpl@442d0efc
      componentMetadataDecoratorRefs = class com.ibm.wsspi.kernel.service.utils.ConcurrentServiceReferenceMap@2d8b25f9
      metadataIdentifierService = class com.ibm.ws.container.service.metadata.internal.MetaDataServiceImpl@1bf63d1d
      serialVersionUID = -2732463529342838032
      $$$tc$$$ = class com.ibm.websphere.ras.TraceComponent@56ef0f9c
    classLoaderContextProvider = class com.ibm.ws.classloader.context.internal.ClassloaderContextProviderImpl@63018eda
      classLoaderIdentifierService = class com.ibm.ws.classloading.internal.ClassLoadingServiceImpl@772f448f
      serialVersionUID = 8831900865066815314
      $$$tc$$$ = class com.ibm.websphere.ras.TraceComponent@582f465b
    CapturedContexts = interface java.util.Map[3]
      Map[0] = class java.util.Collections$SingletonMap@671dfb8f
      Map[1] = class java.util.Collections$SingletonMap@63f9a9f7
      Map[2] = class java.util.Collections$SingletonMap@528cbb9b
    serialVersionUID = -3466757775991707204
    $$$tc$$$ = class com.ibm.websphere.ras.TraceComponent@ad50de0
      strings[0] = "TraceComponent[com.ibm.ws.microprofile.health.services.impl.AppModuleContextService,class com.ibm.ws.microprofile.health.services.impl.AppModuleContextService,[HEALTH],com.ibm.ws.microprofile.health.resources.Health,null]"
  healthCheckCDIBeanInvoker = class com.ibm.ws.microprofile.health.services.impl.HealthCheckCDIBeanInvokerImpl@32229b65
    tc = class com.ibm.ejs.ras.TraceComponent@4c76b86d
      strings[0] = "TraceComponent[com.ibm.ws.microprofile.health.services.impl.HealthCheckCDIBeanInvokerImpl,class com.ibm.ws.microprofile.health.services.impl.HealthCheckCDIBeanInvokerImpl,[],null,null]"
    serialVersionUID = -6904456700224442077
  j2eeNameFactory = class com.ibm.ws.container.service.metadata.internal.J2EENameFactoryImpl@796364f4
    serialVersionUID = 3486344295038028821
    $$$tc$$$ = class com.ibm.websphere.ras.TraceComponent@60bb7453
      strings[0] = "TraceComponent[com.ibm.ws.container.service.metadata.internal.J2EENameFactoryImpl,class com.ibm.ws.container.service.metadata.internal.J2EENameFactoryImpl,[Runtime],,null]"
  logger = class com.ibm.ws.logging.internal.WsLogger@41e34709
    tc = class com.ibm.websphere.ras.TraceComponent@42238e33
      strings[0] = "TraceComponent[com.ibm.ws.logging.internal.WsLogger,class com.ibm.ws.logging.internal.WsLogger,[logging],com.ibm.ws.logging.internal.resources.LoggingMessages,null]"
    ivCachedResourceBundleName = null
    ivCachedResourceBundle = null
    ivComponent = null
    ivOrganization = null
    ivProduct = null
    ivMinimumLocalizationLevelIntValue = 625
    ivTC = class com.ibm.websphere.ras.TraceComponent@9e7cd32
      strings[0] = "TraceComponent[com.ibm.ws.microprofile.health.services.impl.HealthExecutorImpl,class com.ibm.ws.microprofile.health.services.impl.HealthExecutorImpl,[com.ibm.ws.microprofile.health.services.impl.HealthExecutorImpl],null,null]"
    loggerRegistrationComponent = class java.lang.ThreadLocal@51d10dc0
      threadLocalHashCode = -978983473
      nextHashCode = class java.util.concurrent.atomic.AtomicInteger@5568259
      HASH_INCREMENT = 1640531527
    emptyHandlers = class java.util.logging.Handler[0]
    offValue = 2147483647
    SYSTEM_LOGGER_RB_NAME = "sun.util.logging.resources.logging"
    SYSTEM_BUNDLE = class java.util.logging.Logger$LoggerBundle@e5fa434
      resourceBundleName = "sun.util.logging.resources.logging"
      userBundle = null
    NO_RESOURCE_BUNDLE = class java.util.logging.Logger$LoggerBundle@a4e08db
      resourceBundleName = null
      userBundle = null
    manager = class com.ibm.ws.kernel.boot.logging.WsLogManager@53a8ab5f
      CLASS_NAME = "com.ibm.ws.kernel.boot.logging.WsLogManager"
      CONFIGURE_BY_SERVER_PROPERTY_NAME = "java.util.logging.configureByServer"
      CONFIGURE_BY_LOGGING_PROPERTIES_FILE = "java.util.logging.configureByLoggingPropertiesFile"
      configureByServer = true
      configureByLoggingProperties = false
      wsLogger = class java.lang.reflect.Constructor@2560489
      resetEnabled = true
      manager = class com.ibm.ws.kernel.boot.logging.WsLogManager@53a8ab5f
      props = class java.util.Properties@5236782f
      defaultLevel = class java.util.logging.Level@3712cd30
      listenerMap = class java.util.HashMap@508145ee
      systemContext = class java.util.logging.LogManager$SystemLoggerContext@6241613b
      userContext = class java.util.logging.LogManager$LoggerContext@6bcb3f0e
      rootLogger = class java.util.logging.LogManager$RootLogger@a5dc558
      readPrimordialConfiguration = true
      initializedGlobalHandlers = true
      deathImminent = false
      initializedCalled = true
      initializationDone = true
      contextsMap = null
      loggerRefQueue = class java.lang.ref.ReferenceQueue@50295fc8
      MAX_ITERATIONS = 400
      controlPermission = class java.util.logging.LoggingPermission@3908b44f
      loggingMXBean = null
      LOGGING_MXBEAN_NAME = "java.util.logging:type=Logging"
      $assertionsDisabled = true
    name = "com.ibm.ws.microprofile.health.services.impl.HealthExecutorImpl"
    handlers = class java.util.concurrent.CopyOnWriteArrayList@36188c0b
      serialVersionUID = 8673264195747942595
      lock = class java.util.concurrent.locks.ReentrantLock@134db0f2
      array = class java.lang.Object[0]
      UNSAFE = class sun.misc.Unsafe@4a2de6fa
      lockOffset = 12
    loggerBundle = class java.util.logging.Logger$LoggerBundle@4515f0f8
      resourceBundleName = "com.ibm.ws.microprofile.health.resources.Health"
      userBundle = null
    useParentHandlers = true
    filter = null
    anonymous = false
    catalog = class com.ibm.ws.microprofile.health.resources.Health@3fe72051
      resources = class [Ljava.lang.Object;[4]
      serialVersionUID = 3302440755117670651
      $$$tc$$$ = class com.ibm.websphere.ras.TraceComponent@4063e8f5
      lookup = null
      INITIAL_CACHE_SIZE = 32
      NONEXISTENT_BUNDLE = class java.util.ResourceBundle$1@6d99c97c
      cacheList = class java.util.concurrent.ConcurrentHashMap@c54a9d1
      referenceQueue = class java.lang.ref.ReferenceQueue@35b973fc
      parent = null
      locale = class java.util.Locale@102816c8
      name = "com.ibm.ws.microprofile.health.resources.Health"
      expired = false
      cacheKey = class java.util.ResourceBundle$CacheKey@894c052
      keySet = null
      providers = null
      $assertionsDisabled = true
    catalogName = "com.ibm.ws.microprofile.health.resources.Health"
    catalogLocale = class java.util.Locale@298396a1
      LOCALECACHE = class java.util.Locale$Cache@6d1613b
      ENGLISH = class java.util.Locale@79799937
      FRENCH = class java.util.Locale@79abb9ea
      GERMAN = class java.util.Locale@53279aa6
      ITALIAN = class java.util.Locale@5ef2e140
      JAPANESE = class java.util.Locale@6b776b88
      KOREAN = class java.util.Locale@4fb7fbe5
      CHINESE = class java.util.Locale@20aaaa1f
      SIMPLIFIED_CHINESE = class java.util.Locale@691ba7ab
      TRADITIONAL_CHINESE = class java.util.Locale@3960ba2b
      FRANCE = class java.util.Locale@49f81631
      GERMANY = class java.util.Locale@3cf7b743
      ITALY = class java.util.Locale@8e57989
      JAPAN = class java.util.Locale@34e83b5c
      KOREA = class java.util.Locale@3d28ea6e
      CHINA = class java.util.Locale@691ba7ab
      PRC = class java.util.Locale@691ba7ab
      TAIWAN = class java.util.Locale@3960ba2b
      UK = class java.util.Locale@3c641f27
      US = class java.util.Locale@298396a1
      CANADA = class java.util.Locale@1fee1013
      CANADA_FRENCH = class java.util.Locale@6aa9fa69
      ROOT = class java.util.Locale@102816c8
      PRIVATE_USE_EXTENSION = x
      UNICODE_LOCALE_EXTENSION = u
      serialVersionUID = 9149081749638150636
      DISPLAY_LANGUAGE = 0
      DISPLAY_COUNTRY = 1
      DISPLAY_VARIANT = 2
      DISPLAY_SCRIPT = 3
      baseLocale = class sun.util.locale.BaseLocale@c29becd
      localeExtensions = null
      hashCodeValue = 96636889
      defaultLocale = class java.util.Locale@298396a1
      defaultDisplayLocale = null
      defaultFormatLocale = class java.util.Locale@298396a1
      languageTag = "en-US"
      serialPersistentFields = class java.io.ObjectStreamField[6]
      isoLanguages = null
      isoCountries = null
      $assertionsDisabled = true
    treeLock = class java.lang.Object@5b093f4e
    parent = class java.util.logging.Logger@317186e7
      emptyHandlers = class java.util.logging.Handler[0]
      offValue = 2147483647
      SYSTEM_LOGGER_RB_NAME = "sun.util.logging.resources.logging"
      SYSTEM_BUNDLE = class java.util.logging.Logger$LoggerBundle@e5fa434
      NO_RESOURCE_BUNDLE = class java.util.logging.Logger$LoggerBundle@a4e08db
      manager = class com.ibm.ws.kernel.boot.logging.WsLogManager@53a8ab5f
      name = ""
      handlers = class java.util.concurrent.CopyOnWriteArrayList@24f11c93
      loggerBundle = class java.util.logging.Logger$LoggerBundle@a4e08db
      useParentHandlers = true
      filter = null
      anonymous = false
      catalog = null
      catalogName = null
      catalogLocale = null
      treeLock = class java.lang.Object@5b093f4e
      parent = null
      kids = class java.util.ArrayList@a69afeb
      levelObject = null
      levelValue = 800
      callersClassLoaderRef = null
      isSystemLogger = false
      GLOBAL_LOGGER_NAME = "global"
      global = class java.util.logging.Logger@1070dfae
      $assertionsDisabled = true
    kids = null
    levelObject = class java.util.logging.Level@3712cd30
      defaultBundle = "sun.util.logging.resources.logging"
      name = "INFO"
      value = 800
      resourceBundleName = "sun.util.logging.resources.logging"
      localizedLevelName = "INFO"
      cachedLocale = class java.util.Locale@298396a1
      OFF = class java.util.logging.Level@16395d3d
      SEVERE = class java.util.logging.Level@57a746e1
      WARNING = class java.util.logging.Level@76607b07
      INFO = class java.util.logging.Level@3712cd30
      CONFIG = class java.util.logging.Level@c060c53
      FINE = class java.util.logging.Level@508a685b
      FINER = class java.util.logging.Level@3df7bce5
      FINEST = class java.util.logging.Level@48ba501f
      ALL = class java.util.logging.Level@74e2a9cf
      serialVersionUID = -8176160795706313070
    levelValue = 800
    callersClassLoaderRef = class java.lang.ref.WeakReference@21173ed
      referent = class org.eclipse.osgi.internal.loader.EquinoxClassLoader@2afedd14
      queue = class java.lang.ref.ReferenceQueue$Null@16972874
      next = null
      discovered = null
      lock = class java.lang.ref.Reference$Lock@98b5e98
      pending = null
    isSystemLogger = false
    GLOBAL_LOGGER_NAME = "global"
    global = class java.util.logging.Logger@1070dfae
      emptyHandlers = class java.util.logging.Handler[0]
      offValue = 2147483647
      SYSTEM_LOGGER_RB_NAME = "sun.util.logging.resources.logging"
      SYSTEM_BUNDLE = class java.util.logging.Logger$LoggerBundle@e5fa434
      NO_RESOURCE_BUNDLE = class java.util.logging.Logger$LoggerBundle@a4e08db
      manager = class com.ibm.ws.kernel.boot.logging.WsLogManager@53a8ab5f
      name = "global"
      handlers = class java.util.concurrent.CopyOnWriteArrayList@3d8e8d5e
      loggerBundle = class java.util.logging.Logger$LoggerBundle@a4e08db
      useParentHandlers = true
      filter = null
      anonymous = false
      catalog = null
      catalogName = null
      catalogLocale = null
      treeLock = class java.lang.Object@5b093f4e
      parent = class java.util.logging.Logger@317186e7
      kids = null
      levelObject = null
      levelValue = 800
      callersClassLoaderRef = null
      isSystemLogger = true
      GLOBAL_LOGGER_NAME = "global"
      global = class java.util.logging.Logger@1070dfae
      $assertionsDisabled = true
    $assertionsDisabled = true
  MANAGEDTASK_IDENTITY_NAME = "javax.enterprise.concurrent.IDENTITY_NAME"
  HC_MANAGEDTASK_IDENTITY_NAME = "mp.healthcheck.proxy"
  HC_TASK_OWNER = "mp.healthcheck.runtime"
  ONLY_WAR_EJB_NOT_SUPPORTED = null
  serialVersionUID = 5321437450143732744

Dump of objectArray[0]
Object type = java.lang.String
  String value = "microprofile"

Dump of objectArray[1]
Object type = java.lang.String
  String value = "microprofile-1.0-SNAPSHOT.war"

