------Start of DE processing------ = [6/26/18 12:32:07:659 PDT]
Exception = java.lang.NullPointerException
Source = com.ibm.ws.microprofile.health.services.impl.HealthCheckCDIBeanInvokerImpl
probeid = 58
Stack Dump = java.lang.NullPointerException
	at application.microprofile.web.BookEndpointConfig.isInMaintenance(BookEndpointConfig.java:19)
	at application.microprofile.HealthEndpoint.isHealthy(HealthEndpoint.java:36)
	at application.microprofile.HealthEndpoint.call(HealthEndpoint.java:55)
	at application.microprofile.HealthEndpoint$Proxy$_$$_WeldClientProxy.call(Unknown Source)
	at com.ibm.ws.microprofile.health.services.impl.HealthCheckCDIBeanInvokerImpl.checkAllBeans(HealthCheckCDIBeanInvokerImpl.java:57)
	at sun.reflect.NativeMethodAccessorImpl.invoke0(Native Method)
	at sun.reflect.NativeMethodAccessorImpl.invoke(NativeMethodAccessorImpl.java:62)
	at sun.reflect.DelegatingMethodAccessorImpl.invoke(DelegatingMethodAccessorImpl.java:43)
	at java.lang.reflect.Method.invoke(Method.java:498)
	at com.ibm.ws.context.service.serializable.ContextualInvocationHandler.invoke(ContextualInvocationHandler.java:76)
	at com.ibm.ws.context.service.serializable.ContextualInvocationHandler.invoke(ContextualInvocationHandler.java:97)
	at com.sun.proxy.$Proxy68.checkAllBeans(Unknown Source)
	at com.ibm.ws.microprofile.health.services.impl.HealthExecutorImpl.runHealthChecks(HealthExecutorImpl.java:73)
	at com.ibm.ws.microprofile.health.internal.HealthCheckServiceImpl.performHealthCheck(HealthCheckServiceImpl.java:107)
	at com.ibm.ws.microprofile.health.internal.servlet.HealthCheckServlet.service(HealthCheckServlet.java:53)
	at javax.servlet.http.HttpServlet.service(HttpServlet.java:790)
	at com.ibm.ws.webcontainer.servlet.ServletWrapper.service(ServletWrapper.java:1255)
	at com.ibm.ws.webcontainer.servlet.ServletWrapper.handleRequest(ServletWrapper.java:743)
	at com.ibm.ws.webcontainer.servlet.ServletWrapper.handleRequest(ServletWrapper.java:440)
	at com.ibm.ws.webcontainer.filter.WebAppFilterChain.invokeTarget(WebAppFilterChain.java:143)
	at com.ibm.ws.webcontainer.filter.WebAppFilterChain.doFilter(WebAppFilterChain.java:89)
	at com.ibm.ws.app.manager.wab.internal.OsgiDirectoryProtectionFilter.doFilter(OsgiDirectoryProtectionFilter.java:90)
	at com.ibm.ws.webcontainer.filter.FilterInstanceWrapper.doFilter(FilterInstanceWrapper.java:201)
	at com.ibm.ws.webcontainer.filter.WebAppFilterChain.doFilter(WebAppFilterChain.java:86)
	at com.ibm.ws.webcontainer.filter.WebAppFilterManager.doFilter(WebAppFilterManager.java:995)
	at com.ibm.ws.webcontainer.filter.WebAppFilterManager.invokeFilters(WebAppFilterManager.java:1124)
	at com.ibm.ws.webcontainer.webapp.WebApp.handleRequest(WebApp.java:4962)
	at com.ibm.ws.webcontainer.osgi.DynamicVirtualHost$2.handleRequest(DynamicVirtualHost.java:314)
	at com.ibm.ws.webcontainer.WebContainer.handleRequest(WebContainer.java:995)
	at com.ibm.ws.webcontainer.osgi.DynamicVirtualHost$2.run(DynamicVirtualHost.java:279)
	at com.ibm.ws.http.dispatcher.internal.channel.HttpDispatcherLink$TaskWrapper.run(HttpDispatcherLink.java:957)
	at com.ibm.ws.http.dispatcher.internal.channel.HttpDispatcherLink.wrapHandlerAndExecute(HttpDispatcherLink.java:357)
	at com.ibm.ws.http.dispatcher.internal.channel.HttpDispatcherLink.ready(HttpDispatcherLink.java:316)
	at com.ibm.ws.http.channel.internal.inbound.HttpInboundLink.handleDiscrimination(HttpInboundLink.java:499)
	at com.ibm.ws.http.channel.internal.inbound.HttpInboundLink.handleNewRequest(HttpInboundLink.java:433)
	at com.ibm.ws.http.channel.internal.inbound.HttpInboundLink.processRequest(HttpInboundLink.java:313)
	at com.ibm.ws.http.channel.internal.inbound.HttpInboundLink.ready(HttpInboundLink.java:284)
	at com.ibm.ws.tcpchannel.internal.NewConnectionInitialReadCallback.sendToDiscriminators(NewConnectionInitialReadCallback.java:165)
	at com.ibm.ws.tcpchannel.internal.NewConnectionInitialReadCallback.complete(NewConnectionInitialReadCallback.java:74)
	at com.ibm.ws.tcpchannel.internal.WorkQueueManager.requestComplete(WorkQueueManager.java:501)
	at com.ibm.ws.tcpchannel.internal.WorkQueueManager.attemptIO(WorkQueueManager.java:571)
	at com.ibm.ws.tcpchannel.internal.WorkQueueManager.workerRun(WorkQueueManager.java:926)
	at com.ibm.ws.tcpchannel.internal.WorkQueueManager$Worker.run(WorkQueueManager.java:1015)
	at java.util.concurrent.ThreadPoolExecutor.runWorker(ThreadPoolExecutor.java:1149)
	at java.util.concurrent.ThreadPoolExecutor$Worker.run(ThreadPoolExecutor.java:624)
	at java.lang.Thread.run(Thread.java:748)

Dump of callerThis
Object type = com.ibm.ws.microprofile.health.services.impl.HealthCheckCDIBeanInvokerImpl
  tc = class com.ibm.ejs.ras.TraceComponent@5e9f3721
    strings[0] = "TraceComponent[com.ibm.ws.microprofile.health.services.impl.HealthCheckCDIBeanInvokerImpl,class com.ibm.ws.microprofile.health.services.impl.HealthCheckCDIBeanInvokerImpl,[],null,null]"
  serialVersionUID = -6904456700224442077

