------Start of DE processing------ = [6/26/18 12:30:59:730 PDT]
Exception = java.lang.reflect.InvocationTargetException
Source = com.ibm.ws.context.service.serializable.ContextualInvocationHandler
probeid = 104
Stack Dump = java.lang.reflect.InvocationTargetException
	at sun.reflect.NativeMethodAccessorImpl.invoke0(Native Method)
	at sun.reflect.NativeMethodAccessorImpl.invoke(NativeMethodAccessorImpl.java:62)
	at sun.reflect.DelegatingMethodAccessorImpl.invoke(DelegatingMethodAccessorImpl.java:43)
	at java.lang.reflect.Method.invoke(Method.java:498)
	at com.ibm.ws.context.service.serializable.ContextualInvocationHandler.invoke(ContextualInvocationHandler.java:76)
	at com.ibm.ws.context.service.serializable.ContextualInvocationHandler.invoke(ContextualInvocationHandler.java:97)
	at com.sun.proxy.$Proxy68.checkAllBeans(Unknown Source)
	at com.ibm.ws.microprofile.health.services.impl.HealthExecutorImpl.runHealthChecks(HealthExecutorImpl.java:73)
	at com.ibm.ws.microprofile.health.internal.HealthCheckServiceImpl.performHealthCheck(HealthCheckServiceImpl.java:107)
	at com.ibm.ws.microprofile.health.internal.servlet.HealthCheckServlet.service(HealthCheckServlet.java:53)
	at javax.servlet.http.HttpServlet.service(HttpServlet.java:790)
	at com.ibm.ws.webcontainer.servlet.ServletWrapper.service(ServletWrapper.java:1255)
	at com.ibm.ws.webcontainer.servlet.ServletWrapper.handleRequest(ServletWrapper.java:743)
	at com.ibm.ws.webcontainer.servlet.ServletWrapper.handleRequest(ServletWrapper.java:440)
	at com.ibm.ws.webcontainer.filter.WebAppFilterChain.invokeTarget(WebAppFilterChain.java:143)
	at com.ibm.ws.webcontainer.filter.WebAppFilterChain.doFilter(WebAppFilterChain.java:89)
	at com.ibm.ws.app.manager.wab.internal.OsgiDirectoryProtectionFilter.doFilter(OsgiDirectoryProtectionFilter.java:90)
	at com.ibm.ws.webcontainer.filter.FilterInstanceWrapper.doFilter(FilterInstanceWrapper.java:201)
	at com.ibm.ws.webcontainer.filter.WebAppFilterChain.doFilter(WebAppFilterChain.java:86)
	at com.ibm.ws.webcontainer.filter.WebAppFilterManager.doFilter(WebAppFilterManager.java:995)
	at com.ibm.ws.webcontainer.filter.WebAppFilterManager.invokeFilters(WebAppFilterManager.java:1124)
	at com.ibm.ws.webcontainer.webapp.WebApp.handleRequest(WebApp.java:4962)
	at com.ibm.ws.webcontainer.osgi.DynamicVirtualHost$2.handleRequest(DynamicVirtualHost.java:314)
	at com.ibm.ws.webcontainer.WebContainer.handleRequest(WebContainer.java:995)
	at com.ibm.ws.webcontainer.osgi.DynamicVirtualHost$2.run(DynamicVirtualHost.java:279)
	at com.ibm.ws.http.dispatcher.internal.channel.HttpDispatcherLink$TaskWrapper.run(HttpDispatcherLink.java:957)
	at com.ibm.ws.http.dispatcher.internal.channel.HttpDispatcherLink.wrapHandlerAndExecute(HttpDispatcherLink.java:357)
	at com.ibm.ws.http.dispatcher.internal.channel.HttpDispatcherLink.ready(HttpDispatcherLink.java:316)
	at com.ibm.ws.http.channel.internal.inbound.HttpInboundLink.handleDiscrimination(HttpInboundLink.java:499)
	at com.ibm.ws.http.channel.internal.inbound.HttpInboundLink.handleNewRequest(HttpInboundLink.java:433)
	at com.ibm.ws.http.channel.internal.inbound.HttpInboundLink.processRequest(HttpInboundLink.java:313)
	at com.ibm.ws.http.channel.internal.inbound.HttpInboundLink.ready(HttpInboundLink.java:284)
	at com.ibm.ws.tcpchannel.internal.NewConnectionInitialReadCallback.sendToDiscriminators(NewConnectionInitialReadCallback.java:165)
	at com.ibm.ws.tcpchannel.internal.NewConnectionInitialReadCallback.complete(NewConnectionInitialReadCallback.java:74)
	at com.ibm.ws.tcpchannel.internal.WorkQueueManager.requestComplete(WorkQueueManager.java:501)
	at com.ibm.ws.tcpchannel.internal.WorkQueueManager.attemptIO(WorkQueueManager.java:571)
	at com.ibm.ws.tcpchannel.internal.WorkQueueManager.workerRun(WorkQueueManager.java:926)
	at com.ibm.ws.tcpchannel.internal.WorkQueueManager$Worker.run(WorkQueueManager.java:1015)
	at java.util.concurrent.ThreadPoolExecutor.runWorker(ThreadPoolExecutor.java:1149)
	at java.util.concurrent.ThreadPoolExecutor$Worker.run(ThreadPoolExecutor.java:624)
	at java.lang.Thread.run(Thread.java:748)
Caused by: com.ibm.ws.microprofile.health.services.HealthCheckBeanCallException: org.jboss.weld.context.ContextNotActiveException: WELD-001303: No active contexts for scope type javax.enterprise.context.RequestScoped
	at com.ibm.ws.microprofile.health.services.impl.HealthCheckCDIBeanInvokerImpl.checkAllBeans(HealthCheckCDIBeanInvokerImpl.java:59)
	... 41 more
Caused by: org.jboss.weld.context.ContextNotActiveException: WELD-001303: No active contexts for scope type javax.enterprise.context.RequestScoped
	at org.jboss.weld.manager.BeanManagerImpl.getContext(BeanManagerImpl.java:732)
	at org.jboss.weld.bean.ContextualInstanceStrategy$DefaultContextualInstanceStrategy.getIfExists(ContextualInstanceStrategy.java:89)
	at org.jboss.weld.bean.ContextualInstanceStrategy$CachingContextualInstanceStrategy.getIfExists(ContextualInstanceStrategy.java:164)
	at org.jboss.weld.bean.ContextualInstance.getIfExists(ContextualInstance.java:63)
	at org.jboss.weld.bean.proxy.ContextBeanInstance.getInstance(ContextBeanInstance.java:83)
	at org.jboss.weld.bean.proxy.ProxyMethodHandler.getInstance(ProxyMethodHandler.java:125)
	at application.microprofile.web.BookEndpointConfig$Proxy$_$$_WeldClientProxy.isInMaintenance(Unknown Source)
	at application.microprofile.HealthEndpoint.isHealthy(HealthEndpoint.java:38)
	at application.microprofile.HealthEndpoint.call(HealthEndpoint.java:57)
	at application.microprofile.HealthEndpoint$Proxy$_$$_WeldClientProxy.call(Unknown Source)
	at com.ibm.ws.microprofile.health.services.impl.HealthCheckCDIBeanInvokerImpl.checkAllBeans(HealthCheckCDIBeanInvokerImpl.java:57)
	... 41 more

Dump of callerThis
Object type = com.ibm.ws.context.service.serializable.ContextualInvocationHandler
  serialPersistentFields = class java.io.ObjectStreamField[4]
    ObjectStreamField[0] = class java.io.ObjectStreamField@46821567
      name = "C"
      signature = "Lcom/ibm/ws/context/service/serializable/ThreadContextDescriptorImpl;"
      type = class java.lang.Class@149f07d7
      unshared = false
      field = null
      offset = 0
    ObjectStreamField[1] = class java.io.ObjectStreamField@5f32f9c6
      name = "E"
      signature = "Ljava/util/Map;"
      type = class java.lang.Class@e36545a
      unshared = false
      field = null
      offset = 0
    ObjectStreamField[2] = class java.io.ObjectStreamField@5f5c2d5a
      name = "I"
      signature = "Ljava/util/Set;"
      type = class java.lang.Class@3e041828
      unshared = false
      field = null
      offset = 0
    ObjectStreamField[3] = class java.io.ObjectStreamField@ad42c4d
      name = "O"
      signature = "[B"
      type = class java.lang.Class@19d669fb
      unshared = false
      field = null
      offset = 0
  serialVersionUID = -6017024294962299060
  $$$tc$$$ = class com.ibm.websphere.ras.TraceComponent@730b90f7
    strings[0] = "TraceComponent[com.ibm.ws.context.service.serializable.ContextualInvocationHandler,class com.ibm.ws.context.service.serializable.ContextualInvocationHandler,[context],com.ibm.ws.context.service.resources.CWWKCMessages,null]"
  CONTEXT = "C"
  EXEC_PROPS = "E"
  INTERNAL_PROP_NAMES = "I"
  OBJECT = "O"
  serialFields = class java.io.ObjectStreamField[4]
  getThreadContextClassLoader = class com.ibm.ws.context.service.serializable.ContextualObject$GetThreadContextClassLoader@2724f95b
    serialVersionUID = 5694404510978877093
    $$$tc$$$ = class com.ibm.websphere.ras.TraceComponent@7bd872ae
      strings[0] = "TraceComponent[com.ibm.ws.context.service.serializable.ContextualObject$GetThreadContextClassLoader,class com.ibm.ws.context.service.serializable.ContextualObject$GetThreadContextClassLoader,[context],com.ibm.ws.context.service.resources.CWWKCMessages,null]"
  object = class com.ibm.ws.microprofile.health.services.impl.HealthCheckCDIBeanInvokerImpl@7274577
    tc = class com.ibm.ejs.ras.TraceComponent@410a9326
      strings[0] = "TraceComponent[com.ibm.ws.microprofile.health.services.impl.HealthCheckCDIBeanInvokerImpl,class com.ibm.ws.microprofile.health.services.impl.HealthCheckCDIBeanInvokerImpl,[],null,null]"
    serialVersionUID = -6904456700224442077
  internalPropNames = null
  threadContextDescriptor = class com.ibm.ws.context.service.serializable.ThreadContextDescriptorImpl@71a48f2b
    tc = class com.ibm.websphere.ras.TraceComponent@366362cc
      strings[0] = "TraceComponent[com.ibm.ws.context.service.serializable.ThreadContextDescriptorImpl,class com.ibm.ws.context.service.serializable.ThreadContextDescriptorImpl,[context],com.ibm.ws.context.service.resources.CWWKCMessages,null]"
    execProps = class java.util.TreeMap@2a17dee3
      comparator = null
      root = class java.util.TreeMap$Entry@418a63cf
      size = 2
      modCount = 2
      entrySet = null
      navigableKeySet = null
      descendingMap = null
      UNBOUNDED = class java.lang.Object@298dbbf7
      RED = false
      BLACK = true
      serialVersionUID = 919286545866124006
      keySet = null
      values = null
    metaDataIdentifier = "WEB#com.ibm.ws.microprofile.health#com.ibm.ws.microprofile.health"
    providerNames = class java.util.ArrayList@10a29a8
      serialVersionUID = 8683452581122892189
      DEFAULT_CAPACITY = 10
      EMPTY_ELEMENTDATA = class java.lang.Object[0]
      DEFAULTCAPACITY_EMPTY_ELEMENTDATA = class java.lang.Object[0]
      elementData = class java.lang.Object[8]
      size = 4
      MAX_ARRAY_SIZE = 2147483639
      modCount = 4
      MAX_ARRAY_SIZE = 2147483639
    providerNamesToSkip = class java.util.Collections$EmptyList@4ee9915
      serialVersionUID = 8842843931221139166
      modCount = 0
      MAX_ARRAY_SIZE = 2147483639
    threadContext = class java.util.ArrayList@682387e0
      serialVersionUID = 8683452581122892189
      DEFAULT_CAPACITY = 10
      EMPTY_ELEMENTDATA = class java.lang.Object[0]
      DEFAULTCAPACITY_EMPTY_ELEMENTDATA = class java.lang.Object[0]
      elementData = class java.lang.Object[8]
      size = 4
      MAX_ARRAY_SIZE = 2147483639
      modCount = 4
      MAX_ARRAY_SIZE = 2147483639
    threadContextMgr = class com.ibm.ws.context.service.serializable.ThreadContextManager@7c57acc1
      COMPONENT_NAME = "component.name"
      alwaysEnabled = class java.util.Collections$SetFromMap@7155a902
      metadataIdentifierService = class com.ibm.ws.container.service.metadata.internal.MetaDataServiceImpl@6cbb13d6
      threadContextProviders = class com.ibm.wsspi.kernel.service.utils.ConcurrentServiceReferenceMap@7e3d9195
      serialVersionUID = 3513608484245697656
      $$$tc$$$ = class com.ibm.websphere.ras.TraceComponent@36918c59
    serialVersionUID = -418287919515508803
  serialVersionUID = -3325018751476745545
  $$$tc$$$ = class com.ibm.websphere.ras.TraceComponent@546b9614
    strings[0] = "TraceComponent[com.ibm.ws.context.service.serializable.ContextualObject,class com.ibm.ws.context.service.serializable.ContextualObject,[context],com.ibm.ws.context.service.resources.CWWKCMessages,null]"

Dump of objectArray[0]
Object type = com.sun.proxy.$Proxy68
  m1 = class java.lang.reflect.Method@1c2035a6
    clazz = class java.lang.Class@5d6f64b1
    slot = 6
    name = "equals"
    returnType = class java.lang.Class@51521cc1
      ANNOTATION = 8192
      ENUM = 16384
      SYNTHETIC = 4096
      cachedConstructor = null
      newInstanceCallerCache = null
      name = "boolean"
      allPermDomain = class java.security.ProtectionDomain@68e7fd5
      useCaches = true
      reflectionData = class java.lang.ref.SoftReference@43b6ac50
      classRedefinedCount = 0
      genericInfo = class sun.reflect.generics.repository.ClassRepository@2d77e22e
      serialVersionUID = 3206093459760846163
      serialPersistentFields = class java.io.ObjectStreamField[0]
      reflectionFactory = class sun.reflect.ReflectionFactory@24ea4541
      initted = true
      enumConstants = null
      enumConstantDirectory = null
      annotationData = null
      annotationType = null
      classValueMap = null
    parameterTypes = class java.lang.Class[1]
      Class[0] = class java.lang.Class@5d6f64b1
    exceptionTypes = class java.lang.Class[0]
    modifiers = 1
    signature = null
    genericInfo = null
    annotations = null
    parameterAnnotations = null
    annotationDefault = null
    methodAccessor = null
    root = class java.lang.reflect.Method@f4515f
      clazz = class java.lang.Class@5d6f64b1
      slot = 6
      name = "equals"
      returnType = class java.lang.Class@51521cc1
      parameterTypes = class java.lang.Class[1]
      exceptionTypes = class java.lang.Class[0]
      modifiers = 1
      signature = null
      genericInfo = null
      annotations = null
      parameterAnnotations = null
      annotationDefault = null
      methodAccessor = null
      root = null
      hasRealParameterData = false
      parameters = null
      declaredAnnotations = class java.util.Collections$EmptyMap@46f03450
      ACCESS_PERMISSION = class java.lang.reflect.ReflectPermission@791cac74
      override = false
      reflectionFactory = class sun.reflect.ReflectionFactory@24ea4541
      securityCheckCache = null
    hasRealParameterData = false
    parameters = null
    declaredAnnotations = null
    ACCESS_PERMISSION = class java.lang.reflect.ReflectPermission@791cac74
    override = false
    reflectionFactory = class sun.reflect.ReflectionFactory@24ea4541
    securityCheckCache = null
  m2 = class java.lang.reflect.Method@802c6e1
    clazz = class java.lang.Class@5d6f64b1
      ANNOTATION = 8192
      ENUM = 16384
      SYNTHETIC = 4096
      cachedConstructor = null
      newInstanceCallerCache = null
      name = "java.lang.Object"
      allPermDomain = class java.security.ProtectionDomain@68e7fd5
      useCaches = true
      reflectionData = class java.lang.ref.SoftReference@6d8d079f
      classRedefinedCount = 0
      genericInfo = class sun.reflect.generics.repository.ClassRepository@2d77e22e
      serialVersionUID = 3206093459760846163
      serialPersistentFields = class java.io.ObjectStreamField[0]
      reflectionFactory = class sun.reflect.ReflectionFactory@24ea4541
      initted = true
      enumConstants = null
      enumConstantDirectory = null
      annotationData = class java.lang.Class$AnnotationData@1baff252
      annotationType = null
      classValueMap = null
    slot = 7
    name = "toString"
    returnType = class java.lang.Class@1789d78f
      ANNOTATION = 8192
      ENUM = 16384
      SYNTHETIC = 4096
      cachedConstructor = null
      newInstanceCallerCache = null
      name = "java.lang.String"
      allPermDomain = class java.security.ProtectionDomain@68e7fd5
      useCaches = true
      reflectionData = class java.lang.ref.SoftReference@5b7d2425
      classRedefinedCount = 0
      genericInfo = class sun.reflect.generics.repository.ClassRepository@4b5dfecd
      serialVersionUID = 3206093459760846163
      serialPersistentFields = class java.io.ObjectStreamField[0]
      reflectionFactory = class sun.reflect.ReflectionFactory@24ea4541
      initted = true
      enumConstants = null
      enumConstantDirectory = null
      annotationData = null
      annotationType = null
      classValueMap = null
    parameterTypes = class java.lang.Class[0]
    exceptionTypes = class java.lang.Class[0]
    modifiers = 1
    signature = null
    genericInfo = null
    annotations = null
    parameterAnnotations = null
    annotationDefault = null
    methodAccessor = null
    root = class java.lang.reflect.Method@55542d80
      clazz = class java.lang.Class@5d6f64b1
      slot = 7
      name = "toString"
      returnType = class java.lang.Class@1789d78f
      parameterTypes = class java.lang.Class[0]
      exceptionTypes = class java.lang.Class[0]
      modifiers = 1
      signature = null
      genericInfo = null
      annotations = null
      parameterAnnotations = null
      annotationDefault = null
      methodAccessor = null
      root = null
      hasRealParameterData = false
      parameters = null
      declaredAnnotations = class java.util.Collections$EmptyMap@46f03450
      ACCESS_PERMISSION = class java.lang.reflect.ReflectPermission@791cac74
      override = false
      reflectionFactory = class sun.reflect.ReflectionFactory@24ea4541
      securityCheckCache = null
    hasRealParameterData = false
    parameters = null
    declaredAnnotations = null
    ACCESS_PERMISSION = class java.lang.reflect.ReflectPermission@791cac74
      serialVersionUID = 7412737110241507485
      serialVersionUID = 6279438298436773498
      wildcard = false
      path = "suppressAccessChecks"
      exitVM = false
      serialVersionUID = -5636570222231596674
      name = "suppressAccessChecks"
    override = false
    reflectionFactory = class sun.reflect.ReflectionFactory@24ea4541
      initted = true
      reflectionFactoryAccessPerm = class java.lang.RuntimePermission@24d5d04a
      soleInstance = class sun.reflect.ReflectionFactory@24ea4541
      langReflectAccess = class java.lang.reflect.ReflectAccess@27bd29d5
      hasStaticInitializerMethod = null
      noInflation = false
      inflationThreshold = 15
    securityCheckCache = null
  m3 = class java.lang.reflect.Method@7d86a01e
    clazz = class java.lang.Class@8fb4711
      ANNOTATION = 8192
      ENUM = 16384
      SYNTHETIC = 4096
      cachedConstructor = null
      newInstanceCallerCache = null
      name = "com.ibm.ws.microprofile.health.services.HealthCheckCDIBeanInvoker"
      allPermDomain = class java.security.ProtectionDomain@68e7fd5
      useCaches = true
      reflectionData = class java.lang.ref.SoftReference@3ea014e5
      classRedefinedCount = 0
      genericInfo = null
      serialVersionUID = 3206093459760846163
      serialPersistentFields = class java.io.ObjectStreamField[0]
      reflectionFactory = class sun.reflect.ReflectionFactory@24ea4541
      initted = true
      enumConstants = null
      enumConstantDirectory = null
      annotationData = null
      annotationType = null
      classValueMap = null
    slot = 0
    name = "checkAllBeans"
    returnType = class java.lang.Class@3e041828
      ANNOTATION = 8192
      ENUM = 16384
      SYNTHETIC = 4096
      cachedConstructor = null
      newInstanceCallerCache = null
      name = "java.util.Set"
      allPermDomain = class java.security.ProtectionDomain@68e7fd5
      useCaches = true
      reflectionData = class java.lang.ref.SoftReference@470f163e
      classRedefinedCount = 0
      genericInfo = class sun.reflect.generics.repository.ClassRepository@6d5b9d36
      serialVersionUID = 3206093459760846163
      serialPersistentFields = class java.io.ObjectStreamField[0]
      reflectionFactory = class sun.reflect.ReflectionFactory@24ea4541
      initted = true
      enumConstants = null
      enumConstantDirectory = null
      annotationData = null
      annotationType = null
      classValueMap = null
    parameterTypes = class java.lang.Class[0]
    exceptionTypes = class java.lang.Class[1]
      Class[0] = class java.lang.Class@190406fb
    modifiers = 1025
    signature = "()Ljava/util/Set<Lorg/eclipse/microprofile/health/HealthCheckResponse;>;"
    genericInfo = null
    annotations = null
    parameterAnnotations = null
    annotationDefault = null
    methodAccessor = class sun.reflect.DelegatingMethodAccessorImpl@14783027
      delegate = class sun.reflect.NativeMethodAccessorImpl@4e4ef254
    root = class java.lang.reflect.Method@4d44ee08
      clazz = class java.lang.Class@8fb4711
      slot = 0
      name = "checkAllBeans"
      returnType = class java.lang.Class@3e041828
      parameterTypes = class java.lang.Class[0]
      exceptionTypes = class java.lang.Class[1]
      modifiers = 1025
      signature = "()Ljava/util/Set<Lorg/eclipse/microprofile/health/HealthCheckResponse;>;"
      genericInfo = null
      annotations = null
      parameterAnnotations = null
      annotationDefault = null
      methodAccessor = class sun.reflect.DelegatingMethodAccessorImpl@14783027
      root = null
      hasRealParameterData = false
      parameters = null
      declaredAnnotations = null
      ACCESS_PERMISSION = class java.lang.reflect.ReflectPermission@791cac74
      override = false
      reflectionFactory = class sun.reflect.ReflectionFactory@24ea4541
      securityCheckCache = null
    hasRealParameterData = false
    parameters = null
    declaredAnnotations = null
    ACCESS_PERMISSION = class java.lang.reflect.ReflectPermission@791cac74
    override = false
    reflectionFactory = class sun.reflect.ReflectionFactory@24ea4541
    securityCheckCache = null
  m0 = class java.lang.reflect.Method@4542dfc6
    clazz = class java.lang.Class@5d6f64b1
    slot = 8
    name = "hashCode"
    returnType = class java.lang.Class@50134894
      ANNOTATION = 8192
      ENUM = 16384
      SYNTHETIC = 4096
      cachedConstructor = null
      newInstanceCallerCache = null
      name = "int"
      allPermDomain = class java.security.ProtectionDomain@68e7fd5
      useCaches = true
      reflectionData = null
      classRedefinedCount = 0
      genericInfo = null
      serialVersionUID = 3206093459760846163
      serialPersistentFields = class java.io.ObjectStreamField[0]
      reflectionFactory = class sun.reflect.ReflectionFactory@24ea4541
      initted = true
      enumConstants = null
      enumConstantDirectory = null
      annotationData = null
      annotationType = null
      classValueMap = null
    parameterTypes = class java.lang.Class[0]
    exceptionTypes = class java.lang.Class[0]
    modifiers = 257
    signature = null
    genericInfo = null
    annotations = null
    parameterAnnotations = null
    annotationDefault = null
    methodAccessor = null
    root = class java.lang.reflect.Method@dd0b6fa
      clazz = class java.lang.Class@5d6f64b1
      slot = 8
      name = "hashCode"
      returnType = class java.lang.Class@50134894
      parameterTypes = class java.lang.Class[0]
      exceptionTypes = class java.lang.Class[0]
      modifiers = 257
      signature = null
      genericInfo = null
      annotations = null
      parameterAnnotations = null
      annotationDefault = null
      methodAccessor = null
      root = null
      hasRealParameterData = false
      parameters = null
      declaredAnnotations = class java.util.Collections$EmptyMap@46f03450
      ACCESS_PERMISSION = class java.lang.reflect.ReflectPermission@791cac74
      override = false
      reflectionFactory = class sun.reflect.ReflectionFactory@24ea4541
      securityCheckCache = null
    hasRealParameterData = false
    parameters = null
    declaredAnnotations = null
    ACCESS_PERMISSION = class java.lang.reflect.ReflectPermission@791cac74
    override = false
    reflectionFactory = class sun.reflect.ReflectionFactory@24ea4541
    securityCheckCache = null
  serialVersionUID = -2222568056686623797
  constructorParams = class java.lang.Class[1]
    Class[0] = class java.lang.Class@6f183056
      ANNOTATION = 8192
      ENUM = 16384
      SYNTHETIC = 4096
      cachedConstructor = null
      newInstanceCallerCache = null
      name = "java.lang.reflect.InvocationHandler"
      allPermDomain = class java.security.ProtectionDomain@68e7fd5
      useCaches = true
      reflectionData = null
      classRedefinedCount = 0
      genericInfo = null
      serialVersionUID = 3206093459760846163
      serialPersistentFields = class java.io.ObjectStreamField[0]
      reflectionFactory = class sun.reflect.ReflectionFactory@24ea4541
      initted = true
      enumConstants = null
      enumConstantDirectory = null
      annotationData = null
      annotationType = null
      classValueMap = null
  proxyClassCache = class java.lang.reflect.WeakCache@4679aff8
    refQueue = class java.lang.ref.ReferenceQueue@17be23d7
      NULL = class java.lang.ref.ReferenceQueue$Null@3990bf86
      ENQUEUED = class java.lang.ref.ReferenceQueue$Null@7c5b4b0f
      lock = class java.lang.ref.ReferenceQueue$Lock@7f9f9e83
      head = null
      queueLength = 0
      $assertionsDisabled = true
    map = class java.util.concurrent.ConcurrentHashMap@1cb348b7
      serialVersionUID = 7249069246763182397
      MAXIMUM_CAPACITY = 1073741824
      DEFAULT_CAPACITY = 16
      MAX_ARRAY_SIZE = 2147483639
      DEFAULT_CONCURRENCY_LEVEL = 16
      LOAD_FACTOR = 0.75
      TREEIFY_THRESHOLD = 8
      UNTREEIFY_THRESHOLD = 6
      MIN_TREEIFY_CAPACITY = 64
      MIN_TRANSFER_STRIDE = 16
      RESIZE_STAMP_BITS = 16
      MAX_RESIZERS = 65535
      RESIZE_STAMP_SHIFT = 16
      MOVED = -1
      TREEBIN = -2
      RESERVED = -3
      HASH_BITS = 2147483647
      NCPU = 4
      serialPersistentFields = class java.io.ObjectStreamField[3]
      table = class java.util.concurrent.ConcurrentHashMap$Node[32]
      nextTable = null
      baseCount = 20
      sizeCtl = 24
      transferIndex = 0
      cellsBusy = 0
      counterCells = null
      keySet = null
      values = null
      entrySet = null
      U = class sun.misc.Unsafe@7549305a
      SIZECTL = 20
      TRANSFERINDEX = 32
      BASECOUNT = 24
      CELLSBUSY = 36
      CELLVALUE = 144
      ABASE = 16
      ASHIFT = 2
      keySet = null
      values = null
    reverseMap = class java.util.concurrent.ConcurrentHashMap@293a5ef1
      serialVersionUID = 7249069246763182397
      MAXIMUM_CAPACITY = 1073741824
      DEFAULT_CAPACITY = 16
      MAX_ARRAY_SIZE = 2147483639
      DEFAULT_CONCURRENCY_LEVEL = 16
      LOAD_FACTOR = 0.75
      TREEIFY_THRESHOLD = 8
      UNTREEIFY_THRESHOLD = 6
      MIN_TREEIFY_CAPACITY = 64
      MIN_TRANSFER_STRIDE = 16
      RESIZE_STAMP_BITS = 16
      MAX_RESIZERS = 65535
      RESIZE_STAMP_SHIFT = 16
      MOVED = -1
      TREEBIN = -2
      RESERVED = -3
      HASH_BITS = 2147483647
      NCPU = 4
      serialPersistentFields = class java.io.ObjectStreamField[3]
      table = class java.util.concurrent.ConcurrentHashMap$Node[128]
      nextTable = null
      baseCount = 69
      sizeCtl = 96
      transferIndex = 0
      cellsBusy = 0
      counterCells = null
      keySet = null
      values = null
      entrySet = null
      U = class sun.misc.Unsafe@7549305a
      SIZECTL = 20
      TRANSFERINDEX = 32
      BASECOUNT = 24
      CELLSBUSY = 36
      CELLVALUE = 144
      ABASE = 16
      ASHIFT = 2
      keySet = null
      values = null
    subKeyFactory = class java.lang.reflect.Proxy$KeyFactory@35620c43
    valueFactory = class java.lang.reflect.Proxy$ProxyClassFactory@532431a3
      proxyClassNamePrefix = "$Proxy"
      nextUniqueNumber = class java.util.concurrent.atomic.AtomicLong@5557c76f
  h = class com.ibm.ws.context.service.serializable.ContextualInvocationHandler@7ff80463
    serialPersistentFields = class java.io.ObjectStreamField[4]
      ObjectStreamField[0] = class java.io.ObjectStreamField@46821567
      ObjectStreamField[1] = class java.io.ObjectStreamField@5f32f9c6
      ObjectStreamField[2] = class java.io.ObjectStreamField@5f5c2d5a
      ObjectStreamField[3] = class java.io.ObjectStreamField@ad42c4d
    serialVersionUID = -6017024294962299060
    $$$tc$$$ = class com.ibm.websphere.ras.TraceComponent@730b90f7
      strings[0] = "TraceComponent[com.ibm.ws.context.service.serializable.ContextualInvocationHandler,class com.ibm.ws.context.service.serializable.ContextualInvocationHandler,[context],com.ibm.ws.context.service.resources.CWWKCMessages,null]"
    CONTEXT = "C"
    EXEC_PROPS = "E"
    INTERNAL_PROP_NAMES = "I"
    OBJECT = "O"
    serialFields = class java.io.ObjectStreamField[4]
    getThreadContextClassLoader = class com.ibm.ws.context.service.serializable.ContextualObject$GetThreadContextClassLoader@2724f95b
      serialVersionUID = 5694404510978877093
      $$$tc$$$ = class com.ibm.websphere.ras.TraceComponent@7bd872ae
    object = class com.ibm.ws.microprofile.health.services.impl.HealthCheckCDIBeanInvokerImpl@7274577
      tc = class com.ibm.ejs.ras.TraceComponent@410a9326
      serialVersionUID = -6904456700224442077
    internalPropNames = null
    threadContextDescriptor = class com.ibm.ws.context.service.serializable.ThreadContextDescriptorImpl@71a48f2b
      tc = class com.ibm.websphere.ras.TraceComponent@366362cc
      execProps = class java.util.TreeMap@2a17dee3
      metaDataIdentifier = "WEB#com.ibm.ws.microprofile.health#com.ibm.ws.microprofile.health"
      providerNames = class java.util.ArrayList@10a29a8
      providerNamesToSkip = class java.util.Collections$EmptyList@4ee9915
      threadContext = class java.util.ArrayList@682387e0
      threadContextMgr = class com.ibm.ws.context.service.serializable.ThreadContextManager@7c57acc1
      serialVersionUID = -418287919515508803
    serialVersionUID = -3325018751476745545
    $$$tc$$$ = class com.ibm.websphere.ras.TraceComponent@546b9614
      strings[0] = "TraceComponent[com.ibm.ws.context.service.serializable.ContextualObject,class com.ibm.ws.context.service.serializable.ContextualObject,[context],com.ibm.ws.context.service.resources.CWWKCMessages,null]"
  key0 = class java.lang.Object@eb76179

Dump of objectArray[1]
Object type = java.lang.reflect.Method
  clazz = class java.lang.Class@8fb4711
    ANNOTATION = 8192
    ENUM = 16384
    SYNTHETIC = 4096
    cachedConstructor = null
    newInstanceCallerCache = null
    name = "com.ibm.ws.microprofile.health.services.HealthCheckCDIBeanInvoker"
    allPermDomain = class java.security.ProtectionDomain@68e7fd5
      codesource = null
      classloader = null
      principals = interface java.security.Principal[0]
      permissions = class java.security.Permissions@868fb93
      hasAllPerm = true
      staticPermissions = true
      key = class java.security.ProtectionDomain$Key@558f319f
      debug = null
    useCaches = true
    reflectionData = class java.lang.ref.SoftReference@3ea014e5
      clock = 1713576
      timestamp = 1713576
      referent = class java.lang.Class$ReflectionData@5810f016
      queue = class java.lang.ref.ReferenceQueue$Null@3990bf86
      next = null
      discovered = null
      lock = class java.lang.ref.Reference$Lock@611a0631
      pending = null
    classRedefinedCount = 0
    genericInfo = null
    serialVersionUID = 3206093459760846163
    serialPersistentFields = class java.io.ObjectStreamField[0]
    reflectionFactory = class sun.reflect.ReflectionFactory@24ea4541
    initted = true
    enumConstants = null
    enumConstantDirectory = null
    annotationData = null
    annotationType = null
    classValueMap = null
  slot = 0
  name = "checkAllBeans"
  returnType = class java.lang.Class@3e041828
    ANNOTATION = 8192
    ENUM = 16384
    SYNTHETIC = 4096
    cachedConstructor = null
    newInstanceCallerCache = null
    name = "java.util.Set"
    allPermDomain = class java.security.ProtectionDomain@68e7fd5
    useCaches = true
    reflectionData = class java.lang.ref.SoftReference@470f163e
      clock = 1713576
      timestamp = 1704012
      referent = class java.lang.Class$ReflectionData@72ebbc72
      queue = class java.lang.ref.ReferenceQueue$Null@3990bf86
      next = null
      discovered = null
      lock = class java.lang.ref.Reference$Lock@611a0631
      pending = null
    classRedefinedCount = 0
    genericInfo = class sun.reflect.generics.repository.ClassRepository@6d5b9d36
      NONE = class sun.reflect.generics.repository.ClassRepository@2d77e22e
      superclass = null
      superInterfaces = interface java.lang.reflect.Type[1]
      typeParams = interface java.lang.reflect.TypeVariable[1]
      factory = class sun.reflect.generics.factory.CoreReflectionFactory@7db661ed
      tree = class sun.reflect.generics.tree.ClassSignature@52c491c6
    serialVersionUID = 3206093459760846163
    serialPersistentFields = class java.io.ObjectStreamField[0]
    reflectionFactory = class sun.reflect.ReflectionFactory@24ea4541
    initted = true
    enumConstants = null
    enumConstantDirectory = null
    annotationData = null
    annotationType = null
    classValueMap = null
  parameterTypes = class java.lang.Class[0]
  exceptionTypes = class java.lang.Class[1]
    Class[0] = class java.lang.Class@190406fb
      ANNOTATION = 8192
      ENUM = 16384
      SYNTHETIC = 4096
      cachedConstructor = null
      newInstanceCallerCache = null
      name = "com.ibm.ws.microprofile.health.services.HealthCheckBeanCallException"
      allPermDomain = class java.security.ProtectionDomain@68e7fd5
      useCaches = true
      reflectionData = null
      classRedefinedCount = 0
      genericInfo = null
      serialVersionUID = 3206093459760846163
      serialPersistentFields = class java.io.ObjectStreamField[0]
      reflectionFactory = class sun.reflect.ReflectionFactory@24ea4541
      initted = true
      enumConstants = null
      enumConstantDirectory = null
      annotationData = class java.lang.Class$AnnotationData@4ee27664
      annotationType = null
      classValueMap = null
  modifiers = 1025
  signature = "()Ljava/util/Set<Lorg/eclipse/microprofile/health/HealthCheckResponse;>;"
  genericInfo = null
  annotations = null
  parameterAnnotations = null
  annotationDefault = null
  methodAccessor = class sun.reflect.DelegatingMethodAccessorImpl@14783027
    delegate = class sun.reflect.NativeMethodAccessorImpl@4e4ef254
      method = class java.lang.reflect.Method@7d86a01e
      parent = class sun.reflect.DelegatingMethodAccessorImpl@14783027
      numInvocations = 1
  root = class java.lang.reflect.Method@4d44ee08
    clazz = class java.lang.Class@8fb4711
    slot = 0
    name = "checkAllBeans"
    returnType = class java.lang.Class@3e041828
    parameterTypes = class java.lang.Class[0]
    exceptionTypes = class java.lang.Class[1]
    modifiers = 1025
    signature = "()Ljava/util/Set<Lorg/eclipse/microprofile/health/HealthCheckResponse;>;"
    genericInfo = null
    annotations = null
    parameterAnnotations = null
    annotationDefault = null
    methodAccessor = class sun.reflect.DelegatingMethodAccessorImpl@14783027
    root = null
    hasRealParameterData = false
    parameters = null
    declaredAnnotations = null
    ACCESS_PERMISSION = class java.lang.reflect.ReflectPermission@791cac74
    override = false
    reflectionFactory = class sun.reflect.ReflectionFactory@24ea4541
    securityCheckCache = null
  hasRealParameterData = false
  parameters = null
  declaredAnnotations = null
  ACCESS_PERMISSION = class java.lang.reflect.ReflectPermission@791cac74
    serialVersionUID = 7412737110241507485
    serialVersionUID = 6279438298436773498
    wildcard = false
    path = "suppressAccessChecks"
    exitVM = false
    serialVersionUID = -5636570222231596674
    name = "suppressAccessChecks"
  override = false
  reflectionFactory = class sun.reflect.ReflectionFactory@24ea4541
    initted = true
    reflectionFactoryAccessPerm = class java.lang.RuntimePermission@24d5d04a
      serialVersionUID = 7399184964622342223
      serialVersionUID = 6279438298436773498
      wildcard = false
      path = "reflectionFactoryAccess"
      exitVM = false
      serialVersionUID = -5636570222231596674
      name = "reflectionFactoryAccess"
    soleInstance = class sun.reflect.ReflectionFactory@24ea4541
    langReflectAccess = class java.lang.reflect.ReflectAccess@27bd29d5
    hasStaticInitializerMethod = null
    noInflation = false
    inflationThreshold = 15
  securityCheckCache = null

Dump of objectArray[2]
null
