------Start of DE processing------ = [6/26/18 12:13:58:753 PDT]
Exception = com.ibm.ws.container.service.state.StateChangeException
Source = com.ibm.ws.app.manager.module.internal.DeployedAppInfoBase
probeid = 381
Stack Dump = com.ibm.ws.container.service.state.StateChangeException: org.jboss.weld.exceptions.DefinitionException: WELD-000075: Normal scoped managed bean implementation class has a public field:  [EnhancedAnnotatedFieldImpl] public application.microprofile.web.BookEndpoint.isTimeoutTest
	at com.ibm.ws.container.service.state.internal.ApplicationStateManager.fireStarting(ApplicationStateManager.java:32)
	at com.ibm.ws.container.service.state.internal.StateChangeServiceImpl.fireApplicationStarting(StateChangeServiceImpl.java:50)
	at com.ibm.ws.app.manager.module.internal.DeployedAppInfoBase.preDeployApp(DeployedAppInfoBase.java:380)
	at com.ibm.ws.app.manager.module.internal.DeployedAppInfoBase.deployApp(DeployedAppInfoBase.java:409)
	at com.ibm.ws.app.manager.war.internal.WARApplicationHandlerImpl.install(WARApplicationHandlerImpl.java:65)
	at com.ibm.ws.app.manager.internal.statemachine.StartAction.execute(StartAction.java:140)
	at com.ibm.ws.app.manager.internal.statemachine.ApplicationStateMachineImpl.enterState(ApplicationStateMachineImpl.java:1258)
	at com.ibm.ws.app.manager.internal.statemachine.ApplicationStateMachineImpl.run(ApplicationStateMachineImpl.java:873)
	at java.util.concurrent.ThreadPoolExecutor.runWorker(ThreadPoolExecutor.java:1149)
	at java.util.concurrent.ThreadPoolExecutor$Worker.run(ThreadPoolExecutor.java:624)
	at java.lang.Thread.run(Thread.java:748)
Caused by: org.jboss.weld.exceptions.DefinitionException: WELD-000075: Normal scoped managed bean implementation class has a public field:  [EnhancedAnnotatedFieldImpl] public application.microprofile.web.BookEndpoint.isTimeoutTest
	at org.jboss.weld.bean.ManagedBean.checkBeanImplementation(ManagedBean.java:230)
	at org.jboss.weld.bean.AbstractClassBean.internalInitialize(AbstractClassBean.java:74)
	at org.jboss.weld.bean.ManagedBean.internalInitialize(ManagedBean.java:105)
	at org.jboss.weld.bean.RIBean.initialize(RIBean.java:69)
	at org.jboss.weld.bootstrap.ConcurrentBeanDeployer$5.doWork(ConcurrentBeanDeployer.java:117)
	at org.jboss.weld.bootstrap.ConcurrentBeanDeployer$5.doWork(ConcurrentBeanDeployer.java:114)
	at org.jboss.weld.executor.IterativeWorkerTaskFactory$1.call(IterativeWorkerTaskFactory.java:62)
	at org.jboss.weld.executor.IterativeWorkerTaskFactory$1.call(IterativeWorkerTaskFactory.java:55)
	at java.util.concurrent.FutureTask.run(FutureTask.java:266)
	... 3 more

Dump of callerThis
Object type = com.ibm.ws.app.manager.war.internal.WARDeployedAppInfo
  CONTEXT_ROOT = "context-root"
  webModuleHandler = class com.ibm.ws.app.manager.web.internal.WebModuleHandlerImpl@51331ba9
    serialVersionUID = 4795602325763828210
    $$$tc$$$ = class com.ibm.websphere.ras.TraceComponent@5607e9e2
      strings[0] = "TraceComponent[com.ibm.ws.app.manager.web.internal.WebModuleHandlerImpl,class com.ibm.ws.app.manager.web.internal.WebModuleHandlerImpl,[webcontainer, applications, app.manager],com.ibm.ws.app.manager.war.internal.resources.Messages,null]"
    futureMonitor = class com.ibm.ws.threading.internal.FutureMonitorImpl@64266809
    metaDataService = class com.ibm.ws.container.service.metadata.internal.MetaDataServiceImpl@4384cd83
    stateChangeService = class com.ibm.ws.container.service.state.internal.StateChangeServiceImpl@76cf459a
    moduleRuntimeContainer = class com.ibm.ws.webcontainer.osgi.WebContainer@d04b0f7
      tc = class com.ibm.websphere.ras.TraceComponent@3cb26097
      CLASS_NAME = "com.ibm.ws.webcontainer.osgi.WebContainer"
      initialized = true
      eventService = class com.ibm.ws.event.internal.EventEngineImpl@63401c3e
      futureMonitor = class com.ibm.ws.threading.internal.FutureMonitorImpl@64266809
      classLoadingSRRef = class com.ibm.wsspi.kernel.service.utils.AtomicServiceReference@48287b8b
      sessionHelperSRRef = class com.ibm.wsspi.kernel.service.utils.AtomicServiceReference@6dd97901
      cacheManagerSRRef = class com.ibm.wsspi.kernel.service.utils.AtomicServiceReference@5c66161e
      injectionEngineSRRef = class com.ibm.wsspi.kernel.service.utils.AtomicServiceReference@3fa44040
      managedObjectServiceSRRef = class com.ibm.wsspi.kernel.service.utils.AtomicServiceReference@345b801c
      backgroundWebAppStartFutures = class com.ibm.ws.webcontainer.util.OneTimeUseArrayList@126cf6e7
      REFERENCE_WEB_MBEAN_RUNTIME = "webMBeanRuntime"
      webMBeanRuntimeServiceRef = class com.ibm.wsspi.kernel.service.utils.AtomicServiceReference@7e56d452
      servletContainerInitializers = class com.ibm.wsspi.kernel.service.utils.ConcurrentServiceReferenceSet@636d3d98
      es = class com.ibm.ws.threading.internal.ExecutorServiceImpl@61a63d00
      locationServiceRef = class java.util.concurrent.atomic.AtomicReference@b5e1a89
      transferContextServiceRef = class com.ibm.wsspi.kernel.service.utils.ConcurrentServiceReferenceSet@7e701ecb
      encodingServiceRef = class java.util.concurrent.atomic.AtomicReference@364ca113
      instance = class java.util.concurrent.atomic.AtomicReference@3c47cbbf
      vhostManager = class com.ibm.ws.webcontainer.osgi.DynamicVirtualHostManager@47b614ec
      metaDataService = class com.ibm.ws.container.service.metadata.internal.MetaDataServiceImpl@4384cd83
      j2eeNameFactory = class com.ibm.ws.container.service.metadata.internal.J2EENameFactoryImpl@39cedc97
      context = class org.apache.felix.scr.impl.manager.ComponentContextImpl@6a59b684
      contextRoots = class java.util.Collections$SynchronizedSet@68419243
      pendingContextRoots = class java.util.HashMap@1fa7fad3
      deployedModuleMap = class java.util.concurrent.ConcurrentHashMap@5042a7d4
      connContextPool = class com.ibm.ws.webcontainer31.osgi.srt.factory.SRTConnectionContextPool31Impl@7708d6ce
      DEFAULT_PORT = "*"
      DEFAULT_VHOST_NAME = "default_host"
      cachedServerInfo = "IBM WebSphere Liberty/${liberty.service.version}"
      lock = class com.ibm.ws.webcontainer.osgi.WebContainer$1@13bf91e6
      webAppFactory = class com.ibm.ws.webcontainer31.osgi.webapp.factory.WebAppFactoryImpl31@336e9020
      requestFactory = class com.ibm.ws.webcontainer31.osgi.response.factory.IRequestResponseFactory@7657ed9e
      responseFactory = class com.ibm.ws.webcontainer31.osgi.response.factory.IRequestResponseFactory@7657ed9e
      asyncContextFactory = class com.ibm.ws.webcontainer31.async.factory.AsyncContextFactory31Impl@4758fb3c
      DEFAULT_MAX_VERSION = 30
      versionRef = class org.eclipse.osgi.internal.serviceregistry.ServiceReferenceImpl@28077290
      serverStopping = class com.ibm.ws.staticvalue.StaticValue$FinalSingleton@6faf1820
      modulesStarting = 0
      uriMatcherFactory = class com.ibm.wsspi.webcontainer31.util.factory.URIMatcherFactory31Impl@265d2356
      SPEC_LEVEL_UNLOADED = -1
      SPEC_LEVEL_30 = 30
      SPEC_LEVEL_31 = 31
      SPEC_LEVEL_40 = 40
      DEFAULT_SPEC_LEVEL = 30
      loadedContainerSpecLevel = 31
      ISO = "ISO-8859-1"
      encoding = "UTF-8"
      decode = true
      wcconfig = class com.ibm.ws.webcontainer.osgi.WebContainerConfiguration@35dcd803
      applicationListeners = class java.util.ArrayList@2225b880
      servletListeners = class java.util.ArrayList@6dad6801
      servletErrorListeners = class java.util.ArrayList@2e5f2963
      servletInvocationListeners = class java.util.ArrayList@7d10f06b
      filterInvocationListeners = class java.util.ArrayList@72fea6f1
      filterErrorListeners = class java.util.ArrayList@749525cf
      filterListeners = class java.util.ArrayList@23561e0f
      servletRequestListeners = class java.util.ArrayList@593f21a6
      servletRequestAttributeListeners = class java.util.ArrayList@5e71dd5e
      servletContextListeners = class java.util.ArrayList@3973002
      servletContextAttributeListeners = class java.util.ArrayList@10a2f019
      sessionListeners = class java.util.ArrayList@30b0c1ba
      sessionIdListeners = class java.util.ArrayList@60fb61df
      sessionAttributeListeners = class java.util.ArrayList@5a565ae2
      DEFAULT_HOST = "default_host"
      _initialized = true
      logger = class com.ibm.ws.logging.internal.WsLogger@5df35b89
      CLASS_NAME = "com.ibm.ws.webcontainer.internal.WebContainer"
      nls = class com.ibm.ejs.ras.TraceNLS@6b78fc9c
      self = class java.util.concurrent.atomic.AtomicReference@50369db5
      _cipherToBit = class java.util.HashMap@38df4c1b
      cacheKeyStringBuilder = class com.ibm.ws.util.WSThreadLocal@7f37679a
      listenersInitialized = true
      webConProperties = class java.util.Properties@5307e8fc
      sessionRegistry = null
      isStopped = false
      readWriteLockForStopping = class java.util.concurrent.locks.ReentrantReadWriteLock@37b81c1c
      urlPrefix = ";jsessionid="
      extensionFactories = class java.util.ArrayList@75452164
      postInitExtensionFactories = null
      httpResponseListeners = class java.util.ArrayList@318a83e1
      servletContainerInitializers = class java.util.ServiceLoader@5d26cd24
      auditManager = class com.ibm.websphere.security.audit.context.AuditManager@2a097260
      threadLocal = class java.lang.ThreadLocal@769b2844
      invocationCacheSize = 500
      decodePlusSign = true
      _cacheMap = class java.util.concurrent.ConcurrentHashMap@136b38fd
      _cacheSize = class java.util.concurrent.atomic.AtomicInteger@78cf9859
      vHostCompatFlag = false
      platformHelper = class com.ibm.ws.webcontainer.PlatformHelper@19b46f52
      isDefaultTempDir = true
      tempDir = null
      servletCachingInitNeeded = true
      appInstallBegun = true
      cacheServletWrapperFactory = class com.ibm.ws.webcontainer31.servlet.factory.CacheServletWrapperFactory31Impl@36c2bd28
      commands = class java.util.ArrayList@78ad9550
      requestMapper = class com.ibm.ws.webcontainer.util.VirtualHostContextRootMapper@42d9abe8
      parent = null
      name = "Was.webcontainer"
      isAlive = true
      subElements = class java.util.HashMap@3b11ccae
      attributes = null
      config = null
      serialVersionUID = -8271459000149267764
      $$$tc$$$ = class com.ibm.websphere.ras.TraceComponent@3f59c9ee
    firstFailure = null
    serialVersionUID = -4563697739413190872
    $$$tc$$$ = class com.ibm.websphere.ras.TraceComponent@2480784d
      strings[0] = "TraceComponent[com.ibm.ws.app.manager.module.internal.ModuleHandlerBase,class com.ibm.ws.app.manager.module.internal.ModuleHandlerBase,[applications, app.manager],,null]"
  webContainerModuleInfo = class com.ibm.ws.app.manager.module.internal.SimpleDeployedAppInfoBase$WebModuleContainerInfo@784ea39c
    contextRoot = "/microprofile"
    defaultContextRoot = "microprofile"
    serialVersionUID = -8158961796913348204
    $$$tc$$$ = class com.ibm.websphere.ras.TraceComponent@12f2a0ad
      strings[0] = "TraceComponent[com.ibm.ws.app.manager.module.internal.SimpleDeployedAppInfoBase$WebModuleContainerInfo,class com.ibm.ws.app.manager.module.internal.SimpleDeployedAppInfoBase$WebModuleContainerInfo,[applications, app.manager],,null]"
    moduleHandler = class com.ibm.ws.app.manager.web.internal.WebModuleHandlerImpl@51331ba9
    moduleMetaDataExtenders = class java.util.concurrent.CopyOnWriteArrayList@7f439122
      serialVersionUID = 8673264195747942595
      lock = class java.util.concurrent.locks.ReentrantLock@391546b8
      array = class java.lang.Object[2]
      UNSAFE = class sun.misc.Unsafe@52d7c8a9
      lockOffset = 12
    nestedModuleMetaDataFactories = class java.util.concurrent.CopyOnWriteArrayList@2ecac37a
      serialVersionUID = 8673264195747942595
      lock = class java.util.concurrent.locks.ReentrantLock@435097a8
      array = class java.lang.Object[1]
      UNSAFE = class sun.misc.Unsafe@52d7c8a9
      lockOffset = 12
    nestedModules = null
    moduleName = "microprofile-1.0-SNAPSHOT"
    moduleDD = null
    moduleInfo = class com.ibm.ws.app.manager.module.internal.WebModuleInfoImpl@4db482f
      contextRoot = "/microprofile"
      isDefaultContextRootUsed = false
      serialVersionUID = -1540279394520440503
      $$$tc$$$ = class com.ibm.websphere.ras.TraceComponent@27848f59
      tc = class com.ibm.websphere.ras.TraceComponent@19dcae36
      appInfo = class com.ibm.ws.container.service.app.deploy.internal.ApplicationInfoImpl@20b2c3c9
      moduleName = "microprofile-1.0-SNAPSHOT"
      path = "microprofile-1.0-SNAPSHOT.war"
      moduleContainer = class com.ibm.ws.adaptable.module.internal.AdaptableContainerImpl@39653661
      altDDEntry = null
      moduleClassesContainers = class java.util.ArrayList@497836ca
      classLoaderFactory = class com.ibm.ws.app.manager.war.internal.WARDeployedAppInfo@673f702
      containerInfoType = class com.ibm.ws.container.service.app.deploy.ContainerInfo$Type@2a517823
      classLoader = class com.ibm.ws.classloading.internal.AppClassLoader@7e0b6b11
      moduleMetaData = class com.ibm.ws.webcontainer.osgi.metadata.WebModuleMetaDataImpl@4a1b8a48
      nestedModuleMetaDataTypes = null
      nestedModuleMetaDataValues = null
      serialVersionUID = 3986734351620206554
    serialVersionUID = 8693907776607441911
    $$$tc$$$ = class com.ibm.websphere.ras.TraceComponent@2e965587
      strings[0] = "TraceComponent[com.ibm.ws.app.manager.module.internal.SimpleDeployedAppInfoBase$ModuleContainerInfoBase,class com.ibm.ws.app.manager.module.internal.SimpleDeployedAppInfoBase$ModuleContainerInfoBase,[applications, app.manager],,null]"
    type = class com.ibm.ws.container.service.app.deploy.ContainerInfo$Type@2a517823
      MANIFEST_CLASSPATH = class com.ibm.ws.container.service.app.deploy.ContainerInfo$Type@4576f7d8
      WEB_INF_CLASSES = class com.ibm.ws.container.service.app.deploy.ContainerInfo$Type@461197a1
      WEB_INF_LIB = class com.ibm.ws.container.service.app.deploy.ContainerInfo$Type@47f34da3
      EAR_LIB = class com.ibm.ws.container.service.app.deploy.ContainerInfo$Type@40bbb86
      WEB_MODULE = class com.ibm.ws.container.service.app.deploy.ContainerInfo$Type@2a517823
      EJB_MODULE = class com.ibm.ws.container.service.app.deploy.ContainerInfo$Type@76b144e8
      CLIENT_MODULE = class com.ibm.ws.container.service.app.deploy.ContainerInfo$Type@3cd77900
      RAR_MODULE = class com.ibm.ws.container.service.app.deploy.ContainerInfo$Type@6114a56c
      JAR_MODULE = class com.ibm.ws.container.service.app.deploy.ContainerInfo$Type@389ae543
      SHARED_LIB = class com.ibm.ws.container.service.app.deploy.ContainerInfo$Type@44f060bc
      $VALUES = class com.ibm.ws.container.service.app.deploy.ContainerInfo$Type[10]
      $$$tc$$$ = class com.ibm.websphere.ras.TraceComponent@41e48437
      name = "WEB_MODULE"
      ordinal = 4
    name = "microprofile-1.0-SNAPSHOT.war"
    container = class com.ibm.ws.adaptable.module.internal.AdaptableContainerImpl@39653661
      root = class com.ibm.ws.adaptable.module.internal.AdaptableContainerImpl@39653661
      rootOverlay = class com.ibm.ws.artifact.overlay.internal.DirectoryBasedOverlayContainerImpl@4369c5d2
      factoryHolder = class com.ibm.ws.adaptable.module.internal.AdaptableModuleFactoryImpl@6642f5b8
      delegate = class com.ibm.ws.artifact.overlay.internal.DirectoryBasedOverlayContainerImpl@4369c5d2
      notifier = class com.ibm.ws.adaptable.module.internal.NotifierImpl@63029263
      serialVersionUID = -5621513278641113667
      $$$tc$$$ = class com.ibm.websphere.ras.TraceComponent@43df60dc
    altDDEntry = null
    classesContainerInfo = class java.util.ArrayList@497836ca
      serialVersionUID = 8683452581122892189
      DEFAULT_CAPACITY = 10
      EMPTY_ELEMENTDATA = class java.lang.Object[0]
      DEFAULTCAPACITY_EMPTY_ELEMENTDATA = class java.lang.Object[0]
      elementData = class java.lang.Object[10]
      size = 2
      MAX_ARRAY_SIZE = 2147483639
      modCount = 3
      MAX_ARRAY_SIZE = 2147483639
    serialVersionUID = 7427332431485745589
    $$$tc$$$ = class com.ibm.websphere.ras.TraceComponent@6bd99b68
      strings[0] = "TraceComponent[com.ibm.ws.app.manager.module.internal.SimpleDeployedAppInfoBase$ExtendedContainerInfo,class com.ibm.ws.app.manager.module.internal.SimpleDeployedAppInfoBase$ExtendedContainerInfo,[applications, app.manager],,null]"
  DYNAMIC_IMPORT_PACKAGE_LIST = class java.util.Collections$UnmodifiableRandomAccessList@60d2292e
    serialVersionUID = -2542308836966382001
    serialVersionUID = -283967356065247728
    list = class java.util.Arrays$ArrayList@72ce7313
      serialVersionUID = -2764017481108945198
      a = class java.lang.String[1]
      modCount = 0
      MAX_ARRAY_SIZE = 2147483639
    serialVersionUID = 1820017752578914078
    c = class java.util.Arrays$ArrayList@72ce7313
  serialVersionUID = -6153587016903242961
  $$$tc$$$ = class com.ibm.websphere.ras.TraceComponent@711a65ba
    strings[0] = "TraceComponent[com.ibm.ws.app.manager.war.internal.WARDeployedAppInfo,class com.ibm.ws.app.manager.war.internal.WARDeployedAppInfo,[webcontainer, applications, app.manager],com.ibm.ws.app.manager.war.internal.resources.Messages,null]"
  _tc = class com.ibm.websphere.ras.TraceComponent@3da8291a
    strings[0] = "TraceComponent[com.ibm.ws.app.manager.module.internal.DeployedAppInfoBase,class com.ibm.ws.app.manager.module.internal.DeployedAppInfoBase,[app.manager],com.ibm.ws.app.manager.module.internal.resources.Messages,null]"
  PERMISSION_XML = "permissions.xml"
  applicationInformation = class com.ibm.ws.app.manager.internal.ApplicationInstallInfo@c9789fc
    _config = class com.ibm.ws.app.manager.internal.ApplicationConfig@4fd9dab8
      _configPid = "com.ibm.ws.app.manager_20"
      _config = class com.ibm.ws.config.admin.ConfigurationDictionary@2a6f5700
      _location = "microprofile-1.0-SNAPSHOT.war"
      _type = "war"
      _name = "microprofile"
      _notificationBroadcasterSupport = class javax.management.NotificationBroadcasterSupport@2e92e96f
    _handlerInfo = class java.util.concurrent.atomic.AtomicReference@b7a677e
      serialVersionUID = -1848883965231344442
      unsafe = class sun.misc.Unsafe@52d7c8a9
      valueOffset = 12
      value = class com.ibm.ws.app.manager.war.internal.WARDeployedAppInfo@673f702
    _container = class java.util.concurrent.atomic.AtomicReference@66c6b0f0
      serialVersionUID = -1848883965231344442
      unsafe = class sun.misc.Unsafe@52d7c8a9
      valueOffset = 12
      value = class com.ibm.ws.adaptable.module.internal.AdaptableContainerImpl@39653661
    _resolvedLocation = class java.util.concurrent.atomic.AtomicReference@78a831a0
      serialVersionUID = -1848883965231344442
      unsafe = class sun.misc.Unsafe@52d7c8a9
      valueOffset = 12
      value = class com.ibm.ws.kernel.service.location.internal.LocalFileResource@352e0fc2
    _handler = class com.ibm.ws.app.manager.war.internal.WARApplicationHandlerImpl@79252817
      futureMonitor = class com.ibm.ws.threading.internal.FutureMonitorImpl@64266809
      deployedAppFactory = class com.ibm.ws.app.manager.war.internal.WARDeployedAppInfoFactoryImpl@23fefc13
      serialVersionUID = 4622845147410944782
      $$$tc$$$ = class com.ibm.websphere.ras.TraceComponent@462a6df2
    _ami = class java.util.concurrent.atomic.AtomicReference@21bce1da
      serialVersionUID = -1848883965231344442
      unsafe = class sun.misc.Unsafe@52d7c8a9
      valueOffset = 12
      value = class com.ibm.wsspi.application.handler.DefaultApplicationMonitoringInformation@3ee87f33
    _updateHandler = class com.ibm.ws.app.manager.internal.statemachine.ApplicationStateMachineImpl@72ae942d
      _tc = class com.ibm.websphere.ras.TraceComponent@7def95fe
      EMPTY_FUTURE_ARRAY = interface java.util.concurrent.Future[0]
      asmSequenceNumber = class java.util.concurrent.atomic.AtomicLong@6dd4f5a1
      _qscaCounter = class java.util.concurrent.atomic.AtomicInteger@69a57fc5
      _failedThrowable = null
      _interruptibleLock = class com.ibm.ws.app.manager.internal.statemachine.ApplicationStateMachineImpl$2@74537e0c
      _interruptible = false
      _performingQueuedActions = true
      _queuedActions = class java.util.concurrent.ConcurrentLinkedQueue@3210319
      _callbackState = class java.util.concurrent.atomic.AtomicReference@49928721
      blockAppStartingFutures = class java.util.Collections$SetFromMap@b0b9281
      waitingForAppHandlerFuture = class java.util.concurrent.atomic.AtomicReference@64472ef2
      waitingForExplicitStartFuture = class java.util.concurrent.atomic.AtomicReference@6f75c0a8
      completionListener = class java.util.concurrent.atomic.AtomicReference@3283f9e8
      _notifyAppStopped = class java.util.concurrent.ConcurrentLinkedQueue@654beaa3
      _notifyAppStarting = class java.util.concurrent.ConcurrentLinkedQueue@38a67846
      _notifyAppInstallCalled = class java.util.concurrent.ConcurrentLinkedQueue@79978f7a
      _notifyAppStarted = class java.util.concurrent.ConcurrentLinkedQueue@54767519
      _notifyAppRemoved = class java.util.concurrent.ConcurrentLinkedQueue@6ed283c6
      _stateLock = class com.ibm.ws.app.manager.internal.statemachine.ApplicationStateMachineImpl$3@65bda212
      _internalState = class java.util.concurrent.atomic.AtomicReference@20941d80
      _currentAction = class java.util.concurrent.atomic.AtomicReference@472d6a36
      _rfa = class java.util.concurrent.atomic.AtomicReference@3d1b0da6
      _appInstallInfo = class java.util.concurrent.atomic.AtomicReference@353e9525
      _update = class java.util.concurrent.atomic.AtomicBoolean@3546e61f
      _appConfig = class java.util.concurrent.atomic.AtomicReference@1996565b
      _nextAppConfig = class java.util.concurrent.atomic.AtomicReference@7c051ef2
      _appContainer = class java.util.concurrent.atomic.AtomicReference@3dd32bea
      _resolvedLocation = class java.util.concurrent.atomic.AtomicReference@3f275451
      _handler = class java.util.concurrent.atomic.AtomicReference@14a8f960
      _asmSeqNo = 2
      _ctx = class org.eclipse.osgi.internal.framework.BundleContextImpl@16919ccc
      _locAdmin = class com.ibm.ws.kernel.service.location.internal.WsLocationAdminImpl@408e9789
      _futureMonitor = class com.ibm.ws.threading.internal.FutureMonitorImpl@64266809
      _artifactFactory = class com.ibm.ws.artifact.internal.ArtifactContainerFactoryService@63b68b37
      _moduleFactory = class com.ibm.ws.adaptable.module.internal.AdaptableModuleFactoryImpl@6642f5b8
      _executorService = class com.ibm.ws.threading.internal.ExecutorServiceImpl@61a63d00
      _scheduledExecutorService = class com.ibm.ws.threading.internal.ScheduledExecutorImpl@3216abad
      _asmHelper = class com.ibm.ws.app.manager.internal.ApplicationConfigurator$NamedApplication@2064f78e
      _appMonitor = class com.ibm.ws.app.manager.internal.monitor.ApplicationMonitor@61050b9
      enterStateCalled = class java.util.concurrent.atomic.AtomicBoolean@51210652
      serialVersionUID = -1399093980790866556
      serialVersionUID = 5501066335104962649
      $$$tc$$$ = class com.ibm.websphere.ras.TraceComponent@493d623a
    serialVersionUID = 3995013949638210907
    $$$tc$$$ = class com.ibm.websphere.ras.TraceComponent@3eb021d8
      strings[0] = "TraceComponent[com.ibm.ws.app.manager.internal.ApplicationInstallInfo,class com.ibm.ws.app.manager.internal.ApplicationInstallInfo,[applications, app.manager],com.ibm.ws.app.manager.internal.resources.AppManagerMessages,null]"
  location = "/home/ibmdemo/Student/workspace/microprofile/target/liberty/wlp/usr/servers/defaultServer/apps/microprofile-1.0-SNAPSHOT.war.xml"
  classLoadingService = class com.ibm.ws.classloading.internal.ClassLoadingServiceImpl@5acb0e76
    tc = class com.ibm.websphere.ras.TraceComponent@32d96282
      strings[0] = "TraceComponent[com.ibm.ws.classloading.internal.ClassLoadingServiceImpl,class com.ibm.ws.classloading.internal.ClassLoadingServiceImpl,[ClassLoadingService],com.ibm.ws.classloading.internal.resources.ClassLoadingServiceMessages,null]"
    leakDetectionMap = class java.util.HashMap@6dc761f
      serialVersionUID = 362498820763181265
      DEFAULT_INITIAL_CAPACITY = 16
      MAXIMUM_CAPACITY = 1073741824
      DEFAULT_LOAD_FACTOR = 0.75
      TREEIFY_THRESHOLD = 8
      UNTREEIFY_THRESHOLD = 6
      MIN_TREEIFY_CAPACITY = 64
      table = null
      entrySet = null
      size = 0
      modCount = 0
      threshold = 0
      loadFactor = 0.75
      keySet = null
      values = null
    TCCL_LOCK_WAIT = 15000
    REFERENCE_GENERATORS = "generators"
    bundleContext = class org.eclipse.osgi.internal.framework.BundleContextImpl@3cd872e5
    aclStore = class com.ibm.ws.classloading.internal.util.CanonicalStore@68ad5dc3
      map = class java.util.concurrent.ConcurrentHashMap@b9f8371
      q = class com.ibm.ws.classloading.internal.util.RefQueue@5402f530
      serialVersionUID = 6715157558227169968
      $$$tc$$$ = class com.ibm.websphere.ras.TraceComponent@3c55225b
    tcclStore = class com.ibm.ws.classloading.internal.util.CanonicalStore@69fafd2e
      map = class java.util.concurrent.ConcurrentHashMap@6702404e
      q = class com.ibm.ws.classloading.internal.util.RefQueue@23467524
      serialVersionUID = 6715157558227169968
      $$$tc$$$ = class com.ibm.websphere.ras.TraceComponent@3c55225b
    tcclStoreLock = class java.util.concurrent.locks.ReentrantLock@74bed27d
      serialVersionUID = 7373984872572414699
      sync = class java.util.concurrent.locks.ReentrantLock$NonfairSync@47f99820
    digraph = class org.eclipse.equinox.internal.region.StandardRegionDigraph@11b72e7b
      EMPTY_EDGE_SET = class java.util.Collections$UnmodifiableSet@51802cfb
      monitor = class java.lang.Object@3a414264
      regions = class java.util.HashMap@6841cdf3
      bundleIdToRegionMapping = class org.eclipse.equinox.internal.region.StandardBundleIdToRegionMapping@35c2a60
      edges = class java.util.HashMap@53eb3904
      bundleContext = class org.eclipse.osgi.internal.framework.BundleContextImpl@59e2d8e3
      threadLocal = class java.lang.ThreadLocal@6389037f
      subgraphTraverser = class org.eclipse.equinox.internal.region.SubgraphTraverser@54174a8
      bundleCollisionHook = class org.eclipse.equinox.internal.region.hook.RegionBundleCollisionHook@67ac414a
      bundleEventHook = class org.eclipse.equinox.internal.region.hook.RegionBundleEventHook@6d8577a2
      bundleFindHook = class org.eclipse.equinox.internal.region.hook.RegionBundleFindHook@463c1396
      serviceEventHook = class org.eclipse.equinox.internal.region.hook.RegionServiceEventHook@4856cbcd
      serviceFindHook = class org.eclipse.equinox.internal.region.hook.RegionServiceFindHook@4df5659c
      resolverHookFactory = class org.eclipse.equinox.internal.region.hook.RegionResolverHookFactory@b8b23e7
      origin = null
      originUpdateCount = -1
      updateCount = class java.util.concurrent.atomic.AtomicLong@2d8d31a3
      defaultRegion = null
    redefiner = class com.ibm.ws.classloading.internal.util.ClassRedefiner@13763acb
      tc = class com.ibm.websphere.ras.TraceComponent@51dc70eb
      LS = "
"
      inst = class com.ibm.ws.kernel.launch.internal.TraceInstrumentation@31b2fd0e
      serialVersionUID = 2420101865139508526
    listener = class com.ibm.ws.classloading.internal.ClassLoadingServiceImpl$1@2d5ba606
      this$0 = class com.ibm.ws.classloading.internal.ClassLoadingServiceImpl@5acb0e76
      serialVersionUID = -9159707349812113172
      $$$tc$$$ = class com.ibm.websphere.ras.TraceComponent@3e173342
    classloaders = class java.util.Collections$SynchronizedMap@2f74b4ea
      serialVersionUID = 1978198479659022715
      m = class java.util.HashMap@4c068f24
      mutex = class java.util.Collections$SynchronizedMap@2f74b4ea
      keySet = null
      entrySet = null
      values = null
    resourceProviders = class com.ibm.ws.classloading.internal.CompositeResourceProvider@7988389
      lockFactory = class java.util.concurrent.locks.ReentrantReadWriteLock@24713611
      providerMap = class com.ibm.ws.classloading.internal.util.MultiMap@4e1548fa
      serialVersionUID = -5576435894946156347
      $$$tc$$$ = class com.ibm.websphere.ras.TraceComponent@5dfcd401
    rememberedBundles = class java.util.concurrent.ConcurrentHashMap@259a41d3
      serialVersionUID = 7249069246763182397
      MAXIMUM_CAPACITY = 1073741824
      DEFAULT_CAPACITY = 16
      MAX_ARRAY_SIZE = 2147483639
      DEFAULT_CONCURRENCY_LEVEL = 16
      LOAD_FACTOR = 0.75
      TREEIFY_THRESHOLD = 8
      UNTREEIFY_THRESHOLD = 6
      MIN_TREEIFY_CAPACITY = 64
      MIN_TRANSFER_STRIDE = 16
      RESIZE_STAMP_BITS = 16
      MAX_RESIZERS = 65535
      RESIZE_STAMP_SHIFT = 16
      MOVED = -1
      TREEBIN = -2
      RESERVED = -3
      HASH_BITS = 2147483647
      NCPU = 4
      serialPersistentFields = class java.io.ObjectStreamField[3]
      table = class java.util.concurrent.ConcurrentHashMap$Node[16]
      nextTable = null
      baseCount = 4
      sizeCtl = 12
      transferIndex = 0
      cellsBusy = 0
      counterCells = null
      keySet = null
      values = null
      entrySet = null
      U = class sun.misc.Unsafe@52d7c8a9
      SIZECTL = 20
      TRANSFERINDEX = 32
      BASECOUNT = 24
      CELLSBUSY = 36
      CELLVALUE = 144
      ABASE = 16
      ASHIFT = 2
      keySet = null
      values = null
    collectedBundles = class java.lang.ref.ReferenceQueue@5501a8f0
      NULL = class java.lang.ref.ReferenceQueue$Null@f4480f5
      ENQUEUED = class java.lang.ref.ReferenceQueue$Null@73aadfd0
      lock = class java.lang.ref.ReferenceQueue$Lock@506c3c58
      head = null
      queueLength = 0
      $assertionsDisabled = true
    generatorRefs = class com.ibm.wsspi.kernel.service.utils.ConcurrentServiceReferenceSet@5f58955e
      referenceName = "generators"
      contextRef = class java.util.concurrent.atomic.AtomicReference@6151580c
      elementMap = class java.util.LinkedHashMap@12c53e35
      elementSet = class java.util.concurrent.ConcurrentSkipListSet@10b6d4e5
      elementSetUnsorted = false
      serialVersionUID = 756240983881166148
      $$$tc$$$ = class com.ibm.websphere.ras.TraceComponent@33d1652f
    generatorManager = class com.ibm.ws.classloading.internal.ClassGeneratorManager@1c1fc1f7
      tc = class com.ibm.websphere.ras.TraceComponent@10c59604
      generatorRefs = class com.ibm.wsspi.kernel.service.utils.ConcurrentServiceReferenceSet@5f58955e
      serialVersionUID = 4152663586056483310
    appExtLibs = class java.util.concurrent.CopyOnWriteArrayList@6bfc8f7e
      serialVersionUID = 8673264195747942595
      lock = class java.util.concurrent.locks.ReentrantLock@2f7ec9f6
      array = class java.lang.Object[0]
      UNSAFE = class sun.misc.Unsafe@52d7c8a9
      lockOffset = 12
    metaInfServicesProviders = class java.util.concurrent.ConcurrentHashMap@33e2ecd9
      serialVersionUID = 7249069246763182397
      MAXIMUM_CAPACITY = 1073741824
      DEFAULT_CAPACITY = 16
      MAX_ARRAY_SIZE = 2147483639
      DEFAULT_CONCURRENCY_LEVEL = 16
      LOAD_FACTOR = 0.75
      TREEIFY_THRESHOLD = 8
      UNTREEIFY_THRESHOLD = 6
      MIN_TREEIFY_CAPACITY = 64
      MIN_TRANSFER_STRIDE = 16
      RESIZE_STAMP_BITS = 16
      MAX_RESIZERS = 65535
      RESIZE_STAMP_SHIFT = 16
      MOVED = -1
      TREEBIN = -2
      RESERVED = -3
      HASH_BITS = 2147483647
      NCPU = 4
      serialPersistentFields = class java.io.ObjectStreamField[3]
      table = null
      nextTable = null
      baseCount = 0
      sizeCtl = 0
      transferIndex = 0
      cellsBusy = 0
      counterCells = null
      keySet = null
      values = null
      entrySet = null
      U = class sun.misc.Unsafe@52d7c8a9
      SIZECTL = 20
      TRANSFERINDEX = 32
      BASECOUNT = 24
      CELLSBUSY = 36
      CELLVALUE = 144
      ABASE = 16
      ASHIFT = 2
      keySet = null
      values = null
    metaInfServicesRefs = class com.ibm.wsspi.kernel.service.utils.ConcurrentServiceReferenceMap@280b7d9e
      referenceName = "MetaInfServicesProvider"
      context = class org.apache.felix.scr.impl.manager.ComponentContextImpl@47c691c5
      elementMap = class java.util.concurrent.ConcurrentHashMap@322172af
      serialVersionUID = 6980924785166233786
      $$$tc$$$ = class com.ibm.websphere.ras.TraceComponent@59af0397
    protectionDomainMap = class java.util.HashMap@4af91111
      serialVersionUID = 362498820763181265
      DEFAULT_INITIAL_CAPACITY = 16
      MAXIMUM_CAPACITY = 1073741824
      DEFAULT_LOAD_FACTOR = 0.75
      TREEIFY_THRESHOLD = 8
      UNTREEIFY_THRESHOLD = 6
      MIN_TREEIFY_CAPACITY = 64
      table = null
      entrySet = null
      size = 0
      modCount = 0
      threshold = 0
      loadFactor = 0.75
      keySet = null
      values = null
    metadataIdentifierService = class com.ibm.ws.container.service.metadata.internal.MetaDataServiceImpl@4384cd83
    serialVersionUID = 3750725462702355330
  globalSharedLibrary = class com.ibm.ws.library.internal.SharedLibraryImpl@136cb8d5
    tc = class com.ibm.websphere.ras.TraceComponent@6c9f13c7
      strings[0] = "TraceComponent[com.ibm.ws.library.internal.SharedLibraryImpl,class com.ibm.ws.library.internal.SharedLibraryImpl,[SharedLibrary],com.ibm.ws.classloading.internal.resources.ClassLoadingServiceMessages,null]"
    EMPTY_LIBRARY_LISTENERS = interface com.ibm.wsspi.library.LibraryChangeListener[0]
    deleted = false
    libraryListenersTracker = class org.osgi.util.tracker.ServiceTracker@37bf05a1
      DEBUG = false
      context = class org.eclipse.osgi.internal.framework.BundleContextImpl@3cd872e5
      filter = class org.eclipse.osgi.internal.framework.FilterImpl@2213db9e
      customizer = class org.osgi.util.tracker.ServiceTracker@37bf05a1
      listenerFilter = "(&(objectClass=com.ibm.wsspi.library.LibraryChangeListener)(|(library=global)(libraryRef=*com.ibm.ws.classloading.sharedlibrary_37*)))"
      trackClass = null
      trackReference = null
      tracked = class org.osgi.util.tracker.ServiceTracker$Tracked@1d5ed9db
      cachedReference = null
      cachedService = null
    libraryReg = class org.eclipse.osgi.internal.serviceregistry.ServiceRegistrationImpl@54d9dd0c
      registry = class org.eclipse.osgi.internal.serviceregistry.ServiceRegistry@3fd60ed5
      context = class org.eclipse.osgi.internal.framework.BundleContextImpl@3cd872e5
      bundle = class org.eclipse.osgi.internal.framework.EquinoxBundle@73e9c8a6
      clazzes = class java.lang.String[1]
      service = class com.ibm.ws.library.internal.SharedLibraryImpl@136cb8d5
      reference = class org.eclipse.osgi.internal.serviceregistry.ServiceReferenceImpl@5a5c9a64
      contextsUsing = class java.util.ArrayList@3e03cc06
      properties = class java.util.Collections$UnmodifiableMap@312ccdb5
      serviceid = 237
      serviceranking = 2
      registrationLock = class java.lang.Object@62168370
      state = 0
      REGISTERED = 0
      UNREGISTERING = 1
      UNREGISTERED = 2
      FRAMEWORK_SET_SERVICE_PROPERTIES_COUNT = 4
      $assertionsDisabled = true
    ctx = class org.eclipse.osgi.internal.framework.BundleContextImpl@3cd872e5
      findHookName = "org.osgi.framework.hooks.bundle.FindHook"
      valid = true
      bundle = class org.eclipse.osgi.internal.framework.EquinoxBundle@73e9c8a6
      container = class org.eclipse.osgi.internal.framework.EquinoxContainer@7d452e33
      debug = class org.eclipse.osgi.internal.debug.Debug@79f65b14
      servicesInUse = class java.util.HashMap@5eda9b52
      activator = null
      contextLock = class java.lang.Object@4e621f8d
    classLoadingService = class com.ibm.ws.classloading.internal.ClassLoadingServiceImpl@5acb0e76
    configAdmin = class com.ibm.ws.config.admin.internal.ConfigurationAdminImpl@185c9a36
      tc = class com.ibm.websphere.ras.TraceComponent@6e664d2e
      bundle = class org.eclipse.osgi.internal.framework.EquinoxBundle@73e9c8a6
      caFactory = class com.ibm.ws.config.admin.internal.ConfigAdminServiceFactory@242db5f0
      serialVersionUID = 3160799878770679122
    resolvedBasePath = "/home/ibmdemo/Student/workspace/microprofile/target/liberty/wlp/usr/servers/defaultServer/"
    generationLock = class com.ibm.ws.library.internal.SharedLibraryImpl$1@a016b1d
      this$0 = class com.ibm.ws.library.internal.SharedLibraryImpl@136cb8d5
      serialVersionUID = 2483639803450672373
      $$$tc$$$ = class com.ibm.websphere.ras.TraceComponent@3ae3aee
    currentGeneration = class com.ibm.ws.library.internal.LibraryGeneration@3f704ab9
      tc = class com.ibm.websphere.ras.TraceComponent@8d65c3
      nextInt = class java.util.concurrent.atomic.AtomicInteger@71df3cc
      libraryId = "global"
      genId = 2
      libraryProps = class java.util.Hashtable@4d73f27a
      filesetRefs = class java.util.Collections$UnmodifiableRandomAccessList@46405b6c
      apiTypeVisibility = class java.util.RegularEnumSet@1fc0096b
      files = class java.util.Collections$EmptyList@8e3559d
      folders = class java.util.ArrayList@77ab0acc
      fileAndFolderContainers = class java.util.Collections$EmptyList@8e3559d
      filesets = class java.util.concurrent.ArrayBlockingQueue@2599c661
      filesetListenerRegs = class java.util.concurrent.ConcurrentLinkedQueue@61467285
      cancelled = false
      library = class com.ibm.ws.library.internal.SharedLibraryImpl@136cb8d5
      serialVersionUID = 6965220007121905717
    nextGeneration = class com.ibm.ws.library.internal.LibraryGeneration@3f704ab9
    artifactContainerFactory = class com.ibm.ws.library.internal.SharedLibraryFactory$1@702dd2fb
      this$0 = class com.ibm.ws.library.internal.SharedLibraryFactory@7c643e92
      serialVersionUID = 7730244564205089330
      $$$tc$$$ = class com.ibm.websphere.ras.TraceComponent@22e373d2
    packageExporter = class com.ibm.ws.library.internal.LibraryPackageExporter@c5c6be2
      EXPORTER_POSTFIX = "_library_exporter"
      REGION_EXPORT_TO_LIBERTY = "liberty.library.export.to.liberty"
      REGION_EXPORT_TO_OSGI_APPS = "liberty.library.export.to.osgi.app"
      REGION_KERNEL = "org.eclipse.equinox.region.kernel"
      counter = class java.util.concurrent.atomic.AtomicLong@22ea5d8c
      context = class org.eclipse.osgi.internal.framework.BundleContextImpl@3cd872e5
      digraph = class org.eclipse.equinox.internal.region.StandardRegionDigraph@11b72e7b
      bundleToLibrary = class java.util.concurrent.ConcurrentHashMap@6498206b
      libraryToVisibility = class java.util.concurrent.ConcurrentHashMap@42e4eb7b
      serialVersionUID = 8074378969667956573
      $$$tc$$$ = class com.ibm.websphere.ras.TraceComponent@3c36653d
    serialVersionUID = 6288237618632180389
  sharedLibDeploymentInfo = class com.ibm.ws.app.manager.module.internal.DeployedAppInfoBase$SharedLibDeploymentInfo@628678cf
    bundleContext = class org.eclipse.osgi.internal.framework.BundleContextImpl@2b4963f0
      findHookName = "org.osgi.framework.hooks.bundle.FindHook"
      valid = true
      bundle = class org.eclipse.osgi.internal.framework.EquinoxBundle@51c5e146
      container = class org.eclipse.osgi.internal.framework.EquinoxContainer@7d452e33
      debug = class org.eclipse.osgi.internal.debug.Debug@79f65b14
      servicesInUse = class java.util.HashMap@71d3439
      activator = null
      contextLock = class java.lang.Object@214a2d55
    locAdmin = class com.ibm.ws.kernel.service.location.internal.WsLocationAdminImpl@408e9789
      tc = class com.ibm.websphere.ras.TraceComponent@3efc52a4
      LOC_INTERNAL_LIB_DIR = "wlp.lib.dir"
      LOC_AREA_NAME_APPS = "shared/apps/"
      LOC_AREA_NAME_CONFIG = "shared/config/"
      LOC_AREA_NAME_RESC = "shared/resources/"
      LOC_AREA_NAME_STATE = "logs/state/"
      LOC_AREA_NAME_SERVERS = "servers/"
      LOC_AREA_NAME_CLIENTS = "clients/"
      LOC_AREA_NAME_WORKING = "workarea/"
      LOC_AREA_NAME_EXTENSION = "extension/"
      instance = class com.ibm.ws.staticvalue.StaticValue$FinalSingleton@31759f41
      installRoot = class com.ibm.ws.kernel.service.location.internal.SymbolicRootResource@a7a3bcc
      installParentRoot = class com.ibm.ws.kernel.service.location.internal.SymbolicRootResource@2ccdd79a
      userRoot = class com.ibm.ws.kernel.service.location.internal.SymbolicRootResource@f0829ba
      usrExtensionRoot = class com.ibm.ws.kernel.service.location.internal.SymbolicRootResource@121a308d
      serverConfigDir = class com.ibm.ws.kernel.service.location.internal.SymbolicRootResource@4965dd59
      serverOutputDir = class com.ibm.ws.kernel.service.location.internal.SymbolicRootResource@4965dd59
      bootstrapLib = class com.ibm.ws.kernel.service.location.internal.LocalFileResource@bd6a2e8
      serverWorkarea = class com.ibm.ws.kernel.service.location.internal.LocalFileResource@45dd0fd1
      serverState = class com.ibm.ws.kernel.service.location.internal.LocalFileResource@600d1bf
      sharedAppsRoot = class com.ibm.ws.kernel.service.location.internal.SymbolicRootResource@61e85b33
      sharedConfigRoot = class com.ibm.ws.kernel.service.location.internal.SymbolicRootResource@5f176404
      sharedResourceRoot = class com.ibm.ws.kernel.service.location.internal.SymbolicRootResource@72995bb0
      tmpRoot = class com.ibm.ws.kernel.service.location.internal.SymbolicRootResource@7294e175
      serverName = "defaultServer"
      resourcePaths = class java.util.ArrayList@51061dd7
      resourceGroups = class java.util.HashMap@355574b7
      commonRoot = class com.ibm.ws.kernel.service.location.internal.VirtualRootResource@d29fd76
      serialVersionUID = 7766352982799267432
    artifactFactory = class com.ibm.ws.artifact.internal.ArtifactContainerFactoryService@63b68b37
      CATEGORY_PROP_NAME = "category"
      ENTRY_KEY = "com.ibm.wsspi.artifact.ArtifactEntry"
      helperMap = class com.ibm.wsspi.kernel.service.utils.ConcurrentServiceReferenceSetMap@4bb28ee9
      contributorMap = class com.ibm.wsspi.kernel.service.utils.ConcurrentServiceReferenceSetMap@1b077218
      helperCategoryMap = class com.ibm.wsspi.kernel.service.utils.ConcurrentServiceReferenceSetMap@5d73e293
      contributorCategoryMap = class com.ibm.wsspi.kernel.service.utils.ConcurrentServiceReferenceSetMap@5b7a1aec
      categories = class java.util.Collections$SynchronizedSet@46012ac
      baseProperties = class org.apache.felix.scr.impl.helper.ReadOnlyDictionary@2457278a
      serialVersionUID = -3101641399269402013
      $$$tc$$$ = class com.ibm.websphere.ras.TraceComponent@29466c4
    moduleFactory = class com.ibm.ws.adaptable.module.internal.AdaptableModuleFactoryImpl@6642f5b8
      adapterFactoryService = class com.ibm.ws.adaptable.module.internal.AdapterFactoryServiceImpl@2deb05d4
      containerFactory = class com.ibm.ws.artifact.internal.ArtifactContainerFactoryService@63b68b37
      overlayContainerFactory = class com.ibm.ws.artifact.overlay.internal.OverlayContainerFactoryImpl@107b0a71
      serialVersionUID = 4200251809856292987
      $$$tc$$$ = class com.ibm.websphere.ras.TraceComponent@576c10d1
    classesContainerInfo = class java.util.ArrayList@39e33075
      serialVersionUID = 8683452581122892189
      DEFAULT_CAPACITY = 10
      EMPTY_ELEMENTDATA = class java.lang.Object[0]
      DEFAULTCAPACITY_EMPTY_ELEMENTDATA = class java.lang.Object[0]
      elementData = class java.lang.Object[0]
      size = 0
      MAX_ARRAY_SIZE = 2147483639
      modCount = 0
      MAX_ARRAY_SIZE = 2147483639
    serialVersionUID = -9033256786848720484
    $$$tc$$$ = class com.ibm.websphere.ras.TraceComponent@67a1c48c
      strings[0] = "TraceComponent[com.ibm.ws.app.manager.module.internal.DeployedAppInfoBase$SharedLibDeploymentInfo,class com.ibm.ws.app.manager.module.internal.DeployedAppInfoBase$SharedLibDeploymentInfo,[applications, app.manager],,null]"
  futureMonitor = class com.ibm.ws.threading.internal.FutureMonitorImpl@64266809
    _monitor = class java.util.concurrent.ConcurrentLinkedQueue@2d21567b
      serialVersionUID = 196745693267521676
      head = class java.util.concurrent.ConcurrentLinkedQueue$Node@5b6d430e
      tail = class java.util.concurrent.ConcurrentLinkedQueue$Node@5b6d430e
      UNSAFE = class sun.misc.Unsafe@52d7c8a9
      headOffset = 12
      tailOffset = 16
      MAX_ARRAY_SIZE = 2147483639
    _executor = class com.ibm.ws.threading.internal.ScheduledExecutorImpl@3216abad
      threadGroupName = "Scheduled Executor Thread Group"
      executor = class com.ibm.ws.threading.internal.ExecutorServiceImpl@61a63d00
      serialVersionUID = -9110693807503469597
      $$$tc$$$ = class com.ibm.websphere.ras.TraceComponent@66164db1
      continueExistingPeriodicTasksAfterShutdown = false
      executeExistingDelayedTasksAfterShutdown = true
      removeOnCancel = false
      sequencer = class java.util.concurrent.atomic.AtomicLong@11e2f922
      ctl = class java.util.concurrent.atomic.AtomicInteger@71014549
      COUNT_BITS = 29
      CAPACITY = 536870911
      RUNNING = -536870912
      SHUTDOWN = 0
      STOP = 536870912
      TIDYING = 1073741824
      TERMINATED = 1610612736
      workQueue = class java.util.concurrent.ScheduledThreadPoolExecutor$DelayedWorkQueue@1fd31bac
      mainLock = class java.util.concurrent.locks.ReentrantLock@6f03ad86
      workers = class java.util.HashSet@692e62ad
      termination = class java.util.concurrent.locks.AbstractQueuedSynchronizer$ConditionObject@12fe49cc
      largestPoolSize = 1
      completedTaskCount = 0
      threadFactory = class com.ibm.ws.threading.internal.ThreadFactoryImpl@15f72e44
      handler = class java.util.concurrent.ThreadPoolExecutor$AbortPolicy@67eacee1
      keepAliveTime = 0
      allowCoreThreadTimeOut = false
      corePoolSize = 1
      maximumPoolSize = 2147483647
      defaultHandler = class java.util.concurrent.ThreadPoolExecutor$AbortPolicy@67eacee1
      shutdownPerm = class java.lang.RuntimePermission@7dcbe3bb
      acc = null
      ONLY_ONE = true
      $assertionsDisabled = true
    _threadRunning = class java.util.concurrent.atomic.AtomicBoolean@7faa1cdb
      serialVersionUID = 4654671469794556979
      unsafe = class sun.misc.Unsafe@52d7c8a9
      valueOffset = 12
      value = 0
    _thread = class com.ibm.ws.threading.internal.FutureMonitorImpl$1@abf9af5
      this$0 = class com.ibm.ws.threading.internal.FutureMonitorImpl@64266809
      serialVersionUID = 2422512430832938099
      $$$tc$$$ = class com.ibm.websphere.ras.TraceComponent@7f023d83
    serialVersionUID = 2765238413969174390
    $$$tc$$$ = class com.ibm.websphere.ras.TraceComponent@56c810f1
      strings[0] = "TraceComponent[com.ibm.ws.threading.internal.FutureMonitorImpl,class com.ibm.ws.threading.internal.FutureMonitorImpl,[Threading],com.ibm.ws.threading.internal.resources.ThreadingMessages,null]"
  configAdmin = class com.ibm.ws.config.admin.internal.ConfigurationAdminImpl@4e1eb3b9
    tc = class com.ibm.websphere.ras.TraceComponent@6e664d2e
      strings[0] = "TraceComponent[com.ibm.ws.config.admin.internal.ConfigurationAdminImpl,class com.ibm.ws.config.admin.internal.ConfigurationAdminImpl,[config],com.ibm.ws.config.internal.resources.ConfigMessages,null]"
    bundle = class org.eclipse.osgi.internal.framework.EquinoxBundle@51c5e146
      equinoxContainer = class org.eclipse.osgi.internal.framework.EquinoxContainer@7d452e33
      module = class org.eclipse.osgi.internal.framework.EquinoxBundle$EquinoxModule@60af545f
      monitor = class java.lang.Object@705c0bee
      context = class org.eclipse.osgi.internal.framework.BundleContextImpl@2b4963f0
      signerInfos = null
      $SWITCH_TABLE$org$eclipse$osgi$container$Module$State = {1,2,3,4,5,6,7} /* array length = 7 */
    caFactory = class com.ibm.ws.config.admin.internal.ConfigAdminServiceFactory@242db5f0
      tc = class com.ibm.websphere.ras.TraceComponent@151fbab
      configurationPermission = class org.osgi.service.cm.ConfigurationPermission@7d290ec3
      INDEX_DICTIONARY = 0
      INDEX_LOCATION = 1
      INDEX_METATYPE_PROCESSED = 2
      INDEX_IN_OVERRIDES_FILE = 3
      INDEX_REFERENCES = 4
      INDEX_UNIQUES = 5
      bundleContext = class org.eclipse.osgi.internal.framework.BundleContextImpl@153fe06a
      msTracker = class com.ibm.ws.config.admin.internal.ManagedServiceTracker@1c383b50
      msfTracker = class com.ibm.ws.config.admin.internal.ManagedServiceFactoryTracker@417506eb
      pluginManager = class com.ibm.ws.config.admin.internal.PluginManager@7a12b77e
      configurationStore = class com.ibm.ws.config.admin.internal.ConfigurationStore@4ff8f1e9
      updateQueue = class com.ibm.ws.config.admin.internal.UpdateQueue@12c7b1fd
      ced = class com.ibm.ws.config.admin.internal.ConfigEventDispatcher@7becaf10
      idMap = class java.util.Collections$SynchronizedMap@14aa4e54
      referenceMap = class java.util.Collections$SynchronizedMap@1cd59291
      variableRegistryTracker = class org.osgi.util.tracker.ServiceTracker@33b290af
      variableRegistry = class com.ibm.ws.kernel.service.location.internal.VariableRegistryHelper@2d383de6
      configurationAdminRef = class org.eclipse.osgi.internal.serviceregistry.ServiceRegistrationImpl@4c91f693
      serialVersionUID = 6695202270027014725
    serialVersionUID = 3160799878770679122
  libraryConfigHelper = class com.ibm.ws.classloading.ClassLoaderConfigHelper@4ca4bcb2
    tc = class com.ibm.websphere.ras.TraceComponent@4c747dc9
      strings[0] = "TraceComponent[com.ibm.ws.classloading.ClassLoaderConfigHelper,class com.ibm.ws.classloading.ClassLoaderConfigHelper,[ClassLoadingService],com.ibm.ws.classloading.internal.resources.ClassLoadingServiceMessages,null]"
    DEFAULT_API_TYPES = class java.util.RegularEnumSet@25fd35
      serialVersionUID = 3411599620347842686
      elements = 23
      elementType = class java.lang.Class@70cd3762
      universe = class com.ibm.wsspi.classloading.ApiType[5]
      ZERO_LENGTH_ENUM_ARRAY = class java.lang.Enum[0]
      MAX_ARRAY_SIZE = 2147483639
    sharedLibraries = class java.util.Collections$EmptyList@8e3559d
      serialVersionUID = 8842843931221139166
      modCount = 0
      MAX_ARRAY_SIZE = 2147483639
    commonLibraries = class java.util.Collections$EmptyList@8e3559d
    classProviders = class java.util.Collections$EmptyList@8e3559d
    sharedLibrariesPids = null
    commonLibrariesPids = null
    isDelegateLast = false
    apiTypes = class java.util.RegularEnumSet@25fd35
    classLoaderConfigProps = null
    serialVersionUID = -3051196824456962209
  isDelegateLast = false
  permissionManager = class com.ibm.ws.security.java2sec.PermissionManager@3a780fe3
    tc = class com.ibm.websphere.ras.TraceComponent@78555afe
      strings[0] = "TraceComponent[com.ibm.ws.security.java2sec.PermissionManager,class com.ibm.ws.security.java2sec.PermissionManager,[Java2SecurityUtil],com.ibm.ws.security.java2sec.resources.Java2SecurityUtilMessages,null]"
    classLoadingService = class com.ibm.ws.classloading.internal.ClassLoadingServiceImpl@5acb0e76
    DEFAULT_SERVER_RESTRICTABLE_PERMISSIONS = class java.security.Permission[4]
      Permission[0] = class java.lang.RuntimePermission@614e75b8
      Permission[1] = class java.lang.RuntimePermission@4e364481
      Permission[2] = class java.security.SecurityPermission@16e6b065
      Permission[3] = class javax.security.auth.AuthPermission@1d35c55e
    DEFAULT_CLIENT_RESTRICTABLE_PERMISSIONS = class java.security.Permission[3]
      Permission[0] = class java.lang.RuntimePermission@59e3266c
      Permission[1] = class java.security.SecurityPermission@6a5ddd42
      Permission[2] = class javax.security.auth.AuthPermission@562e24bc
    isServer = true
    wsjarUrlStreamHandlerAvailable = true
    restrictablePermissions = class java.util.ArrayList@4154cdc0
      serialVersionUID = 8683452581122892189
      DEFAULT_CAPACITY = 10
      EMPTY_ELEMENTDATA = class java.lang.Object[0]
      DEFAULTCAPACITY_EMPTY_ELEMENTDATA = class java.lang.Object[0]
      elementData = class java.lang.Object[10]
      size = 4
      MAX_ARRAY_SIZE = 2147483639
      modCount = 4
      MAX_ARRAY_SIZE = 2147483639
    grantedPermissions = class java.util.ArrayList@69ff5e15
      serialVersionUID = 8683452581122892189
      DEFAULT_CAPACITY = 10
      EMPTY_ELEMENTDATA = class java.lang.Object[0]
      DEFAULTCAPACITY_EMPTY_ELEMENTDATA = class java.lang.Object[0]
      elementData = class java.lang.Object[0]
      size = 0
      MAX_ARRAY_SIZE = 2147483639
      modCount = 0
      MAX_ARRAY_SIZE = 2147483639
    KEY_PERMISSION = "permission"
    INCORRECT_PERMISSION_CONFIGURATION = "INCORRECT_PERMISSION_CONFIGURATION"
    PERMISSION_CLASSNOTFOUND = "PERMISSION_CLASSNOTFOUND"
    SERVER_XML = "server.xml"
    CLIENT_XML = "client.xml"
    originationFile = "server.xml"
    permissions = class com.ibm.wsspi.kernel.service.utils.ConcurrentServiceReferenceSet@39801a30
      referenceName = "permission"
      contextRef = class java.util.concurrent.atomic.AtomicReference@2c358886
      elementMap = class java.util.LinkedHashMap@1076c0f7
      elementSet = class java.util.concurrent.ConcurrentSkipListSet@575ce886
      elementSetUnsorted = false
      serialVersionUID = 756240983881166148
      $$$tc$$$ = class com.ibm.websphere.ras.TraceComponent@33d1652f
    codeBasePermissionMap = class java.util.HashMap@5257f14e
      serialVersionUID = 362498820763181265
      DEFAULT_INITIAL_CAPACITY = 16
      MAXIMUM_CAPACITY = 1073741824
      DEFAULT_LOAD_FACTOR = 0.75
      TREEIFY_THRESHOLD = 8
      UNTREEIFY_THRESHOLD = 6
      MIN_TREEIFY_CAPACITY = 64
      table = null
      entrySet = null
      size = 0
      modCount = 0
      threshold = 0
      loadFactor = 0.75
      keySet = class java.util.HashMap$KeySet@14956cf3
      values = null
    permissionXMLPermissionMap = class java.util.HashMap@350a0c09
      serialVersionUID = 362498820763181265
      DEFAULT_INITIAL_CAPACITY = 16
      MAXIMUM_CAPACITY = 1073741824
      DEFAULT_LOAD_FACTOR = 0.75
      TREEIFY_THRESHOLD = 8
      UNTREEIFY_THRESHOLD = 6
      MIN_TREEIFY_CAPACITY = 64
      table = null
      entrySet = null
      size = 0
      modCount = 0
      threshold = 0
      loadFactor = 0.75
      keySet = null
      values = null
    serialVersionUID = -1314772785255050069
  permissionsConfig = null
  serialVersionUID = -6908382869835671687
  appInfo = class com.ibm.ws.container.service.app.deploy.internal.ApplicationInfoImpl@20b2c3c9
    appName = "microprofile-1.0-SNAPSHOT"
    appMetaData = class com.ibm.ws.container.service.app.deploy.internal.ApplicationMetaDataImpl@58ffbe31
      j2eeName = class com.ibm.ws.container.service.metadata.internal.J2EENameImpl@aef46ab
      serialVersionUID = -7906531148367236579
      $$$tc$$$ = class com.ibm.websphere.ras.TraceComponent@2f821675
      tc = class com.ibm.websphere.ras.TraceComponent@50ba9fc2
      NUM_STATIC_SLOTS = 4
      ID_UNINITIALIZED = -1
      id = 2
      metaDataInterface = class java.lang.Class@57edf648
      staticSlots = class java.lang.Object[4]
      dynamicSlots = null
    appContainer = class com.ibm.ws.adaptable.module.internal.AdaptableContainerImpl@39653661
    configHelper = class com.ibm.ws.app.manager.module.ApplicationNestedConfigHelper@2374c63d
      appInfo = class com.ibm.ws.app.manager.internal.ApplicationInstallInfo@c9789fc
      serialVersionUID = -3174031738676705046
      $$$tc$$$ = class com.ibm.websphere.ras.TraceComponent@4c3104d2
    serialVersionUID = 7091777744534637201
    $$$tc$$$ = class com.ibm.websphere.ras.TraceComponent@7860f4f4
      strings[0] = "TraceComponent[com.ibm.ws.container.service.app.deploy.internal.ApplicationInfoImpl,class com.ibm.ws.container.service.app.deploy.internal.ApplicationInfoImpl,[container.service],com.ibm.ws.container.service.resources.Messages,null]"
  modulesDeployed = class java.util.ArrayList@5051bdcc
    serialVersionUID = 8683452581122892189
    DEFAULT_CAPACITY = 10
    EMPTY_ELEMENTDATA = class java.lang.Object[0]
    DEFAULTCAPACITY_EMPTY_ELEMENTDATA = class java.lang.Object[0]
    elementData = class java.lang.Object[10]
      Object[0] = class com.ibm.ws.app.manager.module.internal.DeployedModuleInfoImpl@370fa570
      Object[1] = null
      Object[2] = null
      Object[3] = null
      Object[4] = null
      Object[5] = null
      Object[6] = null
      Object[7] = null
      Object[8] = null
      Object[9] = null
    size = 1
    MAX_ARRAY_SIZE = 2147483639
    modCount = 1
    MAX_ARRAY_SIZE = 2147483639
  starting = true
  started = false
  appInfoFactory = class com.ibm.ws.container.service.app.deploy.internal.ApplicationInfoFactoryImpl@3979ca58
    j2eeNameFactory = class com.ibm.wsspi.kernel.service.utils.AtomicServiceReference@2dbcc36f
      referenceName = "j2eeNameFactory"
      tuple = class java.util.concurrent.atomic.AtomicReference@3544c91a
      serialVersionUID = 2226592364007985000
      $$$tc$$$ = class com.ibm.websphere.ras.TraceComponent@45479745
    names = class java.util.HashSet@32d208a7
      serialVersionUID = -5024744406713321676
      map = class java.util.HashMap@793fc8f
      PRESENT = class java.lang.Object@62953c44
      MAX_ARRAY_SIZE = 2147483639
    serialVersionUID = 6232436640731165768
    $$$tc$$$ = class com.ibm.websphere.ras.TraceComponent@1302c50c
      strings[0] = "TraceComponent[com.ibm.ws.container.service.app.deploy.internal.ApplicationInfoFactoryImpl,class com.ibm.ws.container.service.app.deploy.internal.ApplicationInfoFactoryImpl,[container.service],com.ibm.ws.container.service.resources.Messages,null]"
  metaDataService = class com.ibm.ws.container.service.metadata.internal.MetaDataServiceImpl@4384cd83
    applicationMetaDataManager = class com.ibm.ws.container.service.metadata.internal.ApplicationMetaDataManager@6f41bda1
      serialVersionUID = 1843747281024490904
      $$$tc$$$ = class com.ibm.websphere.ras.TraceComponent@462e19bf
      listeners = class com.ibm.wsspi.kernel.service.utils.ConcurrentServiceReferenceSet@10fc495a
      metaDataIDs = class com.ibm.ws.container.service.metadata.internal.IndexList@4b765c78
      metaDatas = class java.util.ArrayList@2a80aaea
      slotIDs = class com.ibm.ws.container.service.metadata.internal.IndexList@6a664dd7
      serialVersionUID = 5464421863354792977
      $$$tc$$$ = class com.ibm.websphere.ras.TraceComponent@1e8401f2
    moduleMetaDataManager = class com.ibm.ws.container.service.metadata.internal.ModuleMetaDataManager@4d7417de
      serialVersionUID = 2513574389899327209
      $$$tc$$$ = class com.ibm.websphere.ras.TraceComponent@18f537c9
      listeners = class com.ibm.wsspi.kernel.service.utils.ConcurrentServiceReferenceSet@68c9383e
      metaDataIDs = class com.ibm.ws.container.service.metadata.internal.IndexList@51449b82
      metaDatas = class java.util.ArrayList@29c35121
      slotIDs = class com.ibm.ws.container.service.metadata.internal.IndexList@24ed4d1f
      serialVersionUID = 5464421863354792977
      $$$tc$$$ = class com.ibm.websphere.ras.TraceComponent@1e8401f2
    componentMetaDataManager = class com.ibm.ws.container.service.metadata.internal.ComponentMetaDataManager@3f91c782
      serialVersionUID = 8629793739641703882
      $$$tc$$$ = class com.ibm.websphere.ras.TraceComponent@243993de
      listeners = class com.ibm.wsspi.kernel.service.utils.ConcurrentServiceReferenceSet@25613beb
      metaDataIDs = class com.ibm.ws.container.service.metadata.internal.IndexList@4157e525
      metaDatas = class java.util.ArrayList@5ac2f71b
      slotIDs = class com.ibm.ws.container.service.metadata.internal.IndexList@3887a66b
      serialVersionUID = 5464421863354792977
      $$$tc$$$ = class com.ibm.websphere.ras.TraceComponent@1e8401f2
    methodMetaDataManager = class com.ibm.ws.container.service.metadata.internal.MethodMetaDataManager@76da67b5
      serialVersionUID = -3308748211841563417
      $$$tc$$$ = class com.ibm.websphere.ras.TraceComponent@1d54ebc3
      listeners = class com.ibm.wsspi.kernel.service.utils.ConcurrentServiceReferenceSet@36186072
      metaDataIDs = class com.ibm.ws.container.service.metadata.internal.IndexList@41ebf9cb
      metaDatas = class java.util.ArrayList@2033fb3
      slotIDs = class com.ibm.ws.container.service.metadata.internal.IndexList@35c6c44b
      serialVersionUID = 5464421863354792977
      $$$tc$$$ = class com.ibm.websphere.ras.TraceComponent@1e8401f2
    appModuleNameToModuleContainer = class java.util.concurrent.ConcurrentHashMap@1414707a
      serialVersionUID = 7249069246763182397
      MAXIMUM_CAPACITY = 1073741824
      DEFAULT_CAPACITY = 16
      MAX_ARRAY_SIZE = 2147483639
      DEFAULT_CONCURRENCY_LEVEL = 16
      LOAD_FACTOR = 0.75
      TREEIFY_THRESHOLD = 8
      UNTREEIFY_THRESHOLD = 6
      MIN_TREEIFY_CAPACITY = 64
      MIN_TRANSFER_STRIDE = 16
      RESIZE_STAMP_BITS = 16
      MAX_RESIZERS = 65535
      RESIZE_STAMP_SHIFT = 16
      MOVED = -1
      TREEBIN = -2
      RESERVED = -3
      HASH_BITS = 2147483647
      NCPU = 4
      serialPersistentFields = class java.io.ObjectStreamField[3]
      table = class java.util.concurrent.ConcurrentHashMap$Node[16]
      nextTable = null
      baseCount = 6
      sizeCtl = 12
      transferIndex = 0
      cellsBusy = 0
      counterCells = null
      keySet = null
      values = null
      entrySet = null
      U = class sun.misc.Unsafe@52d7c8a9
      SIZECTL = 20
      TRANSFERINDEX = 32
      BASECOUNT = 24
      CELLSBUSY = 36
      CELLVALUE = 144
      ABASE = 16
      ASHIFT = 2
      keySet = null
      values = null
    jeeNameToComponentMetaData = class java.util.concurrent.ConcurrentHashMap@79b35fc1
      serialVersionUID = 7249069246763182397
      MAXIMUM_CAPACITY = 1073741824
      DEFAULT_CAPACITY = 16
      MAX_ARRAY_SIZE = 2147483639
      DEFAULT_CONCURRENCY_LEVEL = 16
      LOAD_FACTOR = 0.75
      TREEIFY_THRESHOLD = 8
      UNTREEIFY_THRESHOLD = 6
      MIN_TREEIFY_CAPACITY = 64
      MIN_TRANSFER_STRIDE = 16
      RESIZE_STAMP_BITS = 16
      MAX_RESIZERS = 65535
      RESIZE_STAMP_SHIFT = 16
      MOVED = -1
      TREEBIN = -2
      RESERVED = -3
      HASH_BITS = 2147483647
      NCPU = 4
      serialPersistentFields = class java.io.ObjectStreamField[3]
      table = class java.util.concurrent.ConcurrentHashMap$Node[16]
      nextTable = null
      baseCount = 11
      sizeCtl = 12
      transferIndex = 0
      cellsBusy = 0
      counterCells = null
      keySet = null
      values = null
      entrySet = null
      U = class sun.misc.Unsafe@52d7c8a9
      SIZECTL = 20
      TRANSFERINDEX = 32
      BASECOUNT = 24
      CELLSBUSY = 36
      CELLVALUE = 144
      ABASE = 16
      ASHIFT = 2
      keySet = null
      values = null
    deferredMetaDataFactories = class com.ibm.wsspi.kernel.service.utils.ConcurrentServiceReferenceSet@482f2aa2
      referenceName = "deferredMetaDataFactory"
      contextRef = class java.util.concurrent.atomic.AtomicReference@793c388
      elementMap = class java.util.LinkedHashMap@68a90c9
      elementSet = class java.util.concurrent.ConcurrentSkipListSet@1c9d21eb
      elementSetUnsorted = false
      serialVersionUID = 756240983881166148
      $$$tc$$$ = class com.ibm.websphere.ras.TraceComponent@33d1652f
    deferredMetaDataInitializers = class com.ibm.wsspi.kernel.service.utils.ConcurrentServiceReferenceMap@6d6d0bdd
      referenceName = "deferredMetaDataFactory"
      context = class org.apache.felix.scr.impl.manager.ComponentContextImpl@5448974
      elementMap = class java.util.concurrent.ConcurrentHashMap@70298ad5
      serialVersionUID = 6980924785166233786
      $$$tc$$$ = class com.ibm.websphere.ras.TraceComponent@59af0397
    serialVersionUID = -2494605732980966097
    $$$tc$$$ = class com.ibm.websphere.ras.TraceComponent@59e01c51
      strings[0] = "TraceComponent[com.ibm.ws.container.service.metadata.internal.MetaDataServiceImpl,class com.ibm.ws.container.service.metadata.internal.MetaDataServiceImpl,[Runtime],,null]"
  stateChangeService = class com.ibm.ws.container.service.state.internal.StateChangeServiceImpl@76cf459a
    applicationStateManager = class com.ibm.ws.container.service.state.internal.ApplicationStateManager@290c74ab
      serialVersionUID = -6685368059484454124
      $$$tc$$$ = class com.ibm.websphere.ras.TraceComponent@30549065
      listeners = class com.ibm.wsspi.kernel.service.utils.ConcurrentServiceReferenceSet@6db57b48
      serialVersionUID = 2284273176985484160
      $$$tc$$$ = class com.ibm.websphere.ras.TraceComponent@7e16abfe
    moduleStateManager = class com.ibm.ws.container.service.state.internal.ModuleStateManager@31d1ed8c
      serialVersionUID = -5540260902341249963
      $$$tc$$$ = class com.ibm.websphere.ras.TraceComponent@59c0a912
      listeners = class com.ibm.wsspi.kernel.service.utils.ConcurrentServiceReferenceSet@6018ce5d
      serialVersionUID = 2284273176985484160
      $$$tc$$$ = class com.ibm.websphere.ras.TraceComponent@7e16abfe
    serialVersionUID = -537917915330350560
    $$$tc$$$ = class com.ibm.websphere.ras.TraceComponent@4b233ffd
      strings[0] = "TraceComponent[com.ibm.ws.container.service.state.internal.StateChangeServiceImpl,class com.ibm.ws.container.service.state.internal.StateChangeServiceImpl,[Runtime],,null]"
  moduleClassesInfo = class com.ibm.ws.app.manager.module.internal.SimpleDeployedAppInfoBase$ModuleClassesInfoProvider@628fbfc0
    entryContainerInfosMap = class java.util.HashMap@78b53da5
      serialVersionUID = 362498820763181265
      DEFAULT_INITIAL_CAPACITY = 16
      MAXIMUM_CAPACITY = 1073741824
      DEFAULT_LOAD_FACTOR = 0.75
      TREEIFY_THRESHOLD = 8
      UNTREEIFY_THRESHOLD = 6
      MIN_TREEIFY_CAPACITY = 64
      table = null
      entrySet = null
      size = 0
      modCount = 0
      threshold = 0
      loadFactor = 0.75
      keySet = null
      values = null
    serialVersionUID = -70332790531324534
    $$$tc$$$ = class com.ibm.websphere.ras.TraceComponent@36410ad8
      strings[0] = "TraceComponent[com.ibm.ws.app.manager.module.internal.SimpleDeployedAppInfoBase$ModuleClassesInfoProvider,class com.ibm.ws.app.manager.module.internal.SimpleDeployedAppInfoBase$ModuleClassesInfoProvider,[applications, app.manager],,null]"
  moduleContainerInfos = class java.util.ArrayList@3f6dd180
    serialVersionUID = 8683452581122892189
    DEFAULT_CAPACITY = 10
    EMPTY_ELEMENTDATA = class java.lang.Object[0]
    DEFAULTCAPACITY_EMPTY_ELEMENTDATA = class java.lang.Object[0]
    elementData = class java.lang.Object[10]
      Object[0] = class com.ibm.ws.app.manager.module.internal.SimpleDeployedAppInfoBase$WebModuleContainerInfo@784ea39c
      Object[1] = null
      Object[2] = null
      Object[3] = null
      Object[4] = null
      Object[5] = null
      Object[6] = null
      Object[7] = null
      Object[8] = null
      Object[9] = null
    size = 1
    MAX_ARRAY_SIZE = 2147483639
    modCount = 1
    MAX_ARRAY_SIZE = 2147483639
  activeModuleHandlers = class java.util.IdentityHashMap@4831f73f
    DEFAULT_CAPACITY = 32
    MINIMUM_CAPACITY = 4
    MAXIMUM_CAPACITY = 536870912
    table = class java.lang.Object[16]
      Object[0] = null
      Object[1] = null
      Object[2] = null
      Object[3] = null
      Object[4] = null
      Object[5] = null
      Object[6] = null
      Object[7] = null
      Object[8] = null
      Object[9] = null
      Object[10] = null
      Object[11] = null
      Object[12] = null
      Object[13] = null
      Object[14] = null
      Object[15] = null
    size = 0
    modCount = 2
    NULL_KEY = class java.lang.Object@55f00349
    entrySet = null
    serialVersionUID = 8188218128353913216
    keySet = null
    values = null
  serialVersionUID = 7078125893012250887
  $$$tc$$$ = class com.ibm.websphere.ras.TraceComponent@60fbec22
    strings[0] = "TraceComponent[com.ibm.ws.app.manager.module.internal.SimpleDeployedAppInfoBase,class com.ibm.ws.app.manager.module.internal.SimpleDeployedAppInfoBase,[applications, app.manager],,null]"

Dump of objectArray[0]
Object type = com.ibm.ws.threading.internal.NonCancelableResultFuture
  _done = false
  _result = null
  _failure = null
  _listeners = class java.util.concurrent.ConcurrentLinkedQueue@c15edd6
    serialVersionUID = 196745693267521676
    head = class java.util.concurrent.ConcurrentLinkedQueue$Node@786239e3
      item = null
      next = null
      UNSAFE = class sun.misc.Unsafe@52d7c8a9
      itemOffset = 12
      nextOffset = 16
    tail = class java.util.concurrent.ConcurrentLinkedQueue$Node@786239e3
    UNSAFE = class sun.misc.Unsafe@52d7c8a9
      theUnsafe = class sun.misc.Unsafe@52d7c8a9
      INVALID_FIELD_OFFSET = -1
      ARRAY_BOOLEAN_BASE_OFFSET = 16
      ARRAY_BYTE_BASE_OFFSET = 16
      ARRAY_SHORT_BASE_OFFSET = 16
      ARRAY_CHAR_BASE_OFFSET = 16
      ARRAY_INT_BASE_OFFSET = 16
      ARRAY_LONG_BASE_OFFSET = 16
      ARRAY_FLOAT_BASE_OFFSET = 16
      ARRAY_DOUBLE_BASE_OFFSET = 16
      ARRAY_OBJECT_BASE_OFFSET = 16
      ARRAY_BOOLEAN_INDEX_SCALE = 1
      ARRAY_BYTE_INDEX_SCALE = 1
      ARRAY_SHORT_INDEX_SCALE = 2
      ARRAY_CHAR_INDEX_SCALE = 2
      ARRAY_INT_INDEX_SCALE = 4
      ARRAY_LONG_INDEX_SCALE = 8
      ARRAY_FLOAT_INDEX_SCALE = 4
      ARRAY_DOUBLE_INDEX_SCALE = 8
      ARRAY_OBJECT_INDEX_SCALE = 4
      ADDRESS_SIZE = 8
    headOffset = 12
    tailOffset = 16
    MAX_ARRAY_SIZE = 2147483639
  _notifiedListeners = class java.util.concurrent.atomic.AtomicBoolean@5a19cb44
    serialVersionUID = 4654671469794556979
    unsafe = class sun.misc.Unsafe@52d7c8a9
    valueOffset = 12
    value = 0
  serialVersionUID = -296387658814354272
  $$$tc$$$ = class com.ibm.websphere.ras.TraceComponent@361072d9
    strings[0] = "TraceComponent[com.ibm.ws.threading.internal.NonCancelableResultFuture,class com.ibm.ws.threading.internal.NonCancelableResultFuture,[Threading],com.ibm.ws.threading.internal.resources.ThreadingMessages,null]"

