------Start of DE processing------ = [6/26/18 12:15:50:906 PDT]
Exception = com.ibm.ws.container.service.state.StateChangeException
Source = com.ibm.ws.app.manager.module.internal.DeployedAppInfoBase
probeid = 381
Stack Dump = com.ibm.ws.container.service.state.StateChangeException: org.jboss.weld.exceptions.DefinitionException: WELD-000075: Normal scoped managed bean implementation class has a public field:  [EnhancedAnnotatedFieldImpl] public application.microprofile.web.BookEndpoint.isCircuitBreakerTest
	at com.ibm.ws.container.service.state.internal.ApplicationStateManager.fireStarting(ApplicationStateManager.java:32)
	at com.ibm.ws.container.service.state.internal.StateChangeServiceImpl.fireApplicationStarting(StateChangeServiceImpl.java:50)
	at com.ibm.ws.app.manager.module.internal.DeployedAppInfoBase.preDeployApp(DeployedAppInfoBase.java:380)
	at com.ibm.ws.app.manager.module.internal.DeployedAppInfoBase.deployApp(DeployedAppInfoBase.java:409)
	at com.ibm.ws.app.manager.war.internal.WARApplicationHandlerImpl.install(WARApplicationHandlerImpl.java:65)
	at com.ibm.ws.app.manager.internal.statemachine.StartAction.execute(StartAction.java:140)
	at com.ibm.ws.app.manager.internal.statemachine.ApplicationStateMachineImpl.enterState(ApplicationStateMachineImpl.java:1258)
	at com.ibm.ws.app.manager.internal.statemachine.ApplicationStateMachineImpl.run(ApplicationStateMachineImpl.java:873)
	at java.util.concurrent.ThreadPoolExecutor.runWorker(ThreadPoolExecutor.java:1149)
	at java.util.concurrent.ThreadPoolExecutor$Worker.run(ThreadPoolExecutor.java:624)
	at java.lang.Thread.run(Thread.java:748)
Caused by: org.jboss.weld.exceptions.DefinitionException: WELD-000075: Normal scoped managed bean implementation class has a public field:  [EnhancedAnnotatedFieldImpl] public application.microprofile.web.BookEndpoint.isCircuitBreakerTest
	at org.jboss.weld.bean.ManagedBean.checkBeanImplementation(ManagedBean.java:230)
	at org.jboss.weld.bean.AbstractClassBean.internalInitialize(AbstractClassBean.java:74)
	at org.jboss.weld.bean.ManagedBean.internalInitialize(ManagedBean.java:105)
	at org.jboss.weld.bean.RIBean.initialize(RIBean.java:69)
	at org.jboss.weld.bootstrap.ConcurrentBeanDeployer$5.doWork(ConcurrentBeanDeployer.java:117)
	at org.jboss.weld.bootstrap.ConcurrentBeanDeployer$5.doWork(ConcurrentBeanDeployer.java:114)
	at org.jboss.weld.executor.IterativeWorkerTaskFactory$1.call(IterativeWorkerTaskFactory.java:62)
	at org.jboss.weld.executor.IterativeWorkerTaskFactory$1.call(IterativeWorkerTaskFactory.java:55)
	at java.util.concurrent.FutureTask.run(FutureTask.java:266)
	... 3 more

Dump of callerThis
Object type = com.ibm.ws.app.manager.war.internal.WARDeployedAppInfo
  CONTEXT_ROOT = "context-root"
  webModuleHandler = class com.ibm.ws.app.manager.web.internal.WebModuleHandlerImpl@4755d604
    serialVersionUID = 4795602325763828210
    $$$tc$$$ = class com.ibm.websphere.ras.TraceComponent@1755fe00
      strings[0] = "TraceComponent[com.ibm.ws.app.manager.web.internal.WebModuleHandlerImpl,class com.ibm.ws.app.manager.web.internal.WebModuleHandlerImpl,[webcontainer, applications, app.manager],com.ibm.ws.app.manager.war.internal.resources.Messages,null]"
    futureMonitor = class com.ibm.ws.threading.internal.FutureMonitorImpl@bd7dd0a
    metaDataService = class com.ibm.ws.container.service.metadata.internal.MetaDataServiceImpl@3ca5d8f2
    stateChangeService = class com.ibm.ws.container.service.state.internal.StateChangeServiceImpl@1d7469f0
    moduleRuntimeContainer = class com.ibm.ws.webcontainer.osgi.WebContainer@389469c7
      tc = class com.ibm.websphere.ras.TraceComponent@3d8f415b
      CLASS_NAME = "com.ibm.ws.webcontainer.osgi.WebContainer"
      initialized = true
      eventService = class com.ibm.ws.event.internal.EventEngineImpl@5c0ba144
      futureMonitor = class com.ibm.ws.threading.internal.FutureMonitorImpl@bd7dd0a
      classLoadingSRRef = class com.ibm.wsspi.kernel.service.utils.AtomicServiceReference@636563f6
      sessionHelperSRRef = class com.ibm.wsspi.kernel.service.utils.AtomicServiceReference@4d1e4d20
      cacheManagerSRRef = class com.ibm.wsspi.kernel.service.utils.AtomicServiceReference@3c680271
      injectionEngineSRRef = class com.ibm.wsspi.kernel.service.utils.AtomicServiceReference@3d689539
      managedObjectServiceSRRef = class com.ibm.wsspi.kernel.service.utils.AtomicServiceReference@755a2bb1
      backgroundWebAppStartFutures = class com.ibm.ws.webcontainer.util.OneTimeUseArrayList@4a920f77
      REFERENCE_WEB_MBEAN_RUNTIME = "webMBeanRuntime"
      webMBeanRuntimeServiceRef = class com.ibm.wsspi.kernel.service.utils.AtomicServiceReference@3615f7de
      servletContainerInitializers = class com.ibm.wsspi.kernel.service.utils.ConcurrentServiceReferenceSet@4f2d7d78
      es = class com.ibm.ws.threading.internal.ExecutorServiceImpl@1a25dd07
      locationServiceRef = class java.util.concurrent.atomic.AtomicReference@6b0ed08f
      transferContextServiceRef = class com.ibm.wsspi.kernel.service.utils.ConcurrentServiceReferenceSet@313d832e
      encodingServiceRef = class java.util.concurrent.atomic.AtomicReference@288f39d0
      instance = class java.util.concurrent.atomic.AtomicReference@c6d5704
      vhostManager = class com.ibm.ws.webcontainer.osgi.DynamicVirtualHostManager@11fa64ae
      metaDataService = class com.ibm.ws.container.service.metadata.internal.MetaDataServiceImpl@3ca5d8f2
      j2eeNameFactory = class com.ibm.ws.container.service.metadata.internal.J2EENameFactoryImpl@4c83a14c
      context = class org.apache.felix.scr.impl.manager.ComponentContextImpl@1d1340b5
      contextRoots = class java.util.Collections$SynchronizedSet@7b20e164
      pendingContextRoots = class java.util.HashMap@39bd35ba
      deployedModuleMap = class java.util.concurrent.ConcurrentHashMap@68e56a00
      connContextPool = class com.ibm.ws.webcontainer31.osgi.srt.factory.SRTConnectionContextPool31Impl@6f749941
      DEFAULT_PORT = "*"
      DEFAULT_VHOST_NAME = "default_host"
      cachedServerInfo = "IBM WebSphere Liberty/${liberty.service.version}"
      lock = class com.ibm.ws.webcontainer.osgi.WebContainer$1@13a36e0a
      webAppFactory = class com.ibm.ws.webcontainer31.osgi.webapp.factory.WebAppFactoryImpl31@43e39921
      requestFactory = class com.ibm.ws.webcontainer31.osgi.response.factory.IRequestResponseFactory@154e37
      responseFactory = class com.ibm.ws.webcontainer31.osgi.response.factory.IRequestResponseFactory@154e37
      asyncContextFactory = class com.ibm.ws.webcontainer31.async.factory.AsyncContextFactory31Impl@4be061e5
      DEFAULT_MAX_VERSION = 30
      versionRef = class org.eclipse.osgi.internal.serviceregistry.ServiceReferenceImpl@433b85ad
      serverStopping = class com.ibm.ws.staticvalue.StaticValue$FinalSingleton@1c4e367a
      modulesStarting = 0
      uriMatcherFactory = class com.ibm.wsspi.webcontainer31.util.factory.URIMatcherFactory31Impl@3680a732
      SPEC_LEVEL_UNLOADED = -1
      SPEC_LEVEL_30 = 30
      SPEC_LEVEL_31 = 31
      SPEC_LEVEL_40 = 40
      DEFAULT_SPEC_LEVEL = 30
      loadedContainerSpecLevel = 31
      ISO = "ISO-8859-1"
      encoding = "UTF-8"
      decode = true
      wcconfig = class com.ibm.ws.webcontainer.osgi.WebContainerConfiguration@61aef3ca
      applicationListeners = class java.util.ArrayList@c3ee463
      servletListeners = class java.util.ArrayList@3f346be1
      servletErrorListeners = class java.util.ArrayList@796f862e
      servletInvocationListeners = class java.util.ArrayList@6f491a6a
      filterInvocationListeners = class java.util.ArrayList@14aff61c
      filterErrorListeners = class java.util.ArrayList@8d8ec0b
      filterListeners = class java.util.ArrayList@d8355c8
      servletRequestListeners = class java.util.ArrayList@2a3e9458
      servletRequestAttributeListeners = class java.util.ArrayList@41ca8815
      servletContextListeners = class java.util.ArrayList@e3d8c93
      servletContextAttributeListeners = class java.util.ArrayList@1987b589
      sessionListeners = class java.util.ArrayList@47456eb5
      sessionIdListeners = class java.util.ArrayList@52dadc68
      sessionAttributeListeners = class java.util.ArrayList@30618bb4
      DEFAULT_HOST = "default_host"
      _initialized = true
      logger = class com.ibm.ws.logging.internal.WsLogger@14ee5bcc
      CLASS_NAME = "com.ibm.ws.webcontainer.internal.WebContainer"
      nls = class com.ibm.ejs.ras.TraceNLS@7832bf22
      self = class java.util.concurrent.atomic.AtomicReference@7c0f15d0
      _cipherToBit = class java.util.HashMap@400f0dce
      cacheKeyStringBuilder = class com.ibm.ws.util.WSThreadLocal@26d90e38
      listenersInitialized = true
      webConProperties = class java.util.Properties@4bff7e6e
      sessionRegistry = null
      isStopped = false
      readWriteLockForStopping = class java.util.concurrent.locks.ReentrantReadWriteLock@4f5a4354
      urlPrefix = ";jsessionid="
      extensionFactories = class java.util.ArrayList@7703560c
      postInitExtensionFactories = null
      httpResponseListeners = class java.util.ArrayList@19c53e1a
      servletContainerInitializers = class java.util.ServiceLoader@29793f42
      auditManager = class com.ibm.websphere.security.audit.context.AuditManager@34a489da
      threadLocal = class java.lang.ThreadLocal@597a0a74
      invocationCacheSize = 500
      decodePlusSign = true
      _cacheMap = class java.util.concurrent.ConcurrentHashMap@697fdaaf
      _cacheSize = class java.util.concurrent.atomic.AtomicInteger@99c7bed
      vHostCompatFlag = false
      platformHelper = class com.ibm.ws.webcontainer.PlatformHelper@1966c95d
      isDefaultTempDir = true
      tempDir = null
      servletCachingInitNeeded = true
      appInstallBegun = true
      cacheServletWrapperFactory = class com.ibm.ws.webcontainer31.servlet.factory.CacheServletWrapperFactory31Impl@10c649af
      commands = class java.util.ArrayList@6d5203bb
      requestMapper = class com.ibm.ws.webcontainer.util.VirtualHostContextRootMapper@4251136d
      parent = null
      name = "Was.webcontainer"
      isAlive = true
      subElements = class java.util.HashMap@3dc3588f
      attributes = null
      config = null
      serialVersionUID = -8271459000149267764
      $$$tc$$$ = class com.ibm.websphere.ras.TraceComponent@1f437edc
    firstFailure = null
    serialVersionUID = -4563697739413190872
    $$$tc$$$ = class com.ibm.websphere.ras.TraceComponent@5e1bb4
      strings[0] = "TraceComponent[com.ibm.ws.app.manager.module.internal.ModuleHandlerBase,class com.ibm.ws.app.manager.module.internal.ModuleHandlerBase,[applications, app.manager],,null]"
  webContainerModuleInfo = class com.ibm.ws.app.manager.module.internal.SimpleDeployedAppInfoBase$WebModuleContainerInfo@465005de
    contextRoot = "/microprofile"
    defaultContextRoot = "microprofile"
    serialVersionUID = -8158961796913348204
    $$$tc$$$ = class com.ibm.websphere.ras.TraceComponent@cc47c39
      strings[0] = "TraceComponent[com.ibm.ws.app.manager.module.internal.SimpleDeployedAppInfoBase$WebModuleContainerInfo,class com.ibm.ws.app.manager.module.internal.SimpleDeployedAppInfoBase$WebModuleContainerInfo,[applications, app.manager],,null]"
    moduleHandler = class com.ibm.ws.app.manager.web.internal.WebModuleHandlerImpl@4755d604
    moduleMetaDataExtenders = class java.util.concurrent.CopyOnWriteArrayList@213ef3a6
      serialVersionUID = 8673264195747942595
      lock = class java.util.concurrent.locks.ReentrantLock@71e4d461
      array = class java.lang.Object[2]
      UNSAFE = class sun.misc.Unsafe@3fbdbdb8
      lockOffset = 12
    nestedModuleMetaDataFactories = class java.util.concurrent.CopyOnWriteArrayList@680ff9a5
      serialVersionUID = 8673264195747942595
      lock = class java.util.concurrent.locks.ReentrantLock@146c559d
      array = class java.lang.Object[1]
      UNSAFE = class sun.misc.Unsafe@3fbdbdb8
      lockOffset = 12
    nestedModules = null
    moduleName = "microprofile-1.0-SNAPSHOT"
    moduleDD = null
    moduleInfo = class com.ibm.ws.app.manager.module.internal.WebModuleInfoImpl@5356fb83
      contextRoot = "/microprofile"
      isDefaultContextRootUsed = false
      serialVersionUID = -1540279394520440503
      $$$tc$$$ = class com.ibm.websphere.ras.TraceComponent@7aa18289
      tc = class com.ibm.websphere.ras.TraceComponent@5ea694c
      appInfo = class com.ibm.ws.container.service.app.deploy.internal.ApplicationInfoImpl@5ce7e284
      moduleName = "microprofile-1.0-SNAPSHOT"
      path = "microprofile-1.0-SNAPSHOT.war"
      moduleContainer = class com.ibm.ws.adaptable.module.internal.AdaptableContainerImpl@57328d6c
      altDDEntry = null
      moduleClassesContainers = class java.util.ArrayList@2196757e
      classLoaderFactory = class com.ibm.ws.app.manager.war.internal.WARDeployedAppInfo@5b69c2eb
      containerInfoType = class com.ibm.ws.container.service.app.deploy.ContainerInfo$Type@77630bf7
      classLoader = class com.ibm.ws.classloading.internal.AppClassLoader@5a582d62
      moduleMetaData = class com.ibm.ws.webcontainer.osgi.metadata.WebModuleMetaDataImpl@41b32426
      nestedModuleMetaDataTypes = null
      nestedModuleMetaDataValues = null
      serialVersionUID = 3986734351620206554
    serialVersionUID = 8693907776607441911
    $$$tc$$$ = class com.ibm.websphere.ras.TraceComponent@694b8f98
      strings[0] = "TraceComponent[com.ibm.ws.app.manager.module.internal.SimpleDeployedAppInfoBase$ModuleContainerInfoBase,class com.ibm.ws.app.manager.module.internal.SimpleDeployedAppInfoBase$ModuleContainerInfoBase,[applications, app.manager],,null]"
    type = class com.ibm.ws.container.service.app.deploy.ContainerInfo$Type@77630bf7
      MANIFEST_CLASSPATH = class com.ibm.ws.container.service.app.deploy.ContainerInfo$Type@6ef879f5
      WEB_INF_CLASSES = class com.ibm.ws.container.service.app.deploy.ContainerInfo$Type@27068e69
      WEB_INF_LIB = class com.ibm.ws.container.service.app.deploy.ContainerInfo$Type@389adb7f
      EAR_LIB = class com.ibm.ws.container.service.app.deploy.ContainerInfo$Type@4e70701c
      WEB_MODULE = class com.ibm.ws.container.service.app.deploy.ContainerInfo$Type@77630bf7
      EJB_MODULE = class com.ibm.ws.container.service.app.deploy.ContainerInfo$Type@63ea9ff6
      CLIENT_MODULE = class com.ibm.ws.container.service.app.deploy.ContainerInfo$Type@700c3024
      RAR_MODULE = class com.ibm.ws.container.service.app.deploy.ContainerInfo$Type@1e235c79
      JAR_MODULE = class com.ibm.ws.container.service.app.deploy.ContainerInfo$Type@531e3f31
      SHARED_LIB = class com.ibm.ws.container.service.app.deploy.ContainerInfo$Type@64bc1f8b
      $VALUES = class com.ibm.ws.container.service.app.deploy.ContainerInfo$Type[10]
      $$$tc$$$ = class com.ibm.websphere.ras.TraceComponent@5f855244
      name = "WEB_MODULE"
      ordinal = 4
    name = "microprofile-1.0-SNAPSHOT.war"
    container = class com.ibm.ws.adaptable.module.internal.AdaptableContainerImpl@57328d6c
    altDDEntry = null
    classesContainerInfo = class java.util.ArrayList@2196757e
      serialVersionUID = 8683452581122892189
      DEFAULT_CAPACITY = 10
      EMPTY_ELEMENTDATA = class java.lang.Object[0]
      DEFAULTCAPACITY_EMPTY_ELEMENTDATA = class java.lang.Object[0]
      elementData = class java.lang.Object[10]
      size = 2
      MAX_ARRAY_SIZE = 2147483639
      modCount = 3
      MAX_ARRAY_SIZE = 2147483639
    serialVersionUID = 7427332431485745589
    $$$tc$$$ = class com.ibm.websphere.ras.TraceComponent@3d3bb46f
      strings[0] = "TraceComponent[com.ibm.ws.app.manager.module.internal.SimpleDeployedAppInfoBase$ExtendedContainerInfo,class com.ibm.ws.app.manager.module.internal.SimpleDeployedAppInfoBase$ExtendedContainerInfo,[applications, app.manager],,null]"
  DYNAMIC_IMPORT_PACKAGE_LIST = class java.util.Collections$UnmodifiableRandomAccessList@461b0b78
    serialVersionUID = -2542308836966382001
    serialVersionUID = -283967356065247728
    list = class java.util.Arrays$ArrayList@66ffebc4
      serialVersionUID = -2764017481108945198
      a = class java.lang.String[1]
      modCount = 0
      MAX_ARRAY_SIZE = 2147483639
    serialVersionUID = 1820017752578914078
    c = class java.util.Arrays$ArrayList@66ffebc4
  serialVersionUID = -6153587016903242961
  $$$tc$$$ = class com.ibm.websphere.ras.TraceComponent@52ca88d
    strings[0] = "TraceComponent[com.ibm.ws.app.manager.war.internal.WARDeployedAppInfo,class com.ibm.ws.app.manager.war.internal.WARDeployedAppInfo,[webcontainer, applications, app.manager],com.ibm.ws.app.manager.war.internal.resources.Messages,null]"
  _tc = class com.ibm.websphere.ras.TraceComponent@479e3101
    strings[0] = "TraceComponent[com.ibm.ws.app.manager.module.internal.DeployedAppInfoBase,class com.ibm.ws.app.manager.module.internal.DeployedAppInfoBase,[app.manager],com.ibm.ws.app.manager.module.internal.resources.Messages,null]"
  PERMISSION_XML = "permissions.xml"
  applicationInformation = class com.ibm.ws.app.manager.internal.ApplicationInstallInfo@1c61a611
    _config = class com.ibm.ws.app.manager.internal.ApplicationConfig@508f6b99
      _configPid = "com.ibm.ws.app.manager_20"
      _config = class com.ibm.ws.config.admin.ConfigurationDictionary@6fd70e45
      _location = "microprofile-1.0-SNAPSHOT.war"
      _type = "war"
      _name = "microprofile"
      _notificationBroadcasterSupport = class javax.management.NotificationBroadcasterSupport@78893df3
    _handlerInfo = class java.util.concurrent.atomic.AtomicReference@2974d120
      serialVersionUID = -1848883965231344442
      unsafe = class sun.misc.Unsafe@3fbdbdb8
      valueOffset = 12
      value = class com.ibm.ws.app.manager.war.internal.WARDeployedAppInfo@5b69c2eb
    _container = class java.util.concurrent.atomic.AtomicReference@1fa0ca0
      serialVersionUID = -1848883965231344442
      unsafe = class sun.misc.Unsafe@3fbdbdb8
      valueOffset = 12
      value = class com.ibm.ws.adaptable.module.internal.AdaptableContainerImpl@57328d6c
    _resolvedLocation = class java.util.concurrent.atomic.AtomicReference@64476a27
      serialVersionUID = -1848883965231344442
      unsafe = class sun.misc.Unsafe@3fbdbdb8
      valueOffset = 12
      value = class com.ibm.ws.kernel.service.location.internal.LocalFileResource@14e89f7b
    _handler = class com.ibm.ws.app.manager.war.internal.WARApplicationHandlerImpl@4fbf0695
      futureMonitor = class com.ibm.ws.threading.internal.FutureMonitorImpl@bd7dd0a
      deployedAppFactory = class com.ibm.ws.app.manager.war.internal.WARDeployedAppInfoFactoryImpl@48b2e153
      serialVersionUID = 4622845147410944782
      $$$tc$$$ = class com.ibm.websphere.ras.TraceComponent@f173a76
    _ami = class java.util.concurrent.atomic.AtomicReference@40cd3393
      serialVersionUID = -1848883965231344442
      unsafe = class sun.misc.Unsafe@3fbdbdb8
      valueOffset = 12
      value = class com.ibm.wsspi.application.handler.DefaultApplicationMonitoringInformation@113a29e5
    _updateHandler = class com.ibm.ws.app.manager.internal.statemachine.ApplicationStateMachineImpl@1183a826
      _tc = class com.ibm.websphere.ras.TraceComponent@6285df64
      EMPTY_FUTURE_ARRAY = interface java.util.concurrent.Future[0]
      asmSequenceNumber = class java.util.concurrent.atomic.AtomicLong@4889a1c0
      _qscaCounter = class java.util.concurrent.atomic.AtomicInteger@8d17571
      _failedThrowable = null
      _interruptibleLock = class com.ibm.ws.app.manager.internal.statemachine.ApplicationStateMachineImpl$2@7a90f265
      _interruptible = false
      _performingQueuedActions = true
      _queuedActions = class java.util.concurrent.ConcurrentLinkedQueue@42f8e4d2
      _callbackState = class java.util.concurrent.atomic.AtomicReference@47facaec
      blockAppStartingFutures = class java.util.Collections$SetFromMap@4403559f
      waitingForAppHandlerFuture = class java.util.concurrent.atomic.AtomicReference@39fd84a0
      waitingForExplicitStartFuture = class java.util.concurrent.atomic.AtomicReference@3ca63939
      completionListener = class java.util.concurrent.atomic.AtomicReference@2d1a39eb
      _notifyAppStopped = class java.util.concurrent.ConcurrentLinkedQueue@73eb3e7a
      _notifyAppStarting = class java.util.concurrent.ConcurrentLinkedQueue@26666c23
      _notifyAppInstallCalled = class java.util.concurrent.ConcurrentLinkedQueue@2b04f627
      _notifyAppStarted = class java.util.concurrent.ConcurrentLinkedQueue@572d47cd
      _notifyAppRemoved = class java.util.concurrent.ConcurrentLinkedQueue@7d1fabbc
      _stateLock = class com.ibm.ws.app.manager.internal.statemachine.ApplicationStateMachineImpl$3@680dc748
      _internalState = class java.util.concurrent.atomic.AtomicReference@64b4a1a0
      _currentAction = class java.util.concurrent.atomic.AtomicReference@591a81d4
      _rfa = class java.util.concurrent.atomic.AtomicReference@59588300
      _appInstallInfo = class java.util.concurrent.atomic.AtomicReference@5fe938e4
      _update = class java.util.concurrent.atomic.AtomicBoolean@1e113b18
      _appConfig = class java.util.concurrent.atomic.AtomicReference@13881d2f
      _nextAppConfig = class java.util.concurrent.atomic.AtomicReference@e55dcdd
      _appContainer = class java.util.concurrent.atomic.AtomicReference@18edfbeb
      _resolvedLocation = class java.util.concurrent.atomic.AtomicReference@f33ca15
      _handler = class java.util.concurrent.atomic.AtomicReference@5c01cfb9
      _asmSeqNo = 2
      _ctx = class org.eclipse.osgi.internal.framework.BundleContextImpl@384ef59a
      _locAdmin = class com.ibm.ws.kernel.service.location.internal.WsLocationAdminImpl@7c9243d0
      _futureMonitor = class com.ibm.ws.threading.internal.FutureMonitorImpl@bd7dd0a
      _artifactFactory = class com.ibm.ws.artifact.internal.ArtifactContainerFactoryService@70b71461
      _moduleFactory = class com.ibm.ws.adaptable.module.internal.AdaptableModuleFactoryImpl@4e96e29a
      _executorService = class com.ibm.ws.threading.internal.ExecutorServiceImpl@1a25dd07
      _scheduledExecutorService = class com.ibm.ws.threading.internal.ScheduledExecutorImpl@480bb5fd
      _asmHelper = class com.ibm.ws.app.manager.internal.ApplicationConfigurator$NamedApplication@f7ef1ad
      _appMonitor = class com.ibm.ws.app.manager.internal.monitor.ApplicationMonitor@2669e3ef
      enterStateCalled = class java.util.concurrent.atomic.AtomicBoolean@13e355a5
      serialVersionUID = -1399093980790866556
      serialVersionUID = 5501066335104962649
      $$$tc$$$ = class com.ibm.websphere.ras.TraceComponent@54f86972
    serialVersionUID = 3995013949638210907
    $$$tc$$$ = class com.ibm.websphere.ras.TraceComponent@67ea3f0c
      strings[0] = "TraceComponent[com.ibm.ws.app.manager.internal.ApplicationInstallInfo,class com.ibm.ws.app.manager.internal.ApplicationInstallInfo,[applications, app.manager],com.ibm.ws.app.manager.internal.resources.AppManagerMessages,null]"
  location = "/home/ibmdemo/Student/workspace/microprofile/target/liberty/wlp/usr/servers/defaultServer/apps/microprofile-1.0-SNAPSHOT.war.xml"
  classLoadingService = class com.ibm.ws.classloading.internal.ClassLoadingServiceImpl@219c2196
    tc = class com.ibm.websphere.ras.TraceComponent@66ba9812
      strings[0] = "TraceComponent[com.ibm.ws.classloading.internal.ClassLoadingServiceImpl,class com.ibm.ws.classloading.internal.ClassLoadingServiceImpl,[ClassLoadingService],com.ibm.ws.classloading.internal.resources.ClassLoadingServiceMessages,null]"
    leakDetectionMap = class java.util.HashMap@7584cf1d
      serialVersionUID = 362498820763181265
      DEFAULT_INITIAL_CAPACITY = 16
      MAXIMUM_CAPACITY = 1073741824
      DEFAULT_LOAD_FACTOR = 0.75
      TREEIFY_THRESHOLD = 8
      UNTREEIFY_THRESHOLD = 6
      MIN_TREEIFY_CAPACITY = 64
      table = null
      entrySet = null
      size = 0
      modCount = 0
      threshold = 0
      loadFactor = 0.75
      keySet = null
      values = null
    TCCL_LOCK_WAIT = 15000
    REFERENCE_GENERATORS = "generators"
    bundleContext = class org.eclipse.osgi.internal.framework.BundleContextImpl@6ebd3eb3
    aclStore = class com.ibm.ws.classloading.internal.util.CanonicalStore@69f9b211
      map = class java.util.concurrent.ConcurrentHashMap@5a5de9fc
      q = class com.ibm.ws.classloading.internal.util.RefQueue@7c608ba1
      serialVersionUID = 6715157558227169968
      $$$tc$$$ = class com.ibm.websphere.ras.TraceComponent@58d53d62
    tcclStore = class com.ibm.ws.classloading.internal.util.CanonicalStore@2fccf9fb
      map = class java.util.concurrent.ConcurrentHashMap@1abe6b68
      q = class com.ibm.ws.classloading.internal.util.RefQueue@17828d91
      serialVersionUID = 6715157558227169968
      $$$tc$$$ = class com.ibm.websphere.ras.TraceComponent@58d53d62
    tcclStoreLock = class java.util.concurrent.locks.ReentrantLock@7322d518
      serialVersionUID = 7373984872572414699
      sync = class java.util.concurrent.locks.ReentrantLock$NonfairSync@7c5ef79c
    digraph = class org.eclipse.equinox.internal.region.StandardRegionDigraph@208d0046
      EMPTY_EDGE_SET = class java.util.Collections$UnmodifiableSet@2568e8c1
      monitor = class java.lang.Object@d3bb177
      regions = class java.util.HashMap@32f08b84
      bundleIdToRegionMapping = class org.eclipse.equinox.internal.region.StandardBundleIdToRegionMapping@4a1d7a16
      edges = class java.util.HashMap@28d1ad74
      bundleContext = class org.eclipse.osgi.internal.framework.BundleContextImpl@59e2d8e3
      threadLocal = class java.lang.ThreadLocal@78311110
      subgraphTraverser = class org.eclipse.equinox.internal.region.SubgraphTraverser@4eab1939
      bundleCollisionHook = class org.eclipse.equinox.internal.region.hook.RegionBundleCollisionHook@6f471730
      bundleEventHook = class org.eclipse.equinox.internal.region.hook.RegionBundleEventHook@4a58ada1
      bundleFindHook = class org.eclipse.equinox.internal.region.hook.RegionBundleFindHook@3a119c6b
      serviceEventHook = class org.eclipse.equinox.internal.region.hook.RegionServiceEventHook@2c6528c1
      serviceFindHook = class org.eclipse.equinox.internal.region.hook.RegionServiceFindHook@7bcc44ea
      resolverHookFactory = class org.eclipse.equinox.internal.region.hook.RegionResolverHookFactory@74f6db97
      origin = null
      originUpdateCount = -1
      updateCount = class java.util.concurrent.atomic.AtomicLong@42b2e3a6
      defaultRegion = null
    redefiner = class com.ibm.ws.classloading.internal.util.ClassRedefiner@440577c
      tc = class com.ibm.websphere.ras.TraceComponent@a35eedf
      LS = "
"
      inst = class com.ibm.ws.kernel.launch.internal.TraceInstrumentation@4e7e5bd8
      serialVersionUID = 2420101865139508526
    listener = class com.ibm.ws.classloading.internal.ClassLoadingServiceImpl$1@4c0b652e
      this$0 = class com.ibm.ws.classloading.internal.ClassLoadingServiceImpl@219c2196
      serialVersionUID = -9159707349812113172
      $$$tc$$$ = class com.ibm.websphere.ras.TraceComponent@1a527bcf
    classloaders = class java.util.Collections$SynchronizedMap@29e4e3a2
      serialVersionUID = 1978198479659022715
      m = class java.util.HashMap@76ab1fcd
      mutex = class java.util.Collections$SynchronizedMap@29e4e3a2
      keySet = null
      entrySet = null
      values = null
    resourceProviders = class com.ibm.ws.classloading.internal.CompositeResourceProvider@612349e8
      lockFactory = class java.util.concurrent.locks.ReentrantReadWriteLock@5e661f1d
      providerMap = class com.ibm.ws.classloading.internal.util.MultiMap@1c8e4d25
      serialVersionUID = -5576435894946156347
      $$$tc$$$ = class com.ibm.websphere.ras.TraceComponent@e6ab006
    rememberedBundles = class java.util.concurrent.ConcurrentHashMap@675e1907
      serialVersionUID = 7249069246763182397
      MAXIMUM_CAPACITY = 1073741824
      DEFAULT_CAPACITY = 16
      MAX_ARRAY_SIZE = 2147483639
      DEFAULT_CONCURRENCY_LEVEL = 16
      LOAD_FACTOR = 0.75
      TREEIFY_THRESHOLD = 8
      UNTREEIFY_THRESHOLD = 6
      MIN_TREEIFY_CAPACITY = 64
      MIN_TRANSFER_STRIDE = 16
      RESIZE_STAMP_BITS = 16
      MAX_RESIZERS = 65535
      RESIZE_STAMP_SHIFT = 16
      MOVED = -1
      TREEBIN = -2
      RESERVED = -3
      HASH_BITS = 2147483647
      NCPU = 4
      serialPersistentFields = class java.io.ObjectStreamField[3]
      table = class java.util.concurrent.ConcurrentHashMap$Node[16]
      nextTable = null
      baseCount = 4
      sizeCtl = 12
      transferIndex = 0
      cellsBusy = 0
      counterCells = null
      keySet = null
      values = null
      entrySet = null
      U = class sun.misc.Unsafe@3fbdbdb8
      SIZECTL = 20
      TRANSFERINDEX = 32
      BASECOUNT = 24
      CELLSBUSY = 36
      CELLVALUE = 144
      ABASE = 16
      ASHIFT = 2
      keySet = null
      values = null
    collectedBundles = class java.lang.ref.ReferenceQueue@70eb22d7
      NULL = class java.lang.ref.ReferenceQueue$Null@3002805e
      ENQUEUED = class java.lang.ref.ReferenceQueue$Null@a353f30
      lock = class java.lang.ref.ReferenceQueue$Lock@66497e7e
      head = null
      queueLength = 0
      $assertionsDisabled = true
    generatorRefs = class com.ibm.wsspi.kernel.service.utils.ConcurrentServiceReferenceSet@7e9c369b
      referenceName = "generators"
      contextRef = class java.util.concurrent.atomic.AtomicReference@df60fac
      elementMap = class java.util.LinkedHashMap@2b04636a
      elementSet = class java.util.concurrent.ConcurrentSkipListSet@2d65a9a5
      elementSetUnsorted = false
      serialVersionUID = 756240983881166148
      $$$tc$$$ = class com.ibm.websphere.ras.TraceComponent@3ddbbf6e
    generatorManager = class com.ibm.ws.classloading.internal.ClassGeneratorManager@50b5ca9
      tc = class com.ibm.websphere.ras.TraceComponent@a61cdef
      generatorRefs = class com.ibm.wsspi.kernel.service.utils.ConcurrentServiceReferenceSet@7e9c369b
      serialVersionUID = 4152663586056483310
    appExtLibs = class java.util.concurrent.CopyOnWriteArrayList@120afb2e
      serialVersionUID = 8673264195747942595
      lock = class java.util.concurrent.locks.ReentrantLock@53fe60ca
      array = class java.lang.Object[0]
      UNSAFE = class sun.misc.Unsafe@3fbdbdb8
      lockOffset = 12
    metaInfServicesProviders = class java.util.concurrent.ConcurrentHashMap@3b5e9e22
      serialVersionUID = 7249069246763182397
      MAXIMUM_CAPACITY = 1073741824
      DEFAULT_CAPACITY = 16
      MAX_ARRAY_SIZE = 2147483639
      DEFAULT_CONCURRENCY_LEVEL = 16
      LOAD_FACTOR = 0.75
      TREEIFY_THRESHOLD = 8
      UNTREEIFY_THRESHOLD = 6
      MIN_TREEIFY_CAPACITY = 64
      MIN_TRANSFER_STRIDE = 16
      RESIZE_STAMP_BITS = 16
      MAX_RESIZERS = 65535
      RESIZE_STAMP_SHIFT = 16
      MOVED = -1
      TREEBIN = -2
      RESERVED = -3
      HASH_BITS = 2147483647
      NCPU = 4
      serialPersistentFields = class java.io.ObjectStreamField[3]
      table = null
      nextTable = null
      baseCount = 0
      sizeCtl = 0
      transferIndex = 0
      cellsBusy = 0
      counterCells = null
      keySet = null
      values = null
      entrySet = null
      U = class sun.misc.Unsafe@3fbdbdb8
      SIZECTL = 20
      TRANSFERINDEX = 32
      BASECOUNT = 24
      CELLSBUSY = 36
      CELLVALUE = 144
      ABASE = 16
      ASHIFT = 2
      keySet = null
      values = null
    metaInfServicesRefs = class com.ibm.wsspi.kernel.service.utils.ConcurrentServiceReferenceMap@24e94f3c
      referenceName = "MetaInfServicesProvider"
      context = class org.apache.felix.scr.impl.manager.ComponentContextImpl@497432c1
      elementMap = class java.util.concurrent.ConcurrentHashMap@29401f8e
      serialVersionUID = 6980924785166233786
      $$$tc$$$ = class com.ibm.websphere.ras.TraceComponent@577abe3d
    protectionDomainMap = class java.util.HashMap@7bd8b11c
      serialVersionUID = 362498820763181265
      DEFAULT_INITIAL_CAPACITY = 16
      MAXIMUM_CAPACITY = 1073741824
      DEFAULT_LOAD_FACTOR = 0.75
      TREEIFY_THRESHOLD = 8
      UNTREEIFY_THRESHOLD = 6
      MIN_TREEIFY_CAPACITY = 64
      table = null
      entrySet = null
      size = 0
      modCount = 0
      threshold = 0
      loadFactor = 0.75
      keySet = null
      values = null
    metadataIdentifierService = class com.ibm.ws.container.service.metadata.internal.MetaDataServiceImpl@3ca5d8f2
    serialVersionUID = 3750725462702355330
  globalSharedLibrary = class com.ibm.ws.library.internal.SharedLibraryImpl@48902657
    tc = class com.ibm.websphere.ras.TraceComponent@5afe4ca0
      strings[0] = "TraceComponent[com.ibm.ws.library.internal.SharedLibraryImpl,class com.ibm.ws.library.internal.SharedLibraryImpl,[SharedLibrary],com.ibm.ws.classloading.internal.resources.ClassLoadingServiceMessages,null]"
    EMPTY_LIBRARY_LISTENERS = interface com.ibm.wsspi.library.LibraryChangeListener[0]
    deleted = false
    libraryListenersTracker = class org.osgi.util.tracker.ServiceTracker@b327050
      DEBUG = false
      context = class org.eclipse.osgi.internal.framework.BundleContextImpl@6ebd3eb3
      filter = class org.eclipse.osgi.internal.framework.FilterImpl@7402a47b
      customizer = class org.osgi.util.tracker.ServiceTracker@b327050
      listenerFilter = "(&(objectClass=com.ibm.wsspi.library.LibraryChangeListener)(|(library=global)(libraryRef=*com.ibm.ws.classloading.sharedlibrary_37*)))"
      trackClass = null
      trackReference = null
      tracked = class org.osgi.util.tracker.ServiceTracker$Tracked@f5de0a
      cachedReference = null
      cachedService = null
    libraryReg = class org.eclipse.osgi.internal.serviceregistry.ServiceRegistrationImpl@6351c108
      registry = class org.eclipse.osgi.internal.serviceregistry.ServiceRegistry@a71725f
      context = class org.eclipse.osgi.internal.framework.BundleContextImpl@6ebd3eb3
      bundle = class org.eclipse.osgi.internal.framework.EquinoxBundle@5f4b862a
      clazzes = class java.lang.String[1]
      service = class com.ibm.ws.library.internal.SharedLibraryImpl@48902657
      reference = class org.eclipse.osgi.internal.serviceregistry.ServiceReferenceImpl@881cd9a
      contextsUsing = class java.util.ArrayList@46e494be
      properties = class java.util.Collections$UnmodifiableMap@4706e5b7
      serviceid = 246
      serviceranking = 2
      registrationLock = class java.lang.Object@6779c5e1
      state = 0
      REGISTERED = 0
      UNREGISTERING = 1
      UNREGISTERED = 2
      FRAMEWORK_SET_SERVICE_PROPERTIES_COUNT = 4
      $assertionsDisabled = true
    ctx = class org.eclipse.osgi.internal.framework.BundleContextImpl@6ebd3eb3
      findHookName = "org.osgi.framework.hooks.bundle.FindHook"
      valid = true
      bundle = class org.eclipse.osgi.internal.framework.EquinoxBundle@5f4b862a
      container = class org.eclipse.osgi.internal.framework.EquinoxContainer@462490dc
      debug = class org.eclipse.osgi.internal.debug.Debug@690bf779
      servicesInUse = class java.util.HashMap@770b8a8e
      activator = null
      contextLock = class java.lang.Object@2ccc9b0d
    classLoadingService = class com.ibm.ws.classloading.internal.ClassLoadingServiceImpl@219c2196
    configAdmin = class com.ibm.ws.config.admin.internal.ConfigurationAdminImpl@34476755
      tc = class com.ibm.websphere.ras.TraceComponent@48e885ab
      bundle = class org.eclipse.osgi.internal.framework.EquinoxBundle@5f4b862a
      caFactory = class com.ibm.ws.config.admin.internal.ConfigAdminServiceFactory@2a6583bc
      serialVersionUID = 3160799878770679122
    resolvedBasePath = "/home/ibmdemo/Student/workspace/microprofile/target/liberty/wlp/usr/servers/defaultServer/"
    generationLock = class com.ibm.ws.library.internal.SharedLibraryImpl$1@6d461637
      this$0 = class com.ibm.ws.library.internal.SharedLibraryImpl@48902657
      serialVersionUID = 2483639803450672373
      $$$tc$$$ = class com.ibm.websphere.ras.TraceComponent@26383815
    currentGeneration = class com.ibm.ws.library.internal.LibraryGeneration@3f7462ae
      tc = class com.ibm.websphere.ras.TraceComponent@7e69b7a3
      nextInt = class java.util.concurrent.atomic.AtomicInteger@394cb837
      libraryId = "global"
      genId = 2
      libraryProps = class java.util.Hashtable@9792c98
      filesetRefs = class java.util.Collections$UnmodifiableRandomAccessList@3f6f2303
      apiTypeVisibility = class java.util.RegularEnumSet@3a35ed42
      files = class java.util.Collections$EmptyList@2b7e80a5
      folders = class java.util.ArrayList@66647733
      fileAndFolderContainers = class java.util.Collections$EmptyList@2b7e80a5
      filesets = class java.util.concurrent.ArrayBlockingQueue@26398a8b
      filesetListenerRegs = class java.util.concurrent.ConcurrentLinkedQueue@6008c274
      cancelled = false
      library = class com.ibm.ws.library.internal.SharedLibraryImpl@48902657
      serialVersionUID = 6965220007121905717
    nextGeneration = class com.ibm.ws.library.internal.LibraryGeneration@3f7462ae
    artifactContainerFactory = class com.ibm.ws.library.internal.SharedLibraryFactory$1@27dc35e0
      this$0 = class com.ibm.ws.library.internal.SharedLibraryFactory@412f744a
      serialVersionUID = 7730244564205089330
      $$$tc$$$ = class com.ibm.websphere.ras.TraceComponent@5680abfc
    packageExporter = class com.ibm.ws.library.internal.LibraryPackageExporter@282e9381
      EXPORTER_POSTFIX = "_library_exporter"
      REGION_EXPORT_TO_LIBERTY = "liberty.library.export.to.liberty"
      REGION_EXPORT_TO_OSGI_APPS = "liberty.library.export.to.osgi.app"
      REGION_KERNEL = "org.eclipse.equinox.region.kernel"
      counter = class java.util.concurrent.atomic.AtomicLong@37cebfe1
      context = class org.eclipse.osgi.internal.framework.BundleContextImpl@6ebd3eb3
      digraph = class org.eclipse.equinox.internal.region.StandardRegionDigraph@208d0046
      bundleToLibrary = class java.util.concurrent.ConcurrentHashMap@41f8c438
      libraryToVisibility = class java.util.concurrent.ConcurrentHashMap@45688562
      serialVersionUID = 8074378969667956573
      $$$tc$$$ = class com.ibm.websphere.ras.TraceComponent@10e6bf17
    serialVersionUID = 6288237618632180389
  sharedLibDeploymentInfo = class com.ibm.ws.app.manager.module.internal.DeployedAppInfoBase$SharedLibDeploymentInfo@56cea4f6
    bundleContext = class org.eclipse.osgi.internal.framework.BundleContextImpl@2b2bb6aa
      findHookName = "org.osgi.framework.hooks.bundle.FindHook"
      valid = true
      bundle = class org.eclipse.osgi.internal.framework.EquinoxBundle@6434bb6d
      container = class org.eclipse.osgi.internal.framework.EquinoxContainer@462490dc
      debug = class org.eclipse.osgi.internal.debug.Debug@690bf779
      servicesInUse = class java.util.HashMap@731d3e04
      activator = null
      contextLock = class java.lang.Object@5d3dd158
    locAdmin = class com.ibm.ws.kernel.service.location.internal.WsLocationAdminImpl@7c9243d0
      tc = class com.ibm.websphere.ras.TraceComponent@72d864fc
      LOC_INTERNAL_LIB_DIR = "wlp.lib.dir"
      LOC_AREA_NAME_APPS = "shared/apps/"
      LOC_AREA_NAME_CONFIG = "shared/config/"
      LOC_AREA_NAME_RESC = "shared/resources/"
      LOC_AREA_NAME_STATE = "logs/state/"
      LOC_AREA_NAME_SERVERS = "servers/"
      LOC_AREA_NAME_CLIENTS = "clients/"
      LOC_AREA_NAME_WORKING = "workarea/"
      LOC_AREA_NAME_EXTENSION = "extension/"
      instance = class com.ibm.ws.staticvalue.StaticValue$FinalSingleton@5d1e4ec1
      installRoot = class com.ibm.ws.kernel.service.location.internal.SymbolicRootResource@70096192
      installParentRoot = class com.ibm.ws.kernel.service.location.internal.SymbolicRootResource@638c9e
      userRoot = class com.ibm.ws.kernel.service.location.internal.SymbolicRootResource@77715b20
      usrExtensionRoot = class com.ibm.ws.kernel.service.location.internal.SymbolicRootResource@58366b49
      serverConfigDir = class com.ibm.ws.kernel.service.location.internal.SymbolicRootResource@6308842c
      serverOutputDir = class com.ibm.ws.kernel.service.location.internal.SymbolicRootResource@6308842c
      bootstrapLib = class com.ibm.ws.kernel.service.location.internal.LocalFileResource@7f13e3af
      serverWorkarea = class com.ibm.ws.kernel.service.location.internal.LocalFileResource@2c60f36
      serverState = class com.ibm.ws.kernel.service.location.internal.LocalFileResource@69c15004
      sharedAppsRoot = class com.ibm.ws.kernel.service.location.internal.SymbolicRootResource@4e4f80f4
      sharedConfigRoot = class com.ibm.ws.kernel.service.location.internal.SymbolicRootResource@2e211c09
      sharedResourceRoot = class com.ibm.ws.kernel.service.location.internal.SymbolicRootResource@1c2c1944
      tmpRoot = class com.ibm.ws.kernel.service.location.internal.SymbolicRootResource@7f8e3bb5
      serverName = "defaultServer"
      resourcePaths = class java.util.ArrayList@4df45c90
      resourceGroups = class java.util.HashMap@6b13c073
      commonRoot = class com.ibm.ws.kernel.service.location.internal.VirtualRootResource@1709126c
      serialVersionUID = 7766352982799267432
    artifactFactory = class com.ibm.ws.artifact.internal.ArtifactContainerFactoryService@70b71461
      CATEGORY_PROP_NAME = "category"
      ENTRY_KEY = "com.ibm.wsspi.artifact.ArtifactEntry"
      helperMap = class com.ibm.wsspi.kernel.service.utils.ConcurrentServiceReferenceSetMap@573f4bea
      contributorMap = class com.ibm.wsspi.kernel.service.utils.ConcurrentServiceReferenceSetMap@447aa24b
      helperCategoryMap = class com.ibm.wsspi.kernel.service.utils.ConcurrentServiceReferenceSetMap@138829a7
      contributorCategoryMap = class com.ibm.wsspi.kernel.service.utils.ConcurrentServiceReferenceSetMap@225fe880
      categories = class java.util.Collections$SynchronizedSet@f12873a
      baseProperties = class org.apache.felix.scr.impl.helper.ReadOnlyDictionary@1eeb0469
      serialVersionUID = -3101641399269402013
      $$$tc$$$ = class com.ibm.websphere.ras.TraceComponent@63fbc675
    moduleFactory = class com.ibm.ws.adaptable.module.internal.AdaptableModuleFactoryImpl@4e96e29a
      adapterFactoryService = class com.ibm.ws.adaptable.module.internal.AdapterFactoryServiceImpl@785c6d60
      containerFactory = class com.ibm.ws.artifact.internal.ArtifactContainerFactoryService@70b71461
      overlayContainerFactory = class com.ibm.ws.artifact.overlay.internal.OverlayContainerFactoryImpl@2b5e3f13
      serialVersionUID = 4200251809856292987
      $$$tc$$$ = class com.ibm.websphere.ras.TraceComponent@53c017f8
    classesContainerInfo = class java.util.ArrayList@3f7bb62f
      serialVersionUID = 8683452581122892189
      DEFAULT_CAPACITY = 10
      EMPTY_ELEMENTDATA = class java.lang.Object[0]
      DEFAULTCAPACITY_EMPTY_ELEMENTDATA = class java.lang.Object[0]
      elementData = class java.lang.Object[0]
      size = 0
      MAX_ARRAY_SIZE = 2147483639
      modCount = 0
      MAX_ARRAY_SIZE = 2147483639
    serialVersionUID = -9033256786848720484
    $$$tc$$$ = class com.ibm.websphere.ras.TraceComponent@4b72b31d
      strings[0] = "TraceComponent[com.ibm.ws.app.manager.module.internal.DeployedAppInfoBase$SharedLibDeploymentInfo,class com.ibm.ws.app.manager.module.internal.DeployedAppInfoBase$SharedLibDeploymentInfo,[applications, app.manager],,null]"
  futureMonitor = class com.ibm.ws.threading.internal.FutureMonitorImpl@bd7dd0a
    _monitor = class java.util.concurrent.ConcurrentLinkedQueue@30944982
      serialVersionUID = 196745693267521676
      head = class java.util.concurrent.ConcurrentLinkedQueue$Node@4e8c5c38
      tail = class java.util.concurrent.ConcurrentLinkedQueue$Node@4e8c5c38
      UNSAFE = class sun.misc.Unsafe@3fbdbdb8
      headOffset = 12
      tailOffset = 16
      MAX_ARRAY_SIZE = 2147483639
    _executor = class com.ibm.ws.threading.internal.ScheduledExecutorImpl@480bb5fd
      threadGroupName = "Scheduled Executor Thread Group"
      executor = class com.ibm.ws.threading.internal.ExecutorServiceImpl@1a25dd07
      serialVersionUID = -9110693807503469597
      $$$tc$$$ = class com.ibm.websphere.ras.TraceComponent@21b1d538
      continueExistingPeriodicTasksAfterShutdown = false
      executeExistingDelayedTasksAfterShutdown = true
      removeOnCancel = false
      sequencer = class java.util.concurrent.atomic.AtomicLong@789f6081
      ctl = class java.util.concurrent.atomic.AtomicInteger@4db87467
      COUNT_BITS = 29
      CAPACITY = 536870911
      RUNNING = -536870912
      SHUTDOWN = 0
      STOP = 536870912
      TIDYING = 1073741824
      TERMINATED = 1610612736
      workQueue = class java.util.concurrent.ScheduledThreadPoolExecutor$DelayedWorkQueue@357dc3f2
      mainLock = class java.util.concurrent.locks.ReentrantLock@3bb7c5d2
      workers = class java.util.HashSet@38af314d
      termination = class java.util.concurrent.locks.AbstractQueuedSynchronizer$ConditionObject@363a7173
      largestPoolSize = 1
      completedTaskCount = 0
      threadFactory = class com.ibm.ws.threading.internal.ThreadFactoryImpl@6d034615
      handler = class java.util.concurrent.ThreadPoolExecutor$AbortPolicy@681f8732
      keepAliveTime = 0
      allowCoreThreadTimeOut = false
      corePoolSize = 1
      maximumPoolSize = 2147483647
      defaultHandler = class java.util.concurrent.ThreadPoolExecutor$AbortPolicy@681f8732
      shutdownPerm = class java.lang.RuntimePermission@29fbe625
      acc = null
      ONLY_ONE = true
      $assertionsDisabled = true
    _threadRunning = class java.util.concurrent.atomic.AtomicBoolean@735ab1c1
      serialVersionUID = 4654671469794556979
      unsafe = class sun.misc.Unsafe@3fbdbdb8
      valueOffset = 12
      value = 0
    _thread = class com.ibm.ws.threading.internal.FutureMonitorImpl$1@3ae79007
      this$0 = class com.ibm.ws.threading.internal.FutureMonitorImpl@bd7dd0a
      serialVersionUID = 2422512430832938099
      $$$tc$$$ = class com.ibm.websphere.ras.TraceComponent@2caa3fb9
    serialVersionUID = 2765238413969174390
    $$$tc$$$ = class com.ibm.websphere.ras.TraceComponent@4eacd8d6
      strings[0] = "TraceComponent[com.ibm.ws.threading.internal.FutureMonitorImpl,class com.ibm.ws.threading.internal.FutureMonitorImpl,[Threading],com.ibm.ws.threading.internal.resources.ThreadingMessages,null]"
  configAdmin = class com.ibm.ws.config.admin.internal.ConfigurationAdminImpl@4a60d1f5
    tc = class com.ibm.websphere.ras.TraceComponent@48e885ab
      strings[0] = "TraceComponent[com.ibm.ws.config.admin.internal.ConfigurationAdminImpl,class com.ibm.ws.config.admin.internal.ConfigurationAdminImpl,[config],com.ibm.ws.config.internal.resources.ConfigMessages,null]"
    bundle = class org.eclipse.osgi.internal.framework.EquinoxBundle@6434bb6d
      equinoxContainer = class org.eclipse.osgi.internal.framework.EquinoxContainer@462490dc
      module = class org.eclipse.osgi.internal.framework.EquinoxBundle$EquinoxModule@2abbc706
      monitor = class java.lang.Object@2102e8a8
      context = class org.eclipse.osgi.internal.framework.BundleContextImpl@2b2bb6aa
      signerInfos = null
      $SWITCH_TABLE$org$eclipse$osgi$container$Module$State = {1,2,3,4,5,6,7} /* array length = 7 */
    caFactory = class com.ibm.ws.config.admin.internal.ConfigAdminServiceFactory@2a6583bc
      tc = class com.ibm.websphere.ras.TraceComponent@abe3e48
      configurationPermission = class org.osgi.service.cm.ConfigurationPermission@4d9432dd
      INDEX_DICTIONARY = 0
      INDEX_LOCATION = 1
      INDEX_METATYPE_PROCESSED = 2
      INDEX_IN_OVERRIDES_FILE = 3
      INDEX_REFERENCES = 4
      INDEX_UNIQUES = 5
      bundleContext = class org.eclipse.osgi.internal.framework.BundleContextImpl@4d926d38
      msTracker = class com.ibm.ws.config.admin.internal.ManagedServiceTracker@236fa5de
      msfTracker = class com.ibm.ws.config.admin.internal.ManagedServiceFactoryTracker@29b6e3d2
      pluginManager = class com.ibm.ws.config.admin.internal.PluginManager@2fd2c2bb
      configurationStore = class com.ibm.ws.config.admin.internal.ConfigurationStore@43bc1f46
      updateQueue = class com.ibm.ws.config.admin.internal.UpdateQueue@1d2303ba
      ced = class com.ibm.ws.config.admin.internal.ConfigEventDispatcher@315cbbf
      idMap = class java.util.Collections$SynchronizedMap@3a6b167c
      referenceMap = class java.util.Collections$SynchronizedMap@198e6858
      variableRegistryTracker = class org.osgi.util.tracker.ServiceTracker@1c358600
      variableRegistry = class com.ibm.ws.kernel.service.location.internal.VariableRegistryHelper@31d0ee0a
      configurationAdminRef = class org.eclipse.osgi.internal.serviceregistry.ServiceRegistrationImpl@1cd32320
      serialVersionUID = 6695202270027014725
    serialVersionUID = 3160799878770679122
  libraryConfigHelper = class com.ibm.ws.classloading.ClassLoaderConfigHelper@ab0d9be
    tc = class com.ibm.websphere.ras.TraceComponent@33bcfb15
      strings[0] = "TraceComponent[com.ibm.ws.classloading.ClassLoaderConfigHelper,class com.ibm.ws.classloading.ClassLoaderConfigHelper,[ClassLoadingService],com.ibm.ws.classloading.internal.resources.ClassLoadingServiceMessages,null]"
    DEFAULT_API_TYPES = class java.util.RegularEnumSet@44ad0774
      serialVersionUID = 3411599620347842686
      elements = 23
      elementType = class java.lang.Class@1aa0c965
      universe = class com.ibm.wsspi.classloading.ApiType[5]
      ZERO_LENGTH_ENUM_ARRAY = class java.lang.Enum[0]
      MAX_ARRAY_SIZE = 2147483639
    sharedLibraries = class java.util.Collections$EmptyList@2b7e80a5
      serialVersionUID = 8842843931221139166
      modCount = 0
      MAX_ARRAY_SIZE = 2147483639
    commonLibraries = class java.util.Collections$EmptyList@2b7e80a5
    classProviders = class java.util.Collections$EmptyList@2b7e80a5
    sharedLibrariesPids = null
    commonLibrariesPids = null
    isDelegateLast = false
    apiTypes = class java.util.RegularEnumSet@44ad0774
    classLoaderConfigProps = null
    serialVersionUID = -3051196824456962209
  isDelegateLast = false
  permissionManager = class com.ibm.ws.security.java2sec.PermissionManager@43dbe421
    tc = class com.ibm.websphere.ras.TraceComponent@cbcc4fd
      strings[0] = "TraceComponent[com.ibm.ws.security.java2sec.PermissionManager,class com.ibm.ws.security.java2sec.PermissionManager,[Java2SecurityUtil],com.ibm.ws.security.java2sec.resources.Java2SecurityUtilMessages,null]"
    classLoadingService = class com.ibm.ws.classloading.internal.ClassLoadingServiceImpl@219c2196
    DEFAULT_SERVER_RESTRICTABLE_PERMISSIONS = class java.security.Permission[4]
      Permission[0] = class java.lang.RuntimePermission@36043114
      Permission[1] = class java.lang.RuntimePermission@4a7cd448
      Permission[2] = class java.security.SecurityPermission@2b3c9000
      Permission[3] = class javax.security.auth.AuthPermission@5970ee3
    DEFAULT_CLIENT_RESTRICTABLE_PERMISSIONS = class java.security.Permission[3]
      Permission[0] = class java.lang.RuntimePermission@29f0ffc0
      Permission[1] = class java.security.SecurityPermission@3fb01f73
      Permission[2] = class javax.security.auth.AuthPermission@1588b250
    isServer = true
    wsjarUrlStreamHandlerAvailable = true
    restrictablePermissions = class java.util.ArrayList@12ab2a86
      serialVersionUID = 8683452581122892189
      DEFAULT_CAPACITY = 10
      EMPTY_ELEMENTDATA = class java.lang.Object[0]
      DEFAULTCAPACITY_EMPTY_ELEMENTDATA = class java.lang.Object[0]
      elementData = class java.lang.Object[10]
      size = 4
      MAX_ARRAY_SIZE = 2147483639
      modCount = 4
      MAX_ARRAY_SIZE = 2147483639
    grantedPermissions = class java.util.ArrayList@70833c32
      serialVersionUID = 8683452581122892189
      DEFAULT_CAPACITY = 10
      EMPTY_ELEMENTDATA = class java.lang.Object[0]
      DEFAULTCAPACITY_EMPTY_ELEMENTDATA = class java.lang.Object[0]
      elementData = class java.lang.Object[0]
      size = 0
      MAX_ARRAY_SIZE = 2147483639
      modCount = 0
      MAX_ARRAY_SIZE = 2147483639
    KEY_PERMISSION = "permission"
    INCORRECT_PERMISSION_CONFIGURATION = "INCORRECT_PERMISSION_CONFIGURATION"
    PERMISSION_CLASSNOTFOUND = "PERMISSION_CLASSNOTFOUND"
    SERVER_XML = "server.xml"
    CLIENT_XML = "client.xml"
    originationFile = "server.xml"
    permissions = class com.ibm.wsspi.kernel.service.utils.ConcurrentServiceReferenceSet@4410e3a2
      referenceName = "permission"
      contextRef = class java.util.concurrent.atomic.AtomicReference@3f270d09
      elementMap = class java.util.LinkedHashMap@7d548cbb
      elementSet = class java.util.concurrent.ConcurrentSkipListSet@7a8a5e2d
      elementSetUnsorted = false
      serialVersionUID = 756240983881166148
      $$$tc$$$ = class com.ibm.websphere.ras.TraceComponent@3ddbbf6e
    codeBasePermissionMap = class java.util.HashMap@12ab7be6
      serialVersionUID = 362498820763181265
      DEFAULT_INITIAL_CAPACITY = 16
      MAXIMUM_CAPACITY = 1073741824
      DEFAULT_LOAD_FACTOR = 0.75
      TREEIFY_THRESHOLD = 8
      UNTREEIFY_THRESHOLD = 6
      MIN_TREEIFY_CAPACITY = 64
      table = null
      entrySet = null
      size = 0
      modCount = 0
      threshold = 0
      loadFactor = 0.75
      keySet = class java.util.HashMap$KeySet@34e5933
      values = null
    permissionXMLPermissionMap = class java.util.HashMap@599f8c2f
      serialVersionUID = 362498820763181265
      DEFAULT_INITIAL_CAPACITY = 16
      MAXIMUM_CAPACITY = 1073741824
      DEFAULT_LOAD_FACTOR = 0.75
      TREEIFY_THRESHOLD = 8
      UNTREEIFY_THRESHOLD = 6
      MIN_TREEIFY_CAPACITY = 64
      table = null
      entrySet = null
      size = 0
      modCount = 0
      threshold = 0
      loadFactor = 0.75
      keySet = null
      values = null
    serialVersionUID = -1314772785255050069
  permissionsConfig = null
  serialVersionUID = -6908382869835671687
  appInfo = class com.ibm.ws.container.service.app.deploy.internal.ApplicationInfoImpl@5ce7e284
    appName = "microprofile-1.0-SNAPSHOT"
    appMetaData = class com.ibm.ws.container.service.app.deploy.internal.ApplicationMetaDataImpl@2a6096f4
      j2eeName = class com.ibm.ws.container.service.metadata.internal.J2EENameImpl@679d2566
      serialVersionUID = -7906531148367236579
      $$$tc$$$ = class com.ibm.websphere.ras.TraceComponent@421417a1
      tc = class com.ibm.websphere.ras.TraceComponent@4d4b0ed6
      NUM_STATIC_SLOTS = 4
      ID_UNINITIALIZED = -1
      id = 2
      metaDataInterface = class java.lang.Class@227cf086
      staticSlots = class java.lang.Object[4]
      dynamicSlots = null
    appContainer = class com.ibm.ws.adaptable.module.internal.AdaptableContainerImpl@57328d6c
      root = class com.ibm.ws.adaptable.module.internal.AdaptableContainerImpl@57328d6c
      rootOverlay = class com.ibm.ws.artifact.overlay.internal.DirectoryBasedOverlayContainerImpl@b2bcbb9
      factoryHolder = class com.ibm.ws.adaptable.module.internal.AdaptableModuleFactoryImpl@4e96e29a
      delegate = class com.ibm.ws.artifact.overlay.internal.DirectoryBasedOverlayContainerImpl@b2bcbb9
      notifier = class com.ibm.ws.adaptable.module.internal.NotifierImpl@2f50fed0
      serialVersionUID = -5621513278641113667
      $$$tc$$$ = class com.ibm.websphere.ras.TraceComponent@a4df6b0
    configHelper = class com.ibm.ws.app.manager.module.ApplicationNestedConfigHelper@272e5fdd
      appInfo = class com.ibm.ws.app.manager.internal.ApplicationInstallInfo@1c61a611
      serialVersionUID = -3174031738676705046
      $$$tc$$$ = class com.ibm.websphere.ras.TraceComponent@76999ef7
    serialVersionUID = 7091777744534637201
    $$$tc$$$ = class com.ibm.websphere.ras.TraceComponent@2ad4b09e
      strings[0] = "TraceComponent[com.ibm.ws.container.service.app.deploy.internal.ApplicationInfoImpl,class com.ibm.ws.container.service.app.deploy.internal.ApplicationInfoImpl,[container.service],com.ibm.ws.container.service.resources.Messages,null]"
  modulesDeployed = class java.util.ArrayList@2cb28b36
    serialVersionUID = 8683452581122892189
    DEFAULT_CAPACITY = 10
    EMPTY_ELEMENTDATA = class java.lang.Object[0]
    DEFAULTCAPACITY_EMPTY_ELEMENTDATA = class java.lang.Object[0]
    elementData = class java.lang.Object[10]
      Object[0] = class com.ibm.ws.app.manager.module.internal.DeployedModuleInfoImpl@7bc8878b
      Object[1] = null
      Object[2] = null
      Object[3] = null
      Object[4] = null
      Object[5] = null
      Object[6] = null
      Object[7] = null
      Object[8] = null
      Object[9] = null
    size = 1
    MAX_ARRAY_SIZE = 2147483639
    modCount = 1
    MAX_ARRAY_SIZE = 2147483639
  starting = true
  started = false
  appInfoFactory = class com.ibm.ws.container.service.app.deploy.internal.ApplicationInfoFactoryImpl@2043ca37
    j2eeNameFactory = class com.ibm.wsspi.kernel.service.utils.AtomicServiceReference@67b0bdd8
      referenceName = "j2eeNameFactory"
      tuple = class java.util.concurrent.atomic.AtomicReference@3e7e4b59
      serialVersionUID = 2226592364007985000
      $$$tc$$$ = class com.ibm.websphere.ras.TraceComponent@4d7e54d9
    names = class java.util.HashSet@57b82cba
      serialVersionUID = -5024744406713321676
      map = class java.util.HashMap@1fbc9d80
      PRESENT = class java.lang.Object@3126deb4
      MAX_ARRAY_SIZE = 2147483639
    serialVersionUID = 6232436640731165768
    $$$tc$$$ = class com.ibm.websphere.ras.TraceComponent@6cd3acdf
      strings[0] = "TraceComponent[com.ibm.ws.container.service.app.deploy.internal.ApplicationInfoFactoryImpl,class com.ibm.ws.container.service.app.deploy.internal.ApplicationInfoFactoryImpl,[container.service],com.ibm.ws.container.service.resources.Messages,null]"
  metaDataService = class com.ibm.ws.container.service.metadata.internal.MetaDataServiceImpl@3ca5d8f2
    applicationMetaDataManager = class com.ibm.ws.container.service.metadata.internal.ApplicationMetaDataManager@48d9b555
      serialVersionUID = 1843747281024490904
      $$$tc$$$ = class com.ibm.websphere.ras.TraceComponent@5a8bda86
      listeners = class com.ibm.wsspi.kernel.service.utils.ConcurrentServiceReferenceSet@32833220
      metaDataIDs = class com.ibm.ws.container.service.metadata.internal.IndexList@2874c76a
      metaDatas = class java.util.ArrayList@1bf0642d
      slotIDs = class com.ibm.ws.container.service.metadata.internal.IndexList@31234006
      serialVersionUID = 5464421863354792977
      $$$tc$$$ = class com.ibm.websphere.ras.TraceComponent@6666553b
    moduleMetaDataManager = class com.ibm.ws.container.service.metadata.internal.ModuleMetaDataManager@5e929d08
      serialVersionUID = 2513574389899327209
      $$$tc$$$ = class com.ibm.websphere.ras.TraceComponent@774ec2bf
      listeners = class com.ibm.wsspi.kernel.service.utils.ConcurrentServiceReferenceSet@26c50269
      metaDataIDs = class com.ibm.ws.container.service.metadata.internal.IndexList@71d58d0c
      metaDatas = class java.util.ArrayList@2efdb6bf
      slotIDs = class com.ibm.ws.container.service.metadata.internal.IndexList@55d8620c
      serialVersionUID = 5464421863354792977
      $$$tc$$$ = class com.ibm.websphere.ras.TraceComponent@6666553b
    componentMetaDataManager = class com.ibm.ws.container.service.metadata.internal.ComponentMetaDataManager@4fd7acaa
      serialVersionUID = 8629793739641703882
      $$$tc$$$ = class com.ibm.websphere.ras.TraceComponent@689d457f
      listeners = class com.ibm.wsspi.kernel.service.utils.ConcurrentServiceReferenceSet@72588023
      metaDataIDs = class com.ibm.ws.container.service.metadata.internal.IndexList@68cfd32e
      metaDatas = class java.util.ArrayList@2011407d
      slotIDs = class com.ibm.ws.container.service.metadata.internal.IndexList@1f9f2d88
      serialVersionUID = 5464421863354792977
      $$$tc$$$ = class com.ibm.websphere.ras.TraceComponent@6666553b
    methodMetaDataManager = class com.ibm.ws.container.service.metadata.internal.MethodMetaDataManager@4929ae8f
      serialVersionUID = -3308748211841563417
      $$$tc$$$ = class com.ibm.websphere.ras.TraceComponent@3eba2695
      listeners = class com.ibm.wsspi.kernel.service.utils.ConcurrentServiceReferenceSet@456ba938
      metaDataIDs = class com.ibm.ws.container.service.metadata.internal.IndexList@53357b9b
      metaDatas = class java.util.ArrayList@fcd013d
      slotIDs = class com.ibm.ws.container.service.metadata.internal.IndexList@cd61f56
      serialVersionUID = 5464421863354792977
      $$$tc$$$ = class com.ibm.websphere.ras.TraceComponent@6666553b
    appModuleNameToModuleContainer = class java.util.concurrent.ConcurrentHashMap@4cdfc9e2
      serialVersionUID = 7249069246763182397
      MAXIMUM_CAPACITY = 1073741824
      DEFAULT_CAPACITY = 16
      MAX_ARRAY_SIZE = 2147483639
      DEFAULT_CONCURRENCY_LEVEL = 16
      LOAD_FACTOR = 0.75
      TREEIFY_THRESHOLD = 8
      UNTREEIFY_THRESHOLD = 6
      MIN_TREEIFY_CAPACITY = 64
      MIN_TRANSFER_STRIDE = 16
      RESIZE_STAMP_BITS = 16
      MAX_RESIZERS = 65535
      RESIZE_STAMP_SHIFT = 16
      MOVED = -1
      TREEBIN = -2
      RESERVED = -3
      HASH_BITS = 2147483647
      NCPU = 4
      serialPersistentFields = class java.io.ObjectStreamField[3]
      table = class java.util.concurrent.ConcurrentHashMap$Node[16]
      nextTable = null
      baseCount = 6
      sizeCtl = 12
      transferIndex = 0
      cellsBusy = 0
      counterCells = null
      keySet = null
      values = null
      entrySet = null
      U = class sun.misc.Unsafe@3fbdbdb8
      SIZECTL = 20
      TRANSFERINDEX = 32
      BASECOUNT = 24
      CELLSBUSY = 36
      CELLVALUE = 144
      ABASE = 16
      ASHIFT = 2
      keySet = null
      values = null
    jeeNameToComponentMetaData = class java.util.concurrent.ConcurrentHashMap@6ef77ac
      serialVersionUID = 7249069246763182397
      MAXIMUM_CAPACITY = 1073741824
      DEFAULT_CAPACITY = 16
      MAX_ARRAY_SIZE = 2147483639
      DEFAULT_CONCURRENCY_LEVEL = 16
      LOAD_FACTOR = 0.75
      TREEIFY_THRESHOLD = 8
      UNTREEIFY_THRESHOLD = 6
      MIN_TREEIFY_CAPACITY = 64
      MIN_TRANSFER_STRIDE = 16
      RESIZE_STAMP_BITS = 16
      MAX_RESIZERS = 65535
      RESIZE_STAMP_SHIFT = 16
      MOVED = -1
      TREEBIN = -2
      RESERVED = -3
      HASH_BITS = 2147483647
      NCPU = 4
      serialPersistentFields = class java.io.ObjectStreamField[3]
      table = class java.util.concurrent.ConcurrentHashMap$Node[16]
      nextTable = null
      baseCount = 11
      sizeCtl = 12
      transferIndex = 0
      cellsBusy = 0
      counterCells = null
      keySet = null
      values = null
      entrySet = null
      U = class sun.misc.Unsafe@3fbdbdb8
      SIZECTL = 20
      TRANSFERINDEX = 32
      BASECOUNT = 24
      CELLSBUSY = 36
      CELLVALUE = 144
      ABASE = 16
      ASHIFT = 2
      keySet = null
      values = null
    deferredMetaDataFactories = class com.ibm.wsspi.kernel.service.utils.ConcurrentServiceReferenceSet@742f2927
      referenceName = "deferredMetaDataFactory"
      contextRef = class java.util.concurrent.atomic.AtomicReference@564e6114
      elementMap = class java.util.LinkedHashMap@6b788f1e
      elementSet = class java.util.concurrent.ConcurrentSkipListSet@636fbe28
      elementSetUnsorted = false
      serialVersionUID = 756240983881166148
      $$$tc$$$ = class com.ibm.websphere.ras.TraceComponent@3ddbbf6e
    deferredMetaDataInitializers = class com.ibm.wsspi.kernel.service.utils.ConcurrentServiceReferenceMap@7076bcfb
      referenceName = "deferredMetaDataFactory"
      context = class org.apache.felix.scr.impl.manager.ComponentContextImpl@14dbbd8e
      elementMap = class java.util.concurrent.ConcurrentHashMap@c926234
      serialVersionUID = 6980924785166233786
      $$$tc$$$ = class com.ibm.websphere.ras.TraceComponent@577abe3d
    serialVersionUID = -2494605732980966097
    $$$tc$$$ = class com.ibm.websphere.ras.TraceComponent@63784680
      strings[0] = "TraceComponent[com.ibm.ws.container.service.metadata.internal.MetaDataServiceImpl,class com.ibm.ws.container.service.metadata.internal.MetaDataServiceImpl,[Runtime],,null]"
  stateChangeService = class com.ibm.ws.container.service.state.internal.StateChangeServiceImpl@1d7469f0
    applicationStateManager = class com.ibm.ws.container.service.state.internal.ApplicationStateManager@10cb7b6f
      serialVersionUID = -6685368059484454124
      $$$tc$$$ = class com.ibm.websphere.ras.TraceComponent@3715719b
      listeners = class com.ibm.wsspi.kernel.service.utils.ConcurrentServiceReferenceSet@473181a4
      serialVersionUID = 2284273176985484160
      $$$tc$$$ = class com.ibm.websphere.ras.TraceComponent@443edcbf
    moduleStateManager = class com.ibm.ws.container.service.state.internal.ModuleStateManager@49621755
      serialVersionUID = -5540260902341249963
      $$$tc$$$ = class com.ibm.websphere.ras.TraceComponent@7762e2b1
      listeners = class com.ibm.wsspi.kernel.service.utils.ConcurrentServiceReferenceSet@394a4fa2
      serialVersionUID = 2284273176985484160
      $$$tc$$$ = class com.ibm.websphere.ras.TraceComponent@443edcbf
    serialVersionUID = -537917915330350560
    $$$tc$$$ = class com.ibm.websphere.ras.TraceComponent@23c63b05
      strings[0] = "TraceComponent[com.ibm.ws.container.service.state.internal.StateChangeServiceImpl,class com.ibm.ws.container.service.state.internal.StateChangeServiceImpl,[Runtime],,null]"
  moduleClassesInfo = class com.ibm.ws.app.manager.module.internal.SimpleDeployedAppInfoBase$ModuleClassesInfoProvider@54d1021f
    entryContainerInfosMap = class java.util.HashMap@142e5a91
      serialVersionUID = 362498820763181265
      DEFAULT_INITIAL_CAPACITY = 16
      MAXIMUM_CAPACITY = 1073741824
      DEFAULT_LOAD_FACTOR = 0.75
      TREEIFY_THRESHOLD = 8
      UNTREEIFY_THRESHOLD = 6
      MIN_TREEIFY_CAPACITY = 64
      table = null
      entrySet = null
      size = 0
      modCount = 0
      threshold = 0
      loadFactor = 0.75
      keySet = null
      values = null
    serialVersionUID = -70332790531324534
    $$$tc$$$ = class com.ibm.websphere.ras.TraceComponent@34fd657b
      strings[0] = "TraceComponent[com.ibm.ws.app.manager.module.internal.SimpleDeployedAppInfoBase$ModuleClassesInfoProvider,class com.ibm.ws.app.manager.module.internal.SimpleDeployedAppInfoBase$ModuleClassesInfoProvider,[applications, app.manager],,null]"
  moduleContainerInfos = class java.util.ArrayList@6c02d888
    serialVersionUID = 8683452581122892189
    DEFAULT_CAPACITY = 10
    EMPTY_ELEMENTDATA = class java.lang.Object[0]
    DEFAULTCAPACITY_EMPTY_ELEMENTDATA = class java.lang.Object[0]
    elementData = class java.lang.Object[10]
      Object[0] = class com.ibm.ws.app.manager.module.internal.SimpleDeployedAppInfoBase$WebModuleContainerInfo@465005de
      Object[1] = null
      Object[2] = null
      Object[3] = null
      Object[4] = null
      Object[5] = null
      Object[6] = null
      Object[7] = null
      Object[8] = null
      Object[9] = null
    size = 1
    MAX_ARRAY_SIZE = 2147483639
    modCount = 1
    MAX_ARRAY_SIZE = 2147483639
  activeModuleHandlers = class java.util.IdentityHashMap@522eb54d
    DEFAULT_CAPACITY = 32
    MINIMUM_CAPACITY = 4
    MAXIMUM_CAPACITY = 536870912
    table = class java.lang.Object[16]
      Object[0] = null
      Object[1] = null
      Object[2] = null
      Object[3] = null
      Object[4] = null
      Object[5] = null
      Object[6] = null
      Object[7] = null
      Object[8] = null
      Object[9] = null
      Object[10] = null
      Object[11] = null
      Object[12] = null
      Object[13] = null
      Object[14] = null
      Object[15] = null
    size = 0
    modCount = 2
    NULL_KEY = class java.lang.Object@6d530d3c
    entrySet = null
    serialVersionUID = 8188218128353913216
    keySet = null
    values = null
  serialVersionUID = 7078125893012250887
  $$$tc$$$ = class com.ibm.websphere.ras.TraceComponent@272f6540
    strings[0] = "TraceComponent[com.ibm.ws.app.manager.module.internal.SimpleDeployedAppInfoBase,class com.ibm.ws.app.manager.module.internal.SimpleDeployedAppInfoBase,[applications, app.manager],,null]"

Dump of objectArray[0]
Object type = com.ibm.ws.threading.internal.NonCancelableResultFuture
  _done = false
  _result = null
  _failure = null
  _listeners = class java.util.concurrent.ConcurrentLinkedQueue@543bd2e1
    serialVersionUID = 196745693267521676
    head = class java.util.concurrent.ConcurrentLinkedQueue$Node@3a0e90ff
      item = null
      next = null
      UNSAFE = class sun.misc.Unsafe@3fbdbdb8
      itemOffset = 12
      nextOffset = 16
    tail = class java.util.concurrent.ConcurrentLinkedQueue$Node@3a0e90ff
    UNSAFE = class sun.misc.Unsafe@3fbdbdb8
    headOffset = 12
    tailOffset = 16
    MAX_ARRAY_SIZE = 2147483639
  _notifiedListeners = class java.util.concurrent.atomic.AtomicBoolean@36bfb7af
    serialVersionUID = 4654671469794556979
    unsafe = class sun.misc.Unsafe@3fbdbdb8
      theUnsafe = class sun.misc.Unsafe@3fbdbdb8
      INVALID_FIELD_OFFSET = -1
      ARRAY_BOOLEAN_BASE_OFFSET = 16
      ARRAY_BYTE_BASE_OFFSET = 16
      ARRAY_SHORT_BASE_OFFSET = 16
      ARRAY_CHAR_BASE_OFFSET = 16
      ARRAY_INT_BASE_OFFSET = 16
      ARRAY_LONG_BASE_OFFSET = 16
      ARRAY_FLOAT_BASE_OFFSET = 16
      ARRAY_DOUBLE_BASE_OFFSET = 16
      ARRAY_OBJECT_BASE_OFFSET = 16
      ARRAY_BOOLEAN_INDEX_SCALE = 1
      ARRAY_BYTE_INDEX_SCALE = 1
      ARRAY_SHORT_INDEX_SCALE = 2
      ARRAY_CHAR_INDEX_SCALE = 2
      ARRAY_INT_INDEX_SCALE = 4
      ARRAY_LONG_INDEX_SCALE = 8
      ARRAY_FLOAT_INDEX_SCALE = 4
      ARRAY_DOUBLE_INDEX_SCALE = 8
      ARRAY_OBJECT_INDEX_SCALE = 4
      ADDRESS_SIZE = 8
    valueOffset = 12
    value = 0
  serialVersionUID = -296387658814354272
  $$$tc$$$ = class com.ibm.websphere.ras.TraceComponent@39829f4b
    strings[0] = "TraceComponent[com.ibm.ws.threading.internal.NonCancelableResultFuture,class com.ibm.ws.threading.internal.NonCancelableResultFuture,[Threading],com.ibm.ws.threading.internal.resources.ThreadingMessages,null]"

